# JRE version: OpenJDK Runtime Environment (7.0_95) (build 1.7.0_95-b00)
# Java VM: OpenJDK 64-Bit Server VM (24.95-b01 mixed mode linux-amd64 compressed oops)
Heap
 PSYoungGen      total 233472K, used 17854K [0x00000000eaa80000, 0x0000000100000000, 0x0000000100000000)
  eden space 117248K, 0% used [0x00000000eaa80000,0x00000000eaa80000,0x00000000f1d00000)
  from space 116224K, 15% used [0x00000000f8e80000,0x00000000f9fefbd0,0x0000000100000000)
  to   space 116224K, 0% used [0x00000000f1d00000,0x00000000f1d00000,0x00000000f8e80000)
 ParOldGen       total 534528K, used 534165K [0x00000000c0000000, 0x00000000e0a00000, 0x00000000eaa80000)
  object space 534528K, 99% used [0x00000000c0000000,0x00000000e09a55a0,0x00000000e0a00000)
 PSPermGen       total 21504K, used 6216K [0x00000000b5a00000, 0x00000000b6f00000, 0x00000000c0000000)
  object space 21504K, 28% used [0x00000000b5a00000,0x00000000b6012128,0x00000000b6f00000)
GC Heap History (10 events):
Event: 20.225 GC heap after
Heap after GC invocations=33 (full 5):
 PSYoungGen      total 232960K, used 59164K [0x00000000eaa80000, 0x00000000ff900000, 0x0000000100000000)
  eden space 125440K, 0% used [0x00000000eaa80000,0x00000000eaa80000,0x00000000f2500000)
  from space 107520K, 55% used [0x00000000f8d80000,0x00000000fc747398,0x00000000ff680000)
  to   space 107008K, 0% used [0x00000000f2500000,0x00000000f2500000,0x00000000f8d80000)
 ParOldGen       total 534528K, used 418165K [0x00000000c0000000, 0x00000000e0a00000, 0x00000000eaa80000)
  object space 534528K, 78% used [0x00000000c0000000,0x00000000d985d4e0,0x00000000e0a00000)
 PSPermGen       total 21504K, used 6195K [0x00000000b5a00000, 0x00000000b6f00000, 0x00000000c0000000)
  object space 21504K, 28% used [0x00000000b5a00000,0x00000000b600cfc8,0x00000000b6f00000)
}
Event: 20.530 GC heap before
{Heap before GC invocations=34 (full 5):
 PSYoungGen      total 232960K, used 184604K [0x00000000eaa80000, 0x00000000ff900000, 0x0000000100000000)
  eden space 125440K, 100% used [0x00000000eaa80000,0x00000000f2500000,0x00000000f2500000)
  from space 107520K, 55% used [0x00000000f8d80000,0x00000000fc747398,0x00000000ff680000)
  to   space 107008K, 0% used [0x00000000f2500000,0x00000000f2500000,0x00000000f8d80000)
 ParOldGen       total 534528K, used 418165K [0x00000000c0000000, 0x00000000e0a00000, 0x00000000eaa80000)
  object space 534528K, 78% used [0x00000000c0000000,0x00000000d985d4e0,0x00000000e0a00000)
 PSPermGen       total 21504K, used 6199K [0x00000000b5a00000, 0x00000000b6f00000, 0x00000000c0000000)
  object space 21504K, 28% used [0x00000000b5a00000,0x00000000b600de88,0x00000000b6f00000)
Event: 20.604 GC heap after
Heap after GC invocations=34 (full 5):
 PSYoungGen      total 232448K, used 78948K [0x00000000eaa80000, 0x0000000100000000, 0x0000000100000000)
  eden space 125440K, 0% used [0x00000000eaa80000,0x00000000eaa80000,0x00000000f2500000)
  from space 107008K, 73% used [0x00000000f2500000,0x00000000f7219150,0x00000000f8d80000)
  to   space 113664K, 0% used [0x00000000f9100000,0x00000000f9100000,0x0000000100000000)
 ParOldGen       total 534528K, used 418165K [0x00000000c0000000, 0x00000000e0a00000, 0x00000000eaa80000)
  object space 534528K, 78% used [0x00000000c0000000,0x00000000d985d4e0,0x00000000e0a00000)
 PSPermGen       total 21504K, used 6199K [0x00000000b5a00000, 0x00000000b6f00000, 0x00000000c0000000)
  object space 21504K, 28% used [0x00000000b5a00000,0x00000000b600de88,0x00000000b6f00000)
}
Event: 20.878 GC heap before
{Heap before GC invocations=35 (full 5):
 PSYoungGen      total 232448K, used 204388K [0x00000000eaa80000, 0x0000000100000000, 0x0000000100000000)
  eden space 125440K, 100% used [0x00000000eaa80000,0x00000000f2500000,0x00000000f2500000)
  from space 107008K, 73% used [0x00000000f2500000,0x00000000f7219150,0x00000000f8d80000)
  to   space 113664K, 0% used [0x00000000f9100000,0x00000000f9100000,0x0000000100000000)
 ParOldGen       total 534528K, used 418165K [0x00000000c0000000, 0x00000000e0a00000, 0x00000000eaa80000)
  object space 534528K, 78% used [0x00000000c0000000,0x00000000d985d4e0,0x00000000e0a00000)
 PSPermGen       total 21504K, used 6207K [0x00000000b5a00000, 0x00000000b6f00000, 0x00000000c0000000)
  object space 21504K, 28% used [0x00000000b5a00000,0x00000000b600fd30,0x00000000b6f00000)
Event: 20.968 GC heap after
Heap after GC invocations=35 (full 5):
 PSYoungGen      total 230912K, used 99210K [0x00000000eaa80000, 0x0000000100000000, 0x0000000100000000)
  eden space 117248K, 0% used [0x00000000eaa80000,0x00000000eaa80000,0x00000000f1d00000)
  from space 113664K, 87% used [0x00000000f9100000,0x00000000ff1e29c0,0x0000000100000000)
  to   space 116224K, 0% used [0x00000000f1d00000,0x00000000f1d00000,0x00000000f8e80000)
 ParOldGen       total 534528K, used 418165K [0x00000000c0000000, 0x00000000e0a00000, 0x00000000eaa80000)
  object space 534528K, 78% used [0x00000000c0000000,0x00000000d985d4e0,0x00000000e0a00000)
 PSPermGen       total 21504K, used 6207K [0x00000000b5a00000, 0x00000000b6f00000, 0x00000000c0000000)
  object space 21504K, 28% used [0x00000000b5a00000,0x00000000b600fd30,0x00000000b6f00000)
}
Event: 21.217 GC heap before
{Heap before GC invocations=36 (full 5):
 PSYoungGen      total 230912K, used 216458K [0x00000000eaa80000, 0x0000000100000000, 0x0000000100000000)
  eden space 117248K, 100% used [0x00000000eaa80000,0x00000000f1d00000,0x00000000f1d00000)
  from space 113664K, 87% used [0x00000000f9100000,0x00000000ff1e29c0,0x0000000100000000)
  to   space 116224K, 0% used [0x00000000f1d00000,0x00000000f1d00000,0x00000000f8e80000)
 ParOldGen       total 534528K, used 418165K [0x00000000c0000000, 0x00000000e0a00000, 0x00000000eaa80000)
  object space 534528K, 78% used [0x00000000c0000000,0x00000000d985d4e0,0x00000000e0a00000)
 PSPermGen       total 21504K, used 6216K [0x00000000b5a00000, 0x00000000b6f00000, 0x00000000c0000000)
  object space 21504K, 28% used [0x00000000b5a00000,0x00000000b60121c8,0x00000000b6f00000)
Event: 21.346 GC heap after
Heap after GC invocations=36 (full 5):
 PSYoungGen      total 233472K, used 78009K [0x00000000eaa80000, 0x0000000100000000, 0x0000000100000000)
  eden space 117248K, 0% used [0x00000000eaa80000,0x00000000eaa80000,0x00000000f1d00000)
  from space 116224K, 67% used [0x00000000f1d00000,0x00000000f692e4c8,0x00000000f8e80000)
  to   space 116224K, 0% used [0x00000000f8e80000,0x00000000f8e80000,0x0000000100000000)
 ParOldGen       total 534528K, used 457072K [0x00000000c0000000, 0x00000000e0a00000, 0x00000000eaa80000)
  object space 534528K, 85% used [0x00000000c0000000,0x00000000dbe5c2f0,0x00000000e0a00000)
 PSPermGen       total 21504K, used 6216K [0x00000000b5a00000, 0x00000000b6f00000, 0x00000000c0000000)
  object space 21504K, 28% used [0x00000000b5a00000,0x00000000b60121c8,0x00000000b6f00000)
}
Event: 21.734 GC heap before
{Heap before GC invocations=37 (full 5):
 PSYoungGen      total 233472K, used 195257K [0x00000000eaa80000, 0x0000000100000000, 0x0000000100000000)
  eden space 117248K, 100% used [0x00000000eaa80000,0x00000000f1d00000,0x00000000f1d00000)
  from space 116224K, 67% used [0x00000000f1d00000,0x00000000f692e4c8,0x00000000f8e80000)
  to   space 116224K, 0% used [0x00000000f8e80000,0x00000000f8e80000,0x0000000100000000)
 ParOldGen       total 534528K, used 457072K [0x00000000c0000000, 0x00000000e0a00000, 0x00000000eaa80000)
  object space 534528K, 85% used [0x00000000c0000000,0x00000000dbe5c2f0,0x00000000e0a00000)
 PSPermGen       total 21504K, used 6216K [0x00000000b5a00000, 0x00000000b6f00000, 0x00000000c0000000)
  object space 21504K, 28% used [0x00000000b5a00000,0x00000000b60121e8,0x00000000b6f00000)
Event: 21.851 GC heap after
Heap after GC invocations=37 (full 5):
 PSYoungGen      total 233472K, used 56979K [0x00000000eaa80000, 0x0000000100000000, 0x0000000100000000)
  eden space 117248K, 0% used [0x00000000eaa80000,0x00000000eaa80000,0x00000000f1d00000)
  from space 116224K, 49% used [0x00000000f8e80000,0x00000000fc624ef8,0x0000000100000000)
  to   space 116224K, 0% used [0x00000000f1d00000,0x00000000f1d00000,0x00000000f8e80000)
 ParOldGen       total 534528K, used 496784K [0x00000000c0000000, 0x00000000e0a00000, 0x00000000eaa80000)
  object space 534528K, 92% used [0x00000000c0000000,0x00000000de524140,0x00000000e0a00000)
 PSPermGen       total 21504K, used 6216K [0x00000000b5a00000, 0x00000000b6f00000, 0x00000000c0000000)
  object space 21504K, 28% used [0x00000000b5a00000,0x00000000b60121e8,0x00000000b6f00000)
}
Event: 21.857 GC heap before
{Heap before GC invocations=38 (full 6):
 PSYoungGen      total 233472K, used 56979K [0x00000000eaa80000, 0x0000000100000000, 0x0000000100000000)
  eden space 117248K, 0% used [0x00000000eaa80000,0x00000000eaa80000,0x00000000f1d00000)
  from space 116224K, 49% used [0x00000000f8e80000,0x00000000fc624ef8,0x0000000100000000)
  to   space 116224K, 0% used [0x00000000f1d00000,0x00000000f1d00000,0x00000000f8e80000)
 ParOldGen       total 534528K, used 496784K [0x00000000c0000000, 0x00000000e0a00000, 0x00000000eaa80000)
  object space 534528K, 92% used [0x00000000c0000000,0x00000000de524140,0x00000000e0a00000)
 PSPermGen       total 21504K, used 6216K [0x00000000b5a00000, 0x00000000b6f00000, 0x00000000c0000000)
  object space 21504K, 28% used [0x00000000b5a00000,0x00000000b60121e8,0x00000000b6f00000)

