# JRE version: OpenJDK Runtime Environment (7.0_95) (build 1.7.0_95-b00)
# Java VM: OpenJDK 64-Bit Server VM (24.95-b01 mixed mode linux-amd64 compressed oops)
Heap
 PSYoungGen      total 233472K, used 30676K [0x00000000eaa80000, 0x0000000100000000, 0x0000000100000000)
  eden space 117248K, 0% used [0x00000000eaa80000,0x00000000eaa80000,0x00000000f1d00000)
  from space 116224K, 26% used [0x00000000f8e80000,0x00000000fac750f8,0x0000000100000000)
  to   space 116224K, 0% used [0x00000000f1d00000,0x00000000f1d00000,0x00000000f8e80000)
 ParOldGen       total 376832K, used 376480K [0x00000000c0000000, 0x00000000d7000000, 0x00000000eaa80000)
  object space 376832K, 99% used [0x00000000c0000000,0x00000000d6fa8160,0x00000000d7000000)
 PSPermGen       total 21504K, used 6170K [0x00000000b5a00000, 0x00000000b6f00000, 0x00000000c0000000)
  object space 21504K, 28% used [0x00000000b5a00000,0x00000000b6006a30,0x00000000b6f00000)
GC Heap History (10 events):
Event: 16.287 GC heap after
Heap after GC invocations=24 (full 4):
 PSYoungGen      total 233984K, used 83938K [0x00000000eaa80000, 0x0000000100000000, 0x0000000100000000)
  eden space 150016K, 0% used [0x00000000eaa80000,0x00000000eaa80000,0x00000000f3d00000)
  from space 83968K, 99% used [0x00000000fae00000,0x00000000ffff88d8,0x0000000100000000)
  to   space 99840K, 0% used [0x00000000f3d00000,0x00000000f3d00000,0x00000000f9e80000)
 ParOldGen       total 376832K, used 246040K [0x00000000c0000000, 0x00000000d7000000, 0x00000000eaa80000)
  object space 376832K, 65% used [0x00000000c0000000,0x00000000cf046050,0x00000000d7000000)
 PSPermGen       total 21504K, used 6161K [0x00000000b5a00000, 0x00000000b6f00000, 0x00000000c0000000)
  object space 21504K, 28% used [0x00000000b5a00000,0x00000000b6004648,0x00000000b6f00000)
}
Event: 16.629 GC heap before
{Heap before GC invocations=25 (full 4):
 PSYoungGen      total 233984K, used 233954K [0x00000000eaa80000, 0x0000000100000000, 0x0000000100000000)
  eden space 150016K, 100% used [0x00000000eaa80000,0x00000000f3d00000,0x00000000f3d00000)
  from space 83968K, 99% used [0x00000000fae00000,0x00000000ffff88d8,0x0000000100000000)
  to   space 99840K, 0% used [0x00000000f3d00000,0x00000000f3d00000,0x00000000f9e80000)
 ParOldGen       total 376832K, used 246040K [0x00000000c0000000, 0x00000000d7000000, 0x00000000eaa80000)
  object space 376832K, 65% used [0x00000000c0000000,0x00000000cf046050,0x00000000d7000000)
 PSPermGen       total 21504K, used 6162K [0x00000000b5a00000, 0x00000000b6f00000, 0x00000000c0000000)
  object space 21504K, 28% used [0x00000000b5a00000,0x00000000b60049a8,0x00000000b6f00000)
Event: 16.753 GC heap after
Heap after GC invocations=25 (full 4):
 PSYoungGen      total 210944K, used 60628K [0x00000000eaa80000, 0x0000000100000000, 0x0000000100000000)
  eden space 150016K, 0% used [0x00000000eaa80000,0x00000000eaa80000,0x00000000f3d00000)
  from space 60928K, 99% used [0x00000000f3d00000,0x00000000f7835048,0x00000000f7880000)
  to   space 101376K, 0% used [0x00000000f9d00000,0x00000000f9d00000,0x0000000100000000)
 ParOldGen       total 376832K, used 289449K [0x00000000c0000000, 0x00000000d7000000, 0x00000000eaa80000)
  object space 376832K, 76% used [0x00000000c0000000,0x00000000d1aaa568,0x00000000d7000000)
 PSPermGen       total 21504K, used 6162K [0x00000000b5a00000, 0x00000000b6f00000, 0x00000000c0000000)
  object space 21504K, 28% used [0x00000000b5a00000,0x00000000b60049a8,0x00000000b6f00000)
}
Event: 17.061 GC heap before
{Heap before GC invocations=26 (full 4):
 PSYoungGen      total 210944K, used 210644K [0x00000000eaa80000, 0x0000000100000000, 0x0000000100000000)
  eden space 150016K, 100% used [0x00000000eaa80000,0x00000000f3d00000,0x00000000f3d00000)
  from space 60928K, 99% used [0x00000000f3d00000,0x00000000f7835048,0x00000000f7880000)
  to   space 101376K, 0% used [0x00000000f9d00000,0x00000000f9d00000,0x0000000100000000)
 ParOldGen       total 376832K, used 289449K [0x00000000c0000000, 0x00000000d7000000, 0x00000000eaa80000)
  object space 376832K, 76% used [0x00000000c0000000,0x00000000d1aaa568,0x00000000d7000000)
 PSPermGen       total 21504K, used 6162K [0x00000000b5a00000, 0x00000000b6f00000, 0x00000000c0000000)
  object space 21504K, 28% used [0x00000000b5a00000,0x00000000b6004b18,0x00000000b6f00000)
Event: 17.133 GC heap after
Heap after GC invocations=26 (full 4):
 PSYoungGen      total 230912K, used 81916K [0x00000000eaa80000, 0x0000000100000000, 0x0000000100000000)
  eden space 129536K, 0% used [0x00000000eaa80000,0x00000000eaa80000,0x00000000f2900000)
  from space 101376K, 80% used [0x00000000f9d00000,0x00000000fecff350,0x0000000100000000)
  to   space 110080K, 0% used [0x00000000f2900000,0x00000000f2900000,0x00000000f9480000)
 ParOldGen       total 376832K, used 289449K [0x00000000c0000000, 0x00000000d7000000, 0x00000000eaa80000)
  object space 376832K, 76% used [0x00000000c0000000,0x00000000d1aaa568,0x00000000d7000000)
 PSPermGen       total 21504K, used 6162K [0x00000000b5a00000, 0x00000000b6f00000, 0x00000000c0000000)
  object space 21504K, 28% used [0x00000000b5a00000,0x00000000b6004b18,0x00000000b6f00000)
}
Event: 17.441 GC heap before
{Heap before GC invocations=27 (full 4):
 PSYoungGen      total 230912K, used 211452K [0x00000000eaa80000, 0x0000000100000000, 0x0000000100000000)
  eden space 129536K, 100% used [0x00000000eaa80000,0x00000000f2900000,0x00000000f2900000)
  from space 101376K, 80% used [0x00000000f9d00000,0x00000000fecff350,0x0000000100000000)
  to   space 110080K, 0% used [0x00000000f2900000,0x00000000f2900000,0x00000000f9480000)
 ParOldGen       total 376832K, used 289449K [0x00000000c0000000, 0x00000000d7000000, 0x00000000eaa80000)
  object space 376832K, 76% used [0x00000000c0000000,0x00000000d1aaa568,0x00000000d7000000)
 PSPermGen       total 21504K, used 6170K [0x00000000b5a00000, 0x00000000b6f00000, 0x00000000c0000000)
  object space 21504K, 28% used [0x00000000b5a00000,0x00000000b6006920,0x00000000b6f00000)
Event: 17.535 GC heap after
Heap after GC invocations=27 (full 4):
 PSYoungGen      total 231424K, used 101380K [0x00000000eaa80000, 0x0000000100000000, 0x0000000100000000)
  eden space 129536K, 0% used [0x00000000eaa80000,0x00000000eaa80000,0x00000000f2900000)
  from space 101888K, 99% used [0x00000000f2900000,0x00000000f8c01140,0x00000000f8c80000)
  to   space 116224K, 0% used [0x00000000f8e80000,0x00000000f8e80000,0x0000000100000000)
 ParOldGen       total 376832K, used 289449K [0x00000000c0000000, 0x00000000d7000000, 0x00000000eaa80000)
  object space 376832K, 76% used [0x00000000c0000000,0x00000000d1aaa568,0x00000000d7000000)
 PSPermGen       total 21504K, used 6170K [0x00000000b5a00000, 0x00000000b6f00000, 0x00000000c0000000)
  object space 21504K, 28% used [0x00000000b5a00000,0x00000000b6006920,0x00000000b6f00000)
}
Event: 17.808 GC heap before
{Heap before GC invocations=28 (full 4):
 PSYoungGen      total 231424K, used 230916K [0x00000000eaa80000, 0x0000000100000000, 0x0000000100000000)
  eden space 129536K, 100% used [0x00000000eaa80000,0x00000000f2900000,0x00000000f2900000)
  from space 101888K, 99% used [0x00000000f2900000,0x00000000f8c01140,0x00000000f8c80000)
  to   space 116224K, 0% used [0x00000000f8e80000,0x00000000f8e80000,0x0000000100000000)
 ParOldGen       total 376832K, used 289449K [0x00000000c0000000, 0x00000000d7000000, 0x00000000eaa80000)
  object space 376832K, 76% used [0x00000000c0000000,0x00000000d1aaa568,0x00000000d7000000)
 PSPermGen       total 21504K, used 6170K [0x00000000b5a00000, 0x00000000b6f00000, 0x00000000c0000000)
  object space 21504K, 28% used [0x00000000b5a00000,0x00000000b6006b30,0x00000000b6f00000)
Event: 17.944 GC heap after
Heap after GC invocations=28 (full 4):
 PSYoungGen      total 233472K, used 80096K [0x00000000eaa80000, 0x0000000100000000, 0x0000000100000000)
  eden space 117248K, 0% used [0x00000000eaa80000,0x00000000eaa80000,0x00000000f1d00000)
  from space 116224K, 68% used [0x00000000f8e80000,0x00000000fdcb8170,0x0000000100000000)
  to   space 116224K, 0% used [0x00000000f1d00000,0x00000000f1d00000,0x00000000f8e80000)
 ParOldGen       total 376832K, used 330361K [0x00000000c0000000, 0x00000000d7000000, 0x00000000eaa80000)
  object space 376832K, 87% used [0x00000000c0000000,0x00000000d429e690,0x00000000d7000000)
 PSPermGen       total 21504K, used 6170K [0x00000000b5a00000, 0x00000000b6f00000, 0x00000000c0000000)
  object space 21504K, 28% used [0x00000000b5a00000,0x00000000b6006b30,0x00000000b6f00000)
}
Event: 17.950 GC heap before
{Heap before GC invocations=29 (full 5):
 PSYoungGen      total 233472K, used 80096K [0x00000000eaa80000, 0x0000000100000000, 0x0000000100000000)
  eden space 117248K, 0% used [0x00000000eaa80000,0x00000000eaa80000,0x00000000f1d00000)
  from space 116224K, 68% used [0x00000000f8e80000,0x00000000fdcb8170,0x0000000100000000)
  to   space 116224K, 0% used [0x00000000f1d00000,0x00000000f1d00000,0x00000000f8e80000)
 ParOldGen       total 376832K, used 330361K [0x00000000c0000000, 0x00000000d7000000, 0x00000000eaa80000)
  object space 376832K, 87% used [0x00000000c0000000,0x00000000d429e690,0x00000000d7000000)
 PSPermGen       total 21504K, used 6170K [0x00000000b5a00000, 0x00000000b6f00000, 0x00000000c0000000)
  object space 21504K, 28% used [0x00000000b5a00000,0x00000000b6006b30,0x00000000b6f00000)

