# JRE version: OpenJDK Runtime Environment (7.0_95) (build 1.7.0_95-b00)
# Java VM: OpenJDK 64-Bit Server VM (24.95-b01 mixed mode linux-amd64 compressed oops)
Heap
 PSYoungGen      total 233472K, used 0K [0x00000000eaa80000, 0x0000000100000000, 0x0000000100000000)
  eden space 117248K, 0% used [0x00000000eaa80000,0x00000000eaa80000,0x00000000f1d00000)
  from space 116224K, 0% used [0x00000000f8e80000,0x00000000f8e80000,0x0000000100000000)
  to   space 116224K, 0% used [0x00000000f1d00000,0x00000000f1d00000,0x00000000f8e80000)
 ParOldGen       total 534016K, used 515310K [0x00000000c0000000, 0x00000000e0980000, 0x00000000eaa80000)
  object space 534016K, 96% used [0x00000000c0000000,0x00000000df73b8d8,0x00000000e0980000)
 PSPermGen       total 21504K, used 6208K [0x00000000b5a00000, 0x00000000b6f00000, 0x00000000c0000000)
  object space 21504K, 28% used [0x00000000b5a00000,0x00000000b60102f0,0x00000000b6f00000)
GC Heap History (10 events):
Event: 20.056 GC heap after
Heap after GC invocations=31 (full 5):
 PSYoungGen      total 233472K, used 39107K [0x00000000eaa80000, 0x0000000100000000, 0x0000000100000000)
  eden space 117248K, 0% used [0x00000000eaa80000,0x00000000eaa80000,0x00000000f1d00000)
  from space 116224K, 33% used [0x00000000f8e80000,0x00000000fb4b0c48,0x0000000100000000)
  to   space 116224K, 0% used [0x00000000f1d00000,0x00000000f1d00000,0x00000000f8e80000)
 ParOldGen       total 534016K, used 401143K [0x00000000c0000000, 0x00000000e0980000, 0x00000000eaa80000)
  object space 534016K, 75% used [0x00000000c0000000,0x00000000d87bdec8,0x00000000e0980000)
 PSPermGen       total 21504K, used 6195K [0x00000000b5a00000, 0x00000000b6f00000, 0x00000000c0000000)
  object space 21504K, 28% used [0x00000000b5a00000,0x00000000b600cf28,0x00000000b6f00000)
}
Event: 20.331 GC heap before
{Heap before GC invocations=32 (full 5):
 PSYoungGen      total 233472K, used 156355K [0x00000000eaa80000, 0x0000000100000000, 0x0000000100000000)
  eden space 117248K, 100% used [0x00000000eaa80000,0x00000000f1d00000,0x00000000f1d00000)
  from space 116224K, 33% used [0x00000000f8e80000,0x00000000fb4b0c48,0x0000000100000000)
  to   space 116224K, 0% used [0x00000000f1d00000,0x00000000f1d00000,0x00000000f8e80000)
 ParOldGen       total 534016K, used 401143K [0x00000000c0000000, 0x00000000e0980000, 0x00000000eaa80000)
  object space 534016K, 75% used [0x00000000c0000000,0x00000000d87bdec8,0x00000000e0980000)
 PSPermGen       total 21504K, used 6197K [0x00000000b5a00000, 0x00000000b6f00000, 0x00000000c0000000)
  object space 21504K, 28% used [0x00000000b5a00000,0x00000000b600d7c8,0x00000000b6f00000)
Event: 20.407 GC heap after
Heap after GC invocations=32 (full 5):
 PSYoungGen      total 233472K, used 20717K [0x00000000eaa80000, 0x0000000100000000, 0x0000000100000000)
  eden space 117248K, 0% used [0x00000000eaa80000,0x00000000eaa80000,0x00000000f1d00000)
  from space 116224K, 17% used [0x00000000f1d00000,0x00000000f313b668,0x00000000f8e80000)
  to   space 116224K, 0% used [0x00000000f8e80000,0x00000000f8e80000,0x0000000100000000)
 ParOldGen       total 534016K, used 439327K [0x00000000c0000000, 0x00000000e0980000, 0x00000000eaa80000)
  object space 534016K, 82% used [0x00000000c0000000,0x00000000dad07d10,0x00000000e0980000)
 PSPermGen       total 21504K, used 6197K [0x00000000b5a00000, 0x00000000b6f00000, 0x00000000c0000000)
  object space 21504K, 28% used [0x00000000b5a00000,0x00000000b600d7c8,0x00000000b6f00000)
}
Event: 20.729 GC heap before
{Heap before GC invocations=33 (full 5):
 PSYoungGen      total 233472K, used 137965K [0x00000000eaa80000, 0x0000000100000000, 0x0000000100000000)
  eden space 117248K, 100% used [0x00000000eaa80000,0x00000000f1d00000,0x00000000f1d00000)
  from space 116224K, 17% used [0x00000000f1d00000,0x00000000f313b668,0x00000000f8e80000)
  to   space 116224K, 0% used [0x00000000f8e80000,0x00000000f8e80000,0x0000000100000000)
 ParOldGen       total 534016K, used 439327K [0x00000000c0000000, 0x00000000e0980000, 0x00000000eaa80000)
  object space 534016K, 82% used [0x00000000c0000000,0x00000000dad07d10,0x00000000e0980000)
 PSPermGen       total 21504K, used 6200K [0x00000000b5a00000, 0x00000000b6f00000, 0x00000000c0000000)
  object space 21504K, 28% used [0x00000000b5a00000,0x00000000b600e268,0x00000000b6f00000)
Event: 20.786 GC heap after
Heap after GC invocations=33 (full 5):
 PSYoungGen      total 233472K, used 20208K [0x00000000eaa80000, 0x0000000100000000, 0x0000000100000000)
  eden space 117248K, 0% used [0x00000000eaa80000,0x00000000eaa80000,0x00000000f1d00000)
  from space 116224K, 17% used [0x00000000f8e80000,0x00000000fa23c3d8,0x0000000100000000)
  to   space 116224K, 0% used [0x00000000f1d00000,0x00000000f1d00000,0x00000000f8e80000)
 ParOldGen       total 534016K, used 458976K [0x00000000c0000000, 0x00000000e0980000, 0x00000000eaa80000)
  object space 534016K, 85% used [0x00000000c0000000,0x00000000dc0380e0,0x00000000e0980000)
 PSPermGen       total 21504K, used 6200K [0x00000000b5a00000, 0x00000000b6f00000, 0x00000000c0000000)
  object space 21504K, 28% used [0x00000000b5a00000,0x00000000b600e268,0x00000000b6f00000)
}
Event: 21.068 GC heap before
{Heap before GC invocations=34 (full 5):
 PSYoungGen      total 233472K, used 137456K [0x00000000eaa80000, 0x0000000100000000, 0x0000000100000000)
  eden space 117248K, 100% used [0x00000000eaa80000,0x00000000f1d00000,0x00000000f1d00000)
  from space 116224K, 17% used [0x00000000f8e80000,0x00000000fa23c3d8,0x0000000100000000)
  to   space 116224K, 0% used [0x00000000f1d00000,0x00000000f1d00000,0x00000000f8e80000)
 ParOldGen       total 534016K, used 458976K [0x00000000c0000000, 0x00000000e0980000, 0x00000000eaa80000)
  object space 534016K, 85% used [0x00000000c0000000,0x00000000dc0380e0,0x00000000e0980000)
 PSPermGen       total 21504K, used 6201K [0x00000000b5a00000, 0x00000000b6f00000, 0x00000000c0000000)
  object space 21504K, 28% used [0x00000000b5a00000,0x00000000b600e7c0,0x00000000b6f00000)
Event: 21.115 GC heap after
Heap after GC invocations=34 (full 5):
 PSYoungGen      total 233472K, used 19697K [0x00000000eaa80000, 0x0000000100000000, 0x0000000100000000)
  eden space 117248K, 0% used [0x00000000eaa80000,0x00000000eaa80000,0x00000000f1d00000)
  from space 116224K, 16% used [0x00000000f1d00000,0x00000000f303c6d0,0x00000000f8e80000)
  to   space 116224K, 0% used [0x00000000f8e80000,0x00000000f8e80000,0x0000000100000000)
 ParOldGen       total 534016K, used 478230K [0x00000000c0000000, 0x00000000e0980000, 0x00000000eaa80000)
  object space 534016K, 89% used [0x00000000c0000000,0x00000000dd305ac0,0x00000000e0980000)
 PSPermGen       total 21504K, used 6201K [0x00000000b5a00000, 0x00000000b6f00000, 0x00000000c0000000)
  object space 21504K, 28% used [0x00000000b5a00000,0x00000000b600e7c0,0x00000000b6f00000)
}
Event: 21.406 GC heap before
{Heap before GC invocations=35 (full 5):
 PSYoungGen      total 233472K, used 136945K [0x00000000eaa80000, 0x0000000100000000, 0x0000000100000000)
  eden space 117248K, 100% used [0x00000000eaa80000,0x00000000f1d00000,0x00000000f1d00000)
  from space 116224K, 16% used [0x00000000f1d00000,0x00000000f303c6d0,0x00000000f8e80000)
  to   space 116224K, 0% used [0x00000000f8e80000,0x00000000f8e80000,0x0000000100000000)
 ParOldGen       total 534016K, used 478230K [0x00000000c0000000, 0x00000000e0980000, 0x00000000eaa80000)
  object space 534016K, 89% used [0x00000000c0000000,0x00000000dd305ac0,0x00000000e0980000)
 PSPermGen       total 21504K, used 6208K [0x00000000b5a00000, 0x00000000b6f00000, 0x00000000c0000000)
  object space 21504K, 28% used [0x00000000b5a00000,0x00000000b60102f0,0x00000000b6f00000)
Event: 21.451 GC heap after
Heap after GC invocations=35 (full 5):
 PSYoungGen      total 233472K, used 19549K [0x00000000eaa80000, 0x0000000100000000, 0x0000000100000000)
  eden space 117248K, 0% used [0x00000000eaa80000,0x00000000eaa80000,0x00000000f1d00000)
  from space 116224K, 16% used [0x00000000f8e80000,0x00000000fa1977e0,0x0000000100000000)
  to   space 116224K, 0% used [0x00000000f1d00000,0x00000000f1d00000,0x00000000f8e80000)
 ParOldGen       total 534016K, used 497202K [0x00000000c0000000, 0x00000000e0980000, 0x00000000eaa80000)
  object space 534016K, 93% used [0x00000000c0000000,0x00000000de58cb08,0x00000000e0980000)
 PSPermGen       total 21504K, used 6208K [0x00000000b5a00000, 0x00000000b6f00000, 0x00000000c0000000)
  object space 21504K, 28% used [0x00000000b5a00000,0x00000000b60102f0,0x00000000b6f00000)
}
Event: 21.452 GC heap before
{Heap before GC invocations=36 (full 6):
 PSYoungGen      total 233472K, used 19549K [0x00000000eaa80000, 0x0000000100000000, 0x0000000100000000)
  eden space 117248K, 0% used [0x00000000eaa80000,0x00000000eaa80000,0x00000000f1d00000)
  from space 116224K, 16% used [0x00000000f8e80000,0x00000000fa1977e0,0x0000000100000000)
  to   space 116224K, 0% used [0x00000000f1d00000,0x00000000f1d00000,0x00000000f8e80000)
 ParOldGen       total 534016K, used 497202K [0x00000000c0000000, 0x00000000e0980000, 0x00000000eaa80000)
  object space 534016K, 93% used [0x00000000c0000000,0x00000000de58cb08,0x00000000e0980000)
 PSPermGen       total 21504K, used 6208K [0x00000000b5a00000, 0x00000000b6f00000, 0x00000000c0000000)
  object space 21504K, 28% used [0x00000000b5a00000,0x00000000b60102f0,0x00000000b6f00000)

