# JRE version: OpenJDK Runtime Environment (7.0_95) (build 1.7.0_95-b00)
# Java VM: OpenJDK 64-Bit Server VM (24.95-b01 mixed mode linux-amd64 compressed oops)
Heap
 PSYoungGen      total 233472K, used 2926K [0x00000000eaa80000, 0x0000000100000000, 0x0000000100000000)
  eden space 117248K, 0% used [0x00000000eaa80000,0x00000000eaa80000,0x00000000f1d00000)
  from space 116224K, 2% used [0x00000000f8e80000,0x00000000f915ba28,0x0000000100000000)
  to   space 116224K, 0% used [0x00000000f1d00000,0x00000000f1d00000,0x00000000f8e80000)
 ParOldGen       total 505856K, used 505826K [0x00000000c0000000, 0x00000000dee00000, 0x00000000eaa80000)
  object space 505856K, 99% used [0x00000000c0000000,0x00000000dedf8870,0x00000000dee00000)
 PSPermGen       total 21504K, used 6211K [0x00000000b5a00000, 0x00000000b6f00000, 0x00000000c0000000)
  object space 21504K, 28% used [0x00000000b5a00000,0x00000000b6010e98,0x00000000b6f00000)
GC Heap History (10 events):
Event: 19.324 GC heap after
Heap after GC invocations=29 (full 5):
 PSYoungGen      total 227328K, used 86400K [0x00000000eaa80000, 0x0000000100000000, 0x0000000100000000)
  eden space 117248K, 0% used [0x00000000eaa80000,0x00000000eaa80000,0x00000000f1d00000)
  from space 110080K, 78% used [0x00000000f9480000,0x00000000fe8e0070,0x0000000100000000)
  to   space 116224K, 0% used [0x00000000f1d00000,0x00000000f1d00000,0x00000000f8e80000)
 ParOldGen       total 505856K, used 346714K [0x00000000c0000000, 0x00000000dee00000, 0x00000000eaa80000)
  object space 505856K, 68% used [0x00000000c0000000,0x00000000d5296bf0,0x00000000dee00000)
 PSPermGen       total 21504K, used 6198K [0x00000000b5a00000, 0x00000000b6f00000, 0x00000000c0000000)
  object space 21504K, 28% used [0x00000000b5a00000,0x00000000b600da58,0x00000000b6f00000)
}
Event: 19.600 GC heap before
{Heap before GC invocations=30 (full 5):
 PSYoungGen      total 227328K, used 203648K [0x00000000eaa80000, 0x0000000100000000, 0x0000000100000000)
  eden space 117248K, 100% used [0x00000000eaa80000,0x00000000f1d00000,0x00000000f1d00000)
  from space 110080K, 78% used [0x00000000f9480000,0x00000000fe8e0070,0x0000000100000000)
  to   space 116224K, 0% used [0x00000000f1d00000,0x00000000f1d00000,0x00000000f8e80000)
 ParOldGen       total 505856K, used 346714K [0x00000000c0000000, 0x00000000dee00000, 0x00000000eaa80000)
  object space 505856K, 68% used [0x00000000c0000000,0x00000000d5296bf0,0x00000000dee00000)
 PSPermGen       total 21504K, used 6200K [0x00000000b5a00000, 0x00000000b6f00000, 0x00000000c0000000)
  object space 21504K, 28% used [0x00000000b5a00000,0x00000000b600e268,0x00000000b6f00000)
Event: 19.718 GC heap after
Heap after GC invocations=30 (full 5):
 PSYoungGen      total 233472K, used 65408K [0x00000000eaa80000, 0x0000000100000000, 0x0000000100000000)
  eden space 117248K, 0% used [0x00000000eaa80000,0x00000000eaa80000,0x00000000f1d00000)
  from space 116224K, 56% used [0x00000000f1d00000,0x00000000f5ce03d0,0x00000000f8e80000)
  to   space 116224K, 0% used [0x00000000f8e80000,0x00000000f8e80000,0x0000000100000000)
 ParOldGen       total 505856K, used 387309K [0x00000000c0000000, 0x00000000dee00000, 0x00000000eaa80000)
  object space 505856K, 76% used [0x00000000c0000000,0x00000000d7a3b710,0x00000000dee00000)
 PSPermGen       total 21504K, used 6200K [0x00000000b5a00000, 0x00000000b6f00000, 0x00000000c0000000)
  object space 21504K, 28% used [0x00000000b5a00000,0x00000000b600e268,0x00000000b6f00000)
}
Event: 20.012 GC heap before
{Heap before GC invocations=31 (full 5):
 PSYoungGen      total 233472K, used 182656K [0x00000000eaa80000, 0x0000000100000000, 0x0000000100000000)
  eden space 117248K, 100% used [0x00000000eaa80000,0x00000000f1d00000,0x00000000f1d00000)
  from space 116224K, 56% used [0x00000000f1d00000,0x00000000f5ce03d0,0x00000000f8e80000)
  to   space 116224K, 0% used [0x00000000f8e80000,0x00000000f8e80000,0x0000000100000000)
 ParOldGen       total 505856K, used 387309K [0x00000000c0000000, 0x00000000dee00000, 0x00000000eaa80000)
  object space 505856K, 76% used [0x00000000c0000000,0x00000000d7a3b710,0x00000000dee00000)
 PSPermGen       total 21504K, used 6202K [0x00000000b5a00000, 0x00000000b6f00000, 0x00000000c0000000)
  object space 21504K, 28% used [0x00000000b5a00000,0x00000000b600eb78,0x00000000b6f00000)
Event: 20.091 GC heap after
Heap after GC invocations=31 (full 5):
 PSYoungGen      total 233472K, used 84602K [0x00000000eaa80000, 0x0000000100000000, 0x0000000100000000)
  eden space 117248K, 0% used [0x00000000eaa80000,0x00000000eaa80000,0x00000000f1d00000)
  from space 116224K, 72% used [0x00000000f8e80000,0x00000000fe11ebf8,0x0000000100000000)
  to   space 116224K, 0% used [0x00000000f1d00000,0x00000000f1d00000,0x00000000f8e80000)
 ParOldGen       total 505856K, used 387309K [0x00000000c0000000, 0x00000000dee00000, 0x00000000eaa80000)
  object space 505856K, 76% used [0x00000000c0000000,0x00000000d7a3b710,0x00000000dee00000)
 PSPermGen       total 21504K, used 6202K [0x00000000b5a00000, 0x00000000b6f00000, 0x00000000c0000000)
  object space 21504K, 28% used [0x00000000b5a00000,0x00000000b600eb78,0x00000000b6f00000)
}
Event: 20.373 GC heap before
{Heap before GC invocations=32 (full 5):
 PSYoungGen      total 233472K, used 201850K [0x00000000eaa80000, 0x0000000100000000, 0x0000000100000000)
  eden space 117248K, 100% used [0x00000000eaa80000,0x00000000f1d00000,0x00000000f1d00000)
  from space 116224K, 72% used [0x00000000f8e80000,0x00000000fe11ebf8,0x0000000100000000)
  to   space 116224K, 0% used [0x00000000f1d00000,0x00000000f1d00000,0x00000000f8e80000)
 ParOldGen       total 505856K, used 387309K [0x00000000c0000000, 0x00000000dee00000, 0x00000000eaa80000)
  object space 505856K, 76% used [0x00000000c0000000,0x00000000d7a3b710,0x00000000dee00000)
 PSPermGen       total 21504K, used 6206K [0x00000000b5a00000, 0x00000000b6f00000, 0x00000000c0000000)
  object space 21504K, 28% used [0x00000000b5a00000,0x00000000b600f968,0x00000000b6f00000)
Event: 20.484 GC heap after
Heap after GC invocations=32 (full 5):
 PSYoungGen      total 233472K, used 80354K [0x00000000eaa80000, 0x0000000100000000, 0x0000000100000000)
  eden space 117248K, 0% used [0x00000000eaa80000,0x00000000eaa80000,0x00000000f1d00000)
  from space 116224K, 69% used [0x00000000f1d00000,0x00000000f6b78a90,0x00000000f8e80000)
  to   space 116224K, 0% used [0x00000000f8e80000,0x00000000f8e80000,0x0000000100000000)
 ParOldGen       total 505856K, used 410711K [0x00000000c0000000, 0x00000000dee00000, 0x00000000eaa80000)
  object space 505856K, 81% used [0x00000000c0000000,0x00000000d9115d00,0x00000000dee00000)
 PSPermGen       total 21504K, used 6206K [0x00000000b5a00000, 0x00000000b6f00000, 0x00000000c0000000)
  object space 21504K, 28% used [0x00000000b5a00000,0x00000000b600f968,0x00000000b6f00000)
}
Event: 20.797 GC heap before
{Heap before GC invocations=33 (full 5):
 PSYoungGen      total 233472K, used 197602K [0x00000000eaa80000, 0x0000000100000000, 0x0000000100000000)
  eden space 117248K, 100% used [0x00000000eaa80000,0x00000000f1d00000,0x00000000f1d00000)
  from space 116224K, 69% used [0x00000000f1d00000,0x00000000f6b78a90,0x00000000f8e80000)
  to   space 116224K, 0% used [0x00000000f8e80000,0x00000000f8e80000,0x0000000100000000)
 ParOldGen       total 505856K, used 410711K [0x00000000c0000000, 0x00000000dee00000, 0x00000000eaa80000)
  object space 505856K, 81% used [0x00000000c0000000,0x00000000d9115d00,0x00000000dee00000)
 PSPermGen       total 21504K, used 6211K [0x00000000b5a00000, 0x00000000b6f00000, 0x00000000c0000000)
  object space 21504K, 28% used [0x00000000b5a00000,0x00000000b6010f38,0x00000000b6f00000)
Event: 20.957 GC heap after
Heap after GC invocations=33 (full 5):
 PSYoungGen      total 233472K, used 58360K [0x00000000eaa80000, 0x0000000100000000, 0x0000000100000000)
  eden space 117248K, 0% used [0x00000000eaa80000,0x00000000eaa80000,0x00000000f1d00000)
  from space 116224K, 50% used [0x00000000f8e80000,0x00000000fc77e280,0x0000000100000000)
  to   space 116224K, 0% used [0x00000000f1d00000,0x00000000f1d00000,0x00000000f8e80000)
 ParOldGen       total 505856K, used 451929K [0x00000000c0000000, 0x00000000dee00000, 0x00000000eaa80000)
  object space 505856K, 89% used [0x00000000c0000000,0x00000000db9566f8,0x00000000dee00000)
 PSPermGen       total 21504K, used 6211K [0x00000000b5a00000, 0x00000000b6f00000, 0x00000000c0000000)
  object space 21504K, 28% used [0x00000000b5a00000,0x00000000b6010f38,0x00000000b6f00000)
}
Event: 20.957 GC heap before
{Heap before GC invocations=34 (full 6):
 PSYoungGen      total 233472K, used 58360K [0x00000000eaa80000, 0x0000000100000000, 0x0000000100000000)
  eden space 117248K, 0% used [0x00000000eaa80000,0x00000000eaa80000,0x00000000f1d00000)
  from space 116224K, 50% used [0x00000000f8e80000,0x00000000fc77e280,0x0000000100000000)
  to   space 116224K, 0% used [0x00000000f1d00000,0x00000000f1d00000,0x00000000f8e80000)
 ParOldGen       total 505856K, used 451929K [0x00000000c0000000, 0x00000000dee00000, 0x00000000eaa80000)
  object space 505856K, 89% used [0x00000000c0000000,0x00000000db9566f8,0x00000000dee00000)
 PSPermGen       total 21504K, used 6211K [0x00000000b5a00000, 0x00000000b6f00000, 0x00000000c0000000)
  object space 21504K, 28% used [0x00000000b5a00000,0x00000000b6010f38,0x00000000b6f00000)

