# JRE version: OpenJDK Runtime Environment (7.0_95) (build 1.7.0_95-b00)
# Java VM: OpenJDK 64-Bit Server VM (24.95-b01 mixed mode linux-amd64 compressed oops)
Heap
 PSYoungGen      total 233472K, used 21716K [0x00000000eaa80000, 0x0000000100000000, 0x0000000100000000)
  eden space 117248K, 0% used [0x00000000eaa80000,0x00000000eaa80000,0x00000000f1d00000)
  from space 116224K, 18% used [0x00000000f8e80000,0x00000000fa3b5090,0x0000000100000000)
  to   space 116224K, 0% used [0x00000000f1d00000,0x00000000f1d00000,0x00000000f8e80000)
 ParOldGen       total 527360K, used 526979K [0x00000000c0000000, 0x00000000e0300000, 0x00000000eaa80000)
  object space 527360K, 99% used [0x00000000c0000000,0x00000000e02a0c38,0x00000000e0300000)
 PSPermGen       total 21504K, used 6217K [0x00000000b5a00000, 0x00000000b6f00000, 0x00000000c0000000)
  object space 21504K, 28% used [0x00000000b5a00000,0x00000000b6012588,0x00000000b6f00000)
GC Heap History (10 events):
Event: 20.128 GC heap after
Heap after GC invocations=33 (full 5):
 PSYoungGen      total 231936K, used 59001K [0x00000000eaa80000, 0x00000000ff900000, 0x0000000100000000)
  eden space 123904K, 0% used [0x00000000eaa80000,0x00000000eaa80000,0x00000000f2380000)
  from space 108032K, 54% used [0x00000000f8c80000,0x00000000fc61e648,0x00000000ff600000)
  to   space 107520K, 0% used [0x00000000f2380000,0x00000000f2380000,0x00000000f8c80000)
 ParOldGen       total 527360K, used 415299K [0x00000000c0000000, 0x00000000e0300000, 0x00000000eaa80000)
  object space 527360K, 78% used [0x00000000c0000000,0x00000000d9590fb8,0x00000000e0300000)
 PSPermGen       total 21504K, used 6197K [0x00000000b5a00000, 0x00000000b6f00000, 0x00000000c0000000)
  object space 21504K, 28% used [0x00000000b5a00000,0x00000000b600d588,0x00000000b6f00000)
}
Event: 20.407 GC heap before
{Heap before GC invocations=34 (full 5):
 PSYoungGen      total 231936K, used 182905K [0x00000000eaa80000, 0x00000000ff900000, 0x0000000100000000)
  eden space 123904K, 100% used [0x00000000eaa80000,0x00000000f2380000,0x00000000f2380000)
  from space 108032K, 54% used [0x00000000f8c80000,0x00000000fc61e648,0x00000000ff600000)
  to   space 107520K, 0% used [0x00000000f2380000,0x00000000f2380000,0x00000000f8c80000)
 ParOldGen       total 527360K, used 415299K [0x00000000c0000000, 0x00000000e0300000, 0x00000000eaa80000)
  object space 527360K, 78% used [0x00000000c0000000,0x00000000d9590fb8,0x00000000e0300000)
 PSPermGen       total 21504K, used 6201K [0x00000000b5a00000, 0x00000000b6f00000, 0x00000000c0000000)
  object space 21504K, 28% used [0x00000000b5a00000,0x00000000b600e448,0x00000000b6f00000)
Event: 20.482 GC heap after
Heap after GC invocations=34 (full 5):
 PSYoungGen      total 231424K, used 78892K [0x00000000eaa80000, 0x0000000100000000, 0x0000000100000000)
  eden space 123904K, 0% used [0x00000000eaa80000,0x00000000eaa80000,0x00000000f2380000)
  from space 107520K, 73% used [0x00000000f2380000,0x00000000f708b2b8,0x00000000f8c80000)
  to   space 113664K, 0% used [0x00000000f9100000,0x00000000f9100000,0x0000000100000000)
 ParOldGen       total 527360K, used 415299K [0x00000000c0000000, 0x00000000e0300000, 0x00000000eaa80000)
  object space 527360K, 78% used [0x00000000c0000000,0x00000000d9590fb8,0x00000000e0300000)
 PSPermGen       total 21504K, used 6201K [0x00000000b5a00000, 0x00000000b6f00000, 0x00000000c0000000)
  object space 21504K, 28% used [0x00000000b5a00000,0x00000000b600e448,0x00000000b6f00000)
}
Event: 20.751 GC heap before
{Heap before GC invocations=35 (full 5):
 PSYoungGen      total 231424K, used 202796K [0x00000000eaa80000, 0x0000000100000000, 0x0000000100000000)
  eden space 123904K, 100% used [0x00000000eaa80000,0x00000000f2380000,0x00000000f2380000)
  from space 107520K, 73% used [0x00000000f2380000,0x00000000f708b2b8,0x00000000f8c80000)
  to   space 113664K, 0% used [0x00000000f9100000,0x00000000f9100000,0x0000000100000000)
 ParOldGen       total 527360K, used 415299K [0x00000000c0000000, 0x00000000e0300000, 0x00000000eaa80000)
  object space 527360K, 78% used [0x00000000c0000000,0x00000000d9590fb8,0x00000000e0300000)
 PSPermGen       total 21504K, used 6207K [0x00000000b5a00000, 0x00000000b6f00000, 0x00000000c0000000)
  object space 21504K, 28% used [0x00000000b5a00000,0x00000000b600ff08,0x00000000b6f00000)
Event: 20.845 GC heap after
Heap after GC invocations=35 (full 5):
 PSYoungGen      total 230912K, used 99671K [0x00000000eaa80000, 0x0000000100000000, 0x0000000100000000)
  eden space 117248K, 0% used [0x00000000eaa80000,0x00000000eaa80000,0x00000000f1d00000)
  from space 113664K, 87% used [0x00000000f9100000,0x00000000ff255d80,0x0000000100000000)
  to   space 116224K, 0% used [0x00000000f1d00000,0x00000000f1d00000,0x00000000f8e80000)
 ParOldGen       total 527360K, used 415299K [0x00000000c0000000, 0x00000000e0300000, 0x00000000eaa80000)
  object space 527360K, 78% used [0x00000000c0000000,0x00000000d9590fb8,0x00000000e0300000)
 PSPermGen       total 21504K, used 6207K [0x00000000b5a00000, 0x00000000b6f00000, 0x00000000c0000000)
  object space 21504K, 28% used [0x00000000b5a00000,0x00000000b600ff08,0x00000000b6f00000)
}
Event: 21.085 GC heap before
{Heap before GC invocations=36 (full 5):
 PSYoungGen      total 230912K, used 216919K [0x00000000eaa80000, 0x0000000100000000, 0x0000000100000000)
  eden space 117248K, 100% used [0x00000000eaa80000,0x00000000f1d00000,0x00000000f1d00000)
  from space 113664K, 87% used [0x00000000f9100000,0x00000000ff255d80,0x0000000100000000)
  to   space 116224K, 0% used [0x00000000f1d00000,0x00000000f1d00000,0x00000000f8e80000)
 ParOldGen       total 527360K, used 415299K [0x00000000c0000000, 0x00000000e0300000, 0x00000000eaa80000)
  object space 527360K, 78% used [0x00000000c0000000,0x00000000d9590fb8,0x00000000e0300000)
 PSPermGen       total 21504K, used 6217K [0x00000000b5a00000, 0x00000000b6f00000, 0x00000000c0000000)
  object space 21504K, 28% used [0x00000000b5a00000,0x00000000b6012590,0x00000000b6f00000)
Event: 21.203 GC heap after
Heap after GC invocations=36 (full 5):
 PSYoungGen      total 233472K, used 77552K [0x00000000eaa80000, 0x0000000100000000, 0x0000000100000000)
  eden space 117248K, 0% used [0x00000000eaa80000,0x00000000eaa80000,0x00000000f1d00000)
  from space 116224K, 66% used [0x00000000f1d00000,0x00000000f68bc330,0x00000000f8e80000)
  to   space 116224K, 0% used [0x00000000f8e80000,0x00000000f8e80000,0x0000000100000000)
 ParOldGen       total 527360K, used 454128K [0x00000000c0000000, 0x00000000e0300000, 0x00000000eaa80000)
  object space 527360K, 86% used [0x00000000c0000000,0x00000000dbb7c1f0,0x00000000e0300000)
 PSPermGen       total 21504K, used 6217K [0x00000000b5a00000, 0x00000000b6f00000, 0x00000000c0000000)
  object space 21504K, 28% used [0x00000000b5a00000,0x00000000b6012590,0x00000000b6f00000)
}
Event: 21.525 GC heap before
{Heap before GC invocations=37 (full 5):
 PSYoungGen      total 233472K, used 194800K [0x00000000eaa80000, 0x0000000100000000, 0x0000000100000000)
  eden space 117248K, 100% used [0x00000000eaa80000,0x00000000f1d00000,0x00000000f1d00000)
  from space 116224K, 66% used [0x00000000f1d00000,0x00000000f68bc330,0x00000000f8e80000)
  to   space 116224K, 0% used [0x00000000f8e80000,0x00000000f8e80000,0x0000000100000000)
 ParOldGen       total 527360K, used 454128K [0x00000000c0000000, 0x00000000e0300000, 0x00000000eaa80000)
  object space 527360K, 86% used [0x00000000c0000000,0x00000000dbb7c1f0,0x00000000e0300000)
 PSPermGen       total 21504K, used 6217K [0x00000000b5a00000, 0x00000000b6f00000, 0x00000000c0000000)
  object space 21504K, 28% used [0x00000000b5a00000,0x00000000b6012688,0x00000000b6f00000)
Event: 21.711 GC heap after
Heap after GC invocations=37 (full 5):
 PSYoungGen      total 233472K, used 56812K [0x00000000eaa80000, 0x0000000100000000, 0x0000000100000000)
  eden space 117248K, 0% used [0x00000000eaa80000,0x00000000eaa80000,0x00000000f1d00000)
  from space 116224K, 48% used [0x00000000f8e80000,0x00000000fc5fb228,0x0000000100000000)
  to   space 116224K, 0% used [0x00000000f1d00000,0x00000000f1d00000,0x00000000f8e80000)
 ParOldGen       total 527360K, used 493780K [0x00000000c0000000, 0x00000000e0300000, 0x00000000eaa80000)
  object space 527360K, 93% used [0x00000000c0000000,0x00000000de235328,0x00000000e0300000)
 PSPermGen       total 21504K, used 6217K [0x00000000b5a00000, 0x00000000b6f00000, 0x00000000c0000000)
  object space 21504K, 28% used [0x00000000b5a00000,0x00000000b6012688,0x00000000b6f00000)
}
Event: 21.711 GC heap before
{Heap before GC invocations=38 (full 6):
 PSYoungGen      total 233472K, used 56812K [0x00000000eaa80000, 0x0000000100000000, 0x0000000100000000)
  eden space 117248K, 0% used [0x00000000eaa80000,0x00000000eaa80000,0x00000000f1d00000)
  from space 116224K, 48% used [0x00000000f8e80000,0x00000000fc5fb228,0x0000000100000000)
  to   space 116224K, 0% used [0x00000000f1d00000,0x00000000f1d00000,0x00000000f8e80000)
 ParOldGen       total 527360K, used 493780K [0x00000000c0000000, 0x00000000e0300000, 0x00000000eaa80000)
  object space 527360K, 93% used [0x00000000c0000000,0x00000000de235328,0x00000000e0300000)
 PSPermGen       total 21504K, used 6217K [0x00000000b5a00000, 0x00000000b6f00000, 0x00000000c0000000)
  object space 21504K, 28% used [0x00000000b5a00000,0x00000000b6012688,0x00000000b6f00000)

