# JRE version: OpenJDK Runtime Environment (7.0_95) (build 1.7.0_95-b00)
# Java VM: OpenJDK 64-Bit Server VM (24.95-b01 mixed mode linux-amd64 compressed oops)
Heap
 PSYoungGen      total 233472K, used 15893K [0x00000000eaa80000, 0x0000000100000000, 0x0000000100000000)
  eden space 117248K, 0% used [0x00000000eaa80000,0x00000000eaa80000,0x00000000f1d00000)
  from space 116224K, 13% used [0x00000000f8e80000,0x00000000f9e05628,0x0000000100000000)
  to   space 116224K, 0% used [0x00000000f1d00000,0x00000000f1d00000,0x00000000f8e80000)
 ParOldGen       total 530944K, used 530819K [0x00000000c0000000, 0x00000000e0680000, 0x00000000eaa80000)
  object space 530944K, 99% used [0x00000000c0000000,0x00000000e0660df8,0x00000000e0680000)
 PSPermGen       total 21504K, used 6214K [0x00000000b5a00000, 0x00000000b6f00000, 0x00000000c0000000)
  object space 21504K, 28% used [0x00000000b5a00000,0x00000000b6011918,0x00000000b6f00000)
GC Heap History (10 events):
Event: 21.828 GC heap after
Heap after GC invocations=33 (full 5):
 PSYoungGen      total 226816K, used 78303K [0x00000000eaa80000, 0x0000000100000000, 0x0000000100000000)
  eden space 118272K, 0% used [0x00000000eaa80000,0x00000000eaa80000,0x00000000f1e00000)
  from space 108544K, 72% used [0x00000000f8d80000,0x00000000fd9f7e68,0x00000000ff780000)
  to   space 114176K, 0% used [0x00000000f1e00000,0x00000000f1e00000,0x00000000f8d80000)
 ParOldGen       total 530944K, used 395635K [0x00000000c0000000, 0x00000000e0680000, 0x00000000eaa80000)
  object space 530944K, 74% used [0x00000000c0000000,0x00000000d825cd60,0x00000000e0680000)
 PSPermGen       total 21504K, used 6200K [0x00000000b5a00000, 0x00000000b6f00000, 0x00000000c0000000)
  object space 21504K, 28% used [0x00000000b5a00000,0x00000000b600e190,0x00000000b6f00000)
}
Event: 22.112 GC heap before
{Heap before GC invocations=34 (full 5):
 PSYoungGen      total 226816K, used 196575K [0x00000000eaa80000, 0x0000000100000000, 0x0000000100000000)
  eden space 118272K, 100% used [0x00000000eaa80000,0x00000000f1e00000,0x00000000f1e00000)
  from space 108544K, 72% used [0x00000000f8d80000,0x00000000fd9f7e68,0x00000000ff780000)
  to   space 114176K, 0% used [0x00000000f1e00000,0x00000000f1e00000,0x00000000f8d80000)
 ParOldGen       total 530944K, used 395635K [0x00000000c0000000, 0x00000000e0680000, 0x00000000eaa80000)
  object space 530944K, 74% used [0x00000000c0000000,0x00000000d825cd60,0x00000000e0680000)
 PSPermGen       total 21504K, used 6204K [0x00000000b5a00000, 0x00000000b6f00000, 0x00000000c0000000)
  object space 21504K, 28% used [0x00000000b5a00000,0x00000000b600f070,0x00000000b6f00000)
Event: 22.280 GC heap after
Heap after GC invocations=34 (full 5):
 PSYoungGen      total 232448K, used 97197K [0x00000000eaa80000, 0x0000000100000000, 0x0000000100000000)
  eden space 118272K, 0% used [0x00000000eaa80000,0x00000000eaa80000,0x00000000f1e00000)
  from space 114176K, 85% used [0x00000000f1e00000,0x00000000f7ceb628,0x00000000f8d80000)
  to   space 116224K, 0% used [0x00000000f8e80000,0x00000000f8e80000,0x0000000100000000)
 ParOldGen       total 530944K, used 395635K [0x00000000c0000000, 0x00000000e0680000, 0x00000000eaa80000)
  object space 530944K, 74% used [0x00000000c0000000,0x00000000d825cd60,0x00000000e0680000)
 PSPermGen       total 21504K, used 6204K [0x00000000b5a00000, 0x00000000b6f00000, 0x00000000c0000000)
  object space 21504K, 28% used [0x00000000b5a00000,0x00000000b600f070,0x00000000b6f00000)
}
Event: 22.564 GC heap before
{Heap before GC invocations=35 (full 5):
 PSYoungGen      total 232448K, used 215469K [0x00000000eaa80000, 0x0000000100000000, 0x0000000100000000)
  eden space 118272K, 100% used [0x00000000eaa80000,0x00000000f1e00000,0x00000000f1e00000)
  from space 114176K, 85% used [0x00000000f1e00000,0x00000000f7ceb628,0x00000000f8d80000)
  to   space 116224K, 0% used [0x00000000f8e80000,0x00000000f8e80000,0x0000000100000000)
 ParOldGen       total 530944K, used 395635K [0x00000000c0000000, 0x00000000e0680000, 0x00000000eaa80000)
  object space 530944K, 74% used [0x00000000c0000000,0x00000000d825cd60,0x00000000e0680000)
 PSPermGen       total 21504K, used 6205K [0x00000000b5a00000, 0x00000000b6f00000, 0x00000000c0000000)
  object space 21504K, 28% used [0x00000000b5a00000,0x00000000b600f4c0,0x00000000b6f00000)
Event: 22.735 GC heap after
Heap after GC invocations=35 (full 5):
 PSYoungGen      total 233472K, used 80006K [0x00000000eaa80000, 0x0000000100000000, 0x0000000100000000)
  eden space 117248K, 0% used [0x00000000eaa80000,0x00000000eaa80000,0x00000000f1d00000)
  from space 116224K, 68% used [0x00000000f8e80000,0x00000000fdca1800,0x0000000100000000)
  to   space 116224K, 0% used [0x00000000f1d00000,0x00000000f1d00000,0x00000000f8e80000)
 ParOldGen       total 530944K, used 432456K [0x00000000c0000000, 0x00000000e0680000, 0x00000000eaa80000)
  object space 530944K, 81% used [0x00000000c0000000,0x00000000da6520c0,0x00000000e0680000)
 PSPermGen       total 21504K, used 6205K [0x00000000b5a00000, 0x00000000b6f00000, 0x00000000c0000000)
  object space 21504K, 28% used [0x00000000b5a00000,0x00000000b600f4c0,0x00000000b6f00000)
}
Event: 22.983 GC heap before
{Heap before GC invocations=36 (full 5):
 PSYoungGen      total 233472K, used 197254K [0x00000000eaa80000, 0x0000000100000000, 0x0000000100000000)
  eden space 117248K, 100% used [0x00000000eaa80000,0x00000000f1d00000,0x00000000f1d00000)
  from space 116224K, 68% used [0x00000000f8e80000,0x00000000fdca1800,0x0000000100000000)
  to   space 116224K, 0% used [0x00000000f1d00000,0x00000000f1d00000,0x00000000f8e80000)
 ParOldGen       total 530944K, used 432456K [0x00000000c0000000, 0x00000000e0680000, 0x00000000eaa80000)
  object space 530944K, 81% used [0x00000000c0000000,0x00000000da6520c0,0x00000000e0680000)
 PSPermGen       total 21504K, used 6213K [0x00000000b5a00000, 0x00000000b6f00000, 0x00000000c0000000)
  object space 21504K, 28% used [0x00000000b5a00000,0x00000000b60117b0,0x00000000b6f00000)
Event: 23.121 GC heap after
Heap after GC invocations=36 (full 5):
 PSYoungGen      total 233472K, used 56504K [0x00000000eaa80000, 0x0000000100000000, 0x0000000100000000)
  eden space 117248K, 0% used [0x00000000eaa80000,0x00000000eaa80000,0x00000000f1d00000)
  from space 116224K, 48% used [0x00000000f1d00000,0x00000000f542e080,0x00000000f8e80000)
  to   space 116224K, 0% used [0x00000000f8e80000,0x00000000f8e80000,0x0000000100000000)
 ParOldGen       total 530944K, used 473245K [0x00000000c0000000, 0x00000000e0680000, 0x00000000eaa80000)
  object space 530944K, 89% used [0x00000000c0000000,0x00000000dce276e0,0x00000000e0680000)
 PSPermGen       total 21504K, used 6213K [0x00000000b5a00000, 0x00000000b6f00000, 0x00000000c0000000)
  object space 21504K, 28% used [0x00000000b5a00000,0x00000000b60117b0,0x00000000b6f00000)
}
Event: 23.494 GC heap before
{Heap before GC invocations=37 (full 5):
 PSYoungGen      total 233472K, used 173752K [0x00000000eaa80000, 0x0000000100000000, 0x0000000100000000)
  eden space 117248K, 100% used [0x00000000eaa80000,0x00000000f1d00000,0x00000000f1d00000)
  from space 116224K, 48% used [0x00000000f1d00000,0x00000000f542e080,0x00000000f8e80000)
  to   space 116224K, 0% used [0x00000000f8e80000,0x00000000f8e80000,0x0000000100000000)
 ParOldGen       total 530944K, used 473245K [0x00000000c0000000, 0x00000000e0680000, 0x00000000eaa80000)
  object space 530944K, 89% used [0x00000000c0000000,0x00000000dce276e0,0x00000000e0680000)
 PSPermGen       total 21504K, used 6214K [0x00000000b5a00000, 0x00000000b6f00000, 0x00000000c0000000)
  object space 21504K, 28% used [0x00000000b5a00000,0x00000000b6011a18,0x00000000b6f00000)
Event: 23.618 GC heap after
Heap after GC invocations=37 (full 5):
 PSYoungGen      total 233472K, used 36584K [0x00000000eaa80000, 0x0000000100000000, 0x0000000100000000)
  eden space 117248K, 0% used [0x00000000eaa80000,0x00000000eaa80000,0x00000000f1d00000)
  from space 116224K, 31% used [0x00000000f8e80000,0x00000000fb23a110,0x0000000100000000)
  to   space 116224K, 0% used [0x00000000f1d00000,0x00000000f1d00000,0x00000000f8e80000)
 ParOldGen       total 530944K, used 511878K [0x00000000c0000000, 0x00000000e0680000, 0x00000000eaa80000)
  object space 530944K, 96% used [0x00000000c0000000,0x00000000df3e1910,0x00000000e0680000)
 PSPermGen       total 21504K, used 6214K [0x00000000b5a00000, 0x00000000b6f00000, 0x00000000c0000000)
  object space 21504K, 28% used [0x00000000b5a00000,0x00000000b6011a18,0x00000000b6f00000)
}
Event: 23.618 GC heap before
{Heap before GC invocations=38 (full 6):
 PSYoungGen      total 233472K, used 36584K [0x00000000eaa80000, 0x0000000100000000, 0x0000000100000000)
  eden space 117248K, 0% used [0x00000000eaa80000,0x00000000eaa80000,0x00000000f1d00000)
  from space 116224K, 31% used [0x00000000f8e80000,0x00000000fb23a110,0x0000000100000000)
  to   space 116224K, 0% used [0x00000000f1d00000,0x00000000f1d00000,0x00000000f8e80000)
 ParOldGen       total 530944K, used 511878K [0x00000000c0000000, 0x00000000e0680000, 0x00000000eaa80000)
  object space 530944K, 96% used [0x00000000c0000000,0x00000000df3e1910,0x00000000e0680000)
 PSPermGen       total 21504K, used 6214K [0x00000000b5a00000, 0x00000000b6f00000, 0x00000000c0000000)
  object space 21504K, 28% used [0x00000000b5a00000,0x00000000b6011a18,0x00000000b6f00000)

