# JRE version: OpenJDK Runtime Environment (7.0_95) (build 1.7.0_95-b00)
# Java VM: OpenJDK 64-Bit Server VM (24.95-b01 mixed mode linux-amd64 compressed oops)
Heap
 PSYoungGen      total 233472K, used 13579K [0x00000000eaa80000, 0x0000000100000000, 0x0000000100000000)
  eden space 117248K, 0% used [0x00000000eaa80000,0x00000000eaa80000,0x00000000f1d00000)
  from space 116224K, 11% used [0x00000000f8e80000,0x00000000f9bc2fc0,0x0000000100000000)
  to   space 116224K, 0% used [0x00000000f1d00000,0x00000000f1d00000,0x00000000f8e80000)
 ParOldGen       total 541184K, used 541036K [0x00000000c0000000, 0x00000000e1080000, 0x00000000eaa80000)
  object space 541184K, 99% used [0x00000000c0000000,0x00000000e105b238,0x00000000e1080000)
 PSPermGen       total 21504K, used 6212K [0x00000000b5a00000, 0x00000000b6f00000, 0x00000000c0000000)
  object space 21504K, 28% used [0x00000000b5a00000,0x00000000b6011140,0x00000000b6f00000)
GC Heap History (10 events):
Event: 22.324 GC heap after
Heap after GC invocations=33 (full 5):
 PSYoungGen      total 230400K, used 59339K [0x00000000eaa80000, 0x00000000ffe80000, 0x0000000100000000)
  eden space 122368K, 0% used [0x00000000eaa80000,0x00000000eaa80000,0x00000000f2200000)
  from space 108032K, 54% used [0x00000000f8b00000,0x00000000fc4f2fc0,0x00000000ff480000)
  to   space 107520K, 0% used [0x00000000f2200000,0x00000000f2200000,0x00000000f8b00000)
 ParOldGen       total 541184K, used 421527K [0x00000000c0000000, 0x00000000e1080000, 0x00000000eaa80000)
  object space 541184K, 77% used [0x00000000c0000000,0x00000000d9ba5e90,0x00000000e1080000)
 PSPermGen       total 21504K, used 6204K [0x00000000b5a00000, 0x00000000b6f00000, 0x00000000c0000000)
  object space 21504K, 28% used [0x00000000b5a00000,0x00000000b600f170,0x00000000b6f00000)
}
Event: 22.637 GC heap before
{Heap before GC invocations=34 (full 5):
 PSYoungGen      total 230400K, used 181707K [0x00000000eaa80000, 0x00000000ffe80000, 0x0000000100000000)
  eden space 122368K, 100% used [0x00000000eaa80000,0x00000000f2200000,0x00000000f2200000)
  from space 108032K, 54% used [0x00000000f8b00000,0x00000000fc4f2fc0,0x00000000ff480000)
  to   space 107520K, 0% used [0x00000000f2200000,0x00000000f2200000,0x00000000f8b00000)
 ParOldGen       total 541184K, used 421527K [0x00000000c0000000, 0x00000000e1080000, 0x00000000eaa80000)
  object space 541184K, 77% used [0x00000000c0000000,0x00000000d9ba5e90,0x00000000e1080000)
 PSPermGen       total 21504K, used 6205K [0x00000000b5a00000, 0x00000000b6f00000, 0x00000000c0000000)
  object space 21504K, 28% used [0x00000000b5a00000,0x00000000b600f4e0,0x00000000b6f00000)
Event: 22.782 GC heap after
Heap after GC invocations=34 (full 5):
 PSYoungGen      total 229888K, used 78836K [0x00000000eaa80000, 0x0000000100000000, 0x0000000100000000)
  eden space 122368K, 0% used [0x00000000eaa80000,0x00000000eaa80000,0x00000000f2200000)
  from space 107520K, 73% used [0x00000000f2200000,0x00000000f6efd160,0x00000000f8b00000)
  to   space 114176K, 0% used [0x00000000f9080000,0x00000000f9080000,0x0000000100000000)
 ParOldGen       total 541184K, used 421527K [0x00000000c0000000, 0x00000000e1080000, 0x00000000eaa80000)
  object space 541184K, 77% used [0x00000000c0000000,0x00000000d9ba5e90,0x00000000e1080000)
 PSPermGen       total 21504K, used 6205K [0x00000000b5a00000, 0x00000000b6f00000, 0x00000000c0000000)
  object space 21504K, 28% used [0x00000000b5a00000,0x00000000b600f4e0,0x00000000b6f00000)
}
Event: 23.055 GC heap before
{Heap before GC invocations=35 (full 5):
 PSYoungGen      total 229888K, used 201204K [0x00000000eaa80000, 0x0000000100000000, 0x0000000100000000)
  eden space 122368K, 100% used [0x00000000eaa80000,0x00000000f2200000,0x00000000f2200000)
  from space 107520K, 73% used [0x00000000f2200000,0x00000000f6efd160,0x00000000f8b00000)
  to   space 114176K, 0% used [0x00000000f9080000,0x00000000f9080000,0x0000000100000000)
 ParOldGen       total 541184K, used 421527K [0x00000000c0000000, 0x00000000e1080000, 0x00000000eaa80000)
  object space 541184K, 77% used [0x00000000c0000000,0x00000000d9ba5e90,0x00000000e1080000)
 PSPermGen       total 21504K, used 6212K [0x00000000b5a00000, 0x00000000b6f00000, 0x00000000c0000000)
  object space 21504K, 28% used [0x00000000b5a00000,0x00000000b6011038,0x00000000b6f00000)
Event: 23.282 GC heap after
Heap after GC invocations=35 (full 5):
 PSYoungGen      total 231424K, used 97989K [0x00000000eaa80000, 0x0000000100000000, 0x0000000100000000)
  eden space 117248K, 0% used [0x00000000eaa80000,0x00000000eaa80000,0x00000000f1d00000)
  from space 114176K, 85% used [0x00000000f9080000,0x00000000ff031788,0x0000000100000000)
  to   space 116224K, 0% used [0x00000000f1d00000,0x00000000f1d00000,0x00000000f8e80000)
 ParOldGen       total 541184K, used 421527K [0x00000000c0000000, 0x00000000e1080000, 0x00000000eaa80000)
  object space 541184K, 77% used [0x00000000c0000000,0x00000000d9ba5e90,0x00000000e1080000)
 PSPermGen       total 21504K, used 6212K [0x00000000b5a00000, 0x00000000b6f00000, 0x00000000c0000000)
  object space 21504K, 28% used [0x00000000b5a00000,0x00000000b6011038,0x00000000b6f00000)
}
Event: 23.624 GC heap before
{Heap before GC invocations=36 (full 5):
 PSYoungGen      total 231424K, used 215237K [0x00000000eaa80000, 0x0000000100000000, 0x0000000100000000)
  eden space 117248K, 100% used [0x00000000eaa80000,0x00000000f1d00000,0x00000000f1d00000)
  from space 114176K, 85% used [0x00000000f9080000,0x00000000ff031788,0x0000000100000000)
  to   space 116224K, 0% used [0x00000000f1d00000,0x00000000f1d00000,0x00000000f8e80000)
 ParOldGen       total 541184K, used 421527K [0x00000000c0000000, 0x00000000e1080000, 0x00000000eaa80000)
  object space 541184K, 77% used [0x00000000c0000000,0x00000000d9ba5e90,0x00000000e1080000)
 PSPermGen       total 21504K, used 6212K [0x00000000b5a00000, 0x00000000b6f00000, 0x00000000c0000000)
  object space 21504K, 28% used [0x00000000b5a00000,0x00000000b60111a8,0x00000000b6f00000)
Event: 23.746 GC heap after
Heap after GC invocations=36 (full 5):
 PSYoungGen      total 233472K, used 76733K [0x00000000eaa80000, 0x0000000100000000, 0x0000000100000000)
  eden space 117248K, 0% used [0x00000000eaa80000,0x00000000eaa80000,0x00000000f1d00000)
  from space 116224K, 66% used [0x00000000f1d00000,0x00000000f67ef778,0x00000000f8e80000)
  to   space 116224K, 0% used [0x00000000f8e80000,0x00000000f8e80000,0x0000000100000000)
 ParOldGen       total 541184K, used 460766K [0x00000000c0000000, 0x00000000e1080000, 0x00000000eaa80000)
  object space 541184K, 85% used [0x00000000c0000000,0x00000000dc1f78c0,0x00000000e1080000)
 PSPermGen       total 21504K, used 6212K [0x00000000b5a00000, 0x00000000b6f00000, 0x00000000c0000000)
  object space 21504K, 28% used [0x00000000b5a00000,0x00000000b60111a8,0x00000000b6f00000)
}
Event: 24.188 GC heap before
{Heap before GC invocations=37 (full 5):
 PSYoungGen      total 233472K, used 193981K [0x00000000eaa80000, 0x0000000100000000, 0x0000000100000000)
  eden space 117248K, 100% used [0x00000000eaa80000,0x00000000f1d00000,0x00000000f1d00000)
  from space 116224K, 66% used [0x00000000f1d00000,0x00000000f67ef778,0x00000000f8e80000)
  to   space 116224K, 0% used [0x00000000f8e80000,0x00000000f8e80000,0x0000000100000000)
 ParOldGen       total 541184K, used 460766K [0x00000000c0000000, 0x00000000e1080000, 0x00000000eaa80000)
  object space 541184K, 85% used [0x00000000c0000000,0x00000000dc1f78c0,0x00000000e1080000)
 PSPermGen       total 21504K, used 6212K [0x00000000b5a00000, 0x00000000b6f00000, 0x00000000c0000000)
  object space 21504K, 28% used [0x00000000b5a00000,0x00000000b6011280,0x00000000b6f00000)
Event: 24.322 GC heap after
Heap after GC invocations=37 (full 5):
 PSYoungGen      total 233472K, used 56297K [0x00000000eaa80000, 0x0000000100000000, 0x0000000100000000)
  eden space 117248K, 0% used [0x00000000eaa80000,0x00000000eaa80000,0x00000000f1d00000)
  from space 116224K, 48% used [0x00000000f8e80000,0x00000000fc57a5e8,0x0000000100000000)
  to   space 116224K, 0% used [0x00000000f1d00000,0x00000000f1d00000,0x00000000f8e80000)
 ParOldGen       total 541184K, used 500015K [0x00000000c0000000, 0x00000000e1080000, 0x00000000eaa80000)
  object space 541184K, 92% used [0x00000000c0000000,0x00000000de84bc50,0x00000000e1080000)
 PSPermGen       total 21504K, used 6212K [0x00000000b5a00000, 0x00000000b6f00000, 0x00000000c0000000)
  object space 21504K, 28% used [0x00000000b5a00000,0x00000000b6011280,0x00000000b6f00000)
}
Event: 24.323 GC heap before
{Heap before GC invocations=38 (full 6):
 PSYoungGen      total 233472K, used 56297K [0x00000000eaa80000, 0x0000000100000000, 0x0000000100000000)
  eden space 117248K, 0% used [0x00000000eaa80000,0x00000000eaa80000,0x00000000f1d00000)
  from space 116224K, 48% used [0x00000000f8e80000,0x00000000fc57a5e8,0x0000000100000000)
  to   space 116224K, 0% used [0x00000000f1d00000,0x00000000f1d00000,0x00000000f8e80000)
 ParOldGen       total 541184K, used 500015K [0x00000000c0000000, 0x00000000e1080000, 0x00000000eaa80000)
  object space 541184K, 92% used [0x00000000c0000000,0x00000000de84bc50,0x00000000e1080000)
 PSPermGen       total 21504K, used 6212K [0x00000000b5a00000, 0x00000000b6f00000, 0x00000000c0000000)
  object space 21504K, 28% used [0x00000000b5a00000,0x00000000b6011280,0x00000000b6f00000)

