# JRE version: OpenJDK Runtime Environment (7.0_95) (build 1.7.0_95-b00)
# Java VM: OpenJDK 64-Bit Server VM (24.95-b01 mixed mode linux-amd64 compressed oops)
Heap
 PSYoungGen      total 233472K, used 9141K [0x00000000eaa80000, 0x0000000100000000, 0x0000000100000000)
  eden space 117248K, 0% used [0x00000000eaa80000,0x00000000eaa80000,0x00000000f1d00000)
  from space 116224K, 7% used [0x00000000f1d00000,0x00000000f25ed550,0x00000000f8e80000)
  to   space 116224K, 0% used [0x00000000f8e80000,0x00000000f8e80000,0x0000000100000000)
 ParOldGen       total 374272K, used 373943K [0x00000000c0000000, 0x00000000d6d80000, 0x00000000eaa80000)
  object space 374272K, 99% used [0x00000000c0000000,0x00000000d6d2dfa8,0x00000000d6d80000)
 PSPermGen       total 21504K, used 6173K [0x00000000b5a00000, 0x00000000b6f00000, 0x00000000c0000000)
  object space 21504K, 28% used [0x00000000b5a00000,0x00000000b6007708,0x00000000b6f00000)
GC Heap History (10 events):
Event: 16.090 GC heap after
Heap after GC invocations=23 (full 4):
 PSYoungGen      total 232960K, used 59328K [0x00000000eaa80000, 0x0000000100000000, 0x0000000100000000)
  eden space 173568K, 0% used [0x00000000eaa80000,0x00000000eaa80000,0x00000000f5400000)
  from space 59392K, 99% used [0x00000000f5400000,0x00000000f8df00a0,0x00000000f8e00000)
  to   space 91648K, 0% used [0x00000000fa680000,0x00000000fa680000,0x0000000100000000)
 ParOldGen       total 374272K, used 244243K [0x00000000c0000000, 0x00000000d6d80000, 0x00000000eaa80000)
  object space 374272K, 65% used [0x00000000c0000000,0x00000000cee84f70,0x00000000d6d80000)
 PSPermGen       total 21504K, used 6163K [0x00000000b5a00000, 0x00000000b6f00000, 0x00000000c0000000)
  object space 21504K, 28% used [0x00000000b5a00000,0x00000000b6004f80,0x00000000b6f00000)
}
Event: 16.480 GC heap before
{Heap before GC invocations=24 (full 4):
 PSYoungGen      total 232960K, used 232896K [0x00000000eaa80000, 0x0000000100000000, 0x0000000100000000)
  eden space 173568K, 100% used [0x00000000eaa80000,0x00000000f5400000,0x00000000f5400000)
  from space 59392K, 99% used [0x00000000f5400000,0x00000000f8df00a0,0x00000000f8e00000)
  to   space 91648K, 0% used [0x00000000fa680000,0x00000000fa680000,0x0000000100000000)
 ParOldGen       total 374272K, used 244243K [0x00000000c0000000, 0x00000000d6d80000, 0x00000000eaa80000)
  object space 374272K, 65% used [0x00000000c0000000,0x00000000cee84f70,0x00000000d6d80000)
 PSPermGen       total 21504K, used 6164K [0x00000000b5a00000, 0x00000000b6f00000, 0x00000000c0000000)
  object space 21504K, 28% used [0x00000000b5a00000,0x00000000b6005148,0x00000000b6f00000)
Event: 16.556 GC heap after
Heap after GC invocations=24 (full 4):
 PSYoungGen      total 235520K, used 82194K [0x00000000eaa80000, 0x0000000100000000, 0x0000000100000000)
  eden space 143872K, 0% used [0x00000000eaa80000,0x00000000eaa80000,0x00000000f3700000)
  from space 91648K, 89% used [0x00000000fa680000,0x00000000ff6c48d8,0x0000000100000000)
  to   space 102912K, 0% used [0x00000000f3700000,0x00000000f3700000,0x00000000f9b80000)
 ParOldGen       total 374272K, used 244243K [0x00000000c0000000, 0x00000000d6d80000, 0x00000000eaa80000)
  object space 374272K, 65% used [0x00000000c0000000,0x00000000cee84f70,0x00000000d6d80000)
 PSPermGen       total 21504K, used 6164K [0x00000000b5a00000, 0x00000000b6f00000, 0x00000000c0000000)
  object space 21504K, 28% used [0x00000000b5a00000,0x00000000b6005148,0x00000000b6f00000)
}
Event: 16.872 GC heap before
{Heap before GC invocations=25 (full 4):
 PSYoungGen      total 235520K, used 226066K [0x00000000eaa80000, 0x0000000100000000, 0x0000000100000000)
  eden space 143872K, 100% used [0x00000000eaa80000,0x00000000f3700000,0x00000000f3700000)
  from space 91648K, 89% used [0x00000000fa680000,0x00000000ff6c48d8,0x0000000100000000)
  to   space 102912K, 0% used [0x00000000f3700000,0x00000000f3700000,0x00000000f9b80000)
 ParOldGen       total 374272K, used 244243K [0x00000000c0000000, 0x00000000d6d80000, 0x00000000eaa80000)
  object space 374272K, 65% used [0x00000000c0000000,0x00000000cee84f70,0x00000000d6d80000)
 PSPermGen       total 21504K, used 6164K [0x00000000b5a00000, 0x00000000b6f00000, 0x00000000c0000000)
  object space 21504K, 28% used [0x00000000b5a00000,0x00000000b60052b8,0x00000000b6f00000)
Event: 16.961 GC heap after
Heap after GC invocations=25 (full 4):
 PSYoungGen      total 246784K, used 102773K [0x00000000eaa80000, 0x0000000100000000, 0x0000000100000000)
  eden space 143872K, 0% used [0x00000000eaa80000,0x00000000eaa80000,0x00000000f3700000)
  from space 102912K, 99% used [0x00000000f3700000,0x00000000f9b5d7c0,0x00000000f9b80000)
  to   space 102912K, 0% used [0x00000000f9b80000,0x00000000f9b80000,0x0000000100000000)
 ParOldGen       total 374272K, used 244243K [0x00000000c0000000, 0x00000000d6d80000, 0x00000000eaa80000)
  object space 374272K, 65% used [0x00000000c0000000,0x00000000cee84f70,0x00000000d6d80000)
 PSPermGen       total 21504K, used 6164K [0x00000000b5a00000, 0x00000000b6f00000, 0x00000000c0000000)
  object space 21504K, 28% used [0x00000000b5a00000,0x00000000b60052b8,0x00000000b6f00000)
}
Event: 17.268 GC heap before
{Heap before GC invocations=26 (full 4):
 PSYoungGen      total 246784K, used 246645K [0x00000000eaa80000, 0x0000000100000000, 0x0000000100000000)
  eden space 143872K, 100% used [0x00000000eaa80000,0x00000000f3700000,0x00000000f3700000)
  from space 102912K, 99% used [0x00000000f3700000,0x00000000f9b5d7c0,0x00000000f9b80000)
  to   space 102912K, 0% used [0x00000000f9b80000,0x00000000f9b80000,0x0000000100000000)
 ParOldGen       total 374272K, used 244243K [0x00000000c0000000, 0x00000000d6d80000, 0x00000000eaa80000)
  object space 374272K, 65% used [0x00000000c0000000,0x00000000cee84f70,0x00000000d6d80000)
 PSPermGen       total 21504K, used 6166K [0x00000000b5a00000, 0x00000000b6f00000, 0x00000000c0000000)
  object space 21504K, 28% used [0x00000000b5a00000,0x00000000b6005a60,0x00000000b6f00000)
Event: 17.381 GC heap after
Heap after GC invocations=26 (full 4):
 PSYoungGen      total 220160K, used 89330K [0x00000000eaa80000, 0x0000000100000000, 0x0000000100000000)
  eden space 117248K, 0% used [0x00000000eaa80000,0x00000000eaa80000,0x00000000f1d00000)
  from space 102912K, 86% used [0x00000000f9b80000,0x00000000ff2bc8d0,0x0000000100000000)
  to   space 116224K, 0% used [0x00000000f1d00000,0x00000000f1d00000,0x00000000f8e80000)
 ParOldGen       total 374272K, used 279461K [0x00000000c0000000, 0x00000000d6d80000, 0x00000000eaa80000)
  object space 374272K, 74% used [0x00000000c0000000,0x00000000d10e9470,0x00000000d6d80000)
 PSPermGen       total 21504K, used 6166K [0x00000000b5a00000, 0x00000000b6f00000, 0x00000000c0000000)
  object space 21504K, 28% used [0x00000000b5a00000,0x00000000b6005a60,0x00000000b6f00000)
}
Event: 17.640 GC heap before
{Heap before GC invocations=27 (full 4):
 PSYoungGen      total 220160K, used 206578K [0x00000000eaa80000, 0x0000000100000000, 0x0000000100000000)
  eden space 117248K, 100% used [0x00000000eaa80000,0x00000000f1d00000,0x00000000f1d00000)
  from space 102912K, 86% used [0x00000000f9b80000,0x00000000ff2bc8d0,0x0000000100000000)
  to   space 116224K, 0% used [0x00000000f1d00000,0x00000000f1d00000,0x00000000f8e80000)
 ParOldGen       total 374272K, used 279461K [0x00000000c0000000, 0x00000000d6d80000, 0x00000000eaa80000)
  object space 374272K, 74% used [0x00000000c0000000,0x00000000d10e9470,0x00000000d6d80000)
 PSPermGen       total 21504K, used 6173K [0x00000000b5a00000, 0x00000000b6f00000, 0x00000000c0000000)
  object space 21504K, 28% used [0x00000000b5a00000,0x00000000b6007768,0x00000000b6f00000)
Event: 17.780 GC heap after
Heap after GC invocations=27 (full 4):
 PSYoungGen      total 233472K, used 60481K [0x00000000eaa80000, 0x0000000100000000, 0x0000000100000000)
  eden space 117248K, 0% used [0x00000000eaa80000,0x00000000eaa80000,0x00000000f1d00000)
  from space 116224K, 52% used [0x00000000f1d00000,0x00000000f58106f8,0x00000000f8e80000)
  to   space 116224K, 0% used [0x00000000f8e80000,0x00000000f8e80000,0x0000000100000000)
 ParOldGen       total 374272K, used 326178K [0x00000000c0000000, 0x00000000d6d80000, 0x00000000eaa80000)
  object space 374272K, 87% used [0x00000000c0000000,0x00000000d3e88960,0x00000000d6d80000)
 PSPermGen       total 21504K, used 6173K [0x00000000b5a00000, 0x00000000b6f00000, 0x00000000c0000000)
  object space 21504K, 28% used [0x00000000b5a00000,0x00000000b6007768,0x00000000b6f00000)
}
Event: 17.780 GC heap before
{Heap before GC invocations=28 (full 5):
 PSYoungGen      total 233472K, used 60481K [0x00000000eaa80000, 0x0000000100000000, 0x0000000100000000)
  eden space 117248K, 0% used [0x00000000eaa80000,0x00000000eaa80000,0x00000000f1d00000)
  from space 116224K, 52% used [0x00000000f1d00000,0x00000000f58106f8,0x00000000f8e80000)
  to   space 116224K, 0% used [0x00000000f8e80000,0x00000000f8e80000,0x0000000100000000)
 ParOldGen       total 374272K, used 326178K [0x00000000c0000000, 0x00000000d6d80000, 0x00000000eaa80000)
  object space 374272K, 87% used [0x00000000c0000000,0x00000000d3e88960,0x00000000d6d80000)
 PSPermGen       total 21504K, used 6173K [0x00000000b5a00000, 0x00000000b6f00000, 0x00000000c0000000)
  object space 21504K, 28% used [0x00000000b5a00000,0x00000000b6007768,0x00000000b6f00000)

