# JRE version: OpenJDK Runtime Environment (7.0_95) (build 1.7.0_95-b00)
# Java VM: OpenJDK 64-Bit Server VM (24.95-b01 mixed mode linux-amd64 compressed oops)
Heap
 PSYoungGen      total 218112K, used 8465K [0x00000000eaa80000, 0x00000000fcb80000, 0x0000000100000000)
  eden space 174080K, 0% used [0x00000000eaa80000,0x00000000eaa80000,0x00000000f5480000)
  from space 44032K, 19% used [0x00000000f5480000,0x00000000f5cc46e0,0x00000000f7f80000)
  to   space 45568K, 0% used [0x00000000f9f00000,0x00000000f9f00000,0x00000000fcb80000)
 ParOldGen       total 140288K, used 139858K [0x00000000c0000000, 0x00000000c8900000, 0x00000000eaa80000)
  object space 140288K, 99% used [0x00000000c0000000,0x00000000c88948e0,0x00000000c8900000)
 PSPermGen       total 21504K, used 6120K [0x00000000b5a00000, 0x00000000b6f00000, 0x00000000c0000000)
  object space 21504K, 28% used [0x00000000b5a00000,0x00000000b5ffa1d0,0x00000000b6f00000)
GC Heap History (10 events):
Event: 6.939 GC heap after
Heap after GC invocations=11 (full 1):
 PSYoungGen      total 169472K, used 26090K [0x00000000eaa80000, 0x00000000f9280000, 0x0000000100000000)
  eden space 143360K, 0% used [0x00000000eaa80000,0x00000000eaa80000,0x00000000f3680000)
  from space 26112K, 99% used [0x00000000f7900000,0x00000000f927ab68,0x00000000f9280000)
  to   space 33792K, 0% used [0x00000000f5080000,0x00000000f5080000,0x00000000f7180000)
 ParOldGen       total 77824K, used 50468K [0x00000000c0000000, 0x00000000c4c00000, 0x00000000eaa80000)
  object space 77824K, 64% used [0x00000000c0000000,0x00000000c3149158,0x00000000c4c00000)
 PSPermGen       total 21504K, used 6080K [0x00000000b5a00000, 0x00000000b6f00000, 0x00000000c0000000)
  object space 21504K, 28% used [0x00000000b5a00000,0x00000000b5ff03f0,0x00000000b6f00000)
}
Event: 7.503 GC heap before
{Heap before GC invocations=12 (full 1):
 PSYoungGen      total 169472K, used 169450K [0x00000000eaa80000, 0x00000000f9280000, 0x0000000100000000)
  eden space 143360K, 100% used [0x00000000eaa80000,0x00000000f3680000,0x00000000f3680000)
  from space 26112K, 99% used [0x00000000f7900000,0x00000000f927ab68,0x00000000f9280000)
  to   space 33792K, 0% used [0x00000000f5080000,0x00000000f5080000,0x00000000f7180000)
 ParOldGen       total 77824K, used 50468K [0x00000000c0000000, 0x00000000c4c00000, 0x00000000eaa80000)
  object space 77824K, 64% used [0x00000000c0000000,0x00000000c3149158,0x00000000c4c00000)
 PSPermGen       total 21504K, used 6087K [0x00000000b5a00000, 0x00000000b6f00000, 0x00000000c0000000)
  object space 21504K, 28% used [0x00000000b5a00000,0x00000000b5ff1d10,0x00000000b6f00000)
Event: 7.568 GC heap after
Heap after GC invocations=12 (full 1):
 PSYoungGen      total 203776K, used 21622K [0x00000000eaa80000, 0x00000000fa180000, 0x0000000100000000)
  eden space 169984K, 0% used [0x00000000eaa80000,0x00000000eaa80000,0x00000000f5080000)
  from space 33792K, 63% used [0x00000000f5080000,0x00000000f659db90,0x00000000f7180000)
  to   space 34816K, 0% used [0x00000000f7f80000,0x00000000f7f80000,0x00000000fa180000)
 ParOldGen       total 77824K, used 76569K [0x00000000c0000000, 0x00000000c4c00000, 0x00000000eaa80000)
  object space 77824K, 98% used [0x00000000c0000000,0x00000000c4ac64c0,0x00000000c4c00000)
 PSPermGen       total 21504K, used 6087K [0x00000000b5a00000, 0x00000000b6f00000, 0x00000000c0000000)
  object space 21504K, 28% used [0x00000000b5a00000,0x00000000b5ff1d10,0x00000000b6f00000)
}
Event: 7.568 GC heap before
{Heap before GC invocations=13 (full 2):
 PSYoungGen      total 203776K, used 21622K [0x00000000eaa80000, 0x00000000fa180000, 0x0000000100000000)
  eden space 169984K, 0% used [0x00000000eaa80000,0x00000000eaa80000,0x00000000f5080000)
  from space 33792K, 63% used [0x00000000f5080000,0x00000000f659db90,0x00000000f7180000)
  to   space 34816K, 0% used [0x00000000f7f80000,0x00000000f7f80000,0x00000000fa180000)
 ParOldGen       total 77824K, used 76569K [0x00000000c0000000, 0x00000000c4c00000, 0x00000000eaa80000)
  object space 77824K, 98% used [0x00000000c0000000,0x00000000c4ac64c0,0x00000000c4c00000)
 PSPermGen       total 21504K, used 6087K [0x00000000b5a00000, 0x00000000b6f00000, 0x00000000c0000000)
  object space 21504K, 28% used [0x00000000b5a00000,0x00000000b5ff1d10,0x00000000b6f00000)
Event: 8.088 GC heap after
Heap after GC invocations=13 (full 2):
 PSYoungGen      total 203776K, used 18355K [0x00000000eaa80000, 0x00000000fa180000, 0x0000000100000000)
  eden space 169984K, 0% used [0x00000000eaa80000,0x00000000eaa80000,0x00000000f5080000)
  from space 33792K, 54% used [0x00000000f5080000,0x00000000f626cfb0,0x00000000f7180000)
  to   space 34816K, 0% used [0x00000000f7f80000,0x00000000f7f80000,0x00000000fa180000)
 ParOldGen       total 140288K, used 77501K [0x00000000c0000000, 0x00000000c8900000, 0x00000000eaa80000)
  object space 140288K, 55% used [0x00000000c0000000,0x00000000c4baf4b0,0x00000000c8900000)
 PSPermGen       total 21504K, used 6086K [0x00000000b5a00000, 0x00000000b6f00000, 0x00000000c0000000)
  object space 21504K, 28% used [0x00000000b5a00000,0x00000000b5ff1b30,0x00000000b6f00000)
}
Event: 8.695 GC heap before
{Heap before GC invocations=14 (full 2):
 PSYoungGen      total 203776K, used 188339K [0x00000000eaa80000, 0x00000000fa180000, 0x0000000100000000)
  eden space 169984K, 100% used [0x00000000eaa80000,0x00000000f5080000,0x00000000f5080000)
  from space 33792K, 54% used [0x00000000f5080000,0x00000000f626cfb0,0x00000000f7180000)
  to   space 34816K, 0% used [0x00000000f7f80000,0x00000000f7f80000,0x00000000fa180000)
 ParOldGen       total 140288K, used 77501K [0x00000000c0000000, 0x00000000c8900000, 0x00000000eaa80000)
  object space 140288K, 55% used [0x00000000c0000000,0x00000000c4baf4b0,0x00000000c8900000)
 PSPermGen       total 21504K, used 6103K [0x00000000b5a00000, 0x00000000b6f00000, 0x00000000c0000000)
  object space 21504K, 28% used [0x00000000b5a00000,0x00000000b5ff5c50,0x00000000b6f00000)
Event: 8.762 GC heap after
Heap after GC invocations=14 (full 2):
 PSYoungGen      total 208896K, used 34785K [0x00000000eaa80000, 0x00000000fc180000, 0x0000000100000000)
  eden space 174080K, 0% used [0x00000000eaa80000,0x00000000eaa80000,0x00000000f5480000)
  from space 34816K, 99% used [0x00000000f7f80000,0x00000000fa178720,0x00000000fa180000)
  to   space 44032K, 0% used [0x00000000f5480000,0x00000000f5480000,0x00000000f7f80000)
 ParOldGen       total 140288K, used 87762K [0x00000000c0000000, 0x00000000c8900000, 0x00000000eaa80000)
  object space 140288K, 62% used [0x00000000c0000000,0x00000000c55b4b20,0x00000000c8900000)
 PSPermGen       total 21504K, used 6103K [0x00000000b5a00000, 0x00000000b6f00000, 0x00000000c0000000)
  object space 21504K, 28% used [0x00000000b5a00000,0x00000000b5ff5c50,0x00000000b6f00000)
}
Event: 9.719 GC heap before
{Heap before GC invocations=15 (full 2):
 PSYoungGen      total 208896K, used 208865K [0x00000000eaa80000, 0x00000000fc180000, 0x0000000100000000)
  eden space 174080K, 100% used [0x00000000eaa80000,0x00000000f5480000,0x00000000f5480000)
  from space 34816K, 99% used [0x00000000f7f80000,0x00000000fa178720,0x00000000fa180000)
  to   space 44032K, 0% used [0x00000000f5480000,0x00000000f5480000,0x00000000f7f80000)
 ParOldGen       total 140288K, used 87762K [0x00000000c0000000, 0x00000000c8900000, 0x00000000eaa80000)
  object space 140288K, 62% used [0x00000000c0000000,0x00000000c55b4b20,0x00000000c8900000)
 PSPermGen       total 21504K, used 6120K [0x00000000b5a00000, 0x00000000b6f00000, 0x00000000c0000000)
  object space 21504K, 28% used [0x00000000b5a00000,0x00000000b5ffa3b0,0x00000000b6f00000)
Event: 9.815 GC heap after
Heap after GC invocations=15 (full 2):
 PSYoungGen      total 218112K, used 29117K [0x00000000eaa80000, 0x00000000fcb80000, 0x0000000100000000)
  eden space 174080K, 0% used [0x00000000eaa80000,0x00000000eaa80000,0x00000000f5480000)
  from space 44032K, 66% used [0x00000000f5480000,0x00000000f70ef558,0x00000000f7f80000)
  to   space 45568K, 0% used [0x00000000f9f00000,0x00000000f9f00000,0x00000000fcb80000)
 ParOldGen       total 140288K, used 122691K [0x00000000c0000000, 0x00000000c8900000, 0x00000000eaa80000)
  object space 140288K, 87% used [0x00000000c0000000,0x00000000c77d0c10,0x00000000c8900000)
 PSPermGen       total 21504K, used 6120K [0x00000000b5a00000, 0x00000000b6f00000, 0x00000000c0000000)
  object space 21504K, 28% used [0x00000000b5a00000,0x00000000b5ffa3b0,0x00000000b6f00000)
}
Event: 9.815 GC heap before
{Heap before GC invocations=16 (full 3):
 PSYoungGen      total 218112K, used 29117K [0x00000000eaa80000, 0x00000000fcb80000, 0x0000000100000000)
  eden space 174080K, 0% used [0x00000000eaa80000,0x00000000eaa80000,0x00000000f5480000)
  from space 44032K, 66% used [0x00000000f5480000,0x00000000f70ef558,0x00000000f7f80000)
  to   space 45568K, 0% used [0x00000000f9f00000,0x00000000f9f00000,0x00000000fcb80000)
 ParOldGen       total 140288K, used 122691K [0x00000000c0000000, 0x00000000c8900000, 0x00000000eaa80000)
  object space 140288K, 87% used [0x00000000c0000000,0x00000000c77d0c10,0x00000000c8900000)
 PSPermGen       total 21504K, used 6120K [0x00000000b5a00000, 0x00000000b6f00000, 0x00000000c0000000)
  object space 21504K, 28% used [0x00000000b5a00000,0x00000000b5ffa3b0,0x00000000b6f00000)

