# JRE version: OpenJDK Runtime Environment (7.0_95) (build 1.7.0_95-b00)
# Java VM: OpenJDK 64-Bit Server VM (24.95-b01 mixed mode linux-amd64 compressed oops)
Heap
 PSYoungGen      total 233472K, used 8802K [0x00000000eaa80000, 0x0000000100000000, 0x0000000100000000)
  eden space 117248K, 0% used [0x00000000eaa80000,0x00000000eaa80000,0x00000000f1d00000)
  from space 116224K, 7% used [0x00000000f8e80000,0x00000000f9718ac8,0x0000000100000000)
  to   space 116224K, 0% used [0x00000000f1d00000,0x00000000f1d00000,0x00000000f8e80000)
 ParOldGen       total 543232K, used 542985K [0x00000000c0000000, 0x00000000e1280000, 0x00000000eaa80000)
  object space 543232K, 99% used [0x00000000c0000000,0x00000000e1242760,0x00000000e1280000)
 PSPermGen       total 21504K, used 6210K [0x00000000b5a00000, 0x00000000b6f00000, 0x00000000c0000000)
  object space 21504K, 28% used [0x00000000b5a00000,0x00000000b6010888,0x00000000b6f00000)
GC Heap History (10 events):
Event: 20.132 GC heap after
Heap after GC invocations=31 (full 5):
 PSYoungGen      total 228352K, used 61540K [0x00000000eaa80000, 0x00000000ff900000, 0x0000000100000000)
  eden space 120320K, 0% used [0x00000000eaa80000,0x00000000eaa80000,0x00000000f2000000)
  from space 108032K, 56% used [0x00000000f8f80000,0x00000000fcb99240,0x00000000ff900000)
  to   space 111104K, 0% used [0x00000000f2000000,0x00000000f2000000,0x00000000f8c80000)
 ParOldGen       total 543232K, used 416851K [0x00000000c0000000, 0x00000000e1280000, 0x00000000eaa80000)
  object space 543232K, 76% used [0x00000000c0000000,0x00000000d9714df0,0x00000000e1280000)
 PSPermGen       total 21504K, used 6197K [0x00000000b5a00000, 0x00000000b6f00000, 0x00000000c0000000)
  object space 21504K, 28% used [0x00000000b5a00000,0x00000000b600d5a8,0x00000000b6f00000)
}
Event: 20.414 GC heap before
{Heap before GC invocations=32 (full 5):
 PSYoungGen      total 228352K, used 181860K [0x00000000eaa80000, 0x00000000ff900000, 0x0000000100000000)
  eden space 120320K, 100% used [0x00000000eaa80000,0x00000000f2000000,0x00000000f2000000)
  from space 108032K, 56% used [0x00000000f8f80000,0x00000000fcb99240,0x00000000ff900000)
  to   space 111104K, 0% used [0x00000000f2000000,0x00000000f2000000,0x00000000f8c80000)
 ParOldGen       total 543232K, used 416851K [0x00000000c0000000, 0x00000000e1280000, 0x00000000eaa80000)
  object space 543232K, 76% used [0x00000000c0000000,0x00000000d9714df0,0x00000000e1280000)
 PSPermGen       total 21504K, used 6199K [0x00000000b5a00000, 0x00000000b6f00000, 0x00000000c0000000)
  object space 21504K, 28% used [0x00000000b5a00000,0x00000000b600df68,0x00000000b6f00000)
Event: 20.490 GC heap after
Heap after GC invocations=32 (full 5):
 PSYoungGen      total 231424K, used 80646K [0x00000000eaa80000, 0x0000000100000000, 0x0000000100000000)
  eden space 120320K, 0% used [0x00000000eaa80000,0x00000000eaa80000,0x00000000f2000000)
  from space 111104K, 72% used [0x00000000f2000000,0x00000000f6ec1bf8,0x00000000f8c80000)
  to   space 115712K, 0% used [0x00000000f8f00000,0x00000000f8f00000,0x0000000100000000)
 ParOldGen       total 543232K, used 416851K [0x00000000c0000000, 0x00000000e1280000, 0x00000000eaa80000)
  object space 543232K, 76% used [0x00000000c0000000,0x00000000d9714df0,0x00000000e1280000)
 PSPermGen       total 21504K, used 6199K [0x00000000b5a00000, 0x00000000b6f00000, 0x00000000c0000000)
  object space 21504K, 28% used [0x00000000b5a00000,0x00000000b600df68,0x00000000b6f00000)
}
Event: 20.759 GC heap before
{Heap before GC invocations=33 (full 5):
 PSYoungGen      total 231424K, used 200966K [0x00000000eaa80000, 0x0000000100000000, 0x0000000100000000)
  eden space 120320K, 100% used [0x00000000eaa80000,0x00000000f2000000,0x00000000f2000000)
  from space 111104K, 72% used [0x00000000f2000000,0x00000000f6ec1bf8,0x00000000f8c80000)
  to   space 115712K, 0% used [0x00000000f8f00000,0x00000000f8f00000,0x0000000100000000)
 ParOldGen       total 543232K, used 416851K [0x00000000c0000000, 0x00000000e1280000, 0x00000000eaa80000)
  object space 543232K, 76% used [0x00000000c0000000,0x00000000d9714df0,0x00000000e1280000)
 PSPermGen       total 21504K, used 6208K [0x00000000b5a00000, 0x00000000b6f00000, 0x00000000c0000000)
  object space 21504K, 28% used [0x00000000b5a00000,0x00000000b6010140,0x00000000b6f00000)
Event: 20.850 GC heap after
Heap after GC invocations=33 (full 5):
 PSYoungGen      total 232960K, used 100621K [0x00000000eaa80000, 0x0000000100000000, 0x0000000100000000)
  eden space 117248K, 0% used [0x00000000eaa80000,0x00000000eaa80000,0x00000000f1d00000)
  from space 115712K, 86% used [0x00000000f8f00000,0x00000000ff143468,0x0000000100000000)
  to   space 116224K, 0% used [0x00000000f1d00000,0x00000000f1d00000,0x00000000f8e80000)
 ParOldGen       total 543232K, used 416851K [0x00000000c0000000, 0x00000000e1280000, 0x00000000eaa80000)
  object space 543232K, 76% used [0x00000000c0000000,0x00000000d9714df0,0x00000000e1280000)
 PSPermGen       total 21504K, used 6208K [0x00000000b5a00000, 0x00000000b6f00000, 0x00000000c0000000)
  object space 21504K, 28% used [0x00000000b5a00000,0x00000000b6010140,0x00000000b6f00000)
}
Event: 21.096 GC heap before
{Heap before GC invocations=34 (full 5):
 PSYoungGen      total 232960K, used 217869K [0x00000000eaa80000, 0x0000000100000000, 0x0000000100000000)
  eden space 117248K, 100% used [0x00000000eaa80000,0x00000000f1d00000,0x00000000f1d00000)
  from space 115712K, 86% used [0x00000000f8f00000,0x00000000ff143468,0x0000000100000000)
  to   space 116224K, 0% used [0x00000000f1d00000,0x00000000f1d00000,0x00000000f8e80000)
 ParOldGen       total 543232K, used 416851K [0x00000000c0000000, 0x00000000e1280000, 0x00000000eaa80000)
  object space 543232K, 76% used [0x00000000c0000000,0x00000000d9714df0,0x00000000e1280000)
 PSPermGen       total 21504K, used 6209K [0x00000000b5a00000, 0x00000000b6f00000, 0x00000000c0000000)
  object space 21504K, 28% used [0x00000000b5a00000,0x00000000b6010670,0x00000000b6f00000)
Event: 21.233 GC heap after
Heap after GC invocations=34 (full 5):
 PSYoungGen      total 233472K, used 76100K [0x00000000eaa80000, 0x0000000100000000, 0x0000000100000000)
  eden space 117248K, 0% used [0x00000000eaa80000,0x00000000eaa80000,0x00000000f1d00000)
  from space 116224K, 65% used [0x00000000f1d00000,0x00000000f6751260,0x00000000f8e80000)
  to   space 116224K, 0% used [0x00000000f8e80000,0x00000000f8e80000,0x0000000100000000)
 ParOldGen       total 543232K, used 458485K [0x00000000c0000000, 0x00000000e1280000, 0x00000000eaa80000)
  object space 543232K, 84% used [0x00000000c0000000,0x00000000dbfbd4d0,0x00000000e1280000)
 PSPermGen       total 21504K, used 6209K [0x00000000b5a00000, 0x00000000b6f00000, 0x00000000c0000000)
  object space 21504K, 28% used [0x00000000b5a00000,0x00000000b6010670,0x00000000b6f00000)
}
Event: 21.531 GC heap before
{Heap before GC invocations=35 (full 5):
 PSYoungGen      total 233472K, used 193348K [0x00000000eaa80000, 0x0000000100000000, 0x0000000100000000)
  eden space 117248K, 100% used [0x00000000eaa80000,0x00000000f1d00000,0x00000000f1d00000)
  from space 116224K, 65% used [0x00000000f1d00000,0x00000000f6751260,0x00000000f8e80000)
  to   space 116224K, 0% used [0x00000000f8e80000,0x00000000f8e80000,0x0000000100000000)
 ParOldGen       total 543232K, used 458485K [0x00000000c0000000, 0x00000000e1280000, 0x00000000eaa80000)
  object space 543232K, 84% used [0x00000000c0000000,0x00000000dbfbd4d0,0x00000000e1280000)
 PSPermGen       total 21504K, used 6210K [0x00000000b5a00000, 0x00000000b6f00000, 0x00000000c0000000)
  object space 21504K, 28% used [0x00000000b5a00000,0x00000000b6010928,0x00000000b6f00000)
Event: 21.671 GC heap after
Heap after GC invocations=35 (full 5):
 PSYoungGen      total 233472K, used 56044K [0x00000000eaa80000, 0x0000000100000000, 0x0000000100000000)
  eden space 117248K, 0% used [0x00000000eaa80000,0x00000000eaa80000,0x00000000f1d00000)
  from space 116224K, 48% used [0x00000000f8e80000,0x00000000fc53b228,0x0000000100000000)
  to   space 116224K, 0% used [0x00000000f1d00000,0x00000000f1d00000,0x00000000f8e80000)
 ParOldGen       total 543232K, used 497189K [0x00000000c0000000, 0x00000000e1280000, 0x00000000eaa80000)
  object space 543232K, 91% used [0x00000000c0000000,0x00000000de589430,0x00000000e1280000)
 PSPermGen       total 21504K, used 6210K [0x00000000b5a00000, 0x00000000b6f00000, 0x00000000c0000000)
  object space 21504K, 28% used [0x00000000b5a00000,0x00000000b6010928,0x00000000b6f00000)
}
Event: 21.672 GC heap before
{Heap before GC invocations=36 (full 6):
 PSYoungGen      total 233472K, used 56044K [0x00000000eaa80000, 0x0000000100000000, 0x0000000100000000)
  eden space 117248K, 0% used [0x00000000eaa80000,0x00000000eaa80000,0x00000000f1d00000)
  from space 116224K, 48% used [0x00000000f8e80000,0x00000000fc53b228,0x0000000100000000)
  to   space 116224K, 0% used [0x00000000f1d00000,0x00000000f1d00000,0x00000000f8e80000)
 ParOldGen       total 543232K, used 497189K [0x00000000c0000000, 0x00000000e1280000, 0x00000000eaa80000)
  object space 543232K, 91% used [0x00000000c0000000,0x00000000de589430,0x00000000e1280000)
 PSPermGen       total 21504K, used 6210K [0x00000000b5a00000, 0x00000000b6f00000, 0x00000000c0000000)
  object space 21504K, 28% used [0x00000000b5a00000,0x00000000b6010928,0x00000000b6f00000)

