# JRE version: OpenJDK Runtime Environment (7.0_95) (build 1.7.0_95-b00)
# Java VM: OpenJDK 64-Bit Server VM (24.95-b01 mixed mode linux-amd64 compressed oops)
Heap
 PSYoungGen      total 233472K, used 13846K [0x00000000eaa80000, 0x0000000100000000, 0x0000000100000000)
  eden space 117248K, 0% used [0x00000000eaa80000,0x00000000eaa80000,0x00000000f1d00000)
  from space 116224K, 11% used [0x00000000f1d00000,0x00000000f2a85828,0x00000000f8e80000)
  to   space 116224K, 0% used [0x00000000f8e80000,0x00000000f8e80000,0x0000000100000000)
 ParOldGen       total 374272K, used 374073K [0x00000000c0000000, 0x00000000d6d80000, 0x00000000eaa80000)
  object space 374272K, 99% used [0x00000000c0000000,0x00000000d6d4e618,0x00000000d6d80000)
 PSPermGen       total 21504K, used 6172K [0x00000000b5a00000, 0x00000000b6f00000, 0x00000000c0000000)
  object space 21504K, 28% used [0x00000000b5a00000,0x00000000b6007008,0x00000000b6f00000)
GC Heap History (10 events):
Event: 23.359 GC heap after
Heap after GC invocations=23 (full 4):
 PSYoungGen      total 264192K, used 59297K [0x00000000eaa80000, 0x0000000100000000, 0x0000000100000000)
  eden space 190464K, 0% used [0x00000000eaa80000,0x00000000eaa80000,0x00000000f6480000)
  from space 73728K, 80% used [0x00000000f6480000,0x00000000f9e68768,0x00000000fac80000)
  to   space 80384K, 0% used [0x00000000fb180000,0x00000000fb180000,0x0000000100000000)
 ParOldGen       total 374272K, used 242389K [0x00000000c0000000, 0x00000000d6d80000, 0x00000000eaa80000)
  object space 374272K, 64% used [0x00000000c0000000,0x00000000cecb5640,0x00000000d6d80000)
 PSPermGen       total 21504K, used 6162K [0x00000000b5a00000, 0x00000000b6f00000, 0x00000000c0000000)
  object space 21504K, 28% used [0x00000000b5a00000,0x00000000b6004990,0x00000000b6f00000)
}
Event: 24.059 GC heap before
{Heap before GC invocations=24 (full 4):
 PSYoungGen      total 264192K, used 249761K [0x00000000eaa80000, 0x0000000100000000, 0x0000000100000000)
  eden space 190464K, 100% used [0x00000000eaa80000,0x00000000f6480000,0x00000000f6480000)
  from space 73728K, 80% used [0x00000000f6480000,0x00000000f9e68768,0x00000000fac80000)
  to   space 80384K, 0% used [0x00000000fb180000,0x00000000fb180000,0x0000000100000000)
 ParOldGen       total 374272K, used 242389K [0x00000000c0000000, 0x00000000d6d80000, 0x00000000eaa80000)
  object space 374272K, 64% used [0x00000000c0000000,0x00000000cecb5640,0x00000000d6d80000)
 PSPermGen       total 21504K, used 6163K [0x00000000b5a00000, 0x00000000b6f00000, 0x00000000c0000000)
  object space 21504K, 28% used [0x00000000b5a00000,0x00000000b6004d68,0x00000000b6f00000)
Event: 24.246 GC heap after
Heap after GC invocations=24 (full 4):
 PSYoungGen      total 240640K, used 80379K [0x00000000eaa80000, 0x0000000100000000, 0x0000000100000000)
  eden space 160256K, 0% used [0x00000000eaa80000,0x00000000eaa80000,0x00000000f4700000)
  from space 80384K, 99% used [0x00000000fb180000,0x00000000ffffeea0,0x0000000100000000)
  to   space 94720K, 0% used [0x00000000f4700000,0x00000000f4700000,0x00000000fa380000)
 ParOldGen       total 374272K, used 246888K [0x00000000c0000000, 0x00000000d6d80000, 0x00000000eaa80000)
  object space 374272K, 65% used [0x00000000c0000000,0x00000000cf11a210,0x00000000d6d80000)
 PSPermGen       total 21504K, used 6163K [0x00000000b5a00000, 0x00000000b6f00000, 0x00000000c0000000)
  object space 21504K, 28% used [0x00000000b5a00000,0x00000000b6004d68,0x00000000b6f00000)
}
Event: 24.740 GC heap before
{Heap before GC invocations=25 (full 4):
 PSYoungGen      total 240640K, used 240635K [0x00000000eaa80000, 0x0000000100000000, 0x0000000100000000)
  eden space 160256K, 100% used [0x00000000eaa80000,0x00000000f4700000,0x00000000f4700000)
  from space 80384K, 99% used [0x00000000fb180000,0x00000000ffffeea0,0x0000000100000000)
  to   space 94720K, 0% used [0x00000000f4700000,0x00000000f4700000,0x00000000fa380000)
 ParOldGen       total 374272K, used 246888K [0x00000000c0000000, 0x00000000d6d80000, 0x00000000eaa80000)
  object space 374272K, 65% used [0x00000000c0000000,0x00000000cf11a210,0x00000000d6d80000)
 PSPermGen       total 21504K, used 6163K [0x00000000b5a00000, 0x00000000b6f00000, 0x00000000c0000000)
  object space 21504K, 28% used [0x00000000b5a00000,0x00000000b6004ed0,0x00000000b6f00000)
Event: 24.892 GC heap after
Heap after GC invocations=25 (full 4):
 PSYoungGen      total 234496K, used 74171K [0x00000000eaa80000, 0x0000000100000000, 0x0000000100000000)
  eden space 160256K, 0% used [0x00000000eaa80000,0x00000000eaa80000,0x00000000f4700000)
  from space 74240K, 99% used [0x00000000f4700000,0x00000000f8f6ef18,0x00000000f8f80000)
  to   space 101888K, 0% used [0x00000000f9c80000,0x00000000f9c80000,0x0000000100000000)
 ParOldGen       total 374272K, used 277316K [0x00000000c0000000, 0x00000000d6d80000, 0x00000000eaa80000)
  object space 374272K, 74% used [0x00000000c0000000,0x00000000d0ed1118,0x00000000d6d80000)
 PSPermGen       total 21504K, used 6163K [0x00000000b5a00000, 0x00000000b6f00000, 0x00000000c0000000)
  object space 21504K, 28% used [0x00000000b5a00000,0x00000000b6004ed0,0x00000000b6f00000)
}
Event: 25.397 GC heap before
{Heap before GC invocations=26 (full 4):
 PSYoungGen      total 234496K, used 234427K [0x00000000eaa80000, 0x0000000100000000, 0x0000000100000000)
  eden space 160256K, 100% used [0x00000000eaa80000,0x00000000f4700000,0x00000000f4700000)
  from space 74240K, 99% used [0x00000000f4700000,0x00000000f8f6ef18,0x00000000f8f80000)
  to   space 101888K, 0% used [0x00000000f9c80000,0x00000000f9c80000,0x0000000100000000)
 ParOldGen       total 374272K, used 277316K [0x00000000c0000000, 0x00000000d6d80000, 0x00000000eaa80000)
  object space 374272K, 74% used [0x00000000c0000000,0x00000000d0ed1118,0x00000000d6d80000)
 PSPermGen       total 21504K, used 6166K [0x00000000b5a00000, 0x00000000b6f00000, 0x00000000c0000000)
  object space 21504K, 28% used [0x00000000b5a00000,0x00000000b6005920,0x00000000b6f00000)
Event: 25.553 GC heap after
Heap after GC invocations=26 (full 4):
 PSYoungGen      total 219136K, used 98028K [0x00000000eaa80000, 0x0000000100000000, 0x0000000100000000)
  eden space 117248K, 0% used [0x00000000eaa80000,0x00000000eaa80000,0x00000000f1d00000)
  from space 101888K, 96% used [0x00000000f9c80000,0x00000000ffc3b2a8,0x0000000100000000)
  to   space 116224K, 0% used [0x00000000f1d00000,0x00000000f1d00000,0x00000000f8e80000)
 ParOldGen       total 374272K, used 277316K [0x00000000c0000000, 0x00000000d6d80000, 0x00000000eaa80000)
  object space 374272K, 74% used [0x00000000c0000000,0x00000000d0ed1118,0x00000000d6d80000)
 PSPermGen       total 21504K, used 6166K [0x00000000b5a00000, 0x00000000b6f00000, 0x00000000c0000000)
  object space 21504K, 28% used [0x00000000b5a00000,0x00000000b6005920,0x00000000b6f00000)
}
Event: 25.983 GC heap before
{Heap before GC invocations=27 (full 4):
 PSYoungGen      total 219136K, used 215276K [0x00000000eaa80000, 0x0000000100000000, 0x0000000100000000)
  eden space 117248K, 100% used [0x00000000eaa80000,0x00000000f1d00000,0x00000000f1d00000)
  from space 101888K, 96% used [0x00000000f9c80000,0x00000000ffc3b2a8,0x0000000100000000)
  to   space 116224K, 0% used [0x00000000f1d00000,0x00000000f1d00000,0x00000000f8e80000)
 ParOldGen       total 374272K, used 277316K [0x00000000c0000000, 0x00000000d6d80000, 0x00000000eaa80000)
  object space 374272K, 74% used [0x00000000c0000000,0x00000000d0ed1118,0x00000000d6d80000)
 PSPermGen       total 21504K, used 6172K [0x00000000b5a00000, 0x00000000b6f00000, 0x00000000c0000000)
  object space 21504K, 28% used [0x00000000b5a00000,0x00000000b60070e8,0x00000000b6f00000)
Event: 26.192 GC heap after
Heap after GC invocations=27 (full 4):
 PSYoungGen      total 233472K, used 65215K [0x00000000eaa80000, 0x0000000100000000, 0x0000000100000000)
  eden space 117248K, 0% used [0x00000000eaa80000,0x00000000eaa80000,0x00000000f1d00000)
  from space 116224K, 56% used [0x00000000f1d00000,0x00000000f5caff70,0x00000000f8e80000)
  to   space 116224K, 0% used [0x00000000f8e80000,0x00000000f8e80000,0x0000000100000000)
 ParOldGen       total 374272K, used 327580K [0x00000000c0000000, 0x00000000d6d80000, 0x00000000eaa80000)
  object space 374272K, 87% used [0x00000000c0000000,0x00000000d3fe7238,0x00000000d6d80000)
 PSPermGen       total 21504K, used 6172K [0x00000000b5a00000, 0x00000000b6f00000, 0x00000000c0000000)
  object space 21504K, 28% used [0x00000000b5a00000,0x00000000b60070e8,0x00000000b6f00000)
}
Event: 26.192 GC heap before
{Heap before GC invocations=28 (full 5):
 PSYoungGen      total 233472K, used 65215K [0x00000000eaa80000, 0x0000000100000000, 0x0000000100000000)
  eden space 117248K, 0% used [0x00000000eaa80000,0x00000000eaa80000,0x00000000f1d00000)
  from space 116224K, 56% used [0x00000000f1d00000,0x00000000f5caff70,0x00000000f8e80000)
  to   space 116224K, 0% used [0x00000000f8e80000,0x00000000f8e80000,0x0000000100000000)
 ParOldGen       total 374272K, used 327580K [0x00000000c0000000, 0x00000000d6d80000, 0x00000000eaa80000)
  object space 374272K, 87% used [0x00000000c0000000,0x00000000d3fe7238,0x00000000d6d80000)
 PSPermGen       total 21504K, used 6172K [0x00000000b5a00000, 0x00000000b6f00000, 0x00000000c0000000)
  object space 21504K, 28% used [0x00000000b5a00000,0x00000000b60070e8,0x00000000b6f00000)

