# JRE version: OpenJDK Runtime Environment (7.0_95) (build 1.7.0_95-b00)
# Java VM: OpenJDK 64-Bit Server VM (24.95-b01 mixed mode linux-amd64 compressed oops)
Heap
 PSYoungGen      total 212480K, used 5677K [0x00000000eaa80000, 0x00000000fc480000, 0x0000000100000000)
  eden space 168960K, 0% used [0x00000000eaa80000,0x00000000eaa80000,0x00000000f4f80000)
  from space 43520K, 13% used [0x00000000f4f80000,0x00000000f550b4d0,0x00000000f7a00000)
  to   space 45056K, 0% used [0x00000000f9880000,0x00000000f9880000,0x00000000fc480000)
 ParOldGen       total 141824K, used 141514K [0x00000000c0000000, 0x00000000c8a80000, 0x00000000eaa80000)
  object space 141824K, 99% used [0x00000000c0000000,0x00000000c8a32a48,0x00000000c8a80000)
 PSPermGen       total 21504K, used 6121K [0x00000000b5a00000, 0x00000000b6f00000, 0x00000000c0000000)
  object space 21504K, 28% used [0x00000000b5a00000,0x00000000b5ffa5a8,0x00000000b6f00000)
GC Heap History (10 events):
Event: 7.187 GC heap after
Heap after GC invocations=11 (full 1):
 PSYoungGen      total 166912K, used 26082K [0x00000000eaa80000, 0x00000000f9180000, 0x0000000100000000)
  eden space 140800K, 0% used [0x00000000eaa80000,0x00000000eaa80000,0x00000000f3400000)
  from space 26112K, 99% used [0x00000000f7800000,0x00000000f9178908,0x00000000f9180000)
  to   space 33792K, 0% used [0x00000000f4f80000,0x00000000f4f80000,0x00000000f7080000)
 ParOldGen       total 78336K, used 50409K [0x00000000c0000000, 0x00000000c4c80000, 0x00000000eaa80000)
  object space 78336K, 64% used [0x00000000c0000000,0x00000000c313a6d0,0x00000000c4c80000)
 PSPermGen       total 21504K, used 6081K [0x00000000b5a00000, 0x00000000b6f00000, 0x00000000c0000000)
  object space 21504K, 28% used [0x00000000b5a00000,0x00000000b5ff0600,0x00000000b6f00000)
}
Event: 7.795 GC heap before
{Heap before GC invocations=12 (full 1):
 PSYoungGen      total 166912K, used 166882K [0x00000000eaa80000, 0x00000000f9180000, 0x0000000100000000)
  eden space 140800K, 100% used [0x00000000eaa80000,0x00000000f3400000,0x00000000f3400000)
  from space 26112K, 99% used [0x00000000f7800000,0x00000000f9178908,0x00000000f9180000)
  to   space 33792K, 0% used [0x00000000f4f80000,0x00000000f4f80000,0x00000000f7080000)
 ParOldGen       total 78336K, used 50409K [0x00000000c0000000, 0x00000000c4c80000, 0x00000000eaa80000)
  object space 78336K, 64% used [0x00000000c0000000,0x00000000c313a6d0,0x00000000c4c80000)
 PSPermGen       total 21504K, used 6088K [0x00000000b5a00000, 0x00000000b6f00000, 0x00000000c0000000)
  object space 21504K, 28% used [0x00000000b5a00000,0x00000000b5ff2110,0x00000000b6f00000)
Event: 7.868 GC heap after
Heap after GC invocations=12 (full 1):
 PSYoungGen      total 202752K, used 21202K [0x00000000eaa80000, 0x00000000f9b80000, 0x0000000100000000)
  eden space 168960K, 0% used [0x00000000eaa80000,0x00000000eaa80000,0x00000000f4f80000)
  from space 33792K, 62% used [0x00000000f4f80000,0x00000000f6434958,0x00000000f7080000)
  to   space 34304K, 0% used [0x00000000f7a00000,0x00000000f7a00000,0x00000000f9b80000)
 ParOldGen       total 78336K, used 76535K [0x00000000c0000000, 0x00000000c4c80000, 0x00000000eaa80000)
  object space 78336K, 97% used [0x00000000c0000000,0x00000000c4abdfa0,0x00000000c4c80000)
 PSPermGen       total 21504K, used 6088K [0x00000000b5a00000, 0x00000000b6f00000, 0x00000000c0000000)
  object space 21504K, 28% used [0x00000000b5a00000,0x00000000b5ff2110,0x00000000b6f00000)
}
Event: 7.874 GC heap before
{Heap before GC invocations=13 (full 2):
 PSYoungGen      total 202752K, used 21202K [0x00000000eaa80000, 0x00000000f9b80000, 0x0000000100000000)
  eden space 168960K, 0% used [0x00000000eaa80000,0x00000000eaa80000,0x00000000f4f80000)
  from space 33792K, 62% used [0x00000000f4f80000,0x00000000f6434958,0x00000000f7080000)
  to   space 34304K, 0% used [0x00000000f7a00000,0x00000000f7a00000,0x00000000f9b80000)
 ParOldGen       total 78336K, used 76535K [0x00000000c0000000, 0x00000000c4c80000, 0x00000000eaa80000)
  object space 78336K, 97% used [0x00000000c0000000,0x00000000c4abdfa0,0x00000000c4c80000)
 PSPermGen       total 21504K, used 6088K [0x00000000b5a00000, 0x00000000b6f00000, 0x00000000c0000000)
  object space 21504K, 28% used [0x00000000b5a00000,0x00000000b5ff2110,0x00000000b6f00000)
Event: 8.439 GC heap after
Heap after GC invocations=13 (full 2):
 PSYoungGen      total 202752K, used 17443K [0x00000000eaa80000, 0x00000000f9b80000, 0x0000000100000000)
  eden space 168960K, 0% used [0x00000000eaa80000,0x00000000eaa80000,0x00000000f4f80000)
  from space 33792K, 51% used [0x00000000f4f80000,0x00000000f6088d40,0x00000000f7080000)
  to   space 34304K, 0% used [0x00000000f7a00000,0x00000000f7a00000,0x00000000f9b80000)
 ParOldGen       total 141824K, used 78080K [0x00000000c0000000, 0x00000000c8a80000, 0x00000000eaa80000)
  object space 141824K, 55% used [0x00000000c0000000,0x00000000c4c40270,0x00000000c8a80000)
 PSPermGen       total 21504K, used 6087K [0x00000000b5a00000, 0x00000000b6f00000, 0x00000000c0000000)
  object space 21504K, 28% used [0x00000000b5a00000,0x00000000b5ff1e90,0x00000000b6f00000)
}
Event: 9.106 GC heap before
{Heap before GC invocations=14 (full 2):
 PSYoungGen      total 202752K, used 186403K [0x00000000eaa80000, 0x00000000f9b80000, 0x0000000100000000)
  eden space 168960K, 100% used [0x00000000eaa80000,0x00000000f4f80000,0x00000000f4f80000)
  from space 33792K, 51% used [0x00000000f4f80000,0x00000000f6088d40,0x00000000f7080000)
  to   space 34304K, 0% used [0x00000000f7a00000,0x00000000f7a00000,0x00000000f9b80000)
 ParOldGen       total 141824K, used 78080K [0x00000000c0000000, 0x00000000c8a80000, 0x00000000eaa80000)
  object space 141824K, 55% used [0x00000000c0000000,0x00000000c4c40270,0x00000000c8a80000)
 PSPermGen       total 21504K, used 6104K [0x00000000b5a00000, 0x00000000b6f00000, 0x00000000c0000000)
  object space 21504K, 28% used [0x00000000b5a00000,0x00000000b5ff60c0,0x00000000b6f00000)
Event: 9.192 GC heap after
Heap after GC invocations=14 (full 2):
 PSYoungGen      total 203264K, used 34289K [0x00000000eaa80000, 0x00000000fbf80000, 0x0000000100000000)
  eden space 168960K, 0% used [0x00000000eaa80000,0x00000000eaa80000,0x00000000f4f80000)
  from space 34304K, 99% used [0x00000000f7a00000,0x00000000f9b7c6f0,0x00000000f9b80000)
  to   space 43520K, 0% used [0x00000000f4f80000,0x00000000f4f80000,0x00000000f7a00000)
 ParOldGen       total 141824K, used 87837K [0x00000000c0000000, 0x00000000c8a80000, 0x00000000eaa80000)
  object space 141824K, 61% used [0x00000000c0000000,0x00000000c55c76e8,0x00000000c8a80000)
 PSPermGen       total 21504K, used 6104K [0x00000000b5a00000, 0x00000000b6f00000, 0x00000000c0000000)
  object space 21504K, 28% used [0x00000000b5a00000,0x00000000b5ff60c0,0x00000000b6f00000)
}
Event: 10.155 GC heap before
{Heap before GC invocations=15 (full 2):
 PSYoungGen      total 203264K, used 203249K [0x00000000eaa80000, 0x00000000fbf80000, 0x0000000100000000)
  eden space 168960K, 100% used [0x00000000eaa80000,0x00000000f4f80000,0x00000000f4f80000)
  from space 34304K, 99% used [0x00000000f7a00000,0x00000000f9b7c6f0,0x00000000f9b80000)
  to   space 43520K, 0% used [0x00000000f4f80000,0x00000000f4f80000,0x00000000f7a00000)
 ParOldGen       total 141824K, used 87837K [0x00000000c0000000, 0x00000000c8a80000, 0x00000000eaa80000)
  object space 141824K, 61% used [0x00000000c0000000,0x00000000c55c76e8,0x00000000c8a80000)
 PSPermGen       total 21504K, used 6121K [0x00000000b5a00000, 0x00000000b6f00000, 0x00000000c0000000)
  object space 21504K, 28% used [0x00000000b5a00000,0x00000000b5ffa708,0x00000000b6f00000)
Event: 10.249 GC heap after
Heap after GC invocations=15 (full 2):
 PSYoungGen      total 212480K, used 28401K [0x00000000eaa80000, 0x00000000fc480000, 0x0000000100000000)
  eden space 168960K, 0% used [0x00000000eaa80000,0x00000000eaa80000,0x00000000f4f80000)
  from space 43520K, 65% used [0x00000000f4f80000,0x00000000f6b3c788,0x00000000f7a00000)
  to   space 45056K, 0% used [0x00000000f9880000,0x00000000f9880000,0x00000000fc480000)
 ParOldGen       total 141824K, used 122206K [0x00000000c0000000, 0x00000000c8a80000, 0x00000000eaa80000)
  object space 141824K, 86% used [0x00000000c0000000,0x00000000c7757a28,0x00000000c8a80000)
 PSPermGen       total 21504K, used 6121K [0x00000000b5a00000, 0x00000000b6f00000, 0x00000000c0000000)
  object space 21504K, 28% used [0x00000000b5a00000,0x00000000b5ffa708,0x00000000b6f00000)
}
Event: 10.250 GC heap before
{Heap before GC invocations=16 (full 3):
 PSYoungGen      total 212480K, used 28401K [0x00000000eaa80000, 0x00000000fc480000, 0x0000000100000000)
  eden space 168960K, 0% used [0x00000000eaa80000,0x00000000eaa80000,0x00000000f4f80000)
  from space 43520K, 65% used [0x00000000f4f80000,0x00000000f6b3c788,0x00000000f7a00000)
  to   space 45056K, 0% used [0x00000000f9880000,0x00000000f9880000,0x00000000fc480000)
 ParOldGen       total 141824K, used 122206K [0x00000000c0000000, 0x00000000c8a80000, 0x00000000eaa80000)
  object space 141824K, 86% used [0x00000000c0000000,0x00000000c7757a28,0x00000000c8a80000)
 PSPermGen       total 21504K, used 6121K [0x00000000b5a00000, 0x00000000b6f00000, 0x00000000c0000000)
  object space 21504K, 28% used [0x00000000b5a00000,0x00000000b5ffa708,0x00000000b6f00000)

