# JRE version: OpenJDK Runtime Environment (7.0_95) (build 1.7.0_95-b00)
# Java VM: OpenJDK 64-Bit Server VM (24.95-b01 mixed mode linux-amd64 compressed oops)
Heap
 PSYoungGen      total 137216K, used 0K [0x00000000eaa80000, 0x00000000ffe00000, 0x0000000100000000)
  eden space 117248K, 0% used [0x00000000eaa80000,0x00000000eaa80000,0x00000000f1d00000)
  from space 19968K, 0% used [0x00000000f1d00000,0x00000000f1d00000,0x00000000f3080000)
  to   space 115200K, 0% used [0x00000000f8d80000,0x00000000f8d80000,0x00000000ffe00000)
 ParOldGen       total 535040K, used 504077K [0x00000000c0000000, 0x00000000e0a80000, 0x00000000eaa80000)
  object space 535040K, 94% used [0x00000000c0000000,0x00000000dec434f8,0x00000000e0a80000)
 PSPermGen       total 21504K, used 6212K [0x00000000b5a00000, 0x00000000b6f00000, 0x00000000c0000000)
  object space 21504K, 28% used [0x00000000b5a00000,0x00000000b60113f0,0x00000000b6f00000)
GC Heap History (10 events):
Event: 19.613 GC heap after
Heap after GC invocations=30 (full 5):
 PSYoungGen      total 233472K, used 28799K [0x00000000eaa80000, 0x0000000100000000, 0x0000000100000000)
  eden space 117248K, 0% used [0x00000000eaa80000,0x00000000eaa80000,0x00000000f1d00000)
  from space 116224K, 24% used [0x00000000f1d00000,0x00000000f391fef0,0x00000000f8e80000)
  to   space 116224K, 0% used [0x00000000f8e80000,0x00000000f8e80000,0x0000000100000000)
 ParOldGen       total 535040K, used 399498K [0x00000000c0000000, 0x00000000e0a80000, 0x00000000eaa80000)
  object space 535040K, 74% used [0x00000000c0000000,0x00000000d8622918,0x00000000e0a80000)
 PSPermGen       total 21504K, used 6196K [0x00000000b5a00000, 0x00000000b6f00000, 0x00000000c0000000)
  object space 21504K, 28% used [0x00000000b5a00000,0x00000000b600d148,0x00000000b6f00000)
}
Event: 20.048 GC heap before
{Heap before GC invocations=31 (full 5):
 PSYoungGen      total 233472K, used 146047K [0x00000000eaa80000, 0x0000000100000000, 0x0000000100000000)
  eden space 117248K, 100% used [0x00000000eaa80000,0x00000000f1d00000,0x00000000f1d00000)
  from space 116224K, 24% used [0x00000000f1d00000,0x00000000f391fef0,0x00000000f8e80000)
  to   space 116224K, 0% used [0x00000000f8e80000,0x00000000f8e80000,0x0000000100000000)
 ParOldGen       total 535040K, used 399498K [0x00000000c0000000, 0x00000000e0a80000, 0x00000000eaa80000)
  object space 535040K, 74% used [0x00000000c0000000,0x00000000d8622918,0x00000000e0a80000)
 PSPermGen       total 21504K, used 6199K [0x00000000b5a00000, 0x00000000b6f00000, 0x00000000c0000000)
  object space 21504K, 28% used [0x00000000b5a00000,0x00000000b600dc78,0x00000000b6f00000)
Event: 20.105 GC heap after
Heap after GC invocations=31 (full 5):
 PSYoungGen      total 233472K, used 39839K [0x00000000eaa80000, 0x0000000100000000, 0x0000000100000000)
  eden space 117248K, 0% used [0x00000000eaa80000,0x00000000eaa80000,0x00000000f1d00000)
  from space 116224K, 34% used [0x00000000f8e80000,0x00000000fb567f78,0x0000000100000000)
  to   space 116224K, 0% used [0x00000000f1d00000,0x00000000f1d00000,0x00000000f8e80000)
 ParOldGen       total 535040K, used 407954K [0x00000000c0000000, 0x00000000e0a80000, 0x00000000eaa80000)
  object space 535040K, 76% used [0x00000000c0000000,0x00000000d8e64838,0x00000000e0a80000)
 PSPermGen       total 21504K, used 6199K [0x00000000b5a00000, 0x00000000b6f00000, 0x00000000c0000000)
  object space 21504K, 28% used [0x00000000b5a00000,0x00000000b600dc78,0x00000000b6f00000)
}
Event: 20.455 GC heap before
{Heap before GC invocations=32 (full 5):
 PSYoungGen      total 233472K, used 157087K [0x00000000eaa80000, 0x0000000100000000, 0x0000000100000000)
  eden space 117248K, 100% used [0x00000000eaa80000,0x00000000f1d00000,0x00000000f1d00000)
  from space 116224K, 34% used [0x00000000f8e80000,0x00000000fb567f78,0x0000000100000000)
  to   space 116224K, 0% used [0x00000000f1d00000,0x00000000f1d00000,0x00000000f8e80000)
 ParOldGen       total 535040K, used 407954K [0x00000000c0000000, 0x00000000e0a80000, 0x00000000eaa80000)
  object space 535040K, 76% used [0x00000000c0000000,0x00000000d8e64838,0x00000000e0a80000)
 PSPermGen       total 21504K, used 6201K [0x00000000b5a00000, 0x00000000b6f00000, 0x00000000c0000000)
  object space 21504K, 28% used [0x00000000b5a00000,0x00000000b600e718,0x00000000b6f00000)
Event: 20.553 GC heap after
Heap after GC invocations=32 (full 5):
 PSYoungGen      total 233472K, used 20566K [0x00000000eaa80000, 0x0000000100000000, 0x0000000100000000)
  eden space 117248K, 0% used [0x00000000eaa80000,0x00000000eaa80000,0x00000000f1d00000)
  from space 116224K, 17% used [0x00000000f1d00000,0x00000000f31158d8,0x00000000f8e80000)
  to   space 116224K, 0% used [0x00000000f8e80000,0x00000000f8e80000,0x0000000100000000)
 ParOldGen       total 535040K, used 446886K [0x00000000c0000000, 0x00000000e0a80000, 0x00000000eaa80000)
  object space 535040K, 83% used [0x00000000c0000000,0x00000000db469b10,0x00000000e0a80000)
 PSPermGen       total 21504K, used 6201K [0x00000000b5a00000, 0x00000000b6f00000, 0x00000000c0000000)
  object space 21504K, 28% used [0x00000000b5a00000,0x00000000b600e718,0x00000000b6f00000)
}
Event: 20.883 GC heap before
{Heap before GC invocations=33 (full 5):
 PSYoungGen      total 233472K, used 137814K [0x00000000eaa80000, 0x0000000100000000, 0x0000000100000000)
  eden space 117248K, 100% used [0x00000000eaa80000,0x00000000f1d00000,0x00000000f1d00000)
  from space 116224K, 17% used [0x00000000f1d00000,0x00000000f31158d8,0x00000000f8e80000)
  to   space 116224K, 0% used [0x00000000f8e80000,0x00000000f8e80000,0x0000000100000000)
 ParOldGen       total 535040K, used 446886K [0x00000000c0000000, 0x00000000e0a80000, 0x00000000eaa80000)
  object space 535040K, 83% used [0x00000000c0000000,0x00000000db469b10,0x00000000e0a80000)
 PSPermGen       total 21504K, used 6204K [0x00000000b5a00000, 0x00000000b6f00000, 0x00000000c0000000)
  object space 21504K, 28% used [0x00000000b5a00000,0x00000000b600f0d8,0x00000000b6f00000)
Event: 20.936 GC heap after
Heap after GC invocations=33 (full 5):
 PSYoungGen      total 233472K, used 20192K [0x00000000eaa80000, 0x0000000100000000, 0x0000000100000000)
  eden space 117248K, 0% used [0x00000000eaa80000,0x00000000eaa80000,0x00000000f1d00000)
  from space 116224K, 17% used [0x00000000f8e80000,0x00000000fa238000,0x0000000100000000)
  to   space 116224K, 0% used [0x00000000f1d00000,0x00000000f1d00000,0x00000000f8e80000)
 ParOldGen       total 535040K, used 466414K [0x00000000c0000000, 0x00000000e0a80000, 0x00000000eaa80000)
  object space 535040K, 87% used [0x00000000c0000000,0x00000000dc77b8e0,0x00000000e0a80000)
 PSPermGen       total 21504K, used 6204K [0x00000000b5a00000, 0x00000000b6f00000, 0x00000000c0000000)
  object space 21504K, 28% used [0x00000000b5a00000,0x00000000b600f0d8,0x00000000b6f00000)
}
Event: 21.203 GC heap before
{Heap before GC invocations=34 (full 5):
 PSYoungGen      total 233472K, used 137440K [0x00000000eaa80000, 0x0000000100000000, 0x0000000100000000)
  eden space 117248K, 100% used [0x00000000eaa80000,0x00000000f1d00000,0x00000000f1d00000)
  from space 116224K, 17% used [0x00000000f8e80000,0x00000000fa238000,0x0000000100000000)
  to   space 116224K, 0% used [0x00000000f1d00000,0x00000000f1d00000,0x00000000f8e80000)
 ParOldGen       total 535040K, used 466414K [0x00000000c0000000, 0x00000000e0a80000, 0x00000000eaa80000)
  object space 535040K, 87% used [0x00000000c0000000,0x00000000dc77b8e0,0x00000000e0a80000)
 PSPermGen       total 21504K, used 6213K [0x00000000b5a00000, 0x00000000b6f00000, 0x00000000c0000000)
  object space 21504K, 28% used [0x00000000b5a00000,0x00000000b6011410,0x00000000b6f00000)
Event: 21.248 GC heap after
Heap after GC invocations=34 (full 5):
 PSYoungGen      total 137216K, used 19779K [0x00000000eaa80000, 0x00000000ffe00000, 0x0000000100000000)
  eden space 117248K, 0% used [0x00000000eaa80000,0x00000000eaa80000,0x00000000f1d00000)
  from space 19968K, 99% used [0x00000000f1d00000,0x00000000f3050da0,0x00000000f3080000)
  to   space 115200K, 0% used [0x00000000f8d80000,0x00000000f8d80000,0x00000000ffe00000)
 ParOldGen       total 535040K, used 485596K [0x00000000c0000000, 0x00000000e0a80000, 0x00000000eaa80000)
  object space 535040K, 90% used [0x00000000c0000000,0x00000000dda37160,0x00000000e0a80000)
 PSPermGen       total 21504K, used 6213K [0x00000000b5a00000, 0x00000000b6f00000, 0x00000000c0000000)
  object space 21504K, 28% used [0x00000000b5a00000,0x00000000b6011410,0x00000000b6f00000)
}
Event: 21.248 GC heap before
{Heap before GC invocations=35 (full 6):
 PSYoungGen      total 137216K, used 19779K [0x00000000eaa80000, 0x00000000ffe00000, 0x0000000100000000)
  eden space 117248K, 0% used [0x00000000eaa80000,0x00000000eaa80000,0x00000000f1d00000)
  from space 19968K, 99% used [0x00000000f1d00000,0x00000000f3050da0,0x00000000f3080000)
  to   space 115200K, 0% used [0x00000000f8d80000,0x00000000f8d80000,0x00000000ffe00000)
 ParOldGen       total 535040K, used 485596K [0x00000000c0000000, 0x00000000e0a80000, 0x00000000eaa80000)
  object space 535040K, 90% used [0x00000000c0000000,0x00000000dda37160,0x00000000e0a80000)
 PSPermGen       total 21504K, used 6213K [0x00000000b5a00000, 0x00000000b6f00000, 0x00000000c0000000)
  object space 21504K, 28% used [0x00000000b5a00000,0x00000000b6011410,0x00000000b6f00000)

