# JRE version: OpenJDK Runtime Environment (7.0_95) (build 1.7.0_95-b00)
# Java VM: OpenJDK 64-Bit Server VM (24.95-b01 mixed mode linux-amd64 compressed oops)
Heap
 PSYoungGen      total 233472K, used 6231K [0x00000000eaa80000, 0x0000000100000000, 0x0000000100000000)
  eden space 117248K, 0% used [0x00000000eaa80000,0x00000000eaa80000,0x00000000f1d00000)
  from space 116224K, 5% used [0x00000000f1d00000,0x00000000f2315f70,0x00000000f8e80000)
  to   space 116224K, 0% used [0x00000000f8e80000,0x00000000f8e80000,0x0000000100000000)
 ParOldGen       total 371712K, used 371625K [0x00000000c0000000, 0x00000000d6b00000, 0x00000000eaa80000)
  object space 371712K, 99% used [0x00000000c0000000,0x00000000d6aea448,0x00000000d6b00000)
 PSPermGen       total 21504K, used 6168K [0x00000000b5a00000, 0x00000000b6f00000, 0x00000000c0000000)
  object space 21504K, 28% used [0x00000000b5a00000,0x00000000b6006098,0x00000000b6f00000)
GC Heap History (10 events):
Event: 14.812 GC heap after
Heap after GC invocations=23 (full 4):
 PSYoungGen      total 217600K, used 55834K [0x00000000eaa80000, 0x0000000100000000, 0x0000000100000000)
  eden space 161280K, 0% used [0x00000000eaa80000,0x00000000eaa80000,0x00000000f4800000)
  from space 56320K, 99% used [0x00000000f4800000,0x00000000f7e86910,0x00000000f7f00000)
  to   space 95232K, 0% used [0x00000000fa300000,0x00000000fa300000,0x0000000100000000)
 ParOldGen       total 371712K, used 244909K [0x00000000c0000000, 0x00000000d6b00000, 0x00000000eaa80000)
  object space 371712K, 65% used [0x00000000c0000000,0x00000000cef2b798,0x00000000d6b00000)
 PSPermGen       total 21504K, used 6163K [0x00000000b5a00000, 0x00000000b6f00000, 0x00000000c0000000)
  object space 21504K, 28% used [0x00000000b5a00000,0x00000000b6004c28,0x00000000b6f00000)
}
Event: 15.156 GC heap before
{Heap before GC invocations=24 (full 4):
 PSYoungGen      total 217600K, used 217114K [0x00000000eaa80000, 0x0000000100000000, 0x0000000100000000)
  eden space 161280K, 100% used [0x00000000eaa80000,0x00000000f4800000,0x00000000f4800000)
  from space 56320K, 99% used [0x00000000f4800000,0x00000000f7e86910,0x00000000f7f00000)
  to   space 95232K, 0% used [0x00000000fa300000,0x00000000fa300000,0x0000000100000000)
 ParOldGen       total 371712K, used 244909K [0x00000000c0000000, 0x00000000d6b00000, 0x00000000eaa80000)
  object space 371712K, 65% used [0x00000000c0000000,0x00000000cef2b798,0x00000000d6b00000)
 PSPermGen       total 21504K, used 6165K [0x00000000b5a00000, 0x00000000b6f00000, 0x00000000c0000000)
  object space 21504K, 28% used [0x00000000b5a00000,0x00000000b6005590,0x00000000b6f00000)
Event: 15.225 GC heap after
Heap after GC invocations=24 (full 4):
 PSYoungGen      total 237056K, used 77728K [0x00000000eaa80000, 0x0000000100000000, 0x0000000100000000)
  eden space 141824K, 0% used [0x00000000eaa80000,0x00000000eaa80000,0x00000000f3500000)
  from space 95232K, 81% used [0x00000000fa300000,0x00000000feee82c8,0x0000000100000000)
  to   space 103936K, 0% used [0x00000000f3500000,0x00000000f3500000,0x00000000f9a80000)
 ParOldGen       total 371712K, used 244909K [0x00000000c0000000, 0x00000000d6b00000, 0x00000000eaa80000)
  object space 371712K, 65% used [0x00000000c0000000,0x00000000cef2b798,0x00000000d6b00000)
 PSPermGen       total 21504K, used 6165K [0x00000000b5a00000, 0x00000000b6f00000, 0x00000000c0000000)
  object space 21504K, 28% used [0x00000000b5a00000,0x00000000b6005590,0x00000000b6f00000)
}
Event: 15.536 GC heap before
{Heap before GC invocations=25 (full 4):
 PSYoungGen      total 237056K, used 219552K [0x00000000eaa80000, 0x0000000100000000, 0x0000000100000000)
  eden space 141824K, 100% used [0x00000000eaa80000,0x00000000f3500000,0x00000000f3500000)
  from space 95232K, 81% used [0x00000000fa300000,0x00000000feee82c8,0x0000000100000000)
  to   space 103936K, 0% used [0x00000000f3500000,0x00000000f3500000,0x00000000f9a80000)
 ParOldGen       total 371712K, used 244909K [0x00000000c0000000, 0x00000000d6b00000, 0x00000000eaa80000)
  object space 371712K, 65% used [0x00000000c0000000,0x00000000cef2b798,0x00000000d6b00000)
 PSPermGen       total 21504K, used 6166K [0x00000000b5a00000, 0x00000000b6f00000, 0x00000000c0000000)
  object space 21504K, 28% used [0x00000000b5a00000,0x00000000b6005a60,0x00000000b6f00000)
Event: 15.640 GC heap after
Heap after GC invocations=25 (full 4):
 PSYoungGen      total 238080K, used 96119K [0x00000000eaa80000, 0x0000000100000000, 0x0000000100000000)
  eden space 141824K, 0% used [0x00000000eaa80000,0x00000000eaa80000,0x00000000f3500000)
  from space 96256K, 99% used [0x00000000f3500000,0x00000000f92dde48,0x00000000f9300000)
  to   space 111616K, 0% used [0x00000000f9300000,0x00000000f9300000,0x0000000100000000)
 ParOldGen       total 371712K, used 244909K [0x00000000c0000000, 0x00000000d6b00000, 0x00000000eaa80000)
  object space 371712K, 65% used [0x00000000c0000000,0x00000000cef2b798,0x00000000d6b00000)
 PSPermGen       total 21504K, used 6166K [0x00000000b5a00000, 0x00000000b6f00000, 0x00000000c0000000)
  object space 21504K, 28% used [0x00000000b5a00000,0x00000000b6005a60,0x00000000b6f00000)
}
Event: 15.952 GC heap before
{Heap before GC invocations=26 (full 4):
 PSYoungGen      total 238080K, used 237943K [0x00000000eaa80000, 0x0000000100000000, 0x0000000100000000)
  eden space 141824K, 100% used [0x00000000eaa80000,0x00000000f3500000,0x00000000f3500000)
  from space 96256K, 99% used [0x00000000f3500000,0x00000000f92dde48,0x00000000f9300000)
  to   space 111616K, 0% used [0x00000000f9300000,0x00000000f9300000,0x0000000100000000)
 ParOldGen       total 371712K, used 244909K [0x00000000c0000000, 0x00000000d6b00000, 0x00000000eaa80000)
  object space 371712K, 65% used [0x00000000c0000000,0x00000000cef2b798,0x00000000d6b00000)
 PSPermGen       total 21504K, used 6166K [0x00000000b5a00000, 0x00000000b6f00000, 0x00000000c0000000)
  object space 21504K, 28% used [0x00000000b5a00000,0x00000000b6005ae0,0x00000000b6f00000)
Event: 16.063 GC heap after
Heap after GC invocations=26 (full 4):
 PSYoungGen      total 228864K, used 78660K [0x00000000eaa80000, 0x0000000100000000, 0x0000000100000000)
  eden space 117248K, 0% used [0x00000000eaa80000,0x00000000eaa80000,0x00000000f1d00000)
  from space 111616K, 70% used [0x00000000f9300000,0x00000000fdfd12f0,0x0000000100000000)
  to   space 116224K, 0% used [0x00000000f1d00000,0x00000000f1d00000,0x00000000f8e80000)
 ParOldGen       total 371712K, used 282475K [0x00000000c0000000, 0x00000000d6b00000, 0x00000000eaa80000)
  object space 371712K, 75% used [0x00000000c0000000,0x00000000d13dae80,0x00000000d6b00000)
 PSPermGen       total 21504K, used 6166K [0x00000000b5a00000, 0x00000000b6f00000, 0x00000000c0000000)
  object space 21504K, 28% used [0x00000000b5a00000,0x00000000b6005ae0,0x00000000b6f00000)
}
Event: 16.295 GC heap before
{Heap before GC invocations=27 (full 4):
 PSYoungGen      total 228864K, used 195908K [0x00000000eaa80000, 0x0000000100000000, 0x0000000100000000)
  eden space 117248K, 100% used [0x00000000eaa80000,0x00000000f1d00000,0x00000000f1d00000)
  from space 111616K, 70% used [0x00000000f9300000,0x00000000fdfd12f0,0x0000000100000000)
  to   space 116224K, 0% used [0x00000000f1d00000,0x00000000f1d00000,0x00000000f8e80000)
 ParOldGen       total 371712K, used 282475K [0x00000000c0000000, 0x00000000d6b00000, 0x00000000eaa80000)
  object space 371712K, 75% used [0x00000000c0000000,0x00000000d13dae80,0x00000000d6b00000)
 PSPermGen       total 21504K, used 6168K [0x00000000b5a00000, 0x00000000b6f00000, 0x00000000c0000000)
  object space 21504K, 28% used [0x00000000b5a00000,0x00000000b6006118,0x00000000b6f00000)
Event: 16.411 GC heap after
Heap after GC invocations=27 (full 4):
 PSYoungGen      total 233472K, used 56506K [0x00000000eaa80000, 0x0000000100000000, 0x0000000100000000)
  eden space 117248K, 0% used [0x00000000eaa80000,0x00000000eaa80000,0x00000000f1d00000)
  from space 116224K, 48% used [0x00000000f1d00000,0x00000000f542e868,0x00000000f8e80000)
  to   space 116224K, 0% used [0x00000000f8e80000,0x00000000f8e80000,0x0000000100000000)
 ParOldGen       total 371712K, used 322573K [0x00000000c0000000, 0x00000000d6b00000, 0x00000000eaa80000)
  object space 371712K, 86% used [0x00000000c0000000,0x00000000d3b037c8,0x00000000d6b00000)
 PSPermGen       total 21504K, used 6168K [0x00000000b5a00000, 0x00000000b6f00000, 0x00000000c0000000)
  object space 21504K, 28% used [0x00000000b5a00000,0x00000000b6006118,0x00000000b6f00000)
}
Event: 16.413 GC heap before
{Heap before GC invocations=28 (full 5):
 PSYoungGen      total 233472K, used 56506K [0x00000000eaa80000, 0x0000000100000000, 0x0000000100000000)
  eden space 117248K, 0% used [0x00000000eaa80000,0x00000000eaa80000,0x00000000f1d00000)
  from space 116224K, 48% used [0x00000000f1d00000,0x00000000f542e868,0x00000000f8e80000)
  to   space 116224K, 0% used [0x00000000f8e80000,0x00000000f8e80000,0x0000000100000000)
 ParOldGen       total 371712K, used 322573K [0x00000000c0000000, 0x00000000d6b00000, 0x00000000eaa80000)
  object space 371712K, 86% used [0x00000000c0000000,0x00000000d3b037c8,0x00000000d6b00000)
 PSPermGen       total 21504K, used 6168K [0x00000000b5a00000, 0x00000000b6f00000, 0x00000000c0000000)
  object space 21504K, 28% used [0x00000000b5a00000,0x00000000b6006118,0x00000000b6f00000)

