# JRE version: OpenJDK Runtime Environment (7.0_95) (build 1.7.0_95-b00)
# Java VM: OpenJDK 64-Bit Server VM (24.95-b01 mixed mode linux-amd64 compressed oops)
Heap
 PSYoungGen      total 233472K, used 0K [0x00000000eaa80000, 0x0000000100000000, 0x0000000100000000)
  eden space 117248K, 0% used [0x00000000eaa80000,0x00000000eaa80000,0x00000000f1d00000)
  from space 116224K, 0% used [0x00000000f8e80000,0x00000000f8e80000,0x0000000100000000)
  to   space 116224K, 0% used [0x00000000f1d00000,0x00000000f1d00000,0x00000000f8e80000)
 ParOldGen       total 535552K, used 514077K [0x00000000c0000000, 0x00000000e0b00000, 0x00000000eaa80000)
  object space 535552K, 95% used [0x00000000c0000000,0x00000000df6076c0,0x00000000e0b00000)
 PSPermGen       total 21504K, used 6213K [0x00000000b5a00000, 0x00000000b6f00000, 0x00000000c0000000)
  object space 21504K, 28% used [0x00000000b5a00000,0x00000000b6011468,0x00000000b6f00000)
GC Heap History (10 events):
Event: 25.646 GC heap after
Heap after GC invocations=31 (full 5):
 PSYoungGen      total 233472K, used 38347K [0x00000000eaa80000, 0x0000000100000000, 0x0000000100000000)
  eden space 117248K, 0% used [0x00000000eaa80000,0x00000000eaa80000,0x00000000f1d00000)
  from space 116224K, 32% used [0x00000000f8e80000,0x00000000fb3f2e30,0x0000000100000000)
  to   space 116224K, 0% used [0x00000000f1d00000,0x00000000f1d00000,0x00000000f8e80000)
 ParOldGen       total 535552K, used 399502K [0x00000000c0000000, 0x00000000e0b00000, 0x00000000eaa80000)
  object space 535552K, 74% used [0x00000000c0000000,0x00000000d8623860,0x00000000e0b00000)
 PSPermGen       total 21504K, used 6201K [0x00000000b5a00000, 0x00000000b6f00000, 0x00000000c0000000)
  object space 21504K, 28% used [0x00000000b5a00000,0x00000000b600e428,0x00000000b6f00000)
}
Event: 25.973 GC heap before
{Heap before GC invocations=32 (full 5):
 PSYoungGen      total 233472K, used 155595K [0x00000000eaa80000, 0x0000000100000000, 0x0000000100000000)
  eden space 117248K, 100% used [0x00000000eaa80000,0x00000000f1d00000,0x00000000f1d00000)
  from space 116224K, 32% used [0x00000000f8e80000,0x00000000fb3f2e30,0x0000000100000000)
  to   space 116224K, 0% used [0x00000000f1d00000,0x00000000f1d00000,0x00000000f8e80000)
 ParOldGen       total 535552K, used 399502K [0x00000000c0000000, 0x00000000e0b00000, 0x00000000eaa80000)
  object space 535552K, 74% used [0x00000000c0000000,0x00000000d8623860,0x00000000e0b00000)
 PSPermGen       total 21504K, used 6202K [0x00000000b5a00000, 0x00000000b6f00000, 0x00000000c0000000)
  object space 21504K, 28% used [0x00000000b5a00000,0x00000000b600eb98,0x00000000b6f00000)
Event: 26.064 GC heap after
Heap after GC invocations=32 (full 5):
 PSYoungGen      total 233472K, used 20645K [0x00000000eaa80000, 0x0000000100000000, 0x0000000100000000)
  eden space 117248K, 0% used [0x00000000eaa80000,0x00000000eaa80000,0x00000000f1d00000)
  from space 116224K, 17% used [0x00000000f1d00000,0x00000000f3129500,0x00000000f8e80000)
  to   space 116224K, 0% used [0x00000000f8e80000,0x00000000f8e80000,0x0000000100000000)
 ParOldGen       total 535552K, used 436940K [0x00000000c0000000, 0x00000000e0b00000, 0x00000000eaa80000)
  object space 535552K, 81% used [0x00000000c0000000,0x00000000daab3108,0x00000000e0b00000)
 PSPermGen       total 21504K, used 6202K [0x00000000b5a00000, 0x00000000b6f00000, 0x00000000c0000000)
  object space 21504K, 28% used [0x00000000b5a00000,0x00000000b600eb98,0x00000000b6f00000)
}
Event: 26.347 GC heap before
{Heap before GC invocations=33 (full 5):
 PSYoungGen      total 233472K, used 137893K [0x00000000eaa80000, 0x0000000100000000, 0x0000000100000000)
  eden space 117248K, 100% used [0x00000000eaa80000,0x00000000f1d00000,0x00000000f1d00000)
  from space 116224K, 17% used [0x00000000f1d00000,0x00000000f3129500,0x00000000f8e80000)
  to   space 116224K, 0% used [0x00000000f8e80000,0x00000000f8e80000,0x0000000100000000)
 ParOldGen       total 535552K, used 436940K [0x00000000c0000000, 0x00000000e0b00000, 0x00000000eaa80000)
  object space 535552K, 81% used [0x00000000c0000000,0x00000000daab3108,0x00000000e0b00000)
 PSPermGen       total 21504K, used 6203K [0x00000000b5a00000, 0x00000000b6f00000, 0x00000000c0000000)
  object space 21504K, 28% used [0x00000000b5a00000,0x00000000b600ef28,0x00000000b6f00000)
Event: 26.412 GC heap after
Heap after GC invocations=33 (full 5):
 PSYoungGen      total 233472K, used 20417K [0x00000000eaa80000, 0x0000000100000000, 0x0000000100000000)
  eden space 117248K, 0% used [0x00000000eaa80000,0x00000000eaa80000,0x00000000f1d00000)
  from space 116224K, 17% used [0x00000000f8e80000,0x00000000fa2707b0,0x0000000100000000)
  to   space 116224K, 0% used [0x00000000f1d00000,0x00000000f1d00000,0x00000000f8e80000)
 ParOldGen       total 535552K, used 456493K [0x00000000c0000000, 0x00000000e0b00000, 0x00000000eaa80000)
  object space 535552K, 85% used [0x00000000c0000000,0x00000000dbdcb538,0x00000000e0b00000)
 PSPermGen       total 21504K, used 6203K [0x00000000b5a00000, 0x00000000b6f00000, 0x00000000c0000000)
  object space 21504K, 28% used [0x00000000b5a00000,0x00000000b600ef28,0x00000000b6f00000)
}
Event: 26.711 GC heap before
{Heap before GC invocations=34 (full 5):
 PSYoungGen      total 233472K, used 137665K [0x00000000eaa80000, 0x0000000100000000, 0x0000000100000000)
  eden space 117248K, 100% used [0x00000000eaa80000,0x00000000f1d00000,0x00000000f1d00000)
  from space 116224K, 17% used [0x00000000f8e80000,0x00000000fa2707b0,0x0000000100000000)
  to   space 116224K, 0% used [0x00000000f1d00000,0x00000000f1d00000,0x00000000f8e80000)
 ParOldGen       total 535552K, used 456493K [0x00000000c0000000, 0x00000000e0b00000, 0x00000000eaa80000)
  object space 535552K, 85% used [0x00000000c0000000,0x00000000dbdcb538,0x00000000e0b00000)
 PSPermGen       total 21504K, used 6207K [0x00000000b5a00000, 0x00000000b6f00000, 0x00000000c0000000)
  object space 21504K, 28% used [0x00000000b5a00000,0x00000000b600fd18,0x00000000b6f00000)
Event: 26.770 GC heap after
Heap after GC invocations=34 (full 5):
 PSYoungGen      total 233472K, used 19779K [0x00000000eaa80000, 0x0000000100000000, 0x0000000100000000)
  eden space 117248K, 0% used [0x00000000eaa80000,0x00000000eaa80000,0x00000000f1d00000)
  from space 116224K, 17% used [0x00000000f1d00000,0x00000000f3050da0,0x00000000f8e80000)
  to   space 116224K, 0% used [0x00000000f8e80000,0x00000000f8e80000,0x0000000100000000)
 ParOldGen       total 535552K, used 475878K [0x00000000c0000000, 0x00000000e0b00000, 0x00000000eaa80000)
  object space 535552K, 88% used [0x00000000c0000000,0x00000000dd0b9960,0x00000000e0b00000)
 PSPermGen       total 21504K, used 6207K [0x00000000b5a00000, 0x00000000b6f00000, 0x00000000c0000000)
  object space 21504K, 28% used [0x00000000b5a00000,0x00000000b600fd18,0x00000000b6f00000)
}
Event: 27.064 GC heap before
{Heap before GC invocations=35 (full 5):
 PSYoungGen      total 233472K, used 137027K [0x00000000eaa80000, 0x0000000100000000, 0x0000000100000000)
  eden space 117248K, 100% used [0x00000000eaa80000,0x00000000f1d00000,0x00000000f1d00000)
  from space 116224K, 17% used [0x00000000f1d00000,0x00000000f3050da0,0x00000000f8e80000)
  to   space 116224K, 0% used [0x00000000f8e80000,0x00000000f8e80000,0x0000000100000000)
 ParOldGen       total 535552K, used 475878K [0x00000000c0000000, 0x00000000e0b00000, 0x00000000eaa80000)
  object space 535552K, 88% used [0x00000000c0000000,0x00000000dd0b9960,0x00000000e0b00000)
 PSPermGen       total 21504K, used 6213K [0x00000000b5a00000, 0x00000000b6f00000, 0x00000000c0000000)
  object space 21504K, 28% used [0x00000000b5a00000,0x00000000b60114c8,0x00000000b6f00000)
Event: 27.121 GC heap after
Heap after GC invocations=35 (full 5):
 PSYoungGen      total 233472K, used 20535K [0x00000000eaa80000, 0x0000000100000000, 0x0000000100000000)
  eden space 117248K, 0% used [0x00000000eaa80000,0x00000000eaa80000,0x00000000f1d00000)
  from space 116224K, 17% used [0x00000000f8e80000,0x00000000fa28df40,0x0000000100000000)
  to   space 116224K, 0% used [0x00000000f1d00000,0x00000000f1d00000,0x00000000f8e80000)
 ParOldGen       total 535552K, used 494919K [0x00000000c0000000, 0x00000000e0b00000, 0x00000000eaa80000)
  object space 535552K, 92% used [0x00000000c0000000,0x00000000de351f50,0x00000000e0b00000)
 PSPermGen       total 21504K, used 6213K [0x00000000b5a00000, 0x00000000b6f00000, 0x00000000c0000000)
  object space 21504K, 28% used [0x00000000b5a00000,0x00000000b60114c8,0x00000000b6f00000)
}
Event: 27.121 GC heap before
{Heap before GC invocations=36 (full 6):
 PSYoungGen      total 233472K, used 20535K [0x00000000eaa80000, 0x0000000100000000, 0x0000000100000000)
  eden space 117248K, 0% used [0x00000000eaa80000,0x00000000eaa80000,0x00000000f1d00000)
  from space 116224K, 17% used [0x00000000f8e80000,0x00000000fa28df40,0x0000000100000000)
  to   space 116224K, 0% used [0x00000000f1d00000,0x00000000f1d00000,0x00000000f8e80000)
 ParOldGen       total 535552K, used 494919K [0x00000000c0000000, 0x00000000e0b00000, 0x00000000eaa80000)
  object space 535552K, 92% used [0x00000000c0000000,0x00000000de351f50,0x00000000e0b00000)
 PSPermGen       total 21504K, used 6213K [0x00000000b5a00000, 0x00000000b6f00000, 0x00000000c0000000)
  object space 21504K, 28% used [0x00000000b5a00000,0x00000000b60114c8,0x00000000b6f00000)

