# JRE version: OpenJDK Runtime Environment (7.0_95) (build 1.7.0_95-b00)
# Java VM: OpenJDK 64-Bit Server VM (24.95-b01 mixed mode linux-amd64 compressed oops)
Heap
 PSYoungGen      total 284160K, used 27397K [0x00000000eaa80000, 0x0000000100000000, 0x0000000100000000)
  eden space 217600K, 0% used [0x00000000eaa80000,0x00000000eaa80000,0x00000000f7f00000)
  from space 66560K, 41% used [0x00000000fbf00000,0x00000000fd9c1578,0x0000000100000000)
  to   space 65536K, 0% used [0x00000000f7f00000,0x00000000f7f00000,0x00000000fbf00000)
 ParOldGen       total 224256K, used 224067K [0x00000000c0000000, 0x00000000cdb00000, 0x00000000eaa80000)
  object space 224256K, 99% used [0x00000000c0000000,0x00000000cdad0f70,0x00000000cdb00000)
 PSPermGen       total 21504K, used 6150K [0x00000000b5a00000, 0x00000000b6f00000, 0x00000000c0000000)
  object space 21504K, 28% used [0x00000000b5a00000,0x00000000b6001940,0x00000000b6f00000)
GC Heap History (10 events):
Event: 13.678 GC heap after
Heap after GC invocations=15 (full 2):
 PSYoungGen      total 229888K, used 37887K [0x00000000eaa80000, 0x00000000ff000000, 0x0000000100000000)
  eden space 192000K, 0% used [0x00000000eaa80000,0x00000000eaa80000,0x00000000f6600000)
  from space 37888K, 99% used [0x00000000f6600000,0x00000000f8affc20,0x00000000f8b00000)
  to   space 51200K, 0% used [0x00000000fbe00000,0x00000000fbe00000,0x00000000ff000000)
 ParOldGen       total 139264K, used 116434K [0x00000000c0000000, 0x00000000c8800000, 0x00000000eaa80000)
  object space 139264K, 83% used [0x00000000c0000000,0x00000000c71b4940,0x00000000c8800000)
 PSPermGen       total 21504K, used 6116K [0x00000000b5a00000, 0x00000000b6f00000, 0x00000000c0000000)
  object space 21504K, 28% used [0x00000000b5a00000,0x00000000b5ff9248,0x00000000b6f00000)
}
Event: 13.678 GC heap before
{Heap before GC invocations=16 (full 3):
 PSYoungGen      total 229888K, used 37887K [0x00000000eaa80000, 0x00000000ff000000, 0x0000000100000000)
  eden space 192000K, 0% used [0x00000000eaa80000,0x00000000eaa80000,0x00000000f6600000)
  from space 37888K, 99% used [0x00000000f6600000,0x00000000f8affc20,0x00000000f8b00000)
  to   space 51200K, 0% used [0x00000000fbe00000,0x00000000fbe00000,0x00000000ff000000)
 ParOldGen       total 139264K, used 116434K [0x00000000c0000000, 0x00000000c8800000, 0x00000000eaa80000)
  object space 139264K, 83% used [0x00000000c0000000,0x00000000c71b4940,0x00000000c8800000)
 PSPermGen       total 21504K, used 6116K [0x00000000b5a00000, 0x00000000b6f00000, 0x00000000c0000000)
  object space 21504K, 28% used [0x00000000b5a00000,0x00000000b5ff9248,0x00000000b6f00000)
Event: 14.357 GC heap after
Heap after GC invocations=16 (full 3):
 PSYoungGen      total 229888K, used 12775K [0x00000000eaa80000, 0x00000000ff000000, 0x0000000100000000)
  eden space 192000K, 0% used [0x00000000eaa80000,0x00000000eaa80000,0x00000000f6600000)
  from space 37888K, 33% used [0x00000000f6600000,0x00000000f7279c18,0x00000000f8b00000)
  to   space 51200K, 0% used [0x00000000fbe00000,0x00000000fbe00000,0x00000000ff000000)
 ParOldGen       total 224256K, used 138958K [0x00000000c0000000, 0x00000000cdb00000, 0x00000000eaa80000)
  object space 224256K, 61% used [0x00000000c0000000,0x00000000c87b3818,0x00000000cdb00000)
 PSPermGen       total 21504K, used 6116K [0x00000000b5a00000, 0x00000000b6f00000, 0x00000000c0000000)
  object space 21504K, 28% used [0x00000000b5a00000,0x00000000b5ff9088,0x00000000b6f00000)
}
Event: 14.997 GC heap before
{Heap before GC invocations=17 (full 3):
 PSYoungGen      total 229888K, used 204775K [0x00000000eaa80000, 0x00000000ff000000, 0x0000000100000000)
  eden space 192000K, 100% used [0x00000000eaa80000,0x00000000f6600000,0x00000000f6600000)
  from space 37888K, 33% used [0x00000000f6600000,0x00000000f7279c18,0x00000000f8b00000)
  to   space 51200K, 0% used [0x00000000fbe00000,0x00000000fbe00000,0x00000000ff000000)
 ParOldGen       total 224256K, used 138958K [0x00000000c0000000, 0x00000000cdb00000, 0x00000000eaa80000)
  object space 224256K, 61% used [0x00000000c0000000,0x00000000c87b3818,0x00000000cdb00000)
 PSPermGen       total 21504K, used 6122K [0x00000000b5a00000, 0x00000000b6f00000, 0x00000000c0000000)
  object space 21504K, 28% used [0x00000000b5a00000,0x00000000b5ffaa10,0x00000000b6f00000)
Event: 15.144 GC heap after
Heap after GC invocations=17 (full 3):
 PSYoungGen      total 276992K, used 31698K [0x00000000eaa80000, 0x00000000fef00000, 0x0000000100000000)
  eden space 226816K, 0% used [0x00000000eaa80000,0x00000000eaa80000,0x00000000f8800000)
  from space 50176K, 63% used [0x00000000fbe00000,0x00000000fdcf49d8,0x00000000fef00000)
  to   space 52736K, 0% used [0x00000000f8800000,0x00000000f8800000,0x00000000fbb80000)
 ParOldGen       total 224256K, used 151836K [0x00000000c0000000, 0x00000000cdb00000, 0x00000000eaa80000)
  object space 224256K, 67% used [0x00000000c0000000,0x00000000c9447178,0x00000000cdb00000)
 PSPermGen       total 21504K, used 6122K [0x00000000b5a00000, 0x00000000b6f00000, 0x00000000c0000000)
  object space 21504K, 28% used [0x00000000b5a00000,0x00000000b5ffaa10,0x00000000b6f00000)
}
Event: 16.257 GC heap before
{Heap before GC invocations=18 (full 3):
 PSYoungGen      total 276992K, used 258514K [0x00000000eaa80000, 0x00000000fef00000, 0x0000000100000000)
  eden space 226816K, 100% used [0x00000000eaa80000,0x00000000f8800000,0x00000000f8800000)
  from space 50176K, 63% used [0x00000000fbe00000,0x00000000fdcf49d8,0x00000000fef00000)
  to   space 52736K, 0% used [0x00000000f8800000,0x00000000f8800000,0x00000000fbb80000)
 ParOldGen       total 224256K, used 151836K [0x00000000c0000000, 0x00000000cdb00000, 0x00000000eaa80000)
  object space 224256K, 67% used [0x00000000c0000000,0x00000000c9447178,0x00000000cdb00000)
 PSPermGen       total 21504K, used 6143K [0x00000000b5a00000, 0x00000000b6f00000, 0x00000000c0000000)
  object space 21504K, 28% used [0x00000000b5a00000,0x00000000b5fffc48,0x00000000b6f00000)
Event: 16.363 GC heap after
Heap after GC invocations=18 (full 3):
 PSYoungGen      total 279552K, used 52721K [0x00000000eaa80000, 0x0000000100000000, 0x0000000100000000)
  eden space 226816K, 0% used [0x00000000eaa80000,0x00000000eaa80000,0x00000000f8800000)
  from space 52736K, 99% used [0x00000000f8800000,0x00000000fbb7c4b8,0x00000000fbb80000)
  to   space 66560K, 0% used [0x00000000fbf00000,0x00000000fbf00000,0x0000000100000000)
 ParOldGen       total 224256K, used 167207K [0x00000000c0000000, 0x00000000cdb00000, 0x00000000eaa80000)
  object space 224256K, 74% used [0x00000000c0000000,0x00000000ca349e10,0x00000000cdb00000)
 PSPermGen       total 21504K, used 6143K [0x00000000b5a00000, 0x00000000b6f00000, 0x00000000c0000000)
  object space 21504K, 28% used [0x00000000b5a00000,0x00000000b5fffc48,0x00000000b6f00000)
}
Event: 17.305 GC heap before
{Heap before GC invocations=19 (full 3):
 PSYoungGen      total 279552K, used 279537K [0x00000000eaa80000, 0x0000000100000000, 0x0000000100000000)
  eden space 226816K, 100% used [0x00000000eaa80000,0x00000000f8800000,0x00000000f8800000)
  from space 52736K, 99% used [0x00000000f8800000,0x00000000fbb7c4b8,0x00000000fbb80000)
  to   space 66560K, 0% used [0x00000000fbf00000,0x00000000fbf00000,0x0000000100000000)
 ParOldGen       total 224256K, used 167207K [0x00000000c0000000, 0x00000000cdb00000, 0x00000000eaa80000)
  object space 224256K, 74% used [0x00000000c0000000,0x00000000ca349e10,0x00000000cdb00000)
 PSPermGen       total 21504K, used 6150K [0x00000000b5a00000, 0x00000000b6f00000, 0x00000000c0000000)
  object space 21504K, 28% used [0x00000000b5a00000,0x00000000b6001960,0x00000000b6f00000)
Event: 17.475 GC heap after
Heap after GC invocations=19 (full 3):
 PSYoungGen      total 284160K, used 33276K [0x00000000eaa80000, 0x0000000100000000, 0x0000000100000000)
  eden space 217600K, 0% used [0x00000000eaa80000,0x00000000eaa80000,0x00000000f7f00000)
  from space 66560K, 49% used [0x00000000fbf00000,0x00000000fdf7f3d0,0x0000000100000000)
  to   space 65536K, 0% used [0x00000000f7f00000,0x00000000f7f00000,0x00000000fbf00000)
 ParOldGen       total 224256K, used 220193K [0x00000000c0000000, 0x00000000cdb00000, 0x00000000eaa80000)
  object space 224256K, 98% used [0x00000000c0000000,0x00000000cd708480,0x00000000cdb00000)
 PSPermGen       total 21504K, used 6150K [0x00000000b5a00000, 0x00000000b6f00000, 0x00000000c0000000)
  object space 21504K, 28% used [0x00000000b5a00000,0x00000000b6001960,0x00000000b6f00000)
}
Event: 17.483 GC heap before
{Heap before GC invocations=20 (full 4):
 PSYoungGen      total 284160K, used 33276K [0x00000000eaa80000, 0x0000000100000000, 0x0000000100000000)
  eden space 217600K, 0% used [0x00000000eaa80000,0x00000000eaa80000,0x00000000f7f00000)
  from space 66560K, 49% used [0x00000000fbf00000,0x00000000fdf7f3d0,0x0000000100000000)
  to   space 65536K, 0% used [0x00000000f7f00000,0x00000000f7f00000,0x00000000fbf00000)
 ParOldGen       total 224256K, used 220193K [0x00000000c0000000, 0x00000000cdb00000, 0x00000000eaa80000)
  object space 224256K, 98% used [0x00000000c0000000,0x00000000cd708480,0x00000000cdb00000)
 PSPermGen       total 21504K, used 6150K [0x00000000b5a00000, 0x00000000b6f00000, 0x00000000c0000000)
  object space 21504K, 28% used [0x00000000b5a00000,0x00000000b6001960,0x00000000b6f00000)

