# JRE version: OpenJDK Runtime Environment (7.0_95) (build 1.7.0_95-b00)
# Java VM: OpenJDK 64-Bit Server VM (24.95-b01 mixed mode linux-amd64 compressed oops)
Heap
 PSYoungGen      total 233472K, used 30629K [0x00000000eaa80000, 0x0000000100000000, 0x0000000100000000)
  eden space 117248K, 0% used [0x00000000eaa80000,0x00000000eaa80000,0x00000000f1d00000)
  from space 116224K, 26% used [0x00000000f8e80000,0x00000000fac69780,0x0000000100000000)
  to   space 116224K, 0% used [0x00000000f1d00000,0x00000000f1d00000,0x00000000f8e80000)
 ParOldGen       total 379392K, used 379014K [0x00000000c0000000, 0x00000000d7280000, 0x00000000eaa80000)
  object space 379392K, 99% used [0x00000000c0000000,0x00000000d7221800,0x00000000d7280000)
 PSPermGen       total 21504K, used 6195K [0x00000000b5a00000, 0x00000000b6f00000, 0x00000000c0000000)
  object space 21504K, 28% used [0x00000000b5a00000,0x00000000b600ce78,0x00000000b6f00000)
GC Heap History (10 events):
Event: 16.417 GC heap after
Heap after GC invocations=24 (full 4):
 PSYoungGen      total 238592K, used 79346K [0x00000000eaa80000, 0x0000000100000000, 0x0000000100000000)
  eden space 159232K, 0% used [0x00000000eaa80000,0x00000000eaa80000,0x00000000f4600000)
  from space 79360K, 99% used [0x00000000fb280000,0x00000000ffffc960,0x0000000100000000)
  to   space 95232K, 0% used [0x00000000f4600000,0x00000000f4600000,0x00000000fa300000)
 ParOldGen       total 379392K, used 249971K [0x00000000c0000000, 0x00000000d7280000, 0x00000000eaa80000)
  object space 379392K, 65% used [0x00000000c0000000,0x00000000cf41ce98,0x00000000d7280000)
 PSPermGen       total 21504K, used 6161K [0x00000000b5a00000, 0x00000000b6f00000, 0x00000000c0000000)
  object space 21504K, 28% used [0x00000000b5a00000,0x00000000b6004430,0x00000000b6f00000)
}
Event: 16.761 GC heap before
{Heap before GC invocations=25 (full 4):
 PSYoungGen      total 238592K, used 238578K [0x00000000eaa80000, 0x0000000100000000, 0x0000000100000000)
  eden space 159232K, 100% used [0x00000000eaa80000,0x00000000f4600000,0x00000000f4600000)
  from space 79360K, 99% used [0x00000000fb280000,0x00000000ffffc960,0x0000000100000000)
  to   space 95232K, 0% used [0x00000000f4600000,0x00000000f4600000,0x00000000fa300000)
 ParOldGen       total 379392K, used 249971K [0x00000000c0000000, 0x00000000d7280000, 0x00000000eaa80000)
  object space 379392K, 65% used [0x00000000c0000000,0x00000000cf41ce98,0x00000000d7280000)
 PSPermGen       total 21504K, used 6161K [0x00000000b5a00000, 0x00000000b6f00000, 0x00000000c0000000)
  object space 21504K, 28% used [0x00000000b5a00000,0x00000000b6004430,0x00000000b6f00000)
Event: 16.875 GC heap after
Heap after GC invocations=25 (full 4):
 PSYoungGen      total 230912K, used 71364K [0x00000000eaa80000, 0x0000000100000000, 0x0000000100000000)
  eden space 159232K, 0% used [0x00000000eaa80000,0x00000000eaa80000,0x00000000f4600000)
  from space 71680K, 99% used [0x00000000f4600000,0x00000000f8bb1248,0x00000000f8c00000)
  to   space 101888K, 0% used [0x00000000f9c80000,0x00000000f9c80000,0x0000000100000000)
 ParOldGen       total 379392K, used 281395K [0x00000000c0000000, 0x00000000d7280000, 0x00000000eaa80000)
  object space 379392K, 74% used [0x00000000c0000000,0x00000000d12ccf98,0x00000000d7280000)
 PSPermGen       total 21504K, used 6161K [0x00000000b5a00000, 0x00000000b6f00000, 0x00000000c0000000)
  object space 21504K, 28% used [0x00000000b5a00000,0x00000000b6004430,0x00000000b6f00000)
}
Event: 17.244 GC heap before
{Heap before GC invocations=26 (full 4):
 PSYoungGen      total 230912K, used 230596K [0x00000000eaa80000, 0x0000000100000000, 0x0000000100000000)
  eden space 159232K, 100% used [0x00000000eaa80000,0x00000000f4600000,0x00000000f4600000)
  from space 71680K, 99% used [0x00000000f4600000,0x00000000f8bb1248,0x00000000f8c00000)
  to   space 101888K, 0% used [0x00000000f9c80000,0x00000000f9c80000,0x0000000100000000)
 ParOldGen       total 379392K, used 281395K [0x00000000c0000000, 0x00000000d7280000, 0x00000000eaa80000)
  object space 379392K, 74% used [0x00000000c0000000,0x00000000d12ccf98,0x00000000d7280000)
 PSPermGen       total 21504K, used 6163K [0x00000000b5a00000, 0x00000000b6f00000, 0x00000000c0000000)
  object space 21504K, 28% used [0x00000000b5a00000,0x00000000b6004ea0,0x00000000b6f00000)
Event: 17.336 GC heap after
Heap after GC invocations=26 (full 4):
 PSYoungGen      total 220160K, used 95675K [0x00000000eaa80000, 0x0000000100000000, 0x0000000100000000)
  eden space 118272K, 0% used [0x00000000eaa80000,0x00000000eaa80000,0x00000000f1e00000)
  from space 101888K, 93% used [0x00000000f9c80000,0x00000000ff9eeeb8,0x0000000100000000)
  to   space 115712K, 0% used [0x00000000f1e00000,0x00000000f1e00000,0x00000000f8f00000)
 ParOldGen       total 379392K, used 281395K [0x00000000c0000000, 0x00000000d7280000, 0x00000000eaa80000)
  object space 379392K, 74% used [0x00000000c0000000,0x00000000d12ccf98,0x00000000d7280000)
 PSPermGen       total 21504K, used 6163K [0x00000000b5a00000, 0x00000000b6f00000, 0x00000000c0000000)
  object space 21504K, 28% used [0x00000000b5a00000,0x00000000b6004ea0,0x00000000b6f00000)
}
Event: 17.637 GC heap before
{Heap before GC invocations=27 (full 4):
 PSYoungGen      total 220160K, used 213947K [0x00000000eaa80000, 0x0000000100000000, 0x0000000100000000)
  eden space 118272K, 100% used [0x00000000eaa80000,0x00000000f1e00000,0x00000000f1e00000)
  from space 101888K, 93% used [0x00000000f9c80000,0x00000000ff9eeeb8,0x0000000100000000)
  to   space 115712K, 0% used [0x00000000f1e00000,0x00000000f1e00000,0x00000000f8f00000)
 ParOldGen       total 379392K, used 281395K [0x00000000c0000000, 0x00000000d7280000, 0x00000000eaa80000)
  object space 379392K, 74% used [0x00000000c0000000,0x00000000d12ccf98,0x00000000d7280000)
 PSPermGen       total 21504K, used 6168K [0x00000000b5a00000, 0x00000000b6f00000, 0x00000000c0000000)
  object space 21504K, 28% used [0x00000000b5a00000,0x00000000b60062d0,0x00000000b6f00000)
Event: 17.803 GC heap after
Heap after GC invocations=27 (full 4):
 PSYoungGen      total 231424K, used 112828K [0x00000000eaa80000, 0x0000000100000000, 0x0000000100000000)
  eden space 118272K, 0% used [0x00000000eaa80000,0x00000000eaa80000,0x00000000f1e00000)
  from space 113152K, 99% used [0x00000000f1e00000,0x00000000f8c2f128,0x00000000f8c80000)
  to   space 116224K, 0% used [0x00000000f8e80000,0x00000000f8e80000,0x0000000100000000)
 ParOldGen       total 379392K, used 281395K [0x00000000c0000000, 0x00000000d7280000, 0x00000000eaa80000)
  object space 379392K, 74% used [0x00000000c0000000,0x00000000d12ccf98,0x00000000d7280000)
 PSPermGen       total 21504K, used 6168K [0x00000000b5a00000, 0x00000000b6f00000, 0x00000000c0000000)
  object space 21504K, 28% used [0x00000000b5a00000,0x00000000b60062d0,0x00000000b6f00000)
}
Event: 18.185 GC heap before
{Heap before GC invocations=28 (full 4):
 PSYoungGen      total 231424K, used 231100K [0x00000000eaa80000, 0x0000000100000000, 0x0000000100000000)
  eden space 118272K, 100% used [0x00000000eaa80000,0x00000000f1e00000,0x00000000f1e00000)
  from space 113152K, 99% used [0x00000000f1e00000,0x00000000f8c2f128,0x00000000f8c80000)
  to   space 116224K, 0% used [0x00000000f8e80000,0x00000000f8e80000,0x0000000100000000)
 ParOldGen       total 379392K, used 281395K [0x00000000c0000000, 0x00000000d7280000, 0x00000000eaa80000)
  object space 379392K, 74% used [0x00000000c0000000,0x00000000d12ccf98,0x00000000d7280000)
 PSPermGen       total 21504K, used 6195K [0x00000000b5a00000, 0x00000000b6f00000, 0x00000000c0000000)
  object space 21504K, 28% used [0x00000000b5a00000,0x00000000b600cf38,0x00000000b6f00000)
Event: 18.368 GC heap after
Heap after GC invocations=28 (full 4):
 PSYoungGen      total 233472K, used 85127K [0x00000000eaa80000, 0x0000000100000000, 0x0000000100000000)
  eden space 117248K, 0% used [0x00000000eaa80000,0x00000000eaa80000,0x00000000f1d00000)
  from space 116224K, 73% used [0x00000000f8e80000,0x00000000fe1a1f10,0x0000000100000000)
  to   space 116224K, 0% used [0x00000000f1d00000,0x00000000f1d00000,0x00000000f8e80000)
 ParOldGen       total 379392K, used 329344K [0x00000000c0000000, 0x00000000d7280000, 0x00000000eaa80000)
  object space 379392K, 86% used [0x00000000c0000000,0x00000000d41a0148,0x00000000d7280000)
 PSPermGen       total 21504K, used 6195K [0x00000000b5a00000, 0x00000000b6f00000, 0x00000000c0000000)
  object space 21504K, 28% used [0x00000000b5a00000,0x00000000b600cf38,0x00000000b6f00000)
}
Event: 18.368 GC heap before
{Heap before GC invocations=29 (full 5):
 PSYoungGen      total 233472K, used 85127K [0x00000000eaa80000, 0x0000000100000000, 0x0000000100000000)
  eden space 117248K, 0% used [0x00000000eaa80000,0x00000000eaa80000,0x00000000f1d00000)
  from space 116224K, 73% used [0x00000000f8e80000,0x00000000fe1a1f10,0x0000000100000000)
  to   space 116224K, 0% used [0x00000000f1d00000,0x00000000f1d00000,0x00000000f8e80000)
 ParOldGen       total 379392K, used 329344K [0x00000000c0000000, 0x00000000d7280000, 0x00000000eaa80000)
  object space 379392K, 86% used [0x00000000c0000000,0x00000000d41a0148,0x00000000d7280000)
 PSPermGen       total 21504K, used 6195K [0x00000000b5a00000, 0x00000000b6f00000, 0x00000000c0000000)
  object space 21504K, 28% used [0x00000000b5a00000,0x00000000b600cf38,0x00000000b6f00000)

