# JRE version: OpenJDK Runtime Environment (7.0_95) (build 1.7.0_95-b00)
# Java VM: OpenJDK 64-Bit Server VM (24.95-b01 mixed mode linux-amd64 compressed oops)
Heap
 PSYoungGen      total 216064K, used 28542K [0x00000000eaa80000, 0x0000000100000000, 0x0000000100000000)
  eden space 117248K, 0% used [0x00000000eaa80000,0x00000000eaa80000,0x00000000f1d00000)
  from space 98816K, 28% used [0x00000000f9f80000,0x00000000fbb5fb70,0x0000000100000000)
  to   space 116224K, 0% used [0x00000000f1d00000,0x00000000f1d00000,0x00000000f8e80000)
 ParOldGen       total 518144K, used 517653K [0x00000000c0000000, 0x00000000dfa00000, 0x00000000eaa80000)
  object space 518144K, 99% used [0x00000000c0000000,0x00000000df9856e0,0x00000000dfa00000)
 PSPermGen       total 21504K, used 6216K [0x00000000b5a00000, 0x00000000b6f00000, 0x00000000c0000000)
  object space 21504K, 28% used [0x00000000b5a00000,0x00000000b60121f0,0x00000000b6f00000)
GC Heap History (10 events):
Event: 25.854 GC heap after
Heap after GC invocations=29 (full 5):
 PSYoungGen      total 243712K, used 26223K [0x00000000eaa80000, 0x00000000ff580000, 0x0000000100000000)
  eden space 162816K, 0% used [0x00000000eaa80000,0x00000000eaa80000,0x00000000f4980000)
  from space 80896K, 32% used [0x00000000fa680000,0x00000000fc01be18,0x00000000ff580000)
  to   space 88064K, 0% used [0x00000000f4980000,0x00000000f4980000,0x00000000f9f80000)
 ParOldGen       total 518144K, used 423221K [0x00000000c0000000, 0x00000000dfa00000, 0x00000000eaa80000)
  object space 518144K, 81% used [0x00000000c0000000,0x00000000d9d4d478,0x00000000dfa00000)
 PSPermGen       total 21504K, used 6203K [0x00000000b5a00000, 0x00000000b6f00000, 0x00000000c0000000)
  object space 21504K, 28% used [0x00000000b5a00000,0x00000000b600ecb8,0x00000000b6f00000)
}
Event: 26.258 GC heap before
{Heap before GC invocations=30 (full 5):
 PSYoungGen      total 243712K, used 189039K [0x00000000eaa80000, 0x00000000ff580000, 0x0000000100000000)
  eden space 162816K, 100% used [0x00000000eaa80000,0x00000000f4980000,0x00000000f4980000)
  from space 80896K, 32% used [0x00000000fa680000,0x00000000fc01be18,0x00000000ff580000)
  to   space 88064K, 0% used [0x00000000f4980000,0x00000000f4980000,0x00000000f9f80000)
 ParOldGen       total 518144K, used 423221K [0x00000000c0000000, 0x00000000dfa00000, 0x00000000eaa80000)
  object space 518144K, 81% used [0x00000000c0000000,0x00000000d9d4d478,0x00000000dfa00000)
 PSPermGen       total 21504K, used 6212K [0x00000000b5a00000, 0x00000000b6f00000, 0x00000000c0000000)
  object space 21504K, 28% used [0x00000000b5a00000,0x00000000b6011108,0x00000000b6f00000)
Event: 26.324 GC heap after
Heap after GC invocations=30 (full 5):
 PSYoungGen      total 250880K, used 52113K [0x00000000eaa80000, 0x0000000100000000, 0x0000000100000000)
  eden space 162816K, 0% used [0x00000000eaa80000,0x00000000eaa80000,0x00000000f4980000)
  from space 88064K, 59% used [0x00000000f4980000,0x00000000f7c646d0,0x00000000f9f80000)
  to   space 89088K, 0% used [0x00000000fa900000,0x00000000fa900000,0x0000000100000000)
 ParOldGen       total 518144K, used 423221K [0x00000000c0000000, 0x00000000dfa00000, 0x00000000eaa80000)
  object space 518144K, 81% used [0x00000000c0000000,0x00000000d9d4d478,0x00000000dfa00000)
 PSPermGen       total 21504K, used 6212K [0x00000000b5a00000, 0x00000000b6f00000, 0x00000000c0000000)
  object space 21504K, 28% used [0x00000000b5a00000,0x00000000b6011108,0x00000000b6f00000)
}
Event: 26.738 GC heap before
{Heap before GC invocations=31 (full 5):
 PSYoungGen      total 250880K, used 214929K [0x00000000eaa80000, 0x0000000100000000, 0x0000000100000000)
  eden space 162816K, 100% used [0x00000000eaa80000,0x00000000f4980000,0x00000000f4980000)
  from space 88064K, 59% used [0x00000000f4980000,0x00000000f7c646d0,0x00000000f9f80000)
  to   space 89088K, 0% used [0x00000000fa900000,0x00000000fa900000,0x0000000100000000)
 ParOldGen       total 518144K, used 423221K [0x00000000c0000000, 0x00000000dfa00000, 0x00000000eaa80000)
  object space 518144K, 81% used [0x00000000c0000000,0x00000000d9d4d478,0x00000000dfa00000)
 PSPermGen       total 21504K, used 6215K [0x00000000b5a00000, 0x00000000b6f00000, 0x00000000c0000000)
  object space 21504K, 28% used [0x00000000b5a00000,0x00000000b6011fc8,0x00000000b6f00000)
Event: 26.871 GC heap after
Heap after GC invocations=31 (full 5):
 PSYoungGen      total 241152K, used 78042K [0x00000000eaa80000, 0x0000000100000000, 0x0000000100000000)
  eden space 152064K, 0% used [0x00000000eaa80000,0x00000000eaa80000,0x00000000f3f00000)
  from space 89088K, 87% used [0x00000000fa900000,0x00000000ff536b90,0x0000000100000000)
  to   space 98816K, 0% used [0x00000000f3f00000,0x00000000f3f00000,0x00000000f9f80000)
 ParOldGen       total 518144K, used 423221K [0x00000000c0000000, 0x00000000dfa00000, 0x00000000eaa80000)
  object space 518144K, 81% used [0x00000000c0000000,0x00000000d9d4d478,0x00000000dfa00000)
 PSPermGen       total 21504K, used 6215K [0x00000000b5a00000, 0x00000000b6f00000, 0x00000000c0000000)
  object space 21504K, 28% used [0x00000000b5a00000,0x00000000b6011fc8,0x00000000b6f00000)
}
Event: 27.318 GC heap before
{Heap before GC invocations=32 (full 5):
 PSYoungGen      total 241152K, used 230106K [0x00000000eaa80000, 0x0000000100000000, 0x0000000100000000)
  eden space 152064K, 100% used [0x00000000eaa80000,0x00000000f3f00000,0x00000000f3f00000)
  from space 89088K, 87% used [0x00000000fa900000,0x00000000ff536b90,0x0000000100000000)
  to   space 98816K, 0% used [0x00000000f3f00000,0x00000000f3f00000,0x00000000f9f80000)
 ParOldGen       total 518144K, used 423221K [0x00000000c0000000, 0x00000000dfa00000, 0x00000000eaa80000)
  object space 518144K, 81% used [0x00000000c0000000,0x00000000d9d4d478,0x00000000dfa00000)
 PSPermGen       total 21504K, used 6216K [0x00000000b5a00000, 0x00000000b6f00000, 0x00000000c0000000)
  object space 21504K, 28% used [0x00000000b5a00000,0x00000000b6012160,0x00000000b6f00000)
Event: 27.552 GC heap after
Heap after GC invocations=32 (full 5):
 PSYoungGen      total 250880K, used 98802K [0x00000000eaa80000, 0x0000000100000000, 0x0000000100000000)
  eden space 152064K, 0% used [0x00000000eaa80000,0x00000000eaa80000,0x00000000f3f00000)
  from space 98816K, 99% used [0x00000000f3f00000,0x00000000f9f7cb50,0x00000000f9f80000)
  to   space 98816K, 0% used [0x00000000f9f80000,0x00000000f9f80000,0x0000000100000000)
 ParOldGen       total 518144K, used 425096K [0x00000000c0000000, 0x00000000dfa00000, 0x00000000eaa80000)
  object space 518144K, 82% used [0x00000000c0000000,0x00000000d9f221c0,0x00000000dfa00000)
 PSPermGen       total 21504K, used 6216K [0x00000000b5a00000, 0x00000000b6f00000, 0x00000000c0000000)
  object space 21504K, 28% used [0x00000000b5a00000,0x00000000b6012160,0x00000000b6f00000)
}
Event: 27.984 GC heap before
{Heap before GC invocations=33 (full 5):
 PSYoungGen      total 250880K, used 250866K [0x00000000eaa80000, 0x0000000100000000, 0x0000000100000000)
  eden space 152064K, 100% used [0x00000000eaa80000,0x00000000f3f00000,0x00000000f3f00000)
  from space 98816K, 99% used [0x00000000f3f00000,0x00000000f9f7cb50,0x00000000f9f80000)
  to   space 98816K, 0% used [0x00000000f9f80000,0x00000000f9f80000,0x0000000100000000)
 ParOldGen       total 518144K, used 425096K [0x00000000c0000000, 0x00000000dfa00000, 0x00000000eaa80000)
  object space 518144K, 82% used [0x00000000c0000000,0x00000000d9f221c0,0x00000000dfa00000)
 PSPermGen       total 21504K, used 6216K [0x00000000b5a00000, 0x00000000b6f00000, 0x00000000c0000000)
  object space 21504K, 28% used [0x00000000b5a00000,0x00000000b60122d0,0x00000000b6f00000)
Event: 28.168 GC heap after
Heap after GC invocations=33 (full 5):
 PSYoungGen      total 216064K, used 72851K [0x00000000eaa80000, 0x0000000100000000, 0x0000000100000000)
  eden space 117248K, 0% used [0x00000000eaa80000,0x00000000eaa80000,0x00000000f1d00000)
  from space 98816K, 73% used [0x00000000f9f80000,0x00000000fe6a4fc0,0x0000000100000000)
  to   space 116224K, 0% used [0x00000000f1d00000,0x00000000f1d00000,0x00000000f8e80000)
 ParOldGen       total 518144K, used 475887K [0x00000000c0000000, 0x00000000dfa00000, 0x00000000eaa80000)
  object space 518144K, 91% used [0x00000000c0000000,0x00000000dd0bbda8,0x00000000dfa00000)
 PSPermGen       total 21504K, used 6216K [0x00000000b5a00000, 0x00000000b6f00000, 0x00000000c0000000)
  object space 21504K, 28% used [0x00000000b5a00000,0x00000000b60122d0,0x00000000b6f00000)
}
Event: 28.168 GC heap before
{Heap before GC invocations=34 (full 6):
 PSYoungGen      total 216064K, used 72851K [0x00000000eaa80000, 0x0000000100000000, 0x0000000100000000)
  eden space 117248K, 0% used [0x00000000eaa80000,0x00000000eaa80000,0x00000000f1d00000)
  from space 98816K, 73% used [0x00000000f9f80000,0x00000000fe6a4fc0,0x0000000100000000)
  to   space 116224K, 0% used [0x00000000f1d00000,0x00000000f1d00000,0x00000000f8e80000)
 ParOldGen       total 518144K, used 475887K [0x00000000c0000000, 0x00000000dfa00000, 0x00000000eaa80000)
  object space 518144K, 91% used [0x00000000c0000000,0x00000000dd0bbda8,0x00000000dfa00000)
 PSPermGen       total 21504K, used 6216K [0x00000000b5a00000, 0x00000000b6f00000, 0x00000000c0000000)
  object space 21504K, 28% used [0x00000000b5a00000,0x00000000b60122d0,0x00000000b6f00000)

