# JRE version: OpenJDK Runtime Environment (7.0_95) (build 1.7.0_95-b00)
# Java VM: OpenJDK 64-Bit Server VM (24.95-b01 mixed mode linux-amd64 compressed oops)
Heap
 PSYoungGen      total 233472K, used 0K [0x00000000eaa80000, 0x0000000100000000, 0x0000000100000000)
  eden space 117248K, 0% used [0x00000000eaa80000,0x00000000eaa80000,0x00000000f1d00000)
  from space 116224K, 0% used [0x00000000f1d00000,0x00000000f1d00000,0x00000000f8e80000)
  to   space 116224K, 0% used [0x00000000f8e80000,0x00000000f8e80000,0x0000000100000000)
 ParOldGen       total 502272K, used 482799K [0x00000000c0000000, 0x00000000dea80000, 0x00000000eaa80000)
  object space 502272K, 96% used [0x00000000c0000000,0x00000000dd77bdb0,0x00000000dea80000)
 PSPermGen       total 21504K, used 6208K [0x00000000b5a00000, 0x00000000b6f00000, 0x00000000c0000000)
  object space 21504K, 28% used [0x00000000b5a00000,0x00000000b6010350,0x00000000b6f00000)
GC Heap History (10 events):
Event: 21.678 GC heap after
Heap after GC invocations=28 (full 5):
 PSYoungGen      total 233472K, used 57078K [0x00000000eaa80000, 0x0000000100000000, 0x0000000100000000)
  eden space 117248K, 0% used [0x00000000eaa80000,0x00000000eaa80000,0x00000000f1d00000)
  from space 116224K, 49% used [0x00000000f1d00000,0x00000000f54bdaf8,0x00000000f8e80000)
  to   space 116224K, 0% used [0x00000000f8e80000,0x00000000f8e80000,0x0000000100000000)
 ParOldGen       total 502272K, used 349491K [0x00000000c0000000, 0x00000000dea80000, 0x00000000eaa80000)
  object space 502272K, 69% used [0x00000000c0000000,0x00000000d554ceb0,0x00000000dea80000)
 PSPermGen       total 21504K, used 6196K [0x00000000b5a00000, 0x00000000b6f00000, 0x00000000c0000000)
  object space 21504K, 28% used [0x00000000b5a00000,0x00000000b600d2d8,0x00000000b6f00000)
}
Event: 21.958 GC heap before
{Heap before GC invocations=29 (full 5):
 PSYoungGen      total 233472K, used 174326K [0x00000000eaa80000, 0x0000000100000000, 0x0000000100000000)
  eden space 117248K, 100% used [0x00000000eaa80000,0x00000000f1d00000,0x00000000f1d00000)
  from space 116224K, 49% used [0x00000000f1d00000,0x00000000f54bdaf8,0x00000000f8e80000)
  to   space 116224K, 0% used [0x00000000f8e80000,0x00000000f8e80000,0x0000000100000000)
 ParOldGen       total 502272K, used 349491K [0x00000000c0000000, 0x00000000dea80000, 0x00000000eaa80000)
  object space 502272K, 69% used [0x00000000c0000000,0x00000000d554ceb0,0x00000000dea80000)
 PSPermGen       total 21504K, used 6198K [0x00000000b5a00000, 0x00000000b6f00000, 0x00000000c0000000)
  object space 21504K, 28% used [0x00000000b5a00000,0x00000000b600da18,0x00000000b6f00000)
Event: 22.151 GC heap after
Heap after GC invocations=29 (full 5):
 PSYoungGen      total 233472K, used 39200K [0x00000000eaa80000, 0x0000000100000000, 0x0000000100000000)
  eden space 117248K, 0% used [0x00000000eaa80000,0x00000000eaa80000,0x00000000f1d00000)
  from space 116224K, 33% used [0x00000000f8e80000,0x00000000fb4c8000,0x0000000100000000)
  to   space 116224K, 0% used [0x00000000f1d00000,0x00000000f1d00000,0x00000000f8e80000)
 ParOldGen       total 502272K, used 387384K [0x00000000c0000000, 0x00000000dea80000, 0x00000000eaa80000)
  object space 502272K, 77% used [0x00000000c0000000,0x00000000d7a4e2a8,0x00000000dea80000)
 PSPermGen       total 21504K, used 6198K [0x00000000b5a00000, 0x00000000b6f00000, 0x00000000c0000000)
  object space 21504K, 28% used [0x00000000b5a00000,0x00000000b600da18,0x00000000b6f00000)
}
Event: 22.436 GC heap before
{Heap before GC invocations=30 (full 5):
 PSYoungGen      total 233472K, used 156448K [0x00000000eaa80000, 0x0000000100000000, 0x0000000100000000)
  eden space 117248K, 100% used [0x00000000eaa80000,0x00000000f1d00000,0x00000000f1d00000)
  from space 116224K, 33% used [0x00000000f8e80000,0x00000000fb4c8000,0x0000000100000000)
  to   space 116224K, 0% used [0x00000000f1d00000,0x00000000f1d00000,0x00000000f8e80000)
 ParOldGen       total 502272K, used 387384K [0x00000000c0000000, 0x00000000dea80000, 0x00000000eaa80000)
  object space 502272K, 77% used [0x00000000c0000000,0x00000000d7a4e2a8,0x00000000dea80000)
 PSPermGen       total 21504K, used 6201K [0x00000000b5a00000, 0x00000000b6f00000, 0x00000000c0000000)
  object space 21504K, 28% used [0x00000000b5a00000,0x00000000b600e628,0x00000000b6f00000)
Event: 22.516 GC heap after
Heap after GC invocations=30 (full 5):
 PSYoungGen      total 233472K, used 40086K [0x00000000eaa80000, 0x0000000100000000, 0x0000000100000000)
  eden space 117248K, 0% used [0x00000000eaa80000,0x00000000eaa80000,0x00000000f1d00000)
  from space 116224K, 34% used [0x00000000f1d00000,0x00000000f44258d8,0x00000000f8e80000)
  to   space 116224K, 0% used [0x00000000f8e80000,0x00000000f8e80000,0x0000000100000000)
 ParOldGen       total 502272K, used 406086K [0x00000000c0000000, 0x00000000dea80000, 0x00000000eaa80000)
  object space 502272K, 80% used [0x00000000c0000000,0x00000000d8c91a78,0x00000000dea80000)
 PSPermGen       total 21504K, used 6201K [0x00000000b5a00000, 0x00000000b6f00000, 0x00000000c0000000)
  object space 21504K, 28% used [0x00000000b5a00000,0x00000000b600e628,0x00000000b6f00000)
}
Event: 22.827 GC heap before
{Heap before GC invocations=31 (full 5):
 PSYoungGen      total 233472K, used 157334K [0x00000000eaa80000, 0x0000000100000000, 0x0000000100000000)
  eden space 117248K, 100% used [0x00000000eaa80000,0x00000000f1d00000,0x00000000f1d00000)
  from space 116224K, 34% used [0x00000000f1d00000,0x00000000f44258d8,0x00000000f8e80000)
  to   space 116224K, 0% used [0x00000000f8e80000,0x00000000f8e80000,0x0000000100000000)
 ParOldGen       total 502272K, used 406086K [0x00000000c0000000, 0x00000000dea80000, 0x00000000eaa80000)
  object space 502272K, 80% used [0x00000000c0000000,0x00000000d8c91a78,0x00000000dea80000)
 PSPermGen       total 21504K, used 6202K [0x00000000b5a00000, 0x00000000b6f00000, 0x00000000c0000000)
  object space 21504K, 28% used [0x00000000b5a00000,0x00000000b600e800,0x00000000b6f00000)
Event: 22.922 GC heap after
Heap after GC invocations=31 (full 5):
 PSYoungGen      total 233472K, used 20176K [0x00000000eaa80000, 0x0000000100000000, 0x0000000100000000)
  eden space 117248K, 0% used [0x00000000eaa80000,0x00000000eaa80000,0x00000000f1d00000)
  from space 116224K, 17% used [0x00000000f8e80000,0x00000000fa234010,0x0000000100000000)
  to   space 116224K, 0% used [0x00000000f1d00000,0x00000000f1d00000,0x00000000f8e80000)
 ParOldGen       total 502272K, used 445151K [0x00000000c0000000, 0x00000000dea80000, 0x00000000eaa80000)
  object space 502272K, 88% used [0x00000000c0000000,0x00000000db2b7cb0,0x00000000dea80000)
 PSPermGen       total 21504K, used 6202K [0x00000000b5a00000, 0x00000000b6f00000, 0x00000000c0000000)
  object space 21504K, 28% used [0x00000000b5a00000,0x00000000b600e800,0x00000000b6f00000)
}
Event: 23.208 GC heap before
{Heap before GC invocations=32 (full 5):
 PSYoungGen      total 233472K, used 137424K [0x00000000eaa80000, 0x0000000100000000, 0x0000000100000000)
  eden space 117248K, 100% used [0x00000000eaa80000,0x00000000f1d00000,0x00000000f1d00000)
  from space 116224K, 17% used [0x00000000f8e80000,0x00000000fa234010,0x0000000100000000)
  to   space 116224K, 0% used [0x00000000f1d00000,0x00000000f1d00000,0x00000000f8e80000)
 ParOldGen       total 502272K, used 445151K [0x00000000c0000000, 0x00000000dea80000, 0x00000000eaa80000)
  object space 502272K, 88% used [0x00000000c0000000,0x00000000db2b7cb0,0x00000000dea80000)
 PSPermGen       total 21504K, used 6208K [0x00000000b5a00000, 0x00000000b6f00000, 0x00000000c0000000)
  object space 21504K, 28% used [0x00000000b5a00000,0x00000000b6010390,0x00000000b6f00000)
Event: 23.283 GC heap after
Heap after GC invocations=32 (full 5):
 PSYoungGen      total 233472K, used 19779K [0x00000000eaa80000, 0x0000000100000000, 0x0000000100000000)
  eden space 117248K, 0% used [0x00000000eaa80000,0x00000000eaa80000,0x00000000f1d00000)
  from space 116224K, 17% used [0x00000000f1d00000,0x00000000f3050da0,0x00000000f8e80000)
  to   space 116224K, 0% used [0x00000000f8e80000,0x00000000f8e80000,0x0000000100000000)
 ParOldGen       total 502272K, used 464377K [0x00000000c0000000, 0x00000000dea80000, 0x00000000eaa80000)
  object space 502272K, 92% used [0x00000000c0000000,0x00000000dc57e540,0x00000000dea80000)
 PSPermGen       total 21504K, used 6208K [0x00000000b5a00000, 0x00000000b6f00000, 0x00000000c0000000)
  object space 21504K, 28% used [0x00000000b5a00000,0x00000000b6010390,0x00000000b6f00000)
}
Event: 23.285 GC heap before
{Heap before GC invocations=33 (full 6):
 PSYoungGen      total 233472K, used 19779K [0x00000000eaa80000, 0x0000000100000000, 0x0000000100000000)
  eden space 117248K, 0% used [0x00000000eaa80000,0x00000000eaa80000,0x00000000f1d00000)
  from space 116224K, 17% used [0x00000000f1d00000,0x00000000f3050da0,0x00000000f8e80000)
  to   space 116224K, 0% used [0x00000000f8e80000,0x00000000f8e80000,0x0000000100000000)
 ParOldGen       total 502272K, used 464377K [0x00000000c0000000, 0x00000000dea80000, 0x00000000eaa80000)
  object space 502272K, 92% used [0x00000000c0000000,0x00000000dc57e540,0x00000000dea80000)
 PSPermGen       total 21504K, used 6208K [0x00000000b5a00000, 0x00000000b6f00000, 0x00000000c0000000)
  object space 21504K, 28% used [0x00000000b5a00000,0x00000000b6010390,0x00000000b6f00000)

