# JRE version: OpenJDK Runtime Environment (7.0_95) (build 1.7.0_95-b00)
# Java VM: OpenJDK 64-Bit Server VM (24.95-b01 mixed mode linux-amd64 compressed oops)
Heap
 PSYoungGen      total 233472K, used 57213K [0x00000000eaa80000, 0x0000000100000000, 0x0000000100000000)
  eden space 117248K, 0% used [0x00000000eaa80000,0x00000000eaa80000,0x00000000f1d00000)
  from space 116224K, 49% used [0x00000000f1d00000,0x00000000f54df660,0x00000000f8e80000)
  to   space 116224K, 0% used [0x00000000f8e80000,0x00000000f8e80000,0x0000000100000000)
 ParOldGen       total 538624K, used 538402K [0x00000000c0000000, 0x00000000e0e00000, 0x00000000eaa80000)
  object space 538624K, 99% used [0x00000000c0000000,0x00000000e0dc8b90,0x00000000e0e00000)
 PSPermGen       total 21504K, used 6218K [0x00000000b5a00000, 0x00000000b6f00000, 0x00000000c0000000)
  object space 21504K, 28% used [0x00000000b5a00000,0x00000000b60128d8,0x00000000b6f00000)
GC Heap History (10 events):
Event: 20.830 GC heap after
Heap after GC invocations=36 (full 5):
 PSYoungGen      total 155136K, used 37388K [0x00000000eaa80000, 0x00000000ff400000, 0x0000000100000000)
  eden space 117248K, 0% used [0x00000000eaa80000,0x00000000eaa80000,0x00000000f1d00000)
  from space 37888K, 98% used [0x00000000f1d00000,0x00000000f4183260,0x00000000f4200000)
  to   space 110080K, 0% used [0x00000000f8880000,0x00000000f8880000,0x00000000ff400000)
 ParOldGen       total 538624K, used 487408K [0x00000000c0000000, 0x00000000e0e00000, 0x00000000eaa80000)
  object space 538624K, 90% used [0x00000000c0000000,0x00000000ddbfc298,0x00000000e0e00000)
 PSPermGen       total 21504K, used 6217K [0x00000000b5a00000, 0x00000000b6f00000, 0x00000000c0000000)
  object space 21504K, 28% used [0x00000000b5a00000,0x00000000b6012510,0x00000000b6f00000)
}
Event: 21.118 GC heap before
{Heap before GC invocations=37 (full 5):
 PSYoungGen      total 155136K, used 154636K [0x00000000eaa80000, 0x00000000ff400000, 0x0000000100000000)
  eden space 117248K, 100% used [0x00000000eaa80000,0x00000000f1d00000,0x00000000f1d00000)
  from space 37888K, 98% used [0x00000000f1d00000,0x00000000f4183260,0x00000000f4200000)
  to   space 110080K, 0% used [0x00000000f8880000,0x00000000f8880000,0x00000000ff400000)
 ParOldGen       total 538624K, used 487408K [0x00000000c0000000, 0x00000000e0e00000, 0x00000000eaa80000)
  object space 538624K, 90% used [0x00000000c0000000,0x00000000ddbfc298,0x00000000e0e00000)
 PSPermGen       total 21504K, used 6217K [0x00000000b5a00000, 0x00000000b6f00000, 0x00000000c0000000)
  object space 21504K, 28% used [0x00000000b5a00000,0x00000000b6012738,0x00000000b6f00000)
Event: 21.180 GC heap after
Heap after GC invocations=37 (full 5):
 PSYoungGen      total 229376K, used 55431K [0x00000000eaa80000, 0x00000000ffe80000, 0x0000000100000000)
  eden space 119296K, 0% used [0x00000000eaa80000,0x00000000eaa80000,0x00000000f1f00000)
  from space 110080K, 50% used [0x00000000f8880000,0x00000000fbea1e30,0x00000000ff400000)
  to   space 108032K, 0% used [0x00000000f1f00000,0x00000000f1f00000,0x00000000f8880000)
 ParOldGen       total 538624K, used 487408K [0x00000000c0000000, 0x00000000e0e00000, 0x00000000eaa80000)
  object space 538624K, 90% used [0x00000000c0000000,0x00000000ddbfc298,0x00000000e0e00000)
 PSPermGen       total 21504K, used 6217K [0x00000000b5a00000, 0x00000000b6f00000, 0x00000000c0000000)
  object space 21504K, 28% used [0x00000000b5a00000,0x00000000b6012738,0x00000000b6f00000)
}
Event: 21.453 GC heap before
{Heap before GC invocations=38 (full 5):
 PSYoungGen      total 229376K, used 174727K [0x00000000eaa80000, 0x00000000ffe80000, 0x0000000100000000)
  eden space 119296K, 100% used [0x00000000eaa80000,0x00000000f1f00000,0x00000000f1f00000)
  from space 110080K, 50% used [0x00000000f8880000,0x00000000fbea1e30,0x00000000ff400000)
  to   space 108032K, 0% used [0x00000000f1f00000,0x00000000f1f00000,0x00000000f8880000)
 ParOldGen       total 538624K, used 487408K [0x00000000c0000000, 0x00000000e0e00000, 0x00000000eaa80000)
  object space 538624K, 90% used [0x00000000c0000000,0x00000000ddbfc298,0x00000000e0e00000)
 PSPermGen       total 21504K, used 6218K [0x00000000b5a00000, 0x00000000b6f00000, 0x00000000c0000000)
  object space 21504K, 28% used [0x00000000b5a00000,0x00000000b60128a8,0x00000000b6f00000)
Event: 21.527 GC heap after
Heap after GC invocations=38 (full 5):
 PSYoungGen      total 227328K, used 74169K [0x00000000eaa80000, 0x0000000100000000, 0x0000000100000000)
  eden space 119296K, 0% used [0x00000000eaa80000,0x00000000eaa80000,0x00000000f1f00000)
  from space 108032K, 68% used [0x00000000f1f00000,0x00000000f676e560,0x00000000f8880000)
  to   space 112640K, 0% used [0x00000000f9200000,0x00000000f9200000,0x0000000100000000)
 ParOldGen       total 538624K, used 487408K [0x00000000c0000000, 0x00000000e0e00000, 0x00000000eaa80000)
  object space 538624K, 90% used [0x00000000c0000000,0x00000000ddbfc298,0x00000000e0e00000)
 PSPermGen       total 21504K, used 6218K [0x00000000b5a00000, 0x00000000b6f00000, 0x00000000c0000000)
  object space 21504K, 28% used [0x00000000b5a00000,0x00000000b60128a8,0x00000000b6f00000)
}
Event: 21.775 GC heap before
{Heap before GC invocations=39 (full 5):
 PSYoungGen      total 227328K, used 193465K [0x00000000eaa80000, 0x0000000100000000, 0x0000000100000000)
  eden space 119296K, 100% used [0x00000000eaa80000,0x00000000f1f00000,0x00000000f1f00000)
  from space 108032K, 68% used [0x00000000f1f00000,0x00000000f676e560,0x00000000f8880000)
  to   space 112640K, 0% used [0x00000000f9200000,0x00000000f9200000,0x0000000100000000)
 ParOldGen       total 538624K, used 487408K [0x00000000c0000000, 0x00000000e0e00000, 0x00000000eaa80000)
  object space 538624K, 90% used [0x00000000c0000000,0x00000000ddbfc298,0x00000000e0e00000)
 PSPermGen       total 21504K, used 6218K [0x00000000b5a00000, 0x00000000b6f00000, 0x00000000c0000000)
  object space 21504K, 28% used [0x00000000b5a00000,0x00000000b60128a8,0x00000000b6f00000)
Event: 21.865 GC heap after
Heap after GC invocations=39 (full 5):
 PSYoungGen      total 229888K, used 91991K [0x00000000eaa80000, 0x0000000100000000, 0x0000000100000000)
  eden space 117248K, 0% used [0x00000000eaa80000,0x00000000eaa80000,0x00000000f1d00000)
  from space 112640K, 81% used [0x00000000f9200000,0x00000000febd5d48,0x0000000100000000)
  to   space 116224K, 0% used [0x00000000f1d00000,0x00000000f1d00000,0x00000000f8e80000)
 ParOldGen       total 538624K, used 487408K [0x00000000c0000000, 0x00000000e0e00000, 0x00000000eaa80000)
  object space 538624K, 90% used [0x00000000c0000000,0x00000000ddbfc298,0x00000000e0e00000)
 PSPermGen       total 21504K, used 6218K [0x00000000b5a00000, 0x00000000b6f00000, 0x00000000c0000000)
  object space 21504K, 28% used [0x00000000b5a00000,0x00000000b60128a8,0x00000000b6f00000)
}
Event: 22.200 GC heap before
{Heap before GC invocations=40 (full 5):
 PSYoungGen      total 229888K, used 209239K [0x00000000eaa80000, 0x0000000100000000, 0x0000000100000000)
  eden space 117248K, 100% used [0x00000000eaa80000,0x00000000f1d00000,0x00000000f1d00000)
  from space 112640K, 81% used [0x00000000f9200000,0x00000000febd5d48,0x0000000100000000)
  to   space 116224K, 0% used [0x00000000f1d00000,0x00000000f1d00000,0x00000000f8e80000)
 ParOldGen       total 538624K, used 487408K [0x00000000c0000000, 0x00000000e0e00000, 0x00000000eaa80000)
  object space 538624K, 90% used [0x00000000c0000000,0x00000000ddbfc298,0x00000000e0e00000)
 PSPermGen       total 21504K, used 6218K [0x00000000b5a00000, 0x00000000b6f00000, 0x00000000c0000000)
  object space 21504K, 28% used [0x00000000b5a00000,0x00000000b6012a38,0x00000000b6f00000)
Event: 22.326 GC heap after
Heap after GC invocations=40 (full 5):
 PSYoungGen      total 233472K, used 73391K [0x00000000eaa80000, 0x0000000100000000, 0x0000000100000000)
  eden space 117248K, 0% used [0x00000000eaa80000,0x00000000eaa80000,0x00000000f1d00000)
  from space 116224K, 63% used [0x00000000f1d00000,0x00000000f64abc58,0x00000000f8e80000)
  to   space 116224K, 0% used [0x00000000f8e80000,0x00000000f8e80000,0x0000000100000000)
 ParOldGen       total 538624K, used 524348K [0x00000000c0000000, 0x00000000e0e00000, 0x00000000eaa80000)
  object space 538624K, 97% used [0x00000000c0000000,0x00000000e000f378,0x00000000e0e00000)
 PSPermGen       total 21504K, used 6218K [0x00000000b5a00000, 0x00000000b6f00000, 0x00000000c0000000)
  object space 21504K, 28% used [0x00000000b5a00000,0x00000000b6012a38,0x00000000b6f00000)
}
Event: 22.332 GC heap before
{Heap before GC invocations=41 (full 6):
 PSYoungGen      total 233472K, used 73391K [0x00000000eaa80000, 0x0000000100000000, 0x0000000100000000)
  eden space 117248K, 0% used [0x00000000eaa80000,0x00000000eaa80000,0x00000000f1d00000)
  from space 116224K, 63% used [0x00000000f1d00000,0x00000000f64abc58,0x00000000f8e80000)
  to   space 116224K, 0% used [0x00000000f8e80000,0x00000000f8e80000,0x0000000100000000)
 ParOldGen       total 538624K, used 524348K [0x00000000c0000000, 0x00000000e0e00000, 0x00000000eaa80000)
  object space 538624K, 97% used [0x00000000c0000000,0x00000000e000f378,0x00000000e0e00000)
 PSPermGen       total 21504K, used 6218K [0x00000000b5a00000, 0x00000000b6f00000, 0x00000000c0000000)
  object space 21504K, 28% used [0x00000000b5a00000,0x00000000b6012a38,0x00000000b6f00000)

