# JRE version: OpenJDK Runtime Environment (7.0_95) (build 1.7.0_95-b00)
# Java VM: OpenJDK 64-Bit Server VM (24.95-b01 mixed mode linux-amd64 compressed oops)
Heap
 PSYoungGen      total 233472K, used 42790K [0x00000000eaa80000, 0x0000000100000000, 0x0000000100000000)
  eden space 117248K, 0% used [0x00000000eaa80000,0x00000000eaa80000,0x00000000f1d00000)
  from space 116224K, 36% used [0x00000000f8e80000,0x00000000fb849b20,0x0000000100000000)
  to   space 116224K, 0% used [0x00000000f1d00000,0x00000000f1d00000,0x00000000f8e80000)
 ParOldGen       total 351232K, used 351217K [0x00000000c0000000, 0x00000000d5700000, 0x00000000eaa80000)
  object space 351232K, 99% used [0x00000000c0000000,0x00000000d56fc720,0x00000000d5700000)
 PSPermGen       total 21504K, used 6169K [0x00000000b5a00000, 0x00000000b6f00000, 0x00000000c0000000)
  object space 21504K, 28% used [0x00000000b5a00000,0x00000000b6006610,0x00000000b6f00000)
GC Heap History (10 events):
Event: 16.829 GC heap after
Heap after GC invocations=22 (full 4):
 PSYoungGen      total 223744K, used 94870K [0x00000000eaa80000, 0x0000000100000000, 0x0000000100000000)
  eden space 125440K, 0% used [0x00000000eaa80000,0x00000000eaa80000,0x00000000f2500000)
  from space 98304K, 96% used [0x00000000fa000000,0x00000000ffca5890,0x0000000100000000)
  to   space 112128K, 0% used [0x00000000f2500000,0x00000000f2500000,0x00000000f9280000)
 ParOldGen       total 351232K, used 229354K [0x00000000c0000000, 0x00000000d5700000, 0x00000000eaa80000)
  object space 351232K, 65% used [0x00000000c0000000,0x00000000cdffabf8,0x00000000d5700000)
 PSPermGen       total 21504K, used 6163K [0x00000000b5a00000, 0x00000000b6f00000, 0x00000000c0000000)
  object space 21504K, 28% used [0x00000000b5a00000,0x00000000b6004e98,0x00000000b6f00000)
}
Event: 17.119 GC heap before
{Heap before GC invocations=23 (full 4):
 PSYoungGen      total 223744K, used 220310K [0x00000000eaa80000, 0x0000000100000000, 0x0000000100000000)
  eden space 125440K, 100% used [0x00000000eaa80000,0x00000000f2500000,0x00000000f2500000)
  from space 98304K, 96% used [0x00000000fa000000,0x00000000ffca5890,0x0000000100000000)
  to   space 112128K, 0% used [0x00000000f2500000,0x00000000f2500000,0x00000000f9280000)
 ParOldGen       total 351232K, used 229354K [0x00000000c0000000, 0x00000000d5700000, 0x00000000eaa80000)
  object space 351232K, 65% used [0x00000000c0000000,0x00000000cdffabf8,0x00000000d5700000)
 PSPermGen       total 21504K, used 6163K [0x00000000b5a00000, 0x00000000b6f00000, 0x00000000c0000000)
  object space 21504K, 28% used [0x00000000b5a00000,0x00000000b6004e98,0x00000000b6f00000)
Event: 17.221 GC heap after
Heap after GC invocations=23 (full 4):
 PSYoungGen      total 237568K, used 112108K [0x00000000eaa80000, 0x0000000100000000, 0x0000000100000000)
  eden space 125440K, 0% used [0x00000000eaa80000,0x00000000eaa80000,0x00000000f2500000)
  from space 112128K, 99% used [0x00000000f2500000,0x00000000f927b1d8,0x00000000f9280000)
  to   space 112128K, 0% used [0x00000000f9280000,0x00000000f9280000,0x0000000100000000)
 ParOldGen       total 351232K, used 229669K [0x00000000c0000000, 0x00000000d5700000, 0x00000000eaa80000)
  object space 351232K, 65% used [0x00000000c0000000,0x00000000ce0496b8,0x00000000d5700000)
 PSPermGen       total 21504K, used 6163K [0x00000000b5a00000, 0x00000000b6f00000, 0x00000000c0000000)
  object space 21504K, 28% used [0x00000000b5a00000,0x00000000b6004e98,0x00000000b6f00000)
}
Event: 17.481 GC heap before
{Heap before GC invocations=24 (full 4):
 PSYoungGen      total 237568K, used 237548K [0x00000000eaa80000, 0x0000000100000000, 0x0000000100000000)
  eden space 125440K, 100% used [0x00000000eaa80000,0x00000000f2500000,0x00000000f2500000)
  from space 112128K, 99% used [0x00000000f2500000,0x00000000f927b1d8,0x00000000f9280000)
  to   space 112128K, 0% used [0x00000000f9280000,0x00000000f9280000,0x0000000100000000)
 ParOldGen       total 351232K, used 229669K [0x00000000c0000000, 0x00000000d5700000, 0x00000000eaa80000)
  object space 351232K, 65% used [0x00000000c0000000,0x00000000ce0496b8,0x00000000d5700000)
 PSPermGen       total 21504K, used 6164K [0x00000000b5a00000, 0x00000000b6f00000, 0x00000000c0000000)
  object space 21504K, 28% used [0x00000000b5a00000,0x00000000b6005388,0x00000000b6f00000)
Event: 17.622 GC heap after
Heap after GC invocations=24 (full 4):
 PSYoungGen      total 229376K, used 109421K [0x00000000eaa80000, 0x0000000100000000, 0x0000000100000000)
  eden space 117248K, 0% used [0x00000000eaa80000,0x00000000eaa80000,0x00000000f1d00000)
  from space 112128K, 97% used [0x00000000f9280000,0x00000000ffd5b698,0x0000000100000000)
  to   space 116224K, 0% used [0x00000000f1d00000,0x00000000f1d00000,0x00000000f8e80000)
 ParOldGen       total 351232K, used 251879K [0x00000000c0000000, 0x00000000d5700000, 0x00000000eaa80000)
  object space 351232K, 71% used [0x00000000c0000000,0x00000000cf5f9e38,0x00000000d5700000)
 PSPermGen       total 21504K, used 6164K [0x00000000b5a00000, 0x00000000b6f00000, 0x00000000c0000000)
  object space 21504K, 28% used [0x00000000b5a00000,0x00000000b6005388,0x00000000b6f00000)
}
Event: 17.884 GC heap before
{Heap before GC invocations=25 (full 4):
 PSYoungGen      total 229376K, used 226669K [0x00000000eaa80000, 0x0000000100000000, 0x0000000100000000)
  eden space 117248K, 100% used [0x00000000eaa80000,0x00000000f1d00000,0x00000000f1d00000)
  from space 112128K, 97% used [0x00000000f9280000,0x00000000ffd5b698,0x0000000100000000)
  to   space 116224K, 0% used [0x00000000f1d00000,0x00000000f1d00000,0x00000000f8e80000)
 ParOldGen       total 351232K, used 251879K [0x00000000c0000000, 0x00000000d5700000, 0x00000000eaa80000)
  object space 351232K, 71% used [0x00000000c0000000,0x00000000cf5f9e38,0x00000000d5700000)
 PSPermGen       total 21504K, used 6166K [0x00000000b5a00000, 0x00000000b6f00000, 0x00000000c0000000)
  object space 21504K, 28% used [0x00000000b5a00000,0x00000000b6005b90,0x00000000b6f00000)
Event: 18.029 GC heap after
Heap after GC invocations=25 (full 4):
 PSYoungGen      total 233472K, used 98875K [0x00000000eaa80000, 0x0000000100000000, 0x0000000100000000)
  eden space 117248K, 0% used [0x00000000eaa80000,0x00000000eaa80000,0x00000000f1d00000)
  from space 116224K, 85% used [0x00000000f1d00000,0x00000000f7d8ed28,0x00000000f8e80000)
  to   space 116224K, 0% used [0x00000000f8e80000,0x00000000f8e80000,0x0000000100000000)
 ParOldGen       total 351232K, used 280445K [0x00000000c0000000, 0x00000000d5700000, 0x00000000eaa80000)
  object space 351232K, 79% used [0x00000000c0000000,0x00000000d11df738,0x00000000d5700000)
 PSPermGen       total 21504K, used 6166K [0x00000000b5a00000, 0x00000000b6f00000, 0x00000000c0000000)
  object space 21504K, 28% used [0x00000000b5a00000,0x00000000b6005b90,0x00000000b6f00000)
}
Event: 18.357 GC heap before
{Heap before GC invocations=26 (full 4):
 PSYoungGen      total 233472K, used 216123K [0x00000000eaa80000, 0x0000000100000000, 0x0000000100000000)
  eden space 117248K, 100% used [0x00000000eaa80000,0x00000000f1d00000,0x00000000f1d00000)
  from space 116224K, 85% used [0x00000000f1d00000,0x00000000f7d8ed28,0x00000000f8e80000)
  to   space 116224K, 0% used [0x00000000f8e80000,0x00000000f8e80000,0x0000000100000000)
 ParOldGen       total 351232K, used 280445K [0x00000000c0000000, 0x00000000d5700000, 0x00000000eaa80000)
  object space 351232K, 79% used [0x00000000c0000000,0x00000000d11df738,0x00000000d5700000)
 PSPermGen       total 21504K, used 6169K [0x00000000b5a00000, 0x00000000b6f00000, 0x00000000c0000000)
  object space 21504K, 28% used [0x00000000b5a00000,0x00000000b6006750,0x00000000b6f00000)
Event: 18.483 GC heap after
Heap after GC invocations=26 (full 4):
 PSYoungGen      total 233472K, used 72679K [0x00000000eaa80000, 0x0000000100000000, 0x0000000100000000)
  eden space 117248K, 0% used [0x00000000eaa80000,0x00000000eaa80000,0x00000000f1d00000)
  from space 116224K, 62% used [0x00000000f8e80000,0x00000000fd579f68,0x0000000100000000)
  to   space 116224K, 0% used [0x00000000f1d00000,0x00000000f1d00000,0x00000000f8e80000)
 ParOldGen       total 351232K, used 324391K [0x00000000c0000000, 0x00000000d5700000, 0x00000000eaa80000)
  object space 351232K, 92% used [0x00000000c0000000,0x00000000d3cc9ff8,0x00000000d5700000)
 PSPermGen       total 21504K, used 6169K [0x00000000b5a00000, 0x00000000b6f00000, 0x00000000c0000000)
  object space 21504K, 28% used [0x00000000b5a00000,0x00000000b6006750,0x00000000b6f00000)
}
Event: 18.484 GC heap before
{Heap before GC invocations=27 (full 5):
 PSYoungGen      total 233472K, used 72679K [0x00000000eaa80000, 0x0000000100000000, 0x0000000100000000)
  eden space 117248K, 0% used [0x00000000eaa80000,0x00000000eaa80000,0x00000000f1d00000)
  from space 116224K, 62% used [0x00000000f8e80000,0x00000000fd579f68,0x0000000100000000)
  to   space 116224K, 0% used [0x00000000f1d00000,0x00000000f1d00000,0x00000000f8e80000)
 ParOldGen       total 351232K, used 324391K [0x00000000c0000000, 0x00000000d5700000, 0x00000000eaa80000)
  object space 351232K, 92% used [0x00000000c0000000,0x00000000d3cc9ff8,0x00000000d5700000)
 PSPermGen       total 21504K, used 6169K [0x00000000b5a00000, 0x00000000b6f00000, 0x00000000c0000000)
  object space 21504K, 28% used [0x00000000b5a00000,0x00000000b6006750,0x00000000b6f00000)

