# JRE version: OpenJDK Runtime Environment (7.0_95) (build 1.7.0_95-b00)
# Java VM: OpenJDK 64-Bit Server VM (24.95-b01 mixed mode linux-amd64 compressed oops)
Heap
 PSYoungGen      total 244224K, used 40208K [0x00000000eaa80000, 0x0000000100000000, 0x0000000100000000)
  eden space 171520K, 0% used [0x00000000eaa80000,0x00000000eaa80000,0x00000000f5200000)
  from space 72704K, 55% used [0x00000000fb900000,0x00000000fe0443a8,0x0000000100000000)
  to   space 89088K, 0% used [0x00000000f5200000,0x00000000f5200000,0x00000000fa900000)
 ParOldGen       total 250368K, used 250177K [0x00000000c0000000, 0x00000000cf480000, 0x00000000eaa80000)
  object space 250368K, 99% used [0x00000000c0000000,0x00000000cf450528,0x00000000cf480000)
 PSPermGen       total 21504K, used 6154K [0x00000000b5a00000, 0x00000000b6f00000, 0x00000000c0000000)
  object space 21504K, 28% used [0x00000000b5a00000,0x00000000b6002b70,0x00000000b6f00000)
GC Heap History (10 events):
Event: 10.427 GC heap after
Heap after GC invocations=17 (full 3):
 PSYoungGen      total 248320K, used 33055K [0x00000000eaa80000, 0x00000000fce80000, 0x0000000100000000)
  eden space 202752K, 0% used [0x00000000eaa80000,0x00000000eaa80000,0x00000000f7080000)
  from space 45568K, 72% used [0x00000000fa100000,0x00000000fc147de0,0x00000000fcd80000)
  to   space 48128K, 0% used [0x00000000f7080000,0x00000000f7080000,0x00000000f9f80000)
 ParOldGen       total 231936K, used 141626K [0x00000000c0000000, 0x00000000ce280000, 0x00000000eaa80000)
  object space 231936K, 61% used [0x00000000c0000000,0x00000000c8a4e910,0x00000000ce280000)
 PSPermGen       total 21504K, used 6122K [0x00000000b5a00000, 0x00000000b6f00000, 0x00000000c0000000)
  object space 21504K, 28% used [0x00000000b5a00000,0x00000000b5ffaad0,0x00000000b6f00000)
}
Event: 10.948 GC heap before
{Heap before GC invocations=18 (full 3):
 PSYoungGen      total 248320K, used 235807K [0x00000000eaa80000, 0x00000000fce80000, 0x0000000100000000)
  eden space 202752K, 100% used [0x00000000eaa80000,0x00000000f7080000,0x00000000f7080000)
  from space 45568K, 72% used [0x00000000fa100000,0x00000000fc147de0,0x00000000fcd80000)
  to   space 48128K, 0% used [0x00000000f7080000,0x00000000f7080000,0x00000000f9f80000)
 ParOldGen       total 231936K, used 141626K [0x00000000c0000000, 0x00000000ce280000, 0x00000000eaa80000)
  object space 231936K, 61% used [0x00000000c0000000,0x00000000c8a4e910,0x00000000ce280000)
 PSPermGen       total 21504K, used 6139K [0x00000000b5a00000, 0x00000000b6f00000, 0x00000000c0000000)
  object space 21504K, 28% used [0x00000000b5a00000,0x00000000b5ffeda8,0x00000000b6f00000)
Event: 11.027 GC heap after
Heap after GC invocations=18 (full 3):
 PSYoungGen      total 250880K, used 48118K [0x00000000eaa80000, 0x0000000100000000, 0x0000000100000000)
  eden space 202752K, 0% used [0x00000000eaa80000,0x00000000eaa80000,0x00000000f7080000)
  from space 48128K, 99% used [0x00000000f7080000,0x00000000f9f7dbc8,0x00000000f9f80000)
  to   space 62976K, 0% used [0x00000000fc280000,0x00000000fc280000,0x0000000100000000)
 ParOldGen       total 231936K, used 161067K [0x00000000c0000000, 0x00000000ce280000, 0x00000000eaa80000)
  object space 231936K, 69% used [0x00000000c0000000,0x00000000c9d4ad20,0x00000000ce280000)
 PSPermGen       total 21504K, used 6139K [0x00000000b5a00000, 0x00000000b6f00000, 0x00000000c0000000)
  object space 21504K, 28% used [0x00000000b5a00000,0x00000000b5ffeda8,0x00000000b6f00000)
}
Event: 11.567 GC heap before
{Heap before GC invocations=19 (full 3):
 PSYoungGen      total 250880K, used 250870K [0x00000000eaa80000, 0x0000000100000000, 0x0000000100000000)
  eden space 202752K, 100% used [0x00000000eaa80000,0x00000000f7080000,0x00000000f7080000)
  from space 48128K, 99% used [0x00000000f7080000,0x00000000f9f7dbc8,0x00000000f9f80000)
  to   space 62976K, 0% used [0x00000000fc280000,0x00000000fc280000,0x0000000100000000)
 ParOldGen       total 231936K, used 161067K [0x00000000c0000000, 0x00000000ce280000, 0x00000000eaa80000)
  object space 231936K, 69% used [0x00000000c0000000,0x00000000c9d4ad20,0x00000000ce280000)
 PSPermGen       total 21504K, used 6143K [0x00000000b5a00000, 0x00000000b6f00000, 0x00000000c0000000)
  object space 21504K, 28% used [0x00000000b5a00000,0x00000000b5ffff50,0x00000000b6f00000)
Event: 11.693 GC heap after
Heap after GC invocations=19 (full 3):
 PSYoungGen      total 267264K, used 61941K [0x00000000eaa80000, 0x0000000100000000, 0x0000000100000000)
  eden space 204288K, 0% used [0x00000000eaa80000,0x00000000eaa80000,0x00000000f7200000)
  from space 62976K, 98% used [0x00000000fc280000,0x00000000ffefd7b0,0x0000000100000000)
  to   space 72704K, 0% used [0x00000000f7200000,0x00000000f7200000,0x00000000fb900000)
 ParOldGen       total 231936K, used 179841K [0x00000000c0000000, 0x00000000ce280000, 0x00000000eaa80000)
  object space 231936K, 77% used [0x00000000c0000000,0x00000000cafa0518,0x00000000ce280000)
 PSPermGen       total 21504K, used 6143K [0x00000000b5a00000, 0x00000000b6f00000, 0x00000000c0000000)
  object space 21504K, 28% used [0x00000000b5a00000,0x00000000b5ffff50,0x00000000b6f00000)
}
Event: 12.194 GC heap before
{Heap before GC invocations=20 (full 3):
 PSYoungGen      total 267264K, used 266229K [0x00000000eaa80000, 0x0000000100000000, 0x0000000100000000)
  eden space 204288K, 100% used [0x00000000eaa80000,0x00000000f7200000,0x00000000f7200000)
  from space 62976K, 98% used [0x00000000fc280000,0x00000000ffefd7b0,0x0000000100000000)
  to   space 72704K, 0% used [0x00000000f7200000,0x00000000f7200000,0x00000000fb900000)
 ParOldGen       total 231936K, used 179841K [0x00000000c0000000, 0x00000000ce280000, 0x00000000eaa80000)
  object space 231936K, 77% used [0x00000000c0000000,0x00000000cafa0518,0x00000000ce280000)
 PSPermGen       total 21504K, used 6151K [0x00000000b5a00000, 0x00000000b6f00000, 0x00000000c0000000)
  object space 21504K, 28% used [0x00000000b5a00000,0x00000000b6001de8,0x00000000b6f00000)
Event: 12.281 GC heap after
Heap after GC invocations=20 (full 3):
 PSYoungGen      total 276992K, used 72686K [0x00000000eaa80000, 0x0000000100000000, 0x0000000100000000)
  eden space 204288K, 0% used [0x00000000eaa80000,0x00000000eaa80000,0x00000000f7200000)
  from space 72704K, 99% used [0x00000000f7200000,0x00000000fb8fbbd8,0x00000000fb900000)
  to   space 72704K, 0% used [0x00000000fb900000,0x00000000fb900000,0x0000000100000000)
 ParOldGen       total 231936K, used 197532K [0x00000000c0000000, 0x00000000ce280000, 0x00000000eaa80000)
  object space 231936K, 85% used [0x00000000c0000000,0x00000000cc0e72e8,0x00000000ce280000)
 PSPermGen       total 21504K, used 6151K [0x00000000b5a00000, 0x00000000b6f00000, 0x00000000c0000000)
  object space 21504K, 28% used [0x00000000b5a00000,0x00000000b6001de8,0x00000000b6f00000)
}
Event: 13.034 GC heap before
{Heap before GC invocations=21 (full 3):
 PSYoungGen      total 276992K, used 276974K [0x00000000eaa80000, 0x0000000100000000, 0x0000000100000000)
  eden space 204288K, 100% used [0x00000000eaa80000,0x00000000f7200000,0x00000000f7200000)
  from space 72704K, 99% used [0x00000000f7200000,0x00000000fb8fbbd8,0x00000000fb900000)
  to   space 72704K, 0% used [0x00000000fb900000,0x00000000fb900000,0x0000000100000000)
 ParOldGen       total 231936K, used 197532K [0x00000000c0000000, 0x00000000ce280000, 0x00000000eaa80000)
  object space 231936K, 85% used [0x00000000c0000000,0x00000000cc0e72e8,0x00000000ce280000)
 PSPermGen       total 21504K, used 6155K [0x00000000b5a00000, 0x00000000b6f00000, 0x00000000c0000000)
  object space 21504K, 28% used [0x00000000b5a00000,0x00000000b6002c30,0x00000000b6f00000)
Event: 13.194 GC heap after
Heap after GC invocations=21 (full 3):
 PSYoungGen      total 244224K, used 43515K [0x00000000eaa80000, 0x0000000100000000, 0x0000000100000000)
  eden space 171520K, 0% used [0x00000000eaa80000,0x00000000eaa80000,0x00000000f5200000)
  from space 72704K, 59% used [0x00000000fb900000,0x00000000fe37ecc8,0x0000000100000000)
  to   space 89088K, 0% used [0x00000000f5200000,0x00000000f5200000,0x00000000fa900000)
 ParOldGen       total 250368K, used 249815K [0x00000000c0000000, 0x00000000cf480000, 0x00000000eaa80000)
  object space 250368K, 99% used [0x00000000c0000000,0x00000000cf3f5e48,0x00000000cf480000)
 PSPermGen       total 21504K, used 6155K [0x00000000b5a00000, 0x00000000b6f00000, 0x00000000c0000000)
  object space 21504K, 28% used [0x00000000b5a00000,0x00000000b6002c30,0x00000000b6f00000)
}
Event: 13.196 GC heap before
{Heap before GC invocations=22 (full 4):
 PSYoungGen      total 244224K, used 43515K [0x00000000eaa80000, 0x0000000100000000, 0x0000000100000000)
  eden space 171520K, 0% used [0x00000000eaa80000,0x00000000eaa80000,0x00000000f5200000)
  from space 72704K, 59% used [0x00000000fb900000,0x00000000fe37ecc8,0x0000000100000000)
  to   space 89088K, 0% used [0x00000000f5200000,0x00000000f5200000,0x00000000fa900000)
 ParOldGen       total 250368K, used 249815K [0x00000000c0000000, 0x00000000cf480000, 0x00000000eaa80000)
  object space 250368K, 99% used [0x00000000c0000000,0x00000000cf3f5e48,0x00000000cf480000)
 PSPermGen       total 21504K, used 6155K [0x00000000b5a00000, 0x00000000b6f00000, 0x00000000c0000000)
  object space 21504K, 28% used [0x00000000b5a00000,0x00000000b6002c30,0x00000000b6f00000)

