# JRE version: OpenJDK Runtime Environment (7.0_95) (build 1.7.0_95-b00)
# Java VM: OpenJDK 64-Bit Server VM (24.95-b01 mixed mode linux-amd64 compressed oops)
Heap
 PSYoungGen      total 172544K, used 10994K [0x00000000eaa80000, 0x00000000ff980000, 0x0000000100000000)
  eden space 117248K, 0% used [0x00000000eaa80000,0x00000000eaa80000,0x00000000f1d00000)
  from space 55296K, 19% used [0x00000000f1d00000,0x00000000f27bc8f8,0x00000000f5300000)
  to   space 112128K, 0% used [0x00000000f8c00000,0x00000000f8c00000,0x00000000ff980000)
 ParOldGen       total 544256K, used 544153K [0x00000000c0000000, 0x00000000e1380000, 0x00000000eaa80000)
  object space 544256K, 99% used [0x00000000c0000000,0x00000000e13665b0,0x00000000e1380000)
 PSPermGen       total 21504K, used 6216K [0x00000000b5a00000, 0x00000000b6f00000, 0x00000000c0000000)
  object space 21504K, 28% used [0x00000000b5a00000,0x00000000b6012028,0x00000000b6f00000)
GC Heap History (10 events):
Event: 26.055 GC heap after
Heap after GC invocations=32 (full 5):
 PSYoungGen      total 232960K, used 75092K [0x00000000eaa80000, 0x00000000ffd80000, 0x0000000100000000)
  eden space 122880K, 0% used [0x00000000eaa80000,0x00000000eaa80000,0x00000000f2280000)
  from space 110080K, 68% used [0x00000000f2280000,0x00000000f6bd5230,0x00000000f8e00000)
  to   space 111616K, 0% used [0x00000000f9080000,0x00000000f9080000,0x00000000ffd80000)
 ParOldGen       total 544256K, used 407017K [0x00000000c0000000, 0x00000000e1380000, 0x00000000eaa80000)
  object space 544256K, 74% used [0x00000000c0000000,0x00000000d8d7a580,0x00000000e1380000)
 PSPermGen       total 21504K, used 6206K [0x00000000b5a00000, 0x00000000b6f00000, 0x00000000c0000000)
  object space 21504K, 28% used [0x00000000b5a00000,0x00000000b600faa8,0x00000000b6f00000)
}
Event: 26.352 GC heap before
{Heap before GC invocations=33 (full 5):
 PSYoungGen      total 232960K, used 197972K [0x00000000eaa80000, 0x00000000ffd80000, 0x0000000100000000)
  eden space 122880K, 100% used [0x00000000eaa80000,0x00000000f2280000,0x00000000f2280000)
  from space 110080K, 68% used [0x00000000f2280000,0x00000000f6bd5230,0x00000000f8e00000)
  to   space 111616K, 0% used [0x00000000f9080000,0x00000000f9080000,0x00000000ffd80000)
 ParOldGen       total 544256K, used 407017K [0x00000000c0000000, 0x00000000e1380000, 0x00000000eaa80000)
  object space 544256K, 74% used [0x00000000c0000000,0x00000000d8d7a580,0x00000000e1380000)
 PSPermGen       total 21504K, used 6213K [0x00000000b5a00000, 0x00000000b6f00000, 0x00000000c0000000)
  object space 21504K, 28% used [0x00000000b5a00000,0x00000000b60117c8,0x00000000b6f00000)
Event: 26.489 GC heap after
Heap after GC invocations=33 (full 5):
 PSYoungGen      total 228864K, used 94706K [0x00000000eaa80000, 0x0000000100000000, 0x0000000100000000)
  eden space 117248K, 0% used [0x00000000eaa80000,0x00000000eaa80000,0x00000000f1d00000)
  from space 111616K, 84% used [0x00000000f9080000,0x00000000fecfca80,0x00000000ffd80000)
  to   space 116224K, 0% used [0x00000000f1d00000,0x00000000f1d00000,0x00000000f8e80000)
 ParOldGen       total 544256K, used 407017K [0x00000000c0000000, 0x00000000e1380000, 0x00000000eaa80000)
  object space 544256K, 74% used [0x00000000c0000000,0x00000000d8d7a580,0x00000000e1380000)
 PSPermGen       total 21504K, used 6213K [0x00000000b5a00000, 0x00000000b6f00000, 0x00000000c0000000)
  object space 21504K, 28% used [0x00000000b5a00000,0x00000000b60117c8,0x00000000b6f00000)
}
Event: 26.735 GC heap before
{Heap before GC invocations=34 (full 5):
 PSYoungGen      total 228864K, used 211954K [0x00000000eaa80000, 0x0000000100000000, 0x0000000100000000)
  eden space 117248K, 100% used [0x00000000eaa80000,0x00000000f1d00000,0x00000000f1d00000)
  from space 111616K, 84% used [0x00000000f9080000,0x00000000fecfca80,0x00000000ffd80000)
  to   space 116224K, 0% used [0x00000000f1d00000,0x00000000f1d00000,0x00000000f8e80000)
 ParOldGen       total 544256K, used 407017K [0x00000000c0000000, 0x00000000e1380000, 0x00000000eaa80000)
  object space 544256K, 74% used [0x00000000c0000000,0x00000000d8d7a580,0x00000000e1380000)
 PSPermGen       total 21504K, used 6215K [0x00000000b5a00000, 0x00000000b6f00000, 0x00000000c0000000)
  object space 21504K, 28% used [0x00000000b5a00000,0x00000000b6011ca0,0x00000000b6f00000)
Event: 26.860 GC heap after
Heap after GC invocations=34 (full 5):
 PSYoungGen      total 233472K, used 78803K [0x00000000eaa80000, 0x0000000100000000, 0x0000000100000000)
  eden space 117248K, 0% used [0x00000000eaa80000,0x00000000eaa80000,0x00000000f1d00000)
  from space 116224K, 67% used [0x00000000f1d00000,0x00000000f69f4d08,0x00000000f8e80000)
  to   space 116224K, 0% used [0x00000000f8e80000,0x00000000f8e80000,0x0000000100000000)
 ParOldGen       total 544256K, used 441497K [0x00000000c0000000, 0x00000000e1380000, 0x00000000eaa80000)
  object space 544256K, 81% used [0x00000000c0000000,0x00000000daf267d0,0x00000000e1380000)
 PSPermGen       total 21504K, used 6215K [0x00000000b5a00000, 0x00000000b6f00000, 0x00000000c0000000)
  object space 21504K, 28% used [0x00000000b5a00000,0x00000000b6011ca0,0x00000000b6f00000)
}
Event: 27.147 GC heap before
{Heap before GC invocations=35 (full 5):
 PSYoungGen      total 233472K, used 196051K [0x00000000eaa80000, 0x0000000100000000, 0x0000000100000000)
  eden space 117248K, 100% used [0x00000000eaa80000,0x00000000f1d00000,0x00000000f1d00000)
  from space 116224K, 67% used [0x00000000f1d00000,0x00000000f69f4d08,0x00000000f8e80000)
  to   space 116224K, 0% used [0x00000000f8e80000,0x00000000f8e80000,0x0000000100000000)
 ParOldGen       total 544256K, used 441497K [0x00000000c0000000, 0x00000000e1380000, 0x00000000eaa80000)
  object space 544256K, 81% used [0x00000000c0000000,0x00000000daf267d0,0x00000000e1380000)
 PSPermGen       total 21504K, used 6215K [0x00000000b5a00000, 0x00000000b6f00000, 0x00000000c0000000)
  object space 21504K, 28% used [0x00000000b5a00000,0x00000000b6011ff0,0x00000000b6f00000)
Event: 27.247 GC heap after
Heap after GC invocations=35 (full 5):
 PSYoungGen      total 232448K, used 56246K [0x00000000eaa80000, 0x00000000fff00000, 0x0000000100000000)
  eden space 117248K, 0% used [0x00000000eaa80000,0x00000000eaa80000,0x00000000f1d00000)
  from space 115200K, 48% used [0x00000000f8e80000,0x00000000fc56d8b0,0x00000000fff00000)
  to   space 115712K, 0% used [0x00000000f1d00000,0x00000000f1d00000,0x00000000f8e00000)
 ParOldGen       total 544256K, used 481412K [0x00000000c0000000, 0x00000000e1380000, 0x00000000eaa80000)
  object space 544256K, 88% used [0x00000000c0000000,0x00000000dd621068,0x00000000e1380000)
 PSPermGen       total 21504K, used 6215K [0x00000000b5a00000, 0x00000000b6f00000, 0x00000000c0000000)
  object space 21504K, 28% used [0x00000000b5a00000,0x00000000b6011ff0,0x00000000b6f00000)
}
Event: 27.628 GC heap before
{Heap before GC invocations=36 (full 5):
 PSYoungGen      total 232448K, used 173494K [0x00000000eaa80000, 0x00000000fff00000, 0x0000000100000000)
  eden space 117248K, 100% used [0x00000000eaa80000,0x00000000f1d00000,0x00000000f1d00000)
  from space 115200K, 48% used [0x00000000f8e80000,0x00000000fc56d8b0,0x00000000fff00000)
  to   space 115712K, 0% used [0x00000000f1d00000,0x00000000f1d00000,0x00000000f8e00000)
 ParOldGen       total 544256K, used 481412K [0x00000000c0000000, 0x00000000e1380000, 0x00000000eaa80000)
  object space 544256K, 88% used [0x00000000c0000000,0x00000000dd621068,0x00000000e1380000)
 PSPermGen       total 21504K, used 6216K [0x00000000b5a00000, 0x00000000b6f00000, 0x00000000c0000000)
  object space 21504K, 28% used [0x00000000b5a00000,0x00000000b60120e8,0x00000000b6f00000)
Event: 27.711 GC heap after
Heap after GC invocations=36 (full 5):
 PSYoungGen      total 172544K, used 55189K [0x00000000eaa80000, 0x00000000ff980000, 0x0000000100000000)
  eden space 117248K, 0% used [0x00000000eaa80000,0x00000000eaa80000,0x00000000f1d00000)
  from space 55296K, 99% used [0x00000000f1d00000,0x00000000f52e5798,0x00000000f5300000)
  to   space 112128K, 0% used [0x00000000f8c00000,0x00000000f8c00000,0x00000000ff980000)
 ParOldGen       total 544256K, used 501318K [0x00000000c0000000, 0x00000000e1380000, 0x00000000eaa80000)
  object space 544256K, 92% used [0x00000000c0000000,0x00000000de991b90,0x00000000e1380000)
 PSPermGen       total 21504K, used 6216K [0x00000000b5a00000, 0x00000000b6f00000, 0x00000000c0000000)
  object space 21504K, 28% used [0x00000000b5a00000,0x00000000b60120e8,0x00000000b6f00000)
}
Event: 27.712 GC heap before
{Heap before GC invocations=37 (full 6):
 PSYoungGen      total 172544K, used 55189K [0x00000000eaa80000, 0x00000000ff980000, 0x0000000100000000)
  eden space 117248K, 0% used [0x00000000eaa80000,0x00000000eaa80000,0x00000000f1d00000)
  from space 55296K, 99% used [0x00000000f1d00000,0x00000000f52e5798,0x00000000f5300000)
  to   space 112128K, 0% used [0x00000000f8c00000,0x00000000f8c00000,0x00000000ff980000)
 ParOldGen       total 544256K, used 501318K [0x00000000c0000000, 0x00000000e1380000, 0x00000000eaa80000)
  object space 544256K, 92% used [0x00000000c0000000,0x00000000de991b90,0x00000000e1380000)
 PSPermGen       total 21504K, used 6216K [0x00000000b5a00000, 0x00000000b6f00000, 0x00000000c0000000)
  object space 21504K, 28% used [0x00000000b5a00000,0x00000000b60120e8,0x00000000b6f00000)

