# JRE version: OpenJDK Runtime Environment (7.0_95) (build 1.7.0_95-b00)
# Java VM: OpenJDK 64-Bit Server VM (24.95-b01 mixed mode linux-amd64 compressed oops)
Heap
 PSYoungGen      total 253952K, used 4242K [0x00000000eaa80000, 0x0000000100000000, 0x0000000100000000)
  eden space 158208K, 0% used [0x00000000eaa80000,0x00000000eaa80000,0x00000000f4500000)
  from space 95744K, 4% used [0x00000000f4500000,0x00000000f4924b98,0x00000000fa280000)
  to   space 94720K, 0% used [0x00000000fa380000,0x00000000fa380000,0x0000000100000000)
 ParOldGen       total 259072K, used 258890K [0x00000000c0000000, 0x00000000cfd00000, 0x00000000eaa80000)
  object space 259072K, 99% used [0x00000000c0000000,0x00000000cfcd2960,0x00000000cfd00000)
 PSPermGen       total 21504K, used 6157K [0x00000000b5a00000, 0x00000000b6f00000, 0x00000000c0000000)
  object space 21504K, 28% used [0x00000000b5a00000,0x00000000b6003550,0x00000000b6f00000)
GC Heap History (10 events):
Event: 10.409 GC heap after
Heap after GC invocations=14 (full 3):
 PSYoungGen      total 259072K, used 11758K [0x00000000eaa80000, 0x0000000100000000, 0x0000000100000000)
  eden space 205312K, 0% used [0x00000000eaa80000,0x00000000eaa80000,0x00000000f7300000)
  from space 53760K, 21% used [0x00000000f7300000,0x00000000f7e7ba70,0x00000000fa780000)
  to   space 55296K, 0% used [0x00000000fca00000,0x00000000fca00000,0x0000000100000000)
 ParOldGen       total 238080K, used 144975K [0x00000000c0000000, 0x00000000ce880000, 0x00000000eaa80000)
  object space 238080K, 60% used [0x00000000c0000000,0x00000000c8d93d90,0x00000000ce880000)
 PSPermGen       total 21504K, used 6119K [0x00000000b5a00000, 0x00000000b6f00000, 0x00000000c0000000)
  object space 21504K, 28% used [0x00000000b5a00000,0x00000000b5ff9d28,0x00000000b6f00000)
}
Event: 11.166 GC heap before
{Heap before GC invocations=15 (full 3):
 PSYoungGen      total 259072K, used 217070K [0x00000000eaa80000, 0x0000000100000000, 0x0000000100000000)
  eden space 205312K, 100% used [0x00000000eaa80000,0x00000000f7300000,0x00000000f7300000)
  from space 53760K, 21% used [0x00000000f7300000,0x00000000f7e7ba70,0x00000000fa780000)
  to   space 55296K, 0% used [0x00000000fca00000,0x00000000fca00000,0x0000000100000000)
 ParOldGen       total 238080K, used 144975K [0x00000000c0000000, 0x00000000ce880000, 0x00000000eaa80000)
  object space 238080K, 60% used [0x00000000c0000000,0x00000000c8d93d90,0x00000000ce880000)
 PSPermGen       total 21504K, used 6129K [0x00000000b5a00000, 0x00000000b6f00000, 0x00000000c0000000)
  object space 21504K, 28% used [0x00000000b5a00000,0x00000000b5ffc5e8,0x00000000b6f00000)
Event: 11.249 GC heap after
Heap after GC invocations=15 (full 3):
 PSYoungGen      total 285184K, used 44553K [0x00000000eaa80000, 0x0000000100000000, 0x0000000100000000)
  eden space 229888K, 0% used [0x00000000eaa80000,0x00000000eaa80000,0x00000000f8b00000)
  from space 55296K, 80% used [0x00000000fca00000,0x00000000ff582670,0x0000000100000000)
  to   space 59904K, 0% used [0x00000000f8b00000,0x00000000f8b00000,0x00000000fc580000)
 ParOldGen       total 238080K, used 144975K [0x00000000c0000000, 0x00000000ce880000, 0x00000000eaa80000)
  object space 238080K, 60% used [0x00000000c0000000,0x00000000c8d93d90,0x00000000ce880000)
 PSPermGen       total 21504K, used 6129K [0x00000000b5a00000, 0x00000000b6f00000, 0x00000000c0000000)
  object space 21504K, 28% used [0x00000000b5a00000,0x00000000b5ffc5e8,0x00000000b6f00000)
}
Event: 11.939 GC heap before
{Heap before GC invocations=16 (full 3):
 PSYoungGen      total 285184K, used 274441K [0x00000000eaa80000, 0x0000000100000000, 0x0000000100000000)
  eden space 229888K, 100% used [0x00000000eaa80000,0x00000000f8b00000,0x00000000f8b00000)
  from space 55296K, 80% used [0x00000000fca00000,0x00000000ff582670,0x0000000100000000)
  to   space 59904K, 0% used [0x00000000f8b00000,0x00000000f8b00000,0x00000000fc580000)
 ParOldGen       total 238080K, used 144975K [0x00000000c0000000, 0x00000000ce880000, 0x00000000eaa80000)
  object space 238080K, 60% used [0x00000000c0000000,0x00000000c8d93d90,0x00000000ce880000)
 PSPermGen       total 21504K, used 6148K [0x00000000b5a00000, 0x00000000b6f00000, 0x00000000c0000000)
  object space 21504K, 28% used [0x00000000b5a00000,0x00000000b6001068,0x00000000b6f00000)
Event: 12.020 GC heap after
Heap after GC invocations=16 (full 3):
 PSYoungGen      total 289792K, used 59876K [0x00000000eaa80000, 0x0000000100000000, 0x0000000100000000)
  eden space 229888K, 0% used [0x00000000eaa80000,0x00000000eaa80000,0x00000000f8b00000)
  from space 59904K, 99% used [0x00000000f8b00000,0x00000000fc579310,0x00000000fc580000)
  to   space 59904K, 0% used [0x00000000fc580000,0x00000000fc580000,0x0000000100000000)
 ParOldGen       total 238080K, used 167431K [0x00000000c0000000, 0x00000000ce880000, 0x00000000eaa80000)
  object space 238080K, 70% used [0x00000000c0000000,0x00000000ca381d78,0x00000000ce880000)
 PSPermGen       total 21504K, used 6148K [0x00000000b5a00000, 0x00000000b6f00000, 0x00000000c0000000)
  object space 21504K, 28% used [0x00000000b5a00000,0x00000000b6001068,0x00000000b6f00000)
}
Event: 12.559 GC heap before
{Heap before GC invocations=17 (full 3):
 PSYoungGen      total 289792K, used 289764K [0x00000000eaa80000, 0x0000000100000000, 0x0000000100000000)
  eden space 229888K, 100% used [0x00000000eaa80000,0x00000000f8b00000,0x00000000f8b00000)
  from space 59904K, 99% used [0x00000000f8b00000,0x00000000fc579310,0x00000000fc580000)
  to   space 59904K, 0% used [0x00000000fc580000,0x00000000fc580000,0x0000000100000000)
 ParOldGen       total 238080K, used 167431K [0x00000000c0000000, 0x00000000ce880000, 0x00000000eaa80000)
  object space 238080K, 70% used [0x00000000c0000000,0x00000000ca381d78,0x00000000ce880000)
 PSPermGen       total 21504K, used 6154K [0x00000000b5a00000, 0x00000000b6f00000, 0x00000000c0000000)
  object space 21504K, 28% used [0x00000000b5a00000,0x00000000b6002b88,0x00000000b6f00000)
Event: 12.717 GC heap after
Heap after GC invocations=17 (full 3):
 PSYoungGen      total 218112K, used 59902K [0x00000000eaa80000, 0x0000000100000000, 0x0000000100000000)
  eden space 158208K, 0% used [0x00000000eaa80000,0x00000000eaa80000,0x00000000f4500000)
  from space 59904K, 99% used [0x00000000fc580000,0x00000000fffff998,0x0000000100000000)
  to   space 95744K, 0% used [0x00000000f4500000,0x00000000f4500000,0x00000000fa280000)
 ParOldGen       total 238080K, used 199082K [0x00000000c0000000, 0x00000000ce880000, 0x00000000eaa80000)
  object space 238080K, 83% used [0x00000000c0000000,0x00000000cc26a8e0,0x00000000ce880000)
 PSPermGen       total 21504K, used 6154K [0x00000000b5a00000, 0x00000000b6f00000, 0x00000000c0000000)
  object space 21504K, 28% used [0x00000000b5a00000,0x00000000b6002b88,0x00000000b6f00000)
}
Event: 13.356 GC heap before
{Heap before GC invocations=18 (full 3):
 PSYoungGen      total 218112K, used 218110K [0x00000000eaa80000, 0x0000000100000000, 0x0000000100000000)
  eden space 158208K, 100% used [0x00000000eaa80000,0x00000000f4500000,0x00000000f4500000)
  from space 59904K, 99% used [0x00000000fc580000,0x00000000fffff998,0x0000000100000000)
  to   space 95744K, 0% used [0x00000000f4500000,0x00000000f4500000,0x00000000fa280000)
 ParOldGen       total 238080K, used 199082K [0x00000000c0000000, 0x00000000ce880000, 0x00000000eaa80000)
  object space 238080K, 83% used [0x00000000c0000000,0x00000000cc26a8e0,0x00000000ce880000)
 PSPermGen       total 21504K, used 6157K [0x00000000b5a00000, 0x00000000b6f00000, 0x00000000c0000000)
  object space 21504K, 28% used [0x00000000b5a00000,0x00000000b6003610,0x00000000b6f00000)
Event: 13.466 GC heap after
Heap after GC invocations=18 (full 3):
 PSYoungGen      total 253952K, used 8430K [0x00000000eaa80000, 0x0000000100000000, 0x0000000100000000)
  eden space 158208K, 0% used [0x00000000eaa80000,0x00000000eaa80000,0x00000000f4500000)
  from space 95744K, 8% used [0x00000000f4500000,0x00000000f4d3b9b0,0x00000000fa280000)
  to   space 94720K, 0% used [0x00000000fa380000,0x00000000fa380000,0x0000000100000000)
 ParOldGen       total 259072K, used 258854K [0x00000000c0000000, 0x00000000cfd00000, 0x00000000eaa80000)
  object space 259072K, 99% used [0x00000000c0000000,0x00000000cfcc9900,0x00000000cfd00000)
 PSPermGen       total 21504K, used 6157K [0x00000000b5a00000, 0x00000000b6f00000, 0x00000000c0000000)
  object space 21504K, 28% used [0x00000000b5a00000,0x00000000b6003610,0x00000000b6f00000)
}
Event: 13.466 GC heap before
{Heap before GC invocations=19 (full 4):
 PSYoungGen      total 253952K, used 8430K [0x00000000eaa80000, 0x0000000100000000, 0x0000000100000000)
  eden space 158208K, 0% used [0x00000000eaa80000,0x00000000eaa80000,0x00000000f4500000)
  from space 95744K, 8% used [0x00000000f4500000,0x00000000f4d3b9b0,0x00000000fa280000)
  to   space 94720K, 0% used [0x00000000fa380000,0x00000000fa380000,0x0000000100000000)
 ParOldGen       total 259072K, used 258854K [0x00000000c0000000, 0x00000000cfd00000, 0x00000000eaa80000)
  object space 259072K, 99% used [0x00000000c0000000,0x00000000cfcc9900,0x00000000cfd00000)
 PSPermGen       total 21504K, used 6157K [0x00000000b5a00000, 0x00000000b6f00000, 0x00000000c0000000)
  object space 21504K, 28% used [0x00000000b5a00000,0x00000000b6003610,0x00000000b6f00000)

