# JRE version: OpenJDK Runtime Environment (7.0_95) (build 1.7.0_95-b00)
# Java VM: OpenJDK 64-Bit Server VM (24.95-b01 mixed mode linux-amd64 compressed oops)
Heap
 PSYoungGen      total 233472K, used 0K [0x00000000eaa80000, 0x0000000100000000, 0x0000000100000000)
  eden space 117248K, 0% used [0x00000000eaa80000,0x00000000eaa80000,0x00000000f1d00000)
  from space 116224K, 0% used [0x00000000f1d00000,0x00000000f1d00000,0x00000000f8e80000)
  to   space 116224K, 0% used [0x00000000f8e80000,0x00000000f8e80000,0x0000000100000000)
 ParOldGen       total 508416K, used 484254K [0x00000000c0000000, 0x00000000df080000, 0x00000000eaa80000)
  object space 508416K, 95% used [0x00000000c0000000,0x00000000dd8e7b70,0x00000000df080000)
 PSPermGen       total 21504K, used 6194K [0x00000000b5a00000, 0x00000000b6f00000, 0x00000000c0000000)
  object space 21504K, 28% used [0x00000000b5a00000,0x00000000b600c8c8,0x00000000b6f00000)
GC Heap History (10 events):
Event: 19.377 GC heap after
Heap after GC invocations=28 (full 5):
 PSYoungGen      total 233472K, used 24776K [0x00000000eaa80000, 0x0000000100000000, 0x0000000100000000)
  eden space 117248K, 0% used [0x00000000eaa80000,0x00000000eaa80000,0x00000000f1d00000)
  from space 116224K, 21% used [0x00000000f1d00000,0x00000000f35321c0,0x00000000f8e80000)
  to   space 116224K, 0% used [0x00000000f8e80000,0x00000000f8e80000,0x0000000100000000)
 ParOldGen       total 508416K, used 382950K [0x00000000c0000000, 0x00000000df080000, 0x00000000eaa80000)
  object space 508416K, 75% used [0x00000000c0000000,0x00000000d75f9a28,0x00000000df080000)
 PSPermGen       total 21504K, used 6166K [0x00000000b5a00000, 0x00000000b6f00000, 0x00000000c0000000)
  object space 21504K, 28% used [0x00000000b5a00000,0x00000000b60058d0,0x00000000b6f00000)
}
Event: 19.677 GC heap before
{Heap before GC invocations=29 (full 5):
 PSYoungGen      total 233472K, used 142024K [0x00000000eaa80000, 0x0000000100000000, 0x0000000100000000)
  eden space 117248K, 100% used [0x00000000eaa80000,0x00000000f1d00000,0x00000000f1d00000)
  from space 116224K, 21% used [0x00000000f1d00000,0x00000000f35321c0,0x00000000f8e80000)
  to   space 116224K, 0% used [0x00000000f8e80000,0x00000000f8e80000,0x0000000100000000)
 ParOldGen       total 508416K, used 382950K [0x00000000c0000000, 0x00000000df080000, 0x00000000eaa80000)
  object space 508416K, 75% used [0x00000000c0000000,0x00000000d75f9a28,0x00000000df080000)
 PSPermGen       total 21504K, used 6187K [0x00000000b5a00000, 0x00000000b6f00000, 0x00000000c0000000)
  object space 21504K, 28% used [0x00000000b5a00000,0x00000000b600ac78,0x00000000b6f00000)
Event: 19.735 GC heap after
Heap after GC invocations=29 (full 5):
 PSYoungGen      total 233472K, used 37684K [0x00000000eaa80000, 0x0000000100000000, 0x0000000100000000)
  eden space 117248K, 0% used [0x00000000eaa80000,0x00000000eaa80000,0x00000000f1d00000)
  from space 116224K, 32% used [0x00000000f8e80000,0x00000000fb34d050,0x0000000100000000)
  to   space 116224K, 0% used [0x00000000f1d00000,0x00000000f1d00000,0x00000000f8e80000)
 ParOldGen       total 508416K, used 389772K [0x00000000c0000000, 0x00000000df080000, 0x00000000eaa80000)
  object space 508416K, 76% used [0x00000000c0000000,0x00000000d7ca3350,0x00000000df080000)
 PSPermGen       total 21504K, used 6187K [0x00000000b5a00000, 0x00000000b6f00000, 0x00000000c0000000)
  object space 21504K, 28% used [0x00000000b5a00000,0x00000000b600ac78,0x00000000b6f00000)
}
Event: 20.020 GC heap before
{Heap before GC invocations=30 (full 5):
 PSYoungGen      total 233472K, used 154932K [0x00000000eaa80000, 0x0000000100000000, 0x0000000100000000)
  eden space 117248K, 100% used [0x00000000eaa80000,0x00000000f1d00000,0x00000000f1d00000)
  from space 116224K, 32% used [0x00000000f8e80000,0x00000000fb34d050,0x0000000100000000)
  to   space 116224K, 0% used [0x00000000f1d00000,0x00000000f1d00000,0x00000000f8e80000)
 ParOldGen       total 508416K, used 389772K [0x00000000c0000000, 0x00000000df080000, 0x00000000eaa80000)
  object space 508416K, 76% used [0x00000000c0000000,0x00000000d7ca3350,0x00000000df080000)
 PSPermGen       total 21504K, used 6188K [0x00000000b5a00000, 0x00000000b6f00000, 0x00000000c0000000)
  object space 21504K, 28% used [0x00000000b5a00000,0x00000000b600b3d8,0x00000000b6f00000)
Event: 20.099 GC heap after
Heap after GC invocations=30 (full 5):
 PSYoungGen      total 233472K, used 20608K [0x00000000eaa80000, 0x0000000100000000, 0x0000000100000000)
  eden space 117248K, 0% used [0x00000000eaa80000,0x00000000eaa80000,0x00000000f1d00000)
  from space 116224K, 17% used [0x00000000f1d00000,0x00000000f3120000,0x00000000f8e80000)
  to   space 116224K, 0% used [0x00000000f8e80000,0x00000000f8e80000,0x0000000100000000)
 ParOldGen       total 508416K, used 426595K [0x00000000c0000000, 0x00000000df080000, 0x00000000eaa80000)
  object space 508416K, 83% used [0x00000000c0000000,0x00000000da098f30,0x00000000df080000)
 PSPermGen       total 21504K, used 6188K [0x00000000b5a00000, 0x00000000b6f00000, 0x00000000c0000000)
  object space 21504K, 28% used [0x00000000b5a00000,0x00000000b600b3d8,0x00000000b6f00000)
}
Event: 20.389 GC heap before
{Heap before GC invocations=31 (full 5):
 PSYoungGen      total 233472K, used 137856K [0x00000000eaa80000, 0x0000000100000000, 0x0000000100000000)
  eden space 117248K, 100% used [0x00000000eaa80000,0x00000000f1d00000,0x00000000f1d00000)
  from space 116224K, 17% used [0x00000000f1d00000,0x00000000f3120000,0x00000000f8e80000)
  to   space 116224K, 0% used [0x00000000f8e80000,0x00000000f8e80000,0x0000000100000000)
 ParOldGen       total 508416K, used 426595K [0x00000000c0000000, 0x00000000df080000, 0x00000000eaa80000)
  object space 508416K, 83% used [0x00000000c0000000,0x00000000da098f30,0x00000000df080000)
 PSPermGen       total 21504K, used 6190K [0x00000000b5a00000, 0x00000000b6f00000, 0x00000000c0000000)
  object space 21504K, 28% used [0x00000000b5a00000,0x00000000b600b978,0x00000000b6f00000)
Event: 20.439 GC heap after
Heap after GC invocations=31 (full 5):
 PSYoungGen      total 233472K, used 20645K [0x00000000eaa80000, 0x0000000100000000, 0x0000000100000000)
  eden space 117248K, 0% used [0x00000000eaa80000,0x00000000eaa80000,0x00000000f1d00000)
  from space 116224K, 17% used [0x00000000f8e80000,0x00000000fa2a9500,0x0000000100000000)
  to   space 116224K, 0% used [0x00000000f1d00000,0x00000000f1d00000,0x00000000f8e80000)
 ParOldGen       total 508416K, used 446121K [0x00000000c0000000, 0x00000000df080000, 0x00000000eaa80000)
  object space 508416K, 87% used [0x00000000c0000000,0x00000000db3aa748,0x00000000df080000)
 PSPermGen       total 21504K, used 6190K [0x00000000b5a00000, 0x00000000b6f00000, 0x00000000c0000000)
  object space 21504K, 28% used [0x00000000b5a00000,0x00000000b600b978,0x00000000b6f00000)
}
Event: 20.710 GC heap before
{Heap before GC invocations=32 (full 5):
 PSYoungGen      total 233472K, used 137893K [0x00000000eaa80000, 0x0000000100000000, 0x0000000100000000)
  eden space 117248K, 100% used [0x00000000eaa80000,0x00000000f1d00000,0x00000000f1d00000)
  from space 116224K, 17% used [0x00000000f8e80000,0x00000000fa2a9500,0x0000000100000000)
  to   space 116224K, 0% used [0x00000000f1d00000,0x00000000f1d00000,0x00000000f8e80000)
 ParOldGen       total 508416K, used 446121K [0x00000000c0000000, 0x00000000df080000, 0x00000000eaa80000)
  object space 508416K, 87% used [0x00000000c0000000,0x00000000db3aa748,0x00000000df080000)
 PSPermGen       total 21504K, used 6194K [0x00000000b5a00000, 0x00000000b6f00000, 0x00000000c0000000)
  object space 21504K, 28% used [0x00000000b5a00000,0x00000000b600c928,0x00000000b6f00000)
Event: 20.764 GC heap after
Heap after GC invocations=32 (full 5):
 PSYoungGen      total 233472K, used 20112K [0x00000000eaa80000, 0x0000000100000000, 0x0000000100000000)
  eden space 117248K, 0% used [0x00000000eaa80000,0x00000000eaa80000,0x00000000f1d00000)
  from space 116224K, 17% used [0x00000000f1d00000,0x00000000f30a4010,0x00000000f8e80000)
  to   space 116224K, 0% used [0x00000000f8e80000,0x00000000f8e80000,0x0000000100000000)
 ParOldGen       total 508416K, used 465687K [0x00000000c0000000, 0x00000000df080000, 0x00000000eaa80000)
  object space 508416K, 91% used [0x00000000c0000000,0x00000000dc6c5e38,0x00000000df080000)
 PSPermGen       total 21504K, used 6194K [0x00000000b5a00000, 0x00000000b6f00000, 0x00000000c0000000)
  object space 21504K, 28% used [0x00000000b5a00000,0x00000000b600c928,0x00000000b6f00000)
}
Event: 20.764 GC heap before
{Heap before GC invocations=33 (full 6):
 PSYoungGen      total 233472K, used 20112K [0x00000000eaa80000, 0x0000000100000000, 0x0000000100000000)
  eden space 117248K, 0% used [0x00000000eaa80000,0x00000000eaa80000,0x00000000f1d00000)
  from space 116224K, 17% used [0x00000000f1d00000,0x00000000f30a4010,0x00000000f8e80000)
  to   space 116224K, 0% used [0x00000000f8e80000,0x00000000f8e80000,0x0000000100000000)
 ParOldGen       total 508416K, used 465687K [0x00000000c0000000, 0x00000000df080000, 0x00000000eaa80000)
  object space 508416K, 91% used [0x00000000c0000000,0x00000000dc6c5e38,0x00000000df080000)
 PSPermGen       total 21504K, used 6194K [0x00000000b5a00000, 0x00000000b6f00000, 0x00000000c0000000)
  object space 21504K, 28% used [0x00000000b5a00000,0x00000000b600c928,0x00000000b6f00000)

