# JRE version: OpenJDK Runtime Environment (7.0_95) (build 1.7.0_95-b00)
# Java VM: OpenJDK 64-Bit Server VM (24.95-b01 mixed mode linux-amd64 compressed oops)
Heap
 PSYoungGen      total 233472K, used 5075K [0x00000000eaa80000, 0x0000000100000000, 0x0000000100000000)
  eden space 117248K, 0% used [0x00000000eaa80000,0x00000000eaa80000,0x00000000f1d00000)
  from space 116224K, 4% used [0x00000000f8e80000,0x00000000f9374f90,0x0000000100000000)
  to   space 116224K, 0% used [0x00000000f1d00000,0x00000000f1d00000,0x00000000f8e80000)
 ParOldGen       total 544768K, used 544495K [0x00000000c0000000, 0x00000000e1400000, 0x00000000eaa80000)
  object space 544768K, 99% used [0x00000000c0000000,0x00000000e13bbe08,0x00000000e1400000)
 PSPermGen       total 21504K, used 6216K [0x00000000b5a00000, 0x00000000b6f00000, 0x00000000c0000000)
  object space 21504K, 28% used [0x00000000b5a00000,0x00000000b6012220,0x00000000b6f00000)
GC Heap History (10 events):
Event: 22.364 GC heap after
Heap after GC invocations=33 (full 5):
 PSYoungGen      total 230400K, used 77516K [0x00000000eaa80000, 0x0000000100000000, 0x0000000100000000)
  eden space 121344K, 0% used [0x00000000eaa80000,0x00000000eaa80000,0x00000000f2100000)
  from space 109056K, 71% used [0x00000000f9300000,0x00000000fdeb3260,0x00000000ffd80000)
  to   space 114176K, 0% used [0x00000000f2100000,0x00000000f2100000,0x00000000f9080000)
 ParOldGen       total 544768K, used 398556K [0x00000000c0000000, 0x00000000e1400000, 0x00000000eaa80000)
  object space 544768K, 73% used [0x00000000c0000000,0x00000000d8537310,0x00000000e1400000)
 PSPermGen       total 21504K, used 6203K [0x00000000b5a00000, 0x00000000b6f00000, 0x00000000c0000000)
  object space 21504K, 28% used [0x00000000b5a00000,0x00000000b600efb0,0x00000000b6f00000)
}
Event: 22.646 GC heap before
{Heap before GC invocations=34 (full 5):
 PSYoungGen      total 230400K, used 198860K [0x00000000eaa80000, 0x0000000100000000, 0x0000000100000000)
  eden space 121344K, 100% used [0x00000000eaa80000,0x00000000f2100000,0x00000000f2100000)
  from space 109056K, 71% used [0x00000000f9300000,0x00000000fdeb3260,0x00000000ffd80000)
  to   space 114176K, 0% used [0x00000000f2100000,0x00000000f2100000,0x00000000f9080000)
 ParOldGen       total 544768K, used 398556K [0x00000000c0000000, 0x00000000e1400000, 0x00000000eaa80000)
  object space 544768K, 73% used [0x00000000c0000000,0x00000000d8537310,0x00000000e1400000)
 PSPermGen       total 21504K, used 6207K [0x00000000b5a00000, 0x00000000b6f00000, 0x00000000c0000000)
  object space 21504K, 28% used [0x00000000b5a00000,0x00000000b600fe98,0x00000000b6f00000)
Event: 22.736 GC heap after
Heap after GC invocations=34 (full 5):
 PSYoungGen      total 218624K, used 96790K [0x00000000eaa80000, 0x0000000100000000, 0x0000000100000000)
  eden space 121344K, 0% used [0x00000000eaa80000,0x00000000eaa80000,0x00000000f2100000)
  from space 97280K, 99% used [0x00000000f2100000,0x00000000f7f85ac0,0x00000000f8000000)
  to   space 116224K, 0% used [0x00000000f8e80000,0x00000000f8e80000,0x0000000100000000)
 ParOldGen       total 544768K, used 398556K [0x00000000c0000000, 0x00000000e1400000, 0x00000000eaa80000)
  object space 544768K, 73% used [0x00000000c0000000,0x00000000d8537310,0x00000000e1400000)
 PSPermGen       total 21504K, used 6207K [0x00000000b5a00000, 0x00000000b6f00000, 0x00000000c0000000)
  object space 21504K, 28% used [0x00000000b5a00000,0x00000000b600fe98,0x00000000b6f00000)
}
Event: 23.018 GC heap before
{Heap before GC invocations=35 (full 5):
 PSYoungGen      total 218624K, used 218134K [0x00000000eaa80000, 0x0000000100000000, 0x0000000100000000)
  eden space 121344K, 100% used [0x00000000eaa80000,0x00000000f2100000,0x00000000f2100000)
  from space 97280K, 99% used [0x00000000f2100000,0x00000000f7f85ac0,0x00000000f8000000)
  to   space 116224K, 0% used [0x00000000f8e80000,0x00000000f8e80000,0x0000000100000000)
 ParOldGen       total 544768K, used 398556K [0x00000000c0000000, 0x00000000e1400000, 0x00000000eaa80000)
  object space 544768K, 73% used [0x00000000c0000000,0x00000000d8537310,0x00000000e1400000)
 PSPermGen       total 21504K, used 6215K [0x00000000b5a00000, 0x00000000b6f00000, 0x00000000c0000000)
  object space 21504K, 28% used [0x00000000b5a00000,0x00000000b6011d40,0x00000000b6f00000)
Event: 23.157 GC heap after
Heap after GC invocations=35 (full 5):
 PSYoungGen      total 233472K, used 79195K [0x00000000eaa80000, 0x0000000100000000, 0x0000000100000000)
  eden space 117248K, 0% used [0x00000000eaa80000,0x00000000eaa80000,0x00000000f1d00000)
  from space 116224K, 68% used [0x00000000f8e80000,0x00000000fdbd6fe8,0x0000000100000000)
  to   space 116224K, 0% used [0x00000000f1d00000,0x00000000f1d00000,0x00000000f8e80000)
 ParOldGen       total 544768K, used 436474K [0x00000000c0000000, 0x00000000e1400000, 0x00000000eaa80000)
  object space 544768K, 80% used [0x00000000c0000000,0x00000000daa3e980,0x00000000e1400000)
 PSPermGen       total 21504K, used 6215K [0x00000000b5a00000, 0x00000000b6f00000, 0x00000000c0000000)
  object space 21504K, 28% used [0x00000000b5a00000,0x00000000b6011d40,0x00000000b6f00000)
}
Event: 23.437 GC heap before
{Heap before GC invocations=36 (full 5):
 PSYoungGen      total 233472K, used 196443K [0x00000000eaa80000, 0x0000000100000000, 0x0000000100000000)
  eden space 117248K, 100% used [0x00000000eaa80000,0x00000000f1d00000,0x00000000f1d00000)
  from space 116224K, 68% used [0x00000000f8e80000,0x00000000fdbd6fe8,0x0000000100000000)
  to   space 116224K, 0% used [0x00000000f1d00000,0x00000000f1d00000,0x00000000f8e80000)
 ParOldGen       total 544768K, used 436474K [0x00000000c0000000, 0x00000000e1400000, 0x00000000eaa80000)
  object space 544768K, 80% used [0x00000000c0000000,0x00000000daa3e980,0x00000000e1400000)
 PSPermGen       total 21504K, used 6216K [0x00000000b5a00000, 0x00000000b6f00000, 0x00000000c0000000)
  object space 21504K, 28% used [0x00000000b5a00000,0x00000000b6012248,0x00000000b6f00000)
Event: 23.553 GC heap after
Heap after GC invocations=36 (full 5):
 PSYoungGen      total 233472K, used 57473K [0x00000000eaa80000, 0x0000000100000000, 0x0000000100000000)
  eden space 117248K, 0% used [0x00000000eaa80000,0x00000000eaa80000,0x00000000f1d00000)
  from space 116224K, 49% used [0x00000000f1d00000,0x00000000f5520560,0x00000000f8e80000)
  to   space 116224K, 0% used [0x00000000f8e80000,0x00000000f8e80000,0x0000000100000000)
 ParOldGen       total 544768K, used 475411K [0x00000000c0000000, 0x00000000e1400000, 0x00000000eaa80000)
  object space 544768K, 87% used [0x00000000c0000000,0x00000000dd044dc0,0x00000000e1400000)
 PSPermGen       total 21504K, used 6216K [0x00000000b5a00000, 0x00000000b6f00000, 0x00000000c0000000)
  object space 21504K, 28% used [0x00000000b5a00000,0x00000000b6012248,0x00000000b6f00000)
}
Event: 23.905 GC heap before
{Heap before GC invocations=37 (full 5):
 PSYoungGen      total 233472K, used 174721K [0x00000000eaa80000, 0x0000000100000000, 0x0000000100000000)
  eden space 117248K, 100% used [0x00000000eaa80000,0x00000000f1d00000,0x00000000f1d00000)
  from space 116224K, 49% used [0x00000000f1d00000,0x00000000f5520560,0x00000000f8e80000)
  to   space 116224K, 0% used [0x00000000f8e80000,0x00000000f8e80000,0x0000000100000000)
 ParOldGen       total 544768K, used 475411K [0x00000000c0000000, 0x00000000e1400000, 0x00000000eaa80000)
  object space 544768K, 87% used [0x00000000c0000000,0x00000000dd044dc0,0x00000000e1400000)
 PSPermGen       total 21504K, used 6216K [0x00000000b5a00000, 0x00000000b6f00000, 0x00000000c0000000)
  object space 21504K, 28% used [0x00000000b5a00000,0x00000000b6012320,0x00000000b6f00000)
Event: 23.996 GC heap after
Heap after GC invocations=37 (full 5):
 PSYoungGen      total 233472K, used 37503K [0x00000000eaa80000, 0x0000000100000000, 0x0000000100000000)
  eden space 117248K, 0% used [0x00000000eaa80000,0x00000000eaa80000,0x00000000f1d00000)
  from space 116224K, 32% used [0x00000000f8e80000,0x00000000fb31fc20,0x0000000100000000)
  to   space 116224K, 0% used [0x00000000f1d00000,0x00000000f1d00000,0x00000000f8e80000)
 ParOldGen       total 544768K, used 513970K [0x00000000c0000000, 0x00000000e1400000, 0x00000000eaa80000)
  object space 544768K, 94% used [0x00000000c0000000,0x00000000df5ec810,0x00000000e1400000)
 PSPermGen       total 21504K, used 6216K [0x00000000b5a00000, 0x00000000b6f00000, 0x00000000c0000000)
  object space 21504K, 28% used [0x00000000b5a00000,0x00000000b6012320,0x00000000b6f00000)
}
Event: 23.996 GC heap before
{Heap before GC invocations=38 (full 6):
 PSYoungGen      total 233472K, used 37503K [0x00000000eaa80000, 0x0000000100000000, 0x0000000100000000)
  eden space 117248K, 0% used [0x00000000eaa80000,0x00000000eaa80000,0x00000000f1d00000)
  from space 116224K, 32% used [0x00000000f8e80000,0x00000000fb31fc20,0x0000000100000000)
  to   space 116224K, 0% used [0x00000000f1d00000,0x00000000f1d00000,0x00000000f8e80000)
 ParOldGen       total 544768K, used 513970K [0x00000000c0000000, 0x00000000e1400000, 0x00000000eaa80000)
  object space 544768K, 94% used [0x00000000c0000000,0x00000000df5ec810,0x00000000e1400000)
 PSPermGen       total 21504K, used 6216K [0x00000000b5a00000, 0x00000000b6f00000, 0x00000000c0000000)
  object space 21504K, 28% used [0x00000000b5a00000,0x00000000b6012320,0x00000000b6f00000)

