# JRE version: OpenJDK Runtime Environment (7.0_95) (build 1.7.0_95-b00)
# Java VM: OpenJDK 64-Bit Server VM (24.95-b01 mixed mode linux-amd64 compressed oops)
Heap
 PSYoungGen      total 233472K, used 1029K [0x00000000eaa80000, 0x0000000100000000, 0x0000000100000000)
  eden space 117248K, 0% used [0x00000000eaa80000,0x00000000eaa80000,0x00000000f1d00000)
  from space 116224K, 0% used [0x00000000f8e80000,0x00000000f8f81680,0x0000000100000000)
  to   space 116224K, 0% used [0x00000000f1d00000,0x00000000f1d00000,0x00000000f8e80000)
 ParOldGen       total 529920K, used 529596K [0x00000000c0000000, 0x00000000e0580000, 0x00000000eaa80000)
  object space 529920K, 99% used [0x00000000c0000000,0x00000000e052f3f8,0x00000000e0580000)
 PSPermGen       total 21504K, used 6215K [0x00000000b5a00000, 0x00000000b6f00000, 0x00000000c0000000)
  object space 21504K, 28% used [0x00000000b5a00000,0x00000000b6011c68,0x00000000b6f00000)
GC Heap History (10 events):
Event: 18.966 GC heap after
Heap after GC invocations=29 (full 5):
 PSYoungGen      total 240640K, used 77712K [0x00000000eaa80000, 0x0000000100000000, 0x0000000100000000)
  eden space 150016K, 0% used [0x00000000eaa80000,0x00000000eaa80000,0x00000000f3d00000)
  from space 90624K, 85% used [0x00000000fa780000,0x00000000ff364110,0x0000000100000000)
  to   space 99840K, 0% used [0x00000000f3d00000,0x00000000f3d00000,0x00000000f9e80000)
 ParOldGen       total 529920K, used 371057K [0x00000000c0000000, 0x00000000e0580000, 0x00000000eaa80000)
  object space 529920K, 70% used [0x00000000c0000000,0x00000000d6a5c608,0x00000000e0580000)
 PSPermGen       total 21504K, used 6201K [0x00000000b5a00000, 0x00000000b6f00000, 0x00000000c0000000)
  object space 21504K, 28% used [0x00000000b5a00000,0x00000000b600e638,0x00000000b6f00000)
}
Event: 19.331 GC heap before
{Heap before GC invocations=30 (full 5):
 PSYoungGen      total 240640K, used 227728K [0x00000000eaa80000, 0x0000000100000000, 0x0000000100000000)
  eden space 150016K, 100% used [0x00000000eaa80000,0x00000000f3d00000,0x00000000f3d00000)
  from space 90624K, 85% used [0x00000000fa780000,0x00000000ff364110,0x0000000100000000)
  to   space 99840K, 0% used [0x00000000f3d00000,0x00000000f3d00000,0x00000000f9e80000)
 ParOldGen       total 529920K, used 371057K [0x00000000c0000000, 0x00000000e0580000, 0x00000000eaa80000)
  object space 529920K, 70% used [0x00000000c0000000,0x00000000d6a5c608,0x00000000e0580000)
 PSPermGen       total 21504K, used 6205K [0x00000000b5a00000, 0x00000000b6f00000, 0x00000000c0000000)
  object space 21504K, 28% used [0x00000000b5a00000,0x00000000b600f518,0x00000000b6f00000)
Event: 19.427 GC heap after
Heap after GC invocations=30 (full 5):
 PSYoungGen      total 249856K, used 99835K [0x00000000eaa80000, 0x0000000100000000, 0x0000000100000000)
  eden space 150016K, 0% used [0x00000000eaa80000,0x00000000eaa80000,0x00000000f3d00000)
  from space 99840K, 99% used [0x00000000f3d00000,0x00000000f9e7ec58,0x00000000f9e80000)
  to   space 99840K, 0% used [0x00000000f9e80000,0x00000000f9e80000,0x0000000100000000)
 ParOldGen       total 529920K, used 372659K [0x00000000c0000000, 0x00000000e0580000, 0x00000000eaa80000)
  object space 529920K, 70% used [0x00000000c0000000,0x00000000d6becd10,0x00000000e0580000)
 PSPermGen       total 21504K, used 6205K [0x00000000b5a00000, 0x00000000b6f00000, 0x00000000c0000000)
  object space 21504K, 28% used [0x00000000b5a00000,0x00000000b600f518,0x00000000b6f00000)
}
Event: 19.770 GC heap before
{Heap before GC invocations=31 (full 5):
 PSYoungGen      total 249856K, used 249851K [0x00000000eaa80000, 0x0000000100000000, 0x0000000100000000)
  eden space 150016K, 100% used [0x00000000eaa80000,0x00000000f3d00000,0x00000000f3d00000)
  from space 99840K, 99% used [0x00000000f3d00000,0x00000000f9e7ec58,0x00000000f9e80000)
  to   space 99840K, 0% used [0x00000000f9e80000,0x00000000f9e80000,0x0000000100000000)
 ParOldGen       total 529920K, used 372659K [0x00000000c0000000, 0x00000000e0580000, 0x00000000eaa80000)
  object space 529920K, 70% used [0x00000000c0000000,0x00000000d6becd10,0x00000000e0580000)
 PSPermGen       total 21504K, used 6205K [0x00000000b5a00000, 0x00000000b6f00000, 0x00000000c0000000)
  object space 21504K, 28% used [0x00000000b5a00000,0x00000000b600f728,0x00000000b6f00000)
Event: 19.896 GC heap after
Heap after GC invocations=31 (full 5):
 PSYoungGen      total 217088K, used 99827K [0x00000000eaa80000, 0x0000000100000000, 0x0000000100000000)
  eden space 117248K, 0% used [0x00000000eaa80000,0x00000000eaa80000,0x00000000f1d00000)
  from space 99840K, 99% used [0x00000000f9e80000,0x00000000ffffcf08,0x0000000100000000)
  to   space 116224K, 0% used [0x00000000f1d00000,0x00000000f1d00000,0x00000000f8e80000)
 ParOldGen       total 529920K, used 397768K [0x00000000c0000000, 0x00000000e0580000, 0x00000000eaa80000)
  object space 529920K, 75% used [0x00000000c0000000,0x00000000d8472328,0x00000000e0580000)
 PSPermGen       total 21504K, used 6205K [0x00000000b5a00000, 0x00000000b6f00000, 0x00000000c0000000)
  object space 21504K, 28% used [0x00000000b5a00000,0x00000000b600f728,0x00000000b6f00000)
}
Event: 20.177 GC heap before
{Heap before GC invocations=32 (full 5):
 PSYoungGen      total 217088K, used 217075K [0x00000000eaa80000, 0x0000000100000000, 0x0000000100000000)
  eden space 117248K, 100% used [0x00000000eaa80000,0x00000000f1d00000,0x00000000f1d00000)
  from space 99840K, 99% used [0x00000000f9e80000,0x00000000ffffcf08,0x0000000100000000)
  to   space 116224K, 0% used [0x00000000f1d00000,0x00000000f1d00000,0x00000000f8e80000)
 ParOldGen       total 529920K, used 397768K [0x00000000c0000000, 0x00000000e0580000, 0x00000000eaa80000)
  object space 529920K, 75% used [0x00000000c0000000,0x00000000d8472328,0x00000000e0580000)
 PSPermGen       total 21504K, used 6215K [0x00000000b5a00000, 0x00000000b6f00000, 0x00000000c0000000)
  object space 21504K, 28% used [0x00000000b5a00000,0x00000000b6011c50,0x00000000b6f00000)
Event: 20.329 GC heap after
Heap after GC invocations=32 (full 5):
 PSYoungGen      total 233472K, used 81199K [0x00000000eaa80000, 0x0000000100000000, 0x0000000100000000)
  eden space 117248K, 0% used [0x00000000eaa80000,0x00000000eaa80000,0x00000000f1d00000)
  from space 116224K, 69% used [0x00000000f1d00000,0x00000000f6c4be18,0x00000000f8e80000)
  to   space 116224K, 0% used [0x00000000f8e80000,0x00000000f8e80000,0x0000000100000000)
 ParOldGen       total 529920K, used 434889K [0x00000000c0000000, 0x00000000e0580000, 0x00000000eaa80000)
  object space 529920K, 82% used [0x00000000c0000000,0x00000000da8b2500,0x00000000e0580000)
 PSPermGen       total 21504K, used 6215K [0x00000000b5a00000, 0x00000000b6f00000, 0x00000000c0000000)
  object space 21504K, 28% used [0x00000000b5a00000,0x00000000b6011c50,0x00000000b6f00000)
}
Event: 20.638 GC heap before
{Heap before GC invocations=33 (full 5):
 PSYoungGen      total 233472K, used 198447K [0x00000000eaa80000, 0x0000000100000000, 0x0000000100000000)
  eden space 117248K, 100% used [0x00000000eaa80000,0x00000000f1d00000,0x00000000f1d00000)
  from space 116224K, 69% used [0x00000000f1d00000,0x00000000f6c4be18,0x00000000f8e80000)
  to   space 116224K, 0% used [0x00000000f8e80000,0x00000000f8e80000,0x0000000100000000)
 ParOldGen       total 529920K, used 434889K [0x00000000c0000000, 0x00000000e0580000, 0x00000000eaa80000)
  object space 529920K, 82% used [0x00000000c0000000,0x00000000da8b2500,0x00000000e0580000)
 PSPermGen       total 21504K, used 6215K [0x00000000b5a00000, 0x00000000b6f00000, 0x00000000c0000000)
  object space 21504K, 28% used [0x00000000b5a00000,0x00000000b6011d28,0x00000000b6f00000)
Event: 20.770 GC heap after
Heap after GC invocations=33 (full 5):
 PSYoungGen      total 233472K, used 56395K [0x00000000eaa80000, 0x0000000100000000, 0x0000000100000000)
  eden space 117248K, 0% used [0x00000000eaa80000,0x00000000eaa80000,0x00000000f1d00000)
  from space 116224K, 48% used [0x00000000f8e80000,0x00000000fc592d50,0x0000000100000000)
  to   space 116224K, 0% used [0x00000000f1d00000,0x00000000f1d00000,0x00000000f8e80000)
 ParOldGen       total 529920K, used 478526K [0x00000000c0000000, 0x00000000e0580000, 0x00000000eaa80000)
  object space 529920K, 90% used [0x00000000c0000000,0x00000000dd34fae8,0x00000000e0580000)
 PSPermGen       total 21504K, used 6215K [0x00000000b5a00000, 0x00000000b6f00000, 0x00000000c0000000)
  object space 21504K, 28% used [0x00000000b5a00000,0x00000000b6011d28,0x00000000b6f00000)
}
Event: 20.770 GC heap before
{Heap before GC invocations=34 (full 6):
 PSYoungGen      total 233472K, used 56395K [0x00000000eaa80000, 0x0000000100000000, 0x0000000100000000)
  eden space 117248K, 0% used [0x00000000eaa80000,0x00000000eaa80000,0x00000000f1d00000)
  from space 116224K, 48% used [0x00000000f8e80000,0x00000000fc592d50,0x0000000100000000)
  to   space 116224K, 0% used [0x00000000f1d00000,0x00000000f1d00000,0x00000000f8e80000)
 ParOldGen       total 529920K, used 478526K [0x00000000c0000000, 0x00000000e0580000, 0x00000000eaa80000)
  object space 529920K, 90% used [0x00000000c0000000,0x00000000dd34fae8,0x00000000e0580000)
 PSPermGen       total 21504K, used 6215K [0x00000000b5a00000, 0x00000000b6f00000, 0x00000000c0000000)
  object space 21504K, 28% used [0x00000000b5a00000,0x00000000b6011d28,0x00000000b6f00000)

