# JRE version: OpenJDK Runtime Environment (7.0_95) (build 1.7.0_95-b00)
# Java VM: OpenJDK 64-Bit Server VM (24.95-b01 mixed mode linux-amd64 compressed oops)
Heap
 PSYoungGen      total 233472K, used 33818K [0x00000000eaa80000, 0x0000000100000000, 0x0000000100000000)
  eden space 117248K, 0% used [0x00000000eaa80000,0x00000000eaa80000,0x00000000f1d00000)
  from space 116224K, 29% used [0x00000000f8e80000,0x00000000faf86860,0x0000000100000000)
  to   space 116224K, 0% used [0x00000000f1d00000,0x00000000f1d00000,0x00000000f8e80000)
 ParOldGen       total 392704K, used 392269K [0x00000000c0000000, 0x00000000d7f80000, 0x00000000eaa80000)
  object space 392704K, 99% used [0x00000000c0000000,0x00000000d7f13468,0x00000000d7f80000)
 PSPermGen       total 21504K, used 6193K [0x00000000b5a00000, 0x00000000b6f00000, 0x00000000c0000000)
  object space 21504K, 28% used [0x00000000b5a00000,0x00000000b600c5c8,0x00000000b6f00000)
GC Heap History (10 events):
Event: 22.811 GC heap after
Heap after GC invocations=24 (full 4):
 PSYoungGen      total 241664K, used 63508K [0x00000000eaa80000, 0x00000000ffe00000, 0x0000000100000000)
  eden space 139776K, 0% used [0x00000000eaa80000,0x00000000eaa80000,0x00000000f3300000)
  from space 101888K, 62% used [0x00000000f9a80000,0x00000000fd885028,0x00000000ffe00000)
  to   space 103936K, 0% used [0x00000000f3300000,0x00000000f3300000,0x00000000f9880000)
 ParOldGen       total 392704K, used 285755K [0x00000000c0000000, 0x00000000d7f80000, 0x00000000eaa80000)
  object space 392704K, 72% used [0x00000000c0000000,0x00000000d170ef28,0x00000000d7f80000)
 PSPermGen       total 21504K, used 6164K [0x00000000b5a00000, 0x00000000b6f00000, 0x00000000c0000000)
  object space 21504K, 28% used [0x00000000b5a00000,0x00000000b60050c8,0x00000000b6f00000)
}
Event: 23.185 GC heap before
{Heap before GC invocations=25 (full 4):
 PSYoungGen      total 241664K, used 203284K [0x00000000eaa80000, 0x00000000ffe00000, 0x0000000100000000)
  eden space 139776K, 100% used [0x00000000eaa80000,0x00000000f3300000,0x00000000f3300000)
  from space 101888K, 62% used [0x00000000f9a80000,0x00000000fd885028,0x00000000ffe00000)
  to   space 103936K, 0% used [0x00000000f3300000,0x00000000f3300000,0x00000000f9880000)
 ParOldGen       total 392704K, used 285755K [0x00000000c0000000, 0x00000000d7f80000, 0x00000000eaa80000)
  object space 392704K, 72% used [0x00000000c0000000,0x00000000d170ef28,0x00000000d7f80000)
 PSPermGen       total 21504K, used 6164K [0x00000000b5a00000, 0x00000000b6f00000, 0x00000000c0000000)
  object space 21504K, 28% used [0x00000000b5a00000,0x00000000b60050c8,0x00000000b6f00000)
Event: 23.303 GC heap after
Heap after GC invocations=25 (full 4):
 PSYoungGen      total 223232K, used 83357K [0x00000000eaa80000, 0x0000000100000000, 0x0000000100000000)
  eden space 139776K, 0% used [0x00000000eaa80000,0x00000000eaa80000,0x00000000f3300000)
  from space 83456K, 99% used [0x00000000f3300000,0x00000000f8467550,0x00000000f8480000)
  to   space 111616K, 0% used [0x00000000f9300000,0x00000000f9300000,0x0000000100000000)
 ParOldGen       total 392704K, used 285755K [0x00000000c0000000, 0x00000000d7f80000, 0x00000000eaa80000)
  object space 392704K, 72% used [0x00000000c0000000,0x00000000d170ef28,0x00000000d7f80000)
 PSPermGen       total 21504K, used 6164K [0x00000000b5a00000, 0x00000000b6f00000, 0x00000000c0000000)
  object space 21504K, 28% used [0x00000000b5a00000,0x00000000b60050c8,0x00000000b6f00000)
}
Event: 23.796 GC heap before
{Heap before GC invocations=26 (full 4):
 PSYoungGen      total 223232K, used 223133K [0x00000000eaa80000, 0x0000000100000000, 0x0000000100000000)
  eden space 139776K, 100% used [0x00000000eaa80000,0x00000000f3300000,0x00000000f3300000)
  from space 83456K, 99% used [0x00000000f3300000,0x00000000f8467550,0x00000000f8480000)
  to   space 111616K, 0% used [0x00000000f9300000,0x00000000f9300000,0x0000000100000000)
 ParOldGen       total 392704K, used 285755K [0x00000000c0000000, 0x00000000d7f80000, 0x00000000eaa80000)
  object space 392704K, 72% used [0x00000000c0000000,0x00000000d170ef28,0x00000000d7f80000)
 PSPermGen       total 21504K, used 6170K [0x00000000b5a00000, 0x00000000b6f00000, 0x00000000c0000000)
  object space 21504K, 28% used [0x00000000b5a00000,0x00000000b6006ab8,0x00000000b6f00000)
Event: 23.954 GC heap after
Heap after GC invocations=26 (full 4):
 PSYoungGen      total 228864K, used 104674K [0x00000000eaa80000, 0x0000000100000000, 0x0000000100000000)
  eden space 117248K, 0% used [0x00000000eaa80000,0x00000000eaa80000,0x00000000f1d00000)
  from space 111616K, 93% used [0x00000000f9300000,0x00000000ff938b90,0x0000000100000000)
  to   space 116224K, 0% used [0x00000000f1d00000,0x00000000f1d00000,0x00000000f8e80000)
 ParOldGen       total 392704K, used 285755K [0x00000000c0000000, 0x00000000d7f80000, 0x00000000eaa80000)
  object space 392704K, 72% used [0x00000000c0000000,0x00000000d170ef28,0x00000000d7f80000)
 PSPermGen       total 21504K, used 6170K [0x00000000b5a00000, 0x00000000b6f00000, 0x00000000c0000000)
  object space 21504K, 28% used [0x00000000b5a00000,0x00000000b6006ab8,0x00000000b6f00000)
}
Event: 24.374 GC heap before
{Heap before GC invocations=27 (full 4):
 PSYoungGen      total 228864K, used 221922K [0x00000000eaa80000, 0x0000000100000000, 0x0000000100000000)
  eden space 117248K, 100% used [0x00000000eaa80000,0x00000000f1d00000,0x00000000f1d00000)
  from space 111616K, 93% used [0x00000000f9300000,0x00000000ff938b90,0x0000000100000000)
  to   space 116224K, 0% used [0x00000000f1d00000,0x00000000f1d00000,0x00000000f8e80000)
 ParOldGen       total 392704K, used 285755K [0x00000000c0000000, 0x00000000d7f80000, 0x00000000eaa80000)
  object space 392704K, 72% used [0x00000000c0000000,0x00000000d170ef28,0x00000000d7f80000)
 PSPermGen       total 21504K, used 6171K [0x00000000b5a00000, 0x00000000b6f00000, 0x00000000c0000000)
  object space 21504K, 28% used [0x00000000b5a00000,0x00000000b6006d50,0x00000000b6f00000)
Event: 24.518 GC heap after
Heap after GC invocations=27 (full 4):
 PSYoungGen      total 233472K, used 91795K [0x00000000eaa80000, 0x0000000100000000, 0x0000000100000000)
  eden space 117248K, 0% used [0x00000000eaa80000,0x00000000eaa80000,0x00000000f1d00000)
  from space 116224K, 78% used [0x00000000f1d00000,0x00000000f76a4c70,0x00000000f8e80000)
  to   space 116224K, 0% used [0x00000000f8e80000,0x00000000f8e80000,0x0000000100000000)
 ParOldGen       total 392704K, used 315929K [0x00000000c0000000, 0x00000000d7f80000, 0x00000000eaa80000)
  object space 392704K, 80% used [0x00000000c0000000,0x00000000d3486730,0x00000000d7f80000)
 PSPermGen       total 21504K, used 6171K [0x00000000b5a00000, 0x00000000b6f00000, 0x00000000c0000000)
  object space 21504K, 28% used [0x00000000b5a00000,0x00000000b6006d50,0x00000000b6f00000)
}
Event: 24.923 GC heap before
{Heap before GC invocations=28 (full 4):
 PSYoungGen      total 233472K, used 209043K [0x00000000eaa80000, 0x0000000100000000, 0x0000000100000000)
  eden space 117248K, 100% used [0x00000000eaa80000,0x00000000f1d00000,0x00000000f1d00000)
  from space 116224K, 78% used [0x00000000f1d00000,0x00000000f76a4c70,0x00000000f8e80000)
  to   space 116224K, 0% used [0x00000000f8e80000,0x00000000f8e80000,0x0000000100000000)
 ParOldGen       total 392704K, used 315929K [0x00000000c0000000, 0x00000000d7f80000, 0x00000000eaa80000)
  object space 392704K, 80% used [0x00000000c0000000,0x00000000d3486730,0x00000000d7f80000)
 PSPermGen       total 21504K, used 6193K [0x00000000b5a00000, 0x00000000b6f00000, 0x00000000c0000000)
  object space 21504K, 28% used [0x00000000b5a00000,0x00000000b600c628,0x00000000b6f00000)
Event: 25.075 GC heap after
Heap after GC invocations=28 (full 4):
 PSYoungGen      total 233472K, used 78573K [0x00000000eaa80000, 0x0000000100000000, 0x0000000100000000)
  eden space 117248K, 0% used [0x00000000eaa80000,0x00000000eaa80000,0x00000000f1d00000)
  from space 116224K, 67% used [0x00000000f8e80000,0x00000000fdb3b608,0x0000000100000000)
  to   space 116224K, 0% used [0x00000000f1d00000,0x00000000f1d00000,0x00000000f8e80000)
 ParOldGen       total 392704K, used 348986K [0x00000000c0000000, 0x00000000d7f80000, 0x00000000eaa80000)
  object space 392704K, 88% used [0x00000000c0000000,0x00000000d54ce890,0x00000000d7f80000)
 PSPermGen       total 21504K, used 6193K [0x00000000b5a00000, 0x00000000b6f00000, 0x00000000c0000000)
  object space 21504K, 28% used [0x00000000b5a00000,0x00000000b600c628,0x00000000b6f00000)
}
Event: 25.075 GC heap before
{Heap before GC invocations=29 (full 5):
 PSYoungGen      total 233472K, used 78573K [0x00000000eaa80000, 0x0000000100000000, 0x0000000100000000)
  eden space 117248K, 0% used [0x00000000eaa80000,0x00000000eaa80000,0x00000000f1d00000)
  from space 116224K, 67% used [0x00000000f8e80000,0x00000000fdb3b608,0x0000000100000000)
  to   space 116224K, 0% used [0x00000000f1d00000,0x00000000f1d00000,0x00000000f8e80000)
 ParOldGen       total 392704K, used 348986K [0x00000000c0000000, 0x00000000d7f80000, 0x00000000eaa80000)
  object space 392704K, 88% used [0x00000000c0000000,0x00000000d54ce890,0x00000000d7f80000)
 PSPermGen       total 21504K, used 6193K [0x00000000b5a00000, 0x00000000b6f00000, 0x00000000c0000000)
  object space 21504K, 28% used [0x00000000b5a00000,0x00000000b600c628,0x00000000b6f00000)

