# JRE version: OpenJDK Runtime Environment (7.0_95) (build 1.7.0_95-b00)
# Java VM: OpenJDK 64-Bit Server VM (24.95-b01 mixed mode linux-amd64 compressed oops)
Heap
 PSYoungGen      total 233472K, used 12810K [0x00000000eaa80000, 0x0000000100000000, 0x0000000100000000)
  eden space 117248K, 0% used [0x00000000eaa80000,0x00000000eaa80000,0x00000000f1d00000)
  from space 116224K, 11% used [0x00000000f1d00000,0x00000000f2982b38,0x00000000f8e80000)
  to   space 116224K, 0% used [0x00000000f8e80000,0x00000000f8e80000,0x0000000100000000)
 ParOldGen       total 380416K, used 380183K [0x00000000c0000000, 0x00000000d7380000, 0x00000000eaa80000)
  object space 380416K, 99% used [0x00000000c0000000,0x00000000d7345d48,0x00000000d7380000)
 PSPermGen       total 21504K, used 6169K [0x00000000b5a00000, 0x00000000b6f00000, 0x00000000c0000000)
  object space 21504K, 28% used [0x00000000b5a00000,0x00000000b6006538,0x00000000b6f00000)
GC Heap History (10 events):
Event: 15.321 GC heap after
Heap after GC invocations=23 (full 4):
 PSYoungGen      total 267776K, used 58595K [0x00000000eaa80000, 0x0000000100000000, 0x0000000100000000)
  eden space 197632K, 0% used [0x00000000eaa80000,0x00000000eaa80000,0x00000000f6b80000)
  from space 70144K, 83% used [0x00000000f6b80000,0x00000000fa4b8d58,0x00000000fb000000)
  to   space 76800K, 0% used [0x00000000fb500000,0x00000000fb500000,0x0000000100000000)
 ParOldGen       total 380416K, used 243399K [0x00000000c0000000, 0x00000000d7380000, 0x00000000eaa80000)
  object space 380416K, 63% used [0x00000000c0000000,0x00000000cedb1cc8,0x00000000d7380000)
 PSPermGen       total 21504K, used 6160K [0x00000000b5a00000, 0x00000000b6f00000, 0x00000000c0000000)
  object space 21504K, 28% used [0x00000000b5a00000,0x00000000b6004018,0x00000000b6f00000)
}
Event: 15.792 GC heap before
{Heap before GC invocations=24 (full 4):
 PSYoungGen      total 267776K, used 256227K [0x00000000eaa80000, 0x0000000100000000, 0x0000000100000000)
  eden space 197632K, 100% used [0x00000000eaa80000,0x00000000f6b80000,0x00000000f6b80000)
  from space 70144K, 83% used [0x00000000f6b80000,0x00000000fa4b8d58,0x00000000fb000000)
  to   space 76800K, 0% used [0x00000000fb500000,0x00000000fb500000,0x0000000100000000)
 ParOldGen       total 380416K, used 243399K [0x00000000c0000000, 0x00000000d7380000, 0x00000000eaa80000)
  object space 380416K, 63% used [0x00000000c0000000,0x00000000cedb1cc8,0x00000000d7380000)
 PSPermGen       total 21504K, used 6160K [0x00000000b5a00000, 0x00000000b6f00000, 0x00000000c0000000)
  object space 21504K, 28% used [0x00000000b5a00000,0x00000000b60041e0,0x00000000b6f00000)
Event: 15.874 GC heap after
Heap after GC invocations=24 (full 4):
 PSYoungGen      total 243200K, used 76789K [0x00000000eaa80000, 0x0000000100000000, 0x0000000100000000)
  eden space 166400K, 0% used [0x00000000eaa80000,0x00000000eaa80000,0x00000000f4d00000)
  from space 76800K, 99% used [0x00000000fb500000,0x00000000ffffd7c0,0x0000000100000000)
  to   space 91648K, 0% used [0x00000000f4d00000,0x00000000f4d00000,0x00000000fa680000)
 ParOldGen       total 380416K, used 251778K [0x00000000c0000000, 0x00000000d7380000, 0x00000000eaa80000)
  object space 380416K, 66% used [0x00000000c0000000,0x00000000cf5e0a68,0x00000000d7380000)
 PSPermGen       total 21504K, used 6160K [0x00000000b5a00000, 0x00000000b6f00000, 0x00000000c0000000)
  object space 21504K, 28% used [0x00000000b5a00000,0x00000000b60041e0,0x00000000b6f00000)
}
Event: 16.271 GC heap before
{Heap before GC invocations=25 (full 4):
 PSYoungGen      total 243200K, used 243189K [0x00000000eaa80000, 0x0000000100000000, 0x0000000100000000)
  eden space 166400K, 100% used [0x00000000eaa80000,0x00000000f4d00000,0x00000000f4d00000)
  from space 76800K, 99% used [0x00000000fb500000,0x00000000ffffd7c0,0x0000000100000000)
  to   space 91648K, 0% used [0x00000000f4d00000,0x00000000f4d00000,0x00000000fa680000)
 ParOldGen       total 380416K, used 251778K [0x00000000c0000000, 0x00000000d7380000, 0x00000000eaa80000)
  object space 380416K, 66% used [0x00000000c0000000,0x00000000cf5e0a68,0x00000000d7380000)
 PSPermGen       total 21504K, used 6160K [0x00000000b5a00000, 0x00000000b6f00000, 0x00000000c0000000)
  object space 21504K, 28% used [0x00000000b5a00000,0x00000000b60041e0,0x00000000b6f00000)
Event: 16.379 GC heap after
Heap after GC invocations=25 (full 4):
 PSYoungGen      total 243200K, used 76673K [0x00000000eaa80000, 0x0000000100000000, 0x0000000100000000)
  eden space 166400K, 0% used [0x00000000eaa80000,0x00000000eaa80000,0x00000000f4d00000)
  from space 76800K, 99% used [0x00000000f4d00000,0x00000000f97e04b0,0x00000000f9800000)
  to   space 100864K, 0% used [0x00000000f9d80000,0x00000000f9d80000,0x0000000100000000)
 ParOldGen       total 380416K, used 276658K [0x00000000c0000000, 0x00000000d7380000, 0x00000000eaa80000)
  object space 380416K, 72% used [0x00000000c0000000,0x00000000d0e2cbc0,0x00000000d7380000)
 PSPermGen       total 21504K, used 6160K [0x00000000b5a00000, 0x00000000b6f00000, 0x00000000c0000000)
  object space 21504K, 28% used [0x00000000b5a00000,0x00000000b60041e0,0x00000000b6f00000)
}
Event: 16.760 GC heap before
{Heap before GC invocations=26 (full 4):
 PSYoungGen      total 243200K, used 243073K [0x00000000eaa80000, 0x0000000100000000, 0x0000000100000000)
  eden space 166400K, 100% used [0x00000000eaa80000,0x00000000f4d00000,0x00000000f4d00000)
  from space 76800K, 99% used [0x00000000f4d00000,0x00000000f97e04b0,0x00000000f9800000)
  to   space 100864K, 0% used [0x00000000f9d80000,0x00000000f9d80000,0x0000000100000000)
 ParOldGen       total 380416K, used 276658K [0x00000000c0000000, 0x00000000d7380000, 0x00000000eaa80000)
  object space 380416K, 72% used [0x00000000c0000000,0x00000000d0e2cbc0,0x00000000d7380000)
 PSPermGen       total 21504K, used 6164K [0x00000000b5a00000, 0x00000000b6f00000, 0x00000000c0000000)
  object space 21504K, 28% used [0x00000000b5a00000,0x00000000b60050f0,0x00000000b6f00000)
Event: 16.854 GC heap after
Heap after GC invocations=26 (full 4):
 PSYoungGen      total 218112K, used 100840K [0x00000000eaa80000, 0x0000000100000000, 0x0000000100000000)
  eden space 117248K, 0% used [0x00000000eaa80000,0x00000000eaa80000,0x00000000f1d00000)
  from space 100864K, 99% used [0x00000000f9d80000,0x00000000ffffa2a0,0x0000000100000000)
  to   space 116224K, 0% used [0x00000000f1d00000,0x00000000f1d00000,0x00000000f8e80000)
 ParOldGen       total 380416K, used 278063K [0x00000000c0000000, 0x00000000d7380000, 0x00000000eaa80000)
  object space 380416K, 73% used [0x00000000c0000000,0x00000000d0f8bd00,0x00000000d7380000)
 PSPermGen       total 21504K, used 6164K [0x00000000b5a00000, 0x00000000b6f00000, 0x00000000c0000000)
  object space 21504K, 28% used [0x00000000b5a00000,0x00000000b60050f0,0x00000000b6f00000)
}
Event: 17.137 GC heap before
{Heap before GC invocations=27 (full 4):
 PSYoungGen      total 218112K, used 218088K [0x00000000eaa80000, 0x0000000100000000, 0x0000000100000000)
  eden space 117248K, 100% used [0x00000000eaa80000,0x00000000f1d00000,0x00000000f1d00000)
  from space 100864K, 99% used [0x00000000f9d80000,0x00000000ffffa2a0,0x0000000100000000)
  to   space 116224K, 0% used [0x00000000f1d00000,0x00000000f1d00000,0x00000000f8e80000)
 ParOldGen       total 380416K, used 278063K [0x00000000c0000000, 0x00000000d7380000, 0x00000000eaa80000)
  object space 380416K, 73% used [0x00000000c0000000,0x00000000d0f8bd00,0x00000000d7380000)
 PSPermGen       total 21504K, used 6169K [0x00000000b5a00000, 0x00000000b6f00000, 0x00000000c0000000)
  object space 21504K, 28% used [0x00000000b5a00000,0x00000000b6006638,0x00000000b6f00000)
Event: 17.291 GC heap after
Heap after GC invocations=27 (full 4):
 PSYoungGen      total 233472K, used 67727K [0x00000000eaa80000, 0x0000000100000000, 0x0000000100000000)
  eden space 117248K, 0% used [0x00000000eaa80000,0x00000000eaa80000,0x00000000f1d00000)
  from space 116224K, 58% used [0x00000000f1d00000,0x00000000f5f23ed0,0x00000000f8e80000)
  to   space 116224K, 0% used [0x00000000f8e80000,0x00000000f8e80000,0x0000000100000000)
 ParOldGen       total 380416K, used 329502K [0x00000000c0000000, 0x00000000d7380000, 0x00000000eaa80000)
  object space 380416K, 86% used [0x00000000c0000000,0x00000000d41c7840,0x00000000d7380000)
 PSPermGen       total 21504K, used 6169K [0x00000000b5a00000, 0x00000000b6f00000, 0x00000000c0000000)
  object space 21504K, 28% used [0x00000000b5a00000,0x00000000b6006638,0x00000000b6f00000)
}
Event: 17.291 GC heap before
{Heap before GC invocations=28 (full 5):
 PSYoungGen      total 233472K, used 67727K [0x00000000eaa80000, 0x0000000100000000, 0x0000000100000000)
  eden space 117248K, 0% used [0x00000000eaa80000,0x00000000eaa80000,0x00000000f1d00000)
  from space 116224K, 58% used [0x00000000f1d00000,0x00000000f5f23ed0,0x00000000f8e80000)
  to   space 116224K, 0% used [0x00000000f8e80000,0x00000000f8e80000,0x0000000100000000)
 ParOldGen       total 380416K, used 329502K [0x00000000c0000000, 0x00000000d7380000, 0x00000000eaa80000)
  object space 380416K, 86% used [0x00000000c0000000,0x00000000d41c7840,0x00000000d7380000)
 PSPermGen       total 21504K, used 6169K [0x00000000b5a00000, 0x00000000b6f00000, 0x00000000c0000000)
  object space 21504K, 28% used [0x00000000b5a00000,0x00000000b6006638,0x00000000b6f00000)

