# JRE version: OpenJDK Runtime Environment (7.0_95) (build 1.7.0_95-b00)
# Java VM: OpenJDK 64-Bit Server VM (24.95-b01 mixed mode linux-amd64 compressed oops)
Heap
 PSYoungGen      total 233472K, used 14913K [0x00000000eaa80000, 0x0000000100000000, 0x0000000100000000)
  eden space 117248K, 0% used [0x00000000eaa80000,0x00000000eaa80000,0x00000000f1d00000)
  from space 116224K, 12% used [0x00000000f8e80000,0x00000000f9d10470,0x0000000100000000)
  to   space 116224K, 0% used [0x00000000f1d00000,0x00000000f1d00000,0x00000000f8e80000)
 ParOldGen       total 534528K, used 534227K [0x00000000c0000000, 0x00000000e0a00000, 0x00000000eaa80000)
  object space 534528K, 99% used [0x00000000c0000000,0x00000000e09b4c98,0x00000000e0a00000)
 PSPermGen       total 21504K, used 6213K [0x00000000b5a00000, 0x00000000b6f00000, 0x00000000c0000000)
  object space 21504K, 28% used [0x00000000b5a00000,0x00000000b6011760,0x00000000b6f00000)
GC Heap History (10 events):
Event: 20.056 GC heap after
Heap after GC invocations=33 (full 5):
 PSYoungGen      total 226816K, used 78741K [0x00000000eaa80000, 0x0000000100000000, 0x0000000100000000)
  eden space 118784K, 0% used [0x00000000eaa80000,0x00000000eaa80000,0x00000000f1e80000)
  from space 108032K, 72% used [0x00000000f8e00000,0x00000000fdae5790,0x00000000ff780000)
  to   space 114176K, 0% used [0x00000000f1e80000,0x00000000f1e80000,0x00000000f8e00000)
 ParOldGen       total 534528K, used 397496K [0x00000000c0000000, 0x00000000e0a00000, 0x00000000eaa80000)
  object space 534528K, 74% used [0x00000000c0000000,0x00000000d842e280,0x00000000e0a00000)
 PSPermGen       total 21504K, used 6199K [0x00000000b5a00000, 0x00000000b6f00000, 0x00000000c0000000)
  object space 21504K, 28% used [0x00000000b5a00000,0x00000000b600dee0,0x00000000b6f00000)
}
Event: 20.328 GC heap before
{Heap before GC invocations=34 (full 5):
 PSYoungGen      total 226816K, used 197525K [0x00000000eaa80000, 0x0000000100000000, 0x0000000100000000)
  eden space 118784K, 100% used [0x00000000eaa80000,0x00000000f1e80000,0x00000000f1e80000)
  from space 108032K, 72% used [0x00000000f8e00000,0x00000000fdae5790,0x00000000ff780000)
  to   space 114176K, 0% used [0x00000000f1e80000,0x00000000f1e80000,0x00000000f8e00000)
 ParOldGen       total 534528K, used 397496K [0x00000000c0000000, 0x00000000e0a00000, 0x00000000eaa80000)
  object space 534528K, 74% used [0x00000000c0000000,0x00000000d842e280,0x00000000e0a00000)
 PSPermGen       total 21504K, used 6203K [0x00000000b5a00000, 0x00000000b6f00000, 0x00000000c0000000)
  object space 21504K, 28% used [0x00000000b5a00000,0x00000000b600edc0,0x00000000b6f00000)
Event: 20.415 GC heap after
Heap after GC invocations=34 (full 5):
 PSYoungGen      total 232960K, used 97462K [0x00000000eaa80000, 0x0000000100000000, 0x0000000100000000)
  eden space 118784K, 0% used [0x00000000eaa80000,0x00000000eaa80000,0x00000000f1e80000)
  from space 114176K, 85% used [0x00000000f1e80000,0x00000000f7dad850,0x00000000f8e00000)
  to   space 116224K, 0% used [0x00000000f8e80000,0x00000000f8e80000,0x0000000100000000)
 ParOldGen       total 534528K, used 397496K [0x00000000c0000000, 0x00000000e0a00000, 0x00000000eaa80000)
  object space 534528K, 74% used [0x00000000c0000000,0x00000000d842e280,0x00000000e0a00000)
 PSPermGen       total 21504K, used 6203K [0x00000000b5a00000, 0x00000000b6f00000, 0x00000000c0000000)
  object space 21504K, 28% used [0x00000000b5a00000,0x00000000b600edc0,0x00000000b6f00000)
}
Event: 20.675 GC heap before
{Heap before GC invocations=35 (full 5):
 PSYoungGen      total 232960K, used 216246K [0x00000000eaa80000, 0x0000000100000000, 0x0000000100000000)
  eden space 118784K, 100% used [0x00000000eaa80000,0x00000000f1e80000,0x00000000f1e80000)
  from space 114176K, 85% used [0x00000000f1e80000,0x00000000f7dad850,0x00000000f8e00000)
  to   space 116224K, 0% used [0x00000000f8e80000,0x00000000f8e80000,0x0000000100000000)
 ParOldGen       total 534528K, used 397496K [0x00000000c0000000, 0x00000000e0a00000, 0x00000000eaa80000)
  object space 534528K, 74% used [0x00000000c0000000,0x00000000d842e280,0x00000000e0a00000)
 PSPermGen       total 21504K, used 6204K [0x00000000b5a00000, 0x00000000b6f00000, 0x00000000c0000000)
  object space 21504K, 28% used [0x00000000b5a00000,0x00000000b600f158,0x00000000b6f00000)
Event: 20.830 GC heap after
Heap after GC invocations=35 (full 5):
 PSYoungGen      total 233472K, used 80423K [0x00000000eaa80000, 0x0000000100000000, 0x0000000100000000)
  eden space 117248K, 0% used [0x00000000eaa80000,0x00000000eaa80000,0x00000000f1d00000)
  from space 116224K, 69% used [0x00000000f8e80000,0x00000000fdd09d70,0x0000000100000000)
  to   space 116224K, 0% used [0x00000000f1d00000,0x00000000f1d00000,0x00000000f8e80000)
 ParOldGen       total 534528K, used 434613K [0x00000000c0000000, 0x00000000e0a00000, 0x00000000eaa80000)
  object space 534528K, 81% used [0x00000000c0000000,0x00000000da86d480,0x00000000e0a00000)
 PSPermGen       total 21504K, used 6204K [0x00000000b5a00000, 0x00000000b6f00000, 0x00000000c0000000)
  object space 21504K, 28% used [0x00000000b5a00000,0x00000000b600f158,0x00000000b6f00000)
}
Event: 21.100 GC heap before
{Heap before GC invocations=36 (full 5):
 PSYoungGen      total 233472K, used 197671K [0x00000000eaa80000, 0x0000000100000000, 0x0000000100000000)
  eden space 117248K, 100% used [0x00000000eaa80000,0x00000000f1d00000,0x00000000f1d00000)
  from space 116224K, 69% used [0x00000000f8e80000,0x00000000fdd09d70,0x0000000100000000)
  to   space 116224K, 0% used [0x00000000f1d00000,0x00000000f1d00000,0x00000000f8e80000)
 ParOldGen       total 534528K, used 434613K [0x00000000c0000000, 0x00000000e0a00000, 0x00000000eaa80000)
  object space 534528K, 81% used [0x00000000c0000000,0x00000000da86d480,0x00000000e0a00000)
 PSPermGen       total 21504K, used 6213K [0x00000000b5a00000, 0x00000000b6f00000, 0x00000000c0000000)
  object space 21504K, 28% used [0x00000000b5a00000,0x00000000b60115b8,0x00000000b6f00000)
Event: 21.233 GC heap after
Heap after GC invocations=36 (full 5):
 PSYoungGen      total 233472K, used 56559K [0x00000000eaa80000, 0x0000000100000000, 0x0000000100000000)
  eden space 117248K, 0% used [0x00000000eaa80000,0x00000000eaa80000,0x00000000f1d00000)
  from space 116224K, 48% used [0x00000000f1d00000,0x00000000f543bff0,0x00000000f8e80000)
  to   space 116224K, 0% used [0x00000000f8e80000,0x00000000f8e80000,0x0000000100000000)
 ParOldGen       total 534528K, used 475395K [0x00000000c0000000, 0x00000000e0a00000, 0x00000000eaa80000)
  object space 534528K, 88% used [0x00000000c0000000,0x00000000dd040c70,0x00000000e0a00000)
 PSPermGen       total 21504K, used 6213K [0x00000000b5a00000, 0x00000000b6f00000, 0x00000000c0000000)
  object space 21504K, 28% used [0x00000000b5a00000,0x00000000b60115b8,0x00000000b6f00000)
}
Event: 21.615 GC heap before
{Heap before GC invocations=37 (full 5):
 PSYoungGen      total 233472K, used 173807K [0x00000000eaa80000, 0x0000000100000000, 0x0000000100000000)
  eden space 117248K, 100% used [0x00000000eaa80000,0x00000000f1d00000,0x00000000f1d00000)
  from space 116224K, 48% used [0x00000000f1d00000,0x00000000f543bff0,0x00000000f8e80000)
  to   space 116224K, 0% used [0x00000000f8e80000,0x00000000f8e80000,0x0000000100000000)
 ParOldGen       total 534528K, used 475395K [0x00000000c0000000, 0x00000000e0a00000, 0x00000000eaa80000)
  object space 534528K, 88% used [0x00000000c0000000,0x00000000dd040c70,0x00000000e0a00000)
 PSPermGen       total 21504K, used 6214K [0x00000000b5a00000, 0x00000000b6f00000, 0x00000000c0000000)
  object space 21504K, 28% used [0x00000000b5a00000,0x00000000b6011820,0x00000000b6f00000)
Event: 21.732 GC heap after
Heap after GC invocations=37 (full 5):
 PSYoungGen      total 233472K, used 37111K [0x00000000eaa80000, 0x0000000100000000, 0x0000000100000000)
  eden space 117248K, 0% used [0x00000000eaa80000,0x00000000eaa80000,0x00000000f1d00000)
  from space 116224K, 31% used [0x00000000f8e80000,0x00000000fb2bdf18,0x0000000100000000)
  to   space 116224K, 0% used [0x00000000f1d00000,0x00000000f1d00000,0x00000000f8e80000)
 ParOldGen       total 534528K, used 513791K [0x00000000c0000000, 0x00000000e0a00000, 0x00000000eaa80000)
  object space 534528K, 96% used [0x00000000c0000000,0x00000000df5bff68,0x00000000e0a00000)
 PSPermGen       total 21504K, used 6214K [0x00000000b5a00000, 0x00000000b6f00000, 0x00000000c0000000)
  object space 21504K, 28% used [0x00000000b5a00000,0x00000000b6011820,0x00000000b6f00000)
}
Event: 21.734 GC heap before
{Heap before GC invocations=38 (full 6):
 PSYoungGen      total 233472K, used 37111K [0x00000000eaa80000, 0x0000000100000000, 0x0000000100000000)
  eden space 117248K, 0% used [0x00000000eaa80000,0x00000000eaa80000,0x00000000f1d00000)
  from space 116224K, 31% used [0x00000000f8e80000,0x00000000fb2bdf18,0x0000000100000000)
  to   space 116224K, 0% used [0x00000000f1d00000,0x00000000f1d00000,0x00000000f8e80000)
 ParOldGen       total 534528K, used 513791K [0x00000000c0000000, 0x00000000e0a00000, 0x00000000eaa80000)
  object space 534528K, 96% used [0x00000000c0000000,0x00000000df5bff68,0x00000000e0a00000)
 PSPermGen       total 21504K, used 6214K [0x00000000b5a00000, 0x00000000b6f00000, 0x00000000c0000000)
  object space 21504K, 28% used [0x00000000b5a00000,0x00000000b6011820,0x00000000b6f00000)

