# JRE version: OpenJDK Runtime Environment (7.0_95) (build 1.7.0_95-b00)
# Java VM: OpenJDK 64-Bit Server VM (24.95-b01 mixed mode linux-amd64 compressed oops)
Heap
 PSYoungGen      total 233472K, used 37451K [0x00000000eaa80000, 0x0000000100000000, 0x0000000100000000)
  eden space 117248K, 0% used [0x00000000eaa80000,0x00000000eaa80000,0x00000000f1d00000)
  from space 116224K, 32% used [0x00000000f8e80000,0x00000000fb312ec0,0x0000000100000000)
  to   space 116224K, 0% used [0x00000000f1d00000,0x00000000f1d00000,0x00000000f8e80000)
 ParOldGen       total 363008K, used 362833K [0x00000000c0000000, 0x00000000d6280000, 0x00000000eaa80000)
  object space 363008K, 99% used [0x00000000c0000000,0x00000000d62544d0,0x00000000d6280000)
 PSPermGen       total 21504K, used 6168K [0x00000000b5a00000, 0x00000000b6f00000, 0x00000000c0000000)
  object space 21504K, 28% used [0x00000000b5a00000,0x00000000b6006138,0x00000000b6f00000)
GC Heap History (10 events):
Event: 28.857 GC heap after
Heap after GC invocations=22 (full 4):
 PSYoungGen      total 251392K, used 63647K [0x00000000eaa80000, 0x0000000100000000, 0x0000000100000000)
  eden space 160256K, 0% used [0x00000000eaa80000,0x00000000eaa80000,0x00000000f4700000)
  from space 91136K, 69% used [0x00000000fa700000,0x00000000fe527f58,0x0000000100000000)
  to   space 94720K, 0% used [0x00000000f4700000,0x00000000f4700000,0x00000000fa380000)
 ParOldGen       total 363008K, used 259128K [0x00000000c0000000, 0x00000000d6280000, 0x00000000eaa80000)
  object space 363008K, 71% used [0x00000000c0000000,0x00000000cfd0e2f0,0x00000000d6280000)
 PSPermGen       total 21504K, used 6162K [0x00000000b5a00000, 0x00000000b6f00000, 0x00000000c0000000)
  object space 21504K, 28% used [0x00000000b5a00000,0x00000000b6004998,0x00000000b6f00000)
}
Event: 29.471 GC heap before
{Heap before GC invocations=23 (full 4):
 PSYoungGen      total 251392K, used 223903K [0x00000000eaa80000, 0x0000000100000000, 0x0000000100000000)
  eden space 160256K, 100% used [0x00000000eaa80000,0x00000000f4700000,0x00000000f4700000)
  from space 91136K, 69% used [0x00000000fa700000,0x00000000fe527f58,0x0000000100000000)
  to   space 94720K, 0% used [0x00000000f4700000,0x00000000f4700000,0x00000000fa380000)
 ParOldGen       total 363008K, used 259128K [0x00000000c0000000, 0x00000000d6280000, 0x00000000eaa80000)
  object space 363008K, 71% used [0x00000000c0000000,0x00000000cfd0e2f0,0x00000000d6280000)
 PSPermGen       total 21504K, used 6163K [0x00000000b5a00000, 0x00000000b6f00000, 0x00000000c0000000)
  object space 21504K, 28% used [0x00000000b5a00000,0x00000000b6004fe0,0x00000000b6f00000)
Event: 29.837 GC heap after
Heap after GC invocations=23 (full 4):
 PSYoungGen      total 245248K, used 84970K [0x00000000eaa80000, 0x0000000100000000, 0x0000000100000000)
  eden space 160256K, 0% used [0x00000000eaa80000,0x00000000eaa80000,0x00000000f4700000)
  from space 84992K, 99% used [0x00000000f4700000,0x00000000f99fa940,0x00000000f9a00000)
  to   space 104448K, 0% used [0x00000000f9a00000,0x00000000f9a00000,0x0000000100000000)
 ParOldGen       total 363008K, used 259128K [0x00000000c0000000, 0x00000000d6280000, 0x00000000eaa80000)
  object space 363008K, 71% used [0x00000000c0000000,0x00000000cfd0e2f0,0x00000000d6280000)
 PSPermGen       total 21504K, used 6163K [0x00000000b5a00000, 0x00000000b6f00000, 0x00000000c0000000)
  object space 21504K, 28% used [0x00000000b5a00000,0x00000000b6004fe0,0x00000000b6f00000)
}
Event: 30.258 GC heap before
{Heap before GC invocations=24 (full 4):
 PSYoungGen      total 245248K, used 245226K [0x00000000eaa80000, 0x0000000100000000, 0x0000000100000000)
  eden space 160256K, 100% used [0x00000000eaa80000,0x00000000f4700000,0x00000000f4700000)
  from space 84992K, 99% used [0x00000000f4700000,0x00000000f99fa940,0x00000000f9a00000)
  to   space 104448K, 0% used [0x00000000f9a00000,0x00000000f9a00000,0x0000000100000000)
 ParOldGen       total 363008K, used 259128K [0x00000000c0000000, 0x00000000d6280000, 0x00000000eaa80000)
  object space 363008K, 71% used [0x00000000c0000000,0x00000000cfd0e2f0,0x00000000d6280000)
 PSPermGen       total 21504K, used 6163K [0x00000000b5a00000, 0x00000000b6f00000, 0x00000000c0000000)
  object space 21504K, 28% used [0x00000000b5a00000,0x00000000b6004fe0,0x00000000b6f00000)
Event: 30.386 GC heap after
Heap after GC invocations=24 (full 4):
 PSYoungGen      total 221696K, used 91347K [0x00000000eaa80000, 0x0000000100000000, 0x0000000100000000)
  eden space 117248K, 0% used [0x00000000eaa80000,0x00000000eaa80000,0x00000000f1d00000)
  from space 104448K, 87% used [0x00000000f9a00000,0x00000000ff334fa8,0x0000000100000000)
  to   space 116224K, 0% used [0x00000000f1d00000,0x00000000f1d00000,0x00000000f8e80000)
 ParOldGen       total 363008K, used 275785K [0x00000000c0000000, 0x00000000d6280000, 0x00000000eaa80000)
  object space 363008K, 75% used [0x00000000c0000000,0x00000000d0d52790,0x00000000d6280000)
 PSPermGen       total 21504K, used 6163K [0x00000000b5a00000, 0x00000000b6f00000, 0x00000000c0000000)
  object space 21504K, 28% used [0x00000000b5a00000,0x00000000b6004fe0,0x00000000b6f00000)
}
Event: 30.695 GC heap before
{Heap before GC invocations=25 (full 4):
 PSYoungGen      total 221696K, used 208595K [0x00000000eaa80000, 0x0000000100000000, 0x0000000100000000)
  eden space 117248K, 100% used [0x00000000eaa80000,0x00000000f1d00000,0x00000000f1d00000)
  from space 104448K, 87% used [0x00000000f9a00000,0x00000000ff334fa8,0x0000000100000000)
  to   space 116224K, 0% used [0x00000000f1d00000,0x00000000f1d00000,0x00000000f8e80000)
 ParOldGen       total 363008K, used 275785K [0x00000000c0000000, 0x00000000d6280000, 0x00000000eaa80000)
  object space 363008K, 75% used [0x00000000c0000000,0x00000000d0d52790,0x00000000d6280000)
 PSPermGen       total 21504K, used 6165K [0x00000000b5a00000, 0x00000000b6f00000, 0x00000000c0000000)
  object space 21504K, 28% used [0x00000000b5a00000,0x00000000b6005638,0x00000000b6f00000)
Event: 30.831 GC heap after
Heap after GC invocations=25 (full 4):
 PSYoungGen      total 233472K, used 101021K [0x00000000eaa80000, 0x0000000100000000, 0x0000000100000000)
  eden space 117248K, 0% used [0x00000000eaa80000,0x00000000eaa80000,0x00000000f1d00000)
  from space 116224K, 86% used [0x00000000f1d00000,0x00000000f7fa7710,0x00000000f8e80000)
  to   space 116224K, 0% used [0x00000000f8e80000,0x00000000f8e80000,0x0000000100000000)
 ParOldGen       total 363008K, used 283682K [0x00000000c0000000, 0x00000000d6280000, 0x00000000eaa80000)
  object space 363008K, 78% used [0x00000000c0000000,0x00000000d1508be0,0x00000000d6280000)
 PSPermGen       total 21504K, used 6165K [0x00000000b5a00000, 0x00000000b6f00000, 0x00000000c0000000)
  object space 21504K, 28% used [0x00000000b5a00000,0x00000000b6005638,0x00000000b6f00000)
}
Event: 31.250 GC heap before
{Heap before GC invocations=26 (full 4):
 PSYoungGen      total 233472K, used 218269K [0x00000000eaa80000, 0x0000000100000000, 0x0000000100000000)
  eden space 117248K, 100% used [0x00000000eaa80000,0x00000000f1d00000,0x00000000f1d00000)
  from space 116224K, 86% used [0x00000000f1d00000,0x00000000f7fa7710,0x00000000f8e80000)
  to   space 116224K, 0% used [0x00000000f8e80000,0x00000000f8e80000,0x0000000100000000)
 ParOldGen       total 363008K, used 283682K [0x00000000c0000000, 0x00000000d6280000, 0x00000000eaa80000)
  object space 363008K, 78% used [0x00000000c0000000,0x00000000d1508be0,0x00000000d6280000)
 PSPermGen       total 21504K, used 6168K [0x00000000b5a00000, 0x00000000b6f00000, 0x00000000c0000000)
  object space 21504K, 28% used [0x00000000b5a00000,0x00000000b60061f8,0x00000000b6f00000)
Event: 31.496 GC heap after
Heap after GC invocations=26 (full 4):
 PSYoungGen      total 233472K, used 80193K [0x00000000eaa80000, 0x0000000100000000, 0x0000000100000000)
  eden space 117248K, 0% used [0x00000000eaa80000,0x00000000eaa80000,0x00000000f1d00000)
  from space 116224K, 68% used [0x00000000f8e80000,0x00000000fdcd0430,0x0000000100000000)
  to   space 116224K, 0% used [0x00000000f1d00000,0x00000000f1d00000,0x00000000f8e80000)
 ParOldGen       total 363008K, used 322772K [0x00000000c0000000, 0x00000000d6280000, 0x00000000eaa80000)
  object space 363008K, 88% used [0x00000000c0000000,0x00000000d3b350e8,0x00000000d6280000)
 PSPermGen       total 21504K, used 6168K [0x00000000b5a00000, 0x00000000b6f00000, 0x00000000c0000000)
  object space 21504K, 28% used [0x00000000b5a00000,0x00000000b60061f8,0x00000000b6f00000)
}
Event: 31.496 GC heap before
{Heap before GC invocations=27 (full 5):
 PSYoungGen      total 233472K, used 80193K [0x00000000eaa80000, 0x0000000100000000, 0x0000000100000000)
  eden space 117248K, 0% used [0x00000000eaa80000,0x00000000eaa80000,0x00000000f1d00000)
  from space 116224K, 68% used [0x00000000f8e80000,0x00000000fdcd0430,0x0000000100000000)
  to   space 116224K, 0% used [0x00000000f1d00000,0x00000000f1d00000,0x00000000f8e80000)
 ParOldGen       total 363008K, used 322772K [0x00000000c0000000, 0x00000000d6280000, 0x00000000eaa80000)
  object space 363008K, 88% used [0x00000000c0000000,0x00000000d3b350e8,0x00000000d6280000)
 PSPermGen       total 21504K, used 6168K [0x00000000b5a00000, 0x00000000b6f00000, 0x00000000c0000000)
  object space 21504K, 28% used [0x00000000b5a00000,0x00000000b60061f8,0x00000000b6f00000)

