# JRE version: OpenJDK Runtime Environment (7.0_95) (build 1.7.0_95-b00)
# Java VM: OpenJDK 64-Bit Server VM (24.95-b01 mixed mode linux-amd64 compressed oops)
Heap
 PSYoungGen      total 240640K, used 2902K [0x00000000eaa80000, 0x0000000100000000, 0x0000000100000000)
  eden space 131584K, 0% used [0x00000000eaa80000,0x00000000eaa80000,0x00000000f2b00000)
  from space 109056K, 2% used [0x00000000f2b00000,0x00000000f2dd5ae8,0x00000000f9580000)
  to   space 104448K, 0% used [0x00000000f9a00000,0x00000000f9a00000,0x0000000100000000)
 ParOldGen       total 361984K, used 361777K [0x00000000c0000000, 0x00000000d6180000, 0x00000000eaa80000)
  object space 361984K, 99% used [0x00000000c0000000,0x00000000d614c560,0x00000000d6180000)
 PSPermGen       total 21504K, used 6160K [0x00000000b5a00000, 0x00000000b6f00000, 0x00000000c0000000)
  object space 21504K, 28% used [0x00000000b5a00000,0x00000000b6004268,0x00000000b6f00000)
GC Heap History (10 events):
Event: 17.320 GC heap after
Heap after GC invocations=21 (full 4):
 PSYoungGen      total 284672K, used 36728K [0x00000000eaa80000, 0x00000000ffe80000, 0x0000000100000000)
  eden space 221184K, 0% used [0x00000000eaa80000,0x00000000eaa80000,0x00000000f8280000)
  from space 63488K, 57% used [0x00000000f8280000,0x00000000fa65e318,0x00000000fc080000)
  to   space 63488K, 0% used [0x00000000fc080000,0x00000000fc080000,0x00000000ffe80000)
 ParOldGen       total 361984K, used 231005K [0x00000000c0000000, 0x00000000d6180000, 0x00000000eaa80000)
  object space 361984K, 63% used [0x00000000c0000000,0x00000000ce1975c0,0x00000000d6180000)
 PSPermGen       total 21504K, used 6154K [0x00000000b5a00000, 0x00000000b6f00000, 0x00000000c0000000)
  object space 21504K, 28% used [0x00000000b5a00000,0x00000000b6002a40,0x00000000b6f00000)
}
Event: 18.235 GC heap before
{Heap before GC invocations=22 (full 4):
 PSYoungGen      total 284672K, used 257912K [0x00000000eaa80000, 0x00000000ffe80000, 0x0000000100000000)
  eden space 221184K, 100% used [0x00000000eaa80000,0x00000000f8280000,0x00000000f8280000)
  from space 63488K, 57% used [0x00000000f8280000,0x00000000fa65e318,0x00000000fc080000)
  to   space 63488K, 0% used [0x00000000fc080000,0x00000000fc080000,0x00000000ffe80000)
 ParOldGen       total 361984K, used 231005K [0x00000000c0000000, 0x00000000d6180000, 0x00000000eaa80000)
  object space 361984K, 63% used [0x00000000c0000000,0x00000000ce1975c0,0x00000000d6180000)
 PSPermGen       total 21504K, used 6157K [0x00000000b5a00000, 0x00000000b6f00000, 0x00000000c0000000)
  object space 21504K, 28% used [0x00000000b5a00000,0x00000000b60036b0,0x00000000b6f00000)
Event: 18.317 GC heap after
Heap after GC invocations=22 (full 4):
 PSYoungGen      total 267776K, used 61619K [0x00000000eaa80000, 0x0000000100000000, 0x0000000100000000)
  eden space 204288K, 0% used [0x00000000eaa80000,0x00000000eaa80000,0x00000000f7200000)
  from space 63488K, 97% used [0x00000000fc080000,0x00000000ffcacca8,0x00000000ffe80000)
  to   space 72704K, 0% used [0x00000000f7200000,0x00000000f7200000,0x00000000fb900000)
 ParOldGen       total 361984K, used 231005K [0x00000000c0000000, 0x00000000d6180000, 0x00000000eaa80000)
  object space 361984K, 63% used [0x00000000c0000000,0x00000000ce1975c0,0x00000000d6180000)
 PSPermGen       total 21504K, used 6157K [0x00000000b5a00000, 0x00000000b6f00000, 0x00000000c0000000)
  object space 21504K, 28% used [0x00000000b5a00000,0x00000000b60036b0,0x00000000b6f00000)
}
Event: 19.018 GC heap before
{Heap before GC invocations=23 (full 4):
 PSYoungGen      total 267776K, used 265907K [0x00000000eaa80000, 0x0000000100000000, 0x0000000100000000)
  eden space 204288K, 100% used [0x00000000eaa80000,0x00000000f7200000,0x00000000f7200000)
  from space 63488K, 97% used [0x00000000fc080000,0x00000000ffcacca8,0x00000000ffe80000)
  to   space 72704K, 0% used [0x00000000f7200000,0x00000000f7200000,0x00000000fb900000)
 ParOldGen       total 361984K, used 231005K [0x00000000c0000000, 0x00000000d6180000, 0x00000000eaa80000)
  object space 361984K, 63% used [0x00000000c0000000,0x00000000ce1975c0,0x00000000d6180000)
 PSPermGen       total 21504K, used 6159K [0x00000000b5a00000, 0x00000000b6f00000, 0x00000000c0000000)
  object space 21504K, 28% used [0x00000000b5a00000,0x00000000b6003eb8,0x00000000b6f00000)
Event: 19.153 GC heap after
Heap after GC invocations=23 (full 4):
 PSYoungGen      total 276992K, used 72681K [0x00000000eaa80000, 0x0000000100000000, 0x0000000100000000)
  eden space 204288K, 0% used [0x00000000eaa80000,0x00000000eaa80000,0x00000000f7200000)
  from space 72704K, 99% used [0x00000000f7200000,0x00000000fb8fa708,0x00000000fb900000)
  to   space 72704K, 0% used [0x00000000fb900000,0x00000000fb900000,0x0000000100000000)
 ParOldGen       total 361984K, used 248226K [0x00000000c0000000, 0x00000000d6180000, 0x00000000eaa80000)
  object space 361984K, 68% used [0x00000000c0000000,0x00000000cf268bf8,0x00000000d6180000)
 PSPermGen       total 21504K, used 6159K [0x00000000b5a00000, 0x00000000b6f00000, 0x00000000c0000000)
  object space 21504K, 28% used [0x00000000b5a00000,0x00000000b6003eb8,0x00000000b6f00000)
}
Event: 19.845 GC heap before
{Heap before GC invocations=24 (full 4):
 PSYoungGen      total 276992K, used 276969K [0x00000000eaa80000, 0x0000000100000000, 0x0000000100000000)
  eden space 204288K, 100% used [0x00000000eaa80000,0x00000000f7200000,0x00000000f7200000)
  from space 72704K, 99% used [0x00000000f7200000,0x00000000fb8fa708,0x00000000fb900000)
  to   space 72704K, 0% used [0x00000000fb900000,0x00000000fb900000,0x0000000100000000)
 ParOldGen       total 361984K, used 248226K [0x00000000c0000000, 0x00000000d6180000, 0x00000000eaa80000)
  object space 361984K, 68% used [0x00000000c0000000,0x00000000cf268bf8,0x00000000d6180000)
 PSPermGen       total 21504K, used 6159K [0x00000000b5a00000, 0x00000000b6f00000, 0x00000000c0000000)
  object space 21504K, 28% used [0x00000000b5a00000,0x00000000b6003eb8,0x00000000b6f00000)
Event: 20.001 GC heap after
Heap after GC invocations=24 (full 4):
 PSYoungGen      total 204288K, used 72699K [0x00000000eaa80000, 0x0000000100000000, 0x0000000100000000)
  eden space 131584K, 0% used [0x00000000eaa80000,0x00000000eaa80000,0x00000000f2b00000)
  from space 72704K, 99% used [0x00000000fb900000,0x00000000ffffee48,0x0000000100000000)
  to   space 109056K, 0% used [0x00000000f2b00000,0x00000000f2b00000,0x00000000f9580000)
 ParOldGen       total 361984K, used 277033K [0x00000000c0000000, 0x00000000d6180000, 0x00000000eaa80000)
  object space 361984K, 76% used [0x00000000c0000000,0x00000000d0e8a648,0x00000000d6180000)
 PSPermGen       total 21504K, used 6159K [0x00000000b5a00000, 0x00000000b6f00000, 0x00000000c0000000)
  object space 21504K, 28% used [0x00000000b5a00000,0x00000000b6003eb8,0x00000000b6f00000)
}
Event: 20.439 GC heap before
{Heap before GC invocations=25 (full 4):
 PSYoungGen      total 204288K, used 204283K [0x00000000eaa80000, 0x0000000100000000, 0x0000000100000000)
  eden space 131584K, 100% used [0x00000000eaa80000,0x00000000f2b00000,0x00000000f2b00000)
  from space 72704K, 99% used [0x00000000fb900000,0x00000000ffffee48,0x0000000100000000)
  to   space 109056K, 0% used [0x00000000f2b00000,0x00000000f2b00000,0x00000000f9580000)
 ParOldGen       total 361984K, used 277033K [0x00000000c0000000, 0x00000000d6180000, 0x00000000eaa80000)
  object space 361984K, 76% used [0x00000000c0000000,0x00000000d0e8a648,0x00000000d6180000)
 PSPermGen       total 21504K, used 6160K [0x00000000b5a00000, 0x00000000b6f00000, 0x00000000c0000000)
  object space 21504K, 28% used [0x00000000b5a00000,0x00000000b6004348,0x00000000b6f00000)
Event: 20.624 GC heap after
Heap after GC invocations=25 (full 4):
 PSYoungGen      total 240640K, used 48080K [0x00000000eaa80000, 0x0000000100000000, 0x0000000100000000)
  eden space 131584K, 0% used [0x00000000eaa80000,0x00000000eaa80000,0x00000000f2b00000)
  from space 109056K, 44% used [0x00000000f2b00000,0x00000000f59f4328,0x00000000f9580000)
  to   space 104448K, 0% used [0x00000000f9a00000,0x00000000f9a00000,0x0000000100000000)
 ParOldGen       total 361984K, used 322043K [0x00000000c0000000, 0x00000000d6180000, 0x00000000eaa80000)
  object space 361984K, 88% used [0x00000000c0000000,0x00000000d3a7eec0,0x00000000d6180000)
 PSPermGen       total 21504K, used 6160K [0x00000000b5a00000, 0x00000000b6f00000, 0x00000000c0000000)
  object space 21504K, 28% used [0x00000000b5a00000,0x00000000b6004348,0x00000000b6f00000)
}
Event: 20.628 GC heap before
{Heap before GC invocations=26 (full 5):
 PSYoungGen      total 240640K, used 48080K [0x00000000eaa80000, 0x0000000100000000, 0x0000000100000000)
  eden space 131584K, 0% used [0x00000000eaa80000,0x00000000eaa80000,0x00000000f2b00000)
  from space 109056K, 44% used [0x00000000f2b00000,0x00000000f59f4328,0x00000000f9580000)
  to   space 104448K, 0% used [0x00000000f9a00000,0x00000000f9a00000,0x0000000100000000)
 ParOldGen       total 361984K, used 322043K [0x00000000c0000000, 0x00000000d6180000, 0x00000000eaa80000)
  object space 361984K, 88% used [0x00000000c0000000,0x00000000d3a7eec0,0x00000000d6180000)
 PSPermGen       total 21504K, used 6160K [0x00000000b5a00000, 0x00000000b6f00000, 0x00000000c0000000)
  object space 21504K, 28% used [0x00000000b5a00000,0x00000000b6004348,0x00000000b6f00000)

