# JRE version: OpenJDK Runtime Environment (7.0_95) (build 1.7.0_95-b00)
# Java VM: OpenJDK 64-Bit Server VM (24.95-b01 mixed mode linux-amd64 compressed oops)
Heap
 PSYoungGen      total 233472K, used 32273K [0x00000000eaa80000, 0x0000000100000000, 0x0000000100000000)
  eden space 117248K, 0% used [0x00000000eaa80000,0x00000000eaa80000,0x00000000f1d00000)
  from space 116224K, 27% used [0x00000000f8e80000,0x00000000fae047a8,0x0000000100000000)
  to   space 116224K, 0% used [0x00000000f1d00000,0x00000000f1d00000,0x00000000f8e80000)
 ParOldGen       total 392192K, used 391740K [0x00000000c0000000, 0x00000000d7f00000, 0x00000000eaa80000)
  object space 392192K, 99% used [0x00000000c0000000,0x00000000d7e8f250,0x00000000d7f00000)
 PSPermGen       total 21504K, used 6202K [0x00000000b5a00000, 0x00000000b6f00000, 0x00000000c0000000)
  object space 21504K, 28% used [0x00000000b5a00000,0x00000000b600eb90,0x00000000b6f00000)
GC Heap History (10 events):
Event: 16.349 GC heap after
Heap after GC invocations=24 (full 4):
 PSYoungGen      total 240128K, used 64039K [0x00000000eaa80000, 0x00000000ffd80000, 0x0000000100000000)
  eden space 138240K, 0% used [0x00000000eaa80000,0x00000000eaa80000,0x00000000f3180000)
  from space 101888K, 62% used [0x00000000f9a00000,0x00000000fd889d08,0x00000000ffd80000)
  to   space 104448K, 0% used [0x00000000f3180000,0x00000000f3180000,0x00000000f9780000)
 ParOldGen       total 392192K, used 283973K [0x00000000c0000000, 0x00000000d7f00000, 0x00000000eaa80000)
  object space 392192K, 72% used [0x00000000c0000000,0x00000000d15514f8,0x00000000d7f00000)
 PSPermGen       total 21504K, used 6161K [0x00000000b5a00000, 0x00000000b6f00000, 0x00000000c0000000)
  object space 21504K, 28% used [0x00000000b5a00000,0x00000000b6004598,0x00000000b6f00000)
}
Event: 16.636 GC heap before
{Heap before GC invocations=25 (full 4):
 PSYoungGen      total 240128K, used 202279K [0x00000000eaa80000, 0x00000000ffd80000, 0x0000000100000000)
  eden space 138240K, 100% used [0x00000000eaa80000,0x00000000f3180000,0x00000000f3180000)
  from space 101888K, 62% used [0x00000000f9a00000,0x00000000fd889d08,0x00000000ffd80000)
  to   space 104448K, 0% used [0x00000000f3180000,0x00000000f3180000,0x00000000f9780000)
 ParOldGen       total 392192K, used 283973K [0x00000000c0000000, 0x00000000d7f00000, 0x00000000eaa80000)
  object space 392192K, 72% used [0x00000000c0000000,0x00000000d15514f8,0x00000000d7f00000)
 PSPermGen       total 21504K, used 6161K [0x00000000b5a00000, 0x00000000b6f00000, 0x00000000c0000000)
  object space 21504K, 28% used [0x00000000b5a00000,0x00000000b6004598,0x00000000b6f00000)
Event: 16.711 GC heap after
Heap after GC invocations=25 (full 4):
 PSYoungGen      total 222208K, used 83905K [0x00000000eaa80000, 0x0000000100000000, 0x0000000100000000)
  eden space 138240K, 0% used [0x00000000eaa80000,0x00000000eaa80000,0x00000000f3180000)
  from space 83968K, 99% used [0x00000000f3180000,0x00000000f83706b8,0x00000000f8380000)
  to   space 112128K, 0% used [0x00000000f9280000,0x00000000f9280000,0x0000000100000000)
 ParOldGen       total 392192K, used 283973K [0x00000000c0000000, 0x00000000d7f00000, 0x00000000eaa80000)
  object space 392192K, 72% used [0x00000000c0000000,0x00000000d15514f8,0x00000000d7f00000)
 PSPermGen       total 21504K, used 6161K [0x00000000b5a00000, 0x00000000b6f00000, 0x00000000c0000000)
  object space 21504K, 28% used [0x00000000b5a00000,0x00000000b6004598,0x00000000b6f00000)
}
Event: 16.999 GC heap before
{Heap before GC invocations=26 (full 4):
 PSYoungGen      total 222208K, used 222145K [0x00000000eaa80000, 0x0000000100000000, 0x0000000100000000)
  eden space 138240K, 100% used [0x00000000eaa80000,0x00000000f3180000,0x00000000f3180000)
  from space 83968K, 99% used [0x00000000f3180000,0x00000000f83706b8,0x00000000f8380000)
  to   space 112128K, 0% used [0x00000000f9280000,0x00000000f9280000,0x0000000100000000)
 ParOldGen       total 392192K, used 283973K [0x00000000c0000000, 0x00000000d7f00000, 0x00000000eaa80000)
  object space 392192K, 72% used [0x00000000c0000000,0x00000000d15514f8,0x00000000d7f00000)
 PSPermGen       total 21504K, used 6167K [0x00000000b5a00000, 0x00000000b6f00000, 0x00000000c0000000)
  object space 21504K, 28% used [0x00000000b5a00000,0x00000000b6005f68,0x00000000b6f00000)
Event: 17.090 GC heap after
Heap after GC invocations=26 (full 4):
 PSYoungGen      total 229376K, used 104551K [0x00000000eaa80000, 0x0000000100000000, 0x0000000100000000)
  eden space 117248K, 0% used [0x00000000eaa80000,0x00000000eaa80000,0x00000000f1d00000)
  from space 112128K, 93% used [0x00000000f9280000,0x00000000ff899de0,0x0000000100000000)
  to   space 116224K, 0% used [0x00000000f1d00000,0x00000000f1d00000,0x00000000f8e80000)
 ParOldGen       total 392192K, used 283973K [0x00000000c0000000, 0x00000000d7f00000, 0x00000000eaa80000)
  object space 392192K, 72% used [0x00000000c0000000,0x00000000d15514f8,0x00000000d7f00000)
 PSPermGen       total 21504K, used 6167K [0x00000000b5a00000, 0x00000000b6f00000, 0x00000000c0000000)
  object space 21504K, 28% used [0x00000000b5a00000,0x00000000b6005f68,0x00000000b6f00000)
}
Event: 17.343 GC heap before
{Heap before GC invocations=27 (full 4):
 PSYoungGen      total 229376K, used 221799K [0x00000000eaa80000, 0x0000000100000000, 0x0000000100000000)
  eden space 117248K, 100% used [0x00000000eaa80000,0x00000000f1d00000,0x00000000f1d00000)
  from space 112128K, 93% used [0x00000000f9280000,0x00000000ff899de0,0x0000000100000000)
  to   space 116224K, 0% used [0x00000000f1d00000,0x00000000f1d00000,0x00000000f8e80000)
 ParOldGen       total 392192K, used 283973K [0x00000000c0000000, 0x00000000d7f00000, 0x00000000eaa80000)
  object space 392192K, 72% used [0x00000000c0000000,0x00000000d15514f8,0x00000000d7f00000)
 PSPermGen       total 21504K, used 6168K [0x00000000b5a00000, 0x00000000b6f00000, 0x00000000c0000000)
  object space 21504K, 28% used [0x00000000b5a00000,0x00000000b6006178,0x00000000b6f00000)
Event: 17.453 GC heap after
Heap after GC invocations=27 (full 4):
 PSYoungGen      total 233472K, used 91295K [0x00000000eaa80000, 0x0000000100000000, 0x0000000100000000)
  eden space 117248K, 0% used [0x00000000eaa80000,0x00000000eaa80000,0x00000000f1d00000)
  from space 116224K, 78% used [0x00000000f1d00000,0x00000000f7627f40,0x00000000f8e80000)
  to   space 116224K, 0% used [0x00000000f8e80000,0x00000000f8e80000,0x0000000100000000)
 ParOldGen       total 392192K, used 315207K [0x00000000c0000000, 0x00000000d7f00000, 0x00000000eaa80000)
  object space 392192K, 80% used [0x00000000c0000000,0x00000000d33d1dc8,0x00000000d7f00000)
 PSPermGen       total 21504K, used 6168K [0x00000000b5a00000, 0x00000000b6f00000, 0x00000000c0000000)
  object space 21504K, 28% used [0x00000000b5a00000,0x00000000b6006178,0x00000000b6f00000)
}
Event: 17.785 GC heap before
{Heap before GC invocations=28 (full 4):
 PSYoungGen      total 233472K, used 208543K [0x00000000eaa80000, 0x0000000100000000, 0x0000000100000000)
  eden space 117248K, 100% used [0x00000000eaa80000,0x00000000f1d00000,0x00000000f1d00000)
  from space 116224K, 78% used [0x00000000f1d00000,0x00000000f7627f40,0x00000000f8e80000)
  to   space 116224K, 0% used [0x00000000f8e80000,0x00000000f8e80000,0x0000000100000000)
 ParOldGen       total 392192K, used 315207K [0x00000000c0000000, 0x00000000d7f00000, 0x00000000eaa80000)
  object space 392192K, 80% used [0x00000000c0000000,0x00000000d33d1dc8,0x00000000d7f00000)
 PSPermGen       total 21504K, used 6202K [0x00000000b5a00000, 0x00000000b6f00000, 0x00000000c0000000)
  object space 21504K, 28% used [0x00000000b5a00000,0x00000000b600ebd0,0x00000000b6f00000)
Event: 17.901 GC heap after
Heap after GC invocations=28 (full 4):
 PSYoungGen      total 233472K, used 77504K [0x00000000eaa80000, 0x0000000100000000, 0x0000000100000000)
  eden space 117248K, 0% used [0x00000000eaa80000,0x00000000eaa80000,0x00000000f1d00000)
  from space 116224K, 66% used [0x00000000f8e80000,0x00000000fda30188,0x0000000100000000)
  to   space 116224K, 0% used [0x00000000f1d00000,0x00000000f1d00000,0x00000000f8e80000)
 ParOldGen       total 392192K, used 347960K [0x00000000c0000000, 0x00000000d7f00000, 0x00000000eaa80000)
  object space 392192K, 88% used [0x00000000c0000000,0x00000000d53ce1e0,0x00000000d7f00000)
 PSPermGen       total 21504K, used 6202K [0x00000000b5a00000, 0x00000000b6f00000, 0x00000000c0000000)
  object space 21504K, 28% used [0x00000000b5a00000,0x00000000b600ebd0,0x00000000b6f00000)
}
Event: 17.901 GC heap before
{Heap before GC invocations=29 (full 5):
 PSYoungGen      total 233472K, used 77504K [0x00000000eaa80000, 0x0000000100000000, 0x0000000100000000)
  eden space 117248K, 0% used [0x00000000eaa80000,0x00000000eaa80000,0x00000000f1d00000)
  from space 116224K, 66% used [0x00000000f8e80000,0x00000000fda30188,0x0000000100000000)
  to   space 116224K, 0% used [0x00000000f1d00000,0x00000000f1d00000,0x00000000f8e80000)
 ParOldGen       total 392192K, used 347960K [0x00000000c0000000, 0x00000000d7f00000, 0x00000000eaa80000)
  object space 392192K, 88% used [0x00000000c0000000,0x00000000d53ce1e0,0x00000000d7f00000)
 PSPermGen       total 21504K, used 6202K [0x00000000b5a00000, 0x00000000b6f00000, 0x00000000c0000000)
  object space 21504K, 28% used [0x00000000b5a00000,0x00000000b600ebd0,0x00000000b6f00000)

