# JRE version: OpenJDK Runtime Environment (7.0_95) (build 1.7.0_95-b00)
# Java VM: OpenJDK 64-Bit Server VM (24.95-b01 mixed mode linux-amd64 compressed oops)
Heap
 PSYoungGen      total 211968K, used 55325K [0x00000000eaa80000, 0x0000000100000000, 0x0000000100000000)
  eden space 117248K, 0% used [0x00000000eaa80000,0x00000000eaa80000,0x00000000f1d00000)
  from space 94720K, 58% used [0x00000000fa380000,0x00000000fd987750,0x0000000100000000)
  to   space 116224K, 0% used [0x00000000f1d00000,0x00000000f1d00000,0x00000000f8e80000)
 ParOldGen       total 341504K, used 341317K [0x00000000c0000000, 0x00000000d4d80000, 0x00000000eaa80000)
  object space 341504K, 99% used [0x00000000c0000000,0x00000000d4d51558,0x00000000d4d80000)
 PSPermGen       total 21504K, used 6168K [0x00000000b5a00000, 0x00000000b6f00000, 0x00000000c0000000)
  object space 21504K, 28% used [0x00000000b5a00000,0x00000000b6006130,0x00000000b6f00000)
GC Heap History (10 events):
Event: 18.599 GC heap after
Heap after GC invocations=22 (full 4):
 PSYoungGen      total 254464K, used 69631K [0x00000000eaa80000, 0x0000000100000000, 0x0000000100000000)
  eden space 184832K, 0% used [0x00000000eaa80000,0x00000000eaa80000,0x00000000f5f00000)
  from space 69632K, 99% used [0x00000000fbc00000,0x00000000fffffc90,0x0000000100000000)
  to   space 82432K, 0% used [0x00000000f5f00000,0x00000000f5f00000,0x00000000faf80000)
 ParOldGen       total 341504K, used 229718K [0x00000000c0000000, 0x00000000d4d80000, 0x00000000eaa80000)
  object space 341504K, 67% used [0x00000000c0000000,0x00000000ce055930,0x00000000d4d80000)
 PSPermGen       total 21504K, used 6158K [0x00000000b5a00000, 0x00000000b6f00000, 0x00000000c0000000)
  object space 21504K, 28% used [0x00000000b5a00000,0x00000000b6003988,0x00000000b6f00000)
}
Event: 19.081 GC heap before
{Heap before GC invocations=23 (full 4):
 PSYoungGen      total 254464K, used 254463K [0x00000000eaa80000, 0x0000000100000000, 0x0000000100000000)
  eden space 184832K, 100% used [0x00000000eaa80000,0x00000000f5f00000,0x00000000f5f00000)
  from space 69632K, 99% used [0x00000000fbc00000,0x00000000fffffc90,0x0000000100000000)
  to   space 82432K, 0% used [0x00000000f5f00000,0x00000000f5f00000,0x00000000faf80000)
 ParOldGen       total 341504K, used 229718K [0x00000000c0000000, 0x00000000d4d80000, 0x00000000eaa80000)
  object space 341504K, 67% used [0x00000000c0000000,0x00000000ce055930,0x00000000d4d80000)
 PSPermGen       total 21504K, used 6160K [0x00000000b5a00000, 0x00000000b6f00000, 0x00000000c0000000)
  object space 21504K, 28% used [0x00000000b5a00000,0x00000000b6004220,0x00000000b6f00000)
Event: 19.222 GC heap after
Heap after GC invocations=23 (full 4):
 PSYoungGen      total 235520K, used 50346K [0x00000000eaa80000, 0x0000000100000000, 0x0000000100000000)
  eden space 184832K, 0% used [0x00000000eaa80000,0x00000000eaa80000,0x00000000f5f00000)
  from space 50688K, 99% used [0x00000000f5f00000,0x00000000f902ab98,0x00000000f9080000)
  to   space 83968K, 0% used [0x00000000fae00000,0x00000000fae00000,0x0000000100000000)
 ParOldGen       total 341504K, used 273959K [0x00000000c0000000, 0x00000000d4d80000, 0x00000000eaa80000)
  object space 341504K, 80% used [0x00000000c0000000,0x00000000d0b89d10,0x00000000d4d80000)
 PSPermGen       total 21504K, used 6160K [0x00000000b5a00000, 0x00000000b6f00000, 0x00000000c0000000)
  object space 21504K, 28% used [0x00000000b5a00000,0x00000000b6004220,0x00000000b6f00000)
}
Event: 19.632 GC heap before
{Heap before GC invocations=24 (full 4):
 PSYoungGen      total 235520K, used 235178K [0x00000000eaa80000, 0x0000000100000000, 0x0000000100000000)
  eden space 184832K, 100% used [0x00000000eaa80000,0x00000000f5f00000,0x00000000f5f00000)
  from space 50688K, 99% used [0x00000000f5f00000,0x00000000f902ab98,0x00000000f9080000)
  to   space 83968K, 0% used [0x00000000fae00000,0x00000000fae00000,0x0000000100000000)
 ParOldGen       total 341504K, used 273959K [0x00000000c0000000, 0x00000000d4d80000, 0x00000000eaa80000)
  object space 341504K, 80% used [0x00000000c0000000,0x00000000d0b89d10,0x00000000d4d80000)
 PSPermGen       total 21504K, used 6160K [0x00000000b5a00000, 0x00000000b6f00000, 0x00000000c0000000)
  object space 21504K, 28% used [0x00000000b5a00000,0x00000000b6004220,0x00000000b6f00000)
Event: 19.707 GC heap after
Heap after GC invocations=24 (full 4):
 PSYoungGen      total 244224K, used 76772K [0x00000000eaa80000, 0x0000000100000000, 0x0000000100000000)
  eden space 160256K, 0% used [0x00000000eaa80000,0x00000000eaa80000,0x00000000f4700000)
  from space 83968K, 91% used [0x00000000fae00000,0x00000000ff8f91b8,0x0000000100000000)
  to   space 94720K, 0% used [0x00000000f4700000,0x00000000f4700000,0x00000000fa380000)
 ParOldGen       total 341504K, used 273959K [0x00000000c0000000, 0x00000000d4d80000, 0x00000000eaa80000)
  object space 341504K, 80% used [0x00000000c0000000,0x00000000d0b89d10,0x00000000d4d80000)
 PSPermGen       total 21504K, used 6160K [0x00000000b5a00000, 0x00000000b6f00000, 0x00000000c0000000)
  object space 21504K, 28% used [0x00000000b5a00000,0x00000000b6004220,0x00000000b6f00000)
}
Event: 20.069 GC heap before
{Heap before GC invocations=25 (full 4):
 PSYoungGen      total 244224K, used 237028K [0x00000000eaa80000, 0x0000000100000000, 0x0000000100000000)
  eden space 160256K, 100% used [0x00000000eaa80000,0x00000000f4700000,0x00000000f4700000)
  from space 83968K, 91% used [0x00000000fae00000,0x00000000ff8f91b8,0x0000000100000000)
  to   space 94720K, 0% used [0x00000000f4700000,0x00000000f4700000,0x00000000fa380000)
 ParOldGen       total 341504K, used 273959K [0x00000000c0000000, 0x00000000d4d80000, 0x00000000eaa80000)
  object space 341504K, 80% used [0x00000000c0000000,0x00000000d0b89d10,0x00000000d4d80000)
 PSPermGen       total 21504K, used 6163K [0x00000000b5a00000, 0x00000000b6f00000, 0x00000000c0000000)
  object space 21504K, 28% used [0x00000000b5a00000,0x00000000b6004cb8,0x00000000b6f00000)
Event: 20.166 GC heap after
Heap after GC invocations=25 (full 4):
 PSYoungGen      total 254976K, used 94715K [0x00000000eaa80000, 0x0000000100000000, 0x0000000100000000)
  eden space 160256K, 0% used [0x00000000eaa80000,0x00000000eaa80000,0x00000000f4700000)
  from space 94720K, 99% used [0x00000000f4700000,0x00000000fa37ec98,0x00000000fa380000)
  to   space 94720K, 0% used [0x00000000fa380000,0x00000000fa380000,0x0000000100000000)
 ParOldGen       total 341504K, used 280315K [0x00000000c0000000, 0x00000000d4d80000, 0x00000000eaa80000)
  object space 341504K, 82% used [0x00000000c0000000,0x00000000d11bedd8,0x00000000d4d80000)
 PSPermGen       total 21504K, used 6163K [0x00000000b5a00000, 0x00000000b6f00000, 0x00000000c0000000)
  object space 21504K, 28% used [0x00000000b5a00000,0x00000000b6004cb8,0x00000000b6f00000)
}
Event: 20.620 GC heap before
{Heap before GC invocations=26 (full 4):
 PSYoungGen      total 254976K, used 254971K [0x00000000eaa80000, 0x0000000100000000, 0x0000000100000000)
  eden space 160256K, 100% used [0x00000000eaa80000,0x00000000f4700000,0x00000000f4700000)
  from space 94720K, 99% used [0x00000000f4700000,0x00000000fa37ec98,0x00000000fa380000)
  to   space 94720K, 0% used [0x00000000fa380000,0x00000000fa380000,0x0000000100000000)
 ParOldGen       total 341504K, used 280315K [0x00000000c0000000, 0x00000000d4d80000, 0x00000000eaa80000)
  object space 341504K, 82% used [0x00000000c0000000,0x00000000d11bedd8,0x00000000d4d80000)
 PSPermGen       total 21504K, used 6168K [0x00000000b5a00000, 0x00000000b6f00000, 0x00000000c0000000)
  object space 21504K, 28% used [0x00000000b5a00000,0x00000000b6006230,0x00000000b6f00000)
Event: 20.778 GC heap after
Heap after GC invocations=26 (full 4):
 PSYoungGen      total 211968K, used 75585K [0x00000000eaa80000, 0x0000000100000000, 0x0000000100000000)
  eden space 117248K, 0% used [0x00000000eaa80000,0x00000000eaa80000,0x00000000f1d00000)
  from space 94720K, 79% used [0x00000000fa380000,0x00000000fed50690,0x0000000100000000)
  to   space 116224K, 0% used [0x00000000f1d00000,0x00000000f1d00000,0x00000000f8e80000)
 ParOldGen       total 341504K, used 325215K [0x00000000c0000000, 0x00000000d4d80000, 0x00000000eaa80000)
  object space 341504K, 95% used [0x00000000c0000000,0x00000000d3d97eb0,0x00000000d4d80000)
 PSPermGen       total 21504K, used 6168K [0x00000000b5a00000, 0x00000000b6f00000, 0x00000000c0000000)
  object space 21504K, 28% used [0x00000000b5a00000,0x00000000b6006230,0x00000000b6f00000)
}
Event: 20.778 GC heap before
{Heap before GC invocations=27 (full 5):
 PSYoungGen      total 211968K, used 75585K [0x00000000eaa80000, 0x0000000100000000, 0x0000000100000000)
  eden space 117248K, 0% used [0x00000000eaa80000,0x00000000eaa80000,0x00000000f1d00000)
  from space 94720K, 79% used [0x00000000fa380000,0x00000000fed50690,0x0000000100000000)
  to   space 116224K, 0% used [0x00000000f1d00000,0x00000000f1d00000,0x00000000f8e80000)
 ParOldGen       total 341504K, used 325215K [0x00000000c0000000, 0x00000000d4d80000, 0x00000000eaa80000)
  object space 341504K, 95% used [0x00000000c0000000,0x00000000d3d97eb0,0x00000000d4d80000)
 PSPermGen       total 21504K, used 6168K [0x00000000b5a00000, 0x00000000b6f00000, 0x00000000c0000000)
  object space 21504K, 28% used [0x00000000b5a00000,0x00000000b6006230,0x00000000b6f00000)

