# JRE version: OpenJDK Runtime Environment (7.0_95) (build 1.7.0_95-b00)
# Java VM: OpenJDK 64-Bit Server VM (24.95-b01 mixed mode linux-amd64 compressed oops)
Heap
 PSYoungGen      total 272384K, used 21227K [0x00000000eaa80000, 0x0000000100000000, 0x0000000100000000)
  eden space 195072K, 0% used [0x00000000eaa80000,0x00000000eaa80000,0x00000000f6900000)
  from space 77312K, 27% used [0x00000000f6900000,0x00000000f7dbadd8,0x00000000fb480000)
  to   space 73728K, 0% used [0x00000000fb800000,0x00000000fb800000,0x0000000100000000)
 ParOldGen       total 237056K, used 236669K [0x00000000c0000000, 0x00000000ce780000, 0x00000000eaa80000)
  object space 237056K, 99% used [0x00000000c0000000,0x00000000ce71f6f8,0x00000000ce780000)
 PSPermGen       total 21504K, used 6151K [0x00000000b5a00000, 0x00000000b6f00000, 0x00000000c0000000)
  object space 21504K, 28% used [0x00000000b5a00000,0x00000000b6001d90,0x00000000b6f00000)
GC Heap History (10 events):
Event: 10.648 GC heap after
Heap after GC invocations=16 (full 3):
 PSYoungGen      total 211968K, used 6214K [0x00000000eaa80000, 0x00000000fc100000, 0x0000000100000000)
  eden space 168448K, 0% used [0x00000000eaa80000,0x00000000eaa80000,0x00000000f4f00000)
  from space 43520K, 14% used [0x00000000f4f00000,0x00000000f5511a00,0x00000000f7980000)
  to   space 45056K, 0% used [0x00000000f9500000,0x00000000f9500000,0x00000000fc100000)
 ParOldGen       total 235008K, used 140850K [0x00000000c0000000, 0x00000000ce580000, 0x00000000eaa80000)
  object space 235008K, 59% used [0x00000000c0000000,0x00000000c898cac0,0x00000000ce580000)
 PSPermGen       total 21504K, used 6115K [0x00000000b5a00000, 0x00000000b6f00000, 0x00000000c0000000)
  object space 21504K, 28% used [0x00000000b5a00000,0x00000000b5ff8ce0,0x00000000b6f00000)
}
Event: 11.181 GC heap before
{Heap before GC invocations=17 (full 3):
 PSYoungGen      total 211968K, used 174662K [0x00000000eaa80000, 0x00000000fc100000, 0x0000000100000000)
  eden space 168448K, 100% used [0x00000000eaa80000,0x00000000f4f00000,0x00000000f4f00000)
  from space 43520K, 14% used [0x00000000f4f00000,0x00000000f5511a00,0x00000000f7980000)
  to   space 45056K, 0% used [0x00000000f9500000,0x00000000f9500000,0x00000000fc100000)
 ParOldGen       total 235008K, used 140850K [0x00000000c0000000, 0x00000000ce580000, 0x00000000eaa80000)
  object space 235008K, 59% used [0x00000000c0000000,0x00000000c898cac0,0x00000000ce580000)
 PSPermGen       total 21504K, used 6122K [0x00000000b5a00000, 0x00000000b6f00000, 0x00000000c0000000)
  object space 21504K, 28% used [0x00000000b5a00000,0x00000000b5ffa800,0x00000000b6f00000)
Event: 11.257 GC heap after
Heap after GC invocations=17 (full 3):
 PSYoungGen      total 237056K, used 31044K [0x00000000eaa80000, 0x00000000fc200000, 0x0000000100000000)
  eden space 192000K, 0% used [0x00000000eaa80000,0x00000000eaa80000,0x00000000f6600000)
  from space 45056K, 68% used [0x00000000f9500000,0x00000000fb351090,0x00000000fc100000)
  to   space 47104K, 0% used [0x00000000f6600000,0x00000000f6600000,0x00000000f9400000)
 ParOldGen       total 235008K, used 140850K [0x00000000c0000000, 0x00000000ce580000, 0x00000000eaa80000)
  object space 235008K, 59% used [0x00000000c0000000,0x00000000c898cac0,0x00000000ce580000)
 PSPermGen       total 21504K, used 6122K [0x00000000b5a00000, 0x00000000b6f00000, 0x00000000c0000000)
  object space 21504K, 28% used [0x00000000b5a00000,0x00000000b5ffa800,0x00000000b6f00000)
}
Event: 11.823 GC heap before
{Heap before GC invocations=18 (full 3):
 PSYoungGen      total 237056K, used 223044K [0x00000000eaa80000, 0x00000000fc200000, 0x0000000100000000)
  eden space 192000K, 100% used [0x00000000eaa80000,0x00000000f6600000,0x00000000f6600000)
  from space 45056K, 68% used [0x00000000f9500000,0x00000000fb351090,0x00000000fc100000)
  to   space 47104K, 0% used [0x00000000f6600000,0x00000000f6600000,0x00000000f9400000)
 ParOldGen       total 235008K, used 140850K [0x00000000c0000000, 0x00000000ce580000, 0x00000000eaa80000)
  object space 235008K, 59% used [0x00000000c0000000,0x00000000c898cac0,0x00000000ce580000)
 PSPermGen       total 21504K, used 6135K [0x00000000b5a00000, 0x00000000b6f00000, 0x00000000c0000000)
  object space 21504K, 28% used [0x00000000b5a00000,0x00000000b5ffdc80,0x00000000b6f00000)
Event: 11.892 GC heap after
Heap after GC invocations=18 (full 3):
 PSYoungGen      total 239104K, used 47085K [0x00000000eaa80000, 0x00000000ffb00000, 0x0000000100000000)
  eden space 192000K, 0% used [0x00000000eaa80000,0x00000000eaa80000,0x00000000f6600000)
  from space 47104K, 99% used [0x00000000f6600000,0x00000000f93fb400,0x00000000f9400000)
  to   space 60928K, 0% used [0x00000000fbf80000,0x00000000fbf80000,0x00000000ffb00000)
 ParOldGen       total 235008K, used 157440K [0x00000000c0000000, 0x00000000ce580000, 0x00000000eaa80000)
  object space 235008K, 66% used [0x00000000c0000000,0x00000000c99c0308,0x00000000ce580000)
 PSPermGen       total 21504K, used 6135K [0x00000000b5a00000, 0x00000000b6f00000, 0x00000000c0000000)
  object space 21504K, 28% used [0x00000000b5a00000,0x00000000b5ffdc80,0x00000000b6f00000)
}
Event: 12.473 GC heap before
{Heap before GC invocations=19 (full 3):
 PSYoungGen      total 239104K, used 239085K [0x00000000eaa80000, 0x00000000ffb00000, 0x0000000100000000)
  eden space 192000K, 100% used [0x00000000eaa80000,0x00000000f6600000,0x00000000f6600000)
  from space 47104K, 99% used [0x00000000f6600000,0x00000000f93fb400,0x00000000f9400000)
  to   space 60928K, 0% used [0x00000000fbf80000,0x00000000fbf80000,0x00000000ffb00000)
 ParOldGen       total 235008K, used 157440K [0x00000000c0000000, 0x00000000ce580000, 0x00000000eaa80000)
  object space 235008K, 66% used [0x00000000c0000000,0x00000000c99c0308,0x00000000ce580000)
 PSPermGen       total 21504K, used 6147K [0x00000000b5a00000, 0x00000000b6f00000, 0x00000000c0000000)
  object space 21504K, 28% used [0x00000000b5a00000,0x00000000b6000dc0,0x00000000b6f00000)
Event: 12.585 GC heap after
Heap after GC invocations=19 (full 3):
 PSYoungGen      total 256000K, used 60901K [0x00000000eaa80000, 0x0000000100000000, 0x0000000100000000)
  eden space 195072K, 0% used [0x00000000eaa80000,0x00000000eaa80000,0x00000000f6900000)
  from space 60928K, 99% used [0x00000000fbf80000,0x00000000ffaf9568,0x00000000ffb00000)
  to   space 77312K, 0% used [0x00000000f6900000,0x00000000f6900000,0x00000000fb480000)
 ParOldGen       total 235008K, used 175843K [0x00000000c0000000, 0x00000000ce580000, 0x00000000eaa80000)
  object space 235008K, 74% used [0x00000000c0000000,0x00000000cabb8fd0,0x00000000ce580000)
 PSPermGen       total 21504K, used 6147K [0x00000000b5a00000, 0x00000000b6f00000, 0x00000000c0000000)
  object space 21504K, 28% used [0x00000000b5a00000,0x00000000b6000dc0,0x00000000b6f00000)
}
Event: 13.132 GC heap before
{Heap before GC invocations=20 (full 3):
 PSYoungGen      total 256000K, used 255973K [0x00000000eaa80000, 0x0000000100000000, 0x0000000100000000)
  eden space 195072K, 100% used [0x00000000eaa80000,0x00000000f6900000,0x00000000f6900000)
  from space 60928K, 99% used [0x00000000fbf80000,0x00000000ffaf9568,0x00000000ffb00000)
  to   space 77312K, 0% used [0x00000000f6900000,0x00000000f6900000,0x00000000fb480000)
 ParOldGen       total 235008K, used 175843K [0x00000000c0000000, 0x00000000ce580000, 0x00000000eaa80000)
  object space 235008K, 74% used [0x00000000c0000000,0x00000000cabb8fd0,0x00000000ce580000)
 PSPermGen       total 21504K, used 6151K [0x00000000b5a00000, 0x00000000b6f00000, 0x00000000c0000000)
  object space 21504K, 28% used [0x00000000b5a00000,0x00000000b6001e10,0x00000000b6f00000)
Event: 13.515 GC heap after
Heap after GC invocations=20 (full 3):
 PSYoungGen      total 272384K, used 25038K [0x00000000eaa80000, 0x0000000100000000, 0x0000000100000000)
  eden space 195072K, 0% used [0x00000000eaa80000,0x00000000eaa80000,0x00000000f6900000)
  from space 77312K, 32% used [0x00000000f6900000,0x00000000f8173b88,0x00000000fb480000)
  to   space 73728K, 0% used [0x00000000fb800000,0x00000000fb800000,0x0000000100000000)
 ParOldGen       total 237056K, used 237032K [0x00000000c0000000, 0x00000000ce780000, 0x00000000eaa80000)
  object space 237056K, 99% used [0x00000000c0000000,0x00000000ce77a280,0x00000000ce780000)
 PSPermGen       total 21504K, used 6151K [0x00000000b5a00000, 0x00000000b6f00000, 0x00000000c0000000)
  object space 21504K, 28% used [0x00000000b5a00000,0x00000000b6001e10,0x00000000b6f00000)
}
Event: 13.529 GC heap before
{Heap before GC invocations=21 (full 4):
 PSYoungGen      total 272384K, used 25038K [0x00000000eaa80000, 0x0000000100000000, 0x0000000100000000)
  eden space 195072K, 0% used [0x00000000eaa80000,0x00000000eaa80000,0x00000000f6900000)
  from space 77312K, 32% used [0x00000000f6900000,0x00000000f8173b88,0x00000000fb480000)
  to   space 73728K, 0% used [0x00000000fb800000,0x00000000fb800000,0x0000000100000000)
 ParOldGen       total 237056K, used 237032K [0x00000000c0000000, 0x00000000ce780000, 0x00000000eaa80000)
  object space 237056K, 99% used [0x00000000c0000000,0x00000000ce77a280,0x00000000ce780000)
 PSPermGen       total 21504K, used 6151K [0x00000000b5a00000, 0x00000000b6f00000, 0x00000000c0000000)
  object space 21504K, 28% used [0x00000000b5a00000,0x00000000b6001e10,0x00000000b6f00000)

