# JRE version: OpenJDK Runtime Environment (7.0_95) (build 1.7.0_95-b00)
# Java VM: OpenJDK 64-Bit Server VM (24.95-b01 mixed mode linux-amd64 compressed oops)
Heap
 PSYoungGen      total 135680K, used 0K [0x00000000eaa80000, 0x00000000ffc00000, 0x0000000100000000)
  eden space 117248K, 0% used [0x00000000eaa80000,0x00000000eaa80000,0x00000000f1d00000)
  from space 18432K, 0% used [0x00000000f1d00000,0x00000000f1d00000,0x00000000f2f00000)
  to   space 114176K, 0% used [0x00000000f8c80000,0x00000000f8c80000,0x00000000ffc00000)
 ParOldGen       total 535040K, used 526978K [0x00000000c0000000, 0x00000000e0a80000, 0x00000000eaa80000)
  object space 535040K, 98% used [0x00000000c0000000,0x00000000e02a0b30,0x00000000e0a80000)
 PSPermGen       total 21504K, used 6218K [0x00000000b5a00000, 0x00000000b6f00000, 0x00000000c0000000)
  object space 21504K, 28% used [0x00000000b5a00000,0x00000000b6012b80,0x00000000b6f00000)
GC Heap History (10 events):
Event: 19.986 GC heap after
Heap after GC invocations=32 (full 5):
 PSYoungGen      total 233472K, used 20629K [0x00000000eaa80000, 0x0000000100000000, 0x0000000100000000)
  eden space 117248K, 0% used [0x00000000eaa80000,0x00000000eaa80000,0x00000000f1d00000)
  from space 116224K, 17% used [0x00000000f1d00000,0x00000000f31257d0,0x00000000f8e80000)
  to   space 116224K, 0% used [0x00000000f8e80000,0x00000000f8e80000,0x0000000100000000)
 ParOldGen       total 535040K, used 432866K [0x00000000c0000000, 0x00000000e0a80000, 0x00000000eaa80000)
  object space 535040K, 80% used [0x00000000c0000000,0x00000000da6b8bc8,0x00000000e0a80000)
 PSPermGen       total 21504K, used 6204K [0x00000000b5a00000, 0x00000000b6f00000, 0x00000000c0000000)
  object space 21504K, 28% used [0x00000000b5a00000,0x00000000b600f150,0x00000000b6f00000)
}
Event: 20.266 GC heap before
{Heap before GC invocations=33 (full 5):
 PSYoungGen      total 233472K, used 137877K [0x00000000eaa80000, 0x0000000100000000, 0x0000000100000000)
  eden space 117248K, 100% used [0x00000000eaa80000,0x00000000f1d00000,0x00000000f1d00000)
  from space 116224K, 17% used [0x00000000f1d00000,0x00000000f31257d0,0x00000000f8e80000)
  to   space 116224K, 0% used [0x00000000f8e80000,0x00000000f8e80000,0x0000000100000000)
 ParOldGen       total 535040K, used 432866K [0x00000000c0000000, 0x00000000e0a80000, 0x00000000eaa80000)
  object space 535040K, 80% used [0x00000000c0000000,0x00000000da6b8bc8,0x00000000e0a80000)
 PSPermGen       total 21504K, used 6205K [0x00000000b5a00000, 0x00000000b6f00000, 0x00000000c0000000)
  object space 21504K, 28% used [0x00000000b5a00000,0x00000000b600f6d0,0x00000000b6f00000)
Event: 20.316 GC heap after
Heap after GC invocations=33 (full 5):
 PSYoungGen      total 233472K, used 20393K [0x00000000eaa80000, 0x0000000100000000, 0x0000000100000000)
  eden space 117248K, 0% used [0x00000000eaa80000,0x00000000eaa80000,0x00000000f1d00000)
  from space 116224K, 17% used [0x00000000f8e80000,0x00000000fa26a658,0x0000000100000000)
  to   space 116224K, 0% used [0x00000000f1d00000,0x00000000f1d00000,0x00000000f8e80000)
 ParOldGen       total 535040K, used 452449K [0x00000000c0000000, 0x00000000e0a80000, 0x00000000eaa80000)
  object space 535040K, 84% used [0x00000000c0000000,0x00000000db9d86b0,0x00000000e0a80000)
 PSPermGen       total 21504K, used 6205K [0x00000000b5a00000, 0x00000000b6f00000, 0x00000000c0000000)
  object space 21504K, 28% used [0x00000000b5a00000,0x00000000b600f6d0,0x00000000b6f00000)
}
Event: 20.582 GC heap before
{Heap before GC invocations=34 (full 5):
 PSYoungGen      total 233472K, used 137641K [0x00000000eaa80000, 0x0000000100000000, 0x0000000100000000)
  eden space 117248K, 100% used [0x00000000eaa80000,0x00000000f1d00000,0x00000000f1d00000)
  from space 116224K, 17% used [0x00000000f8e80000,0x00000000fa26a658,0x0000000100000000)
  to   space 116224K, 0% used [0x00000000f1d00000,0x00000000f1d00000,0x00000000f8e80000)
 ParOldGen       total 535040K, used 452449K [0x00000000c0000000, 0x00000000e0a80000, 0x00000000eaa80000)
  object space 535040K, 84% used [0x00000000c0000000,0x00000000db9d86b0,0x00000000e0a80000)
 PSPermGen       total 21504K, used 6209K [0x00000000b5a00000, 0x00000000b6f00000, 0x00000000c0000000)
  object space 21504K, 28% used [0x00000000b5a00000,0x00000000b6010418,0x00000000b6f00000)
Event: 20.628 GC heap after
Heap after GC invocations=34 (full 5):
 PSYoungGen      total 233472K, used 20035K [0x00000000eaa80000, 0x0000000100000000, 0x0000000100000000)
  eden space 117248K, 0% used [0x00000000eaa80000,0x00000000eaa80000,0x00000000f1d00000)
  from space 116224K, 17% used [0x00000000f1d00000,0x00000000f3090da0,0x00000000f8e80000)
  to   space 116224K, 0% used [0x00000000f8e80000,0x00000000f8e80000,0x0000000100000000)
 ParOldGen       total 535040K, used 471842K [0x00000000c0000000, 0x00000000e0a80000, 0x00000000eaa80000)
  object space 535040K, 88% used [0x00000000c0000000,0x00000000dccc8888,0x00000000e0a80000)
 PSPermGen       total 21504K, used 6209K [0x00000000b5a00000, 0x00000000b6f00000, 0x00000000c0000000)
  object space 21504K, 28% used [0x00000000b5a00000,0x00000000b6010418,0x00000000b6f00000)
}
Event: 20.903 GC heap before
{Heap before GC invocations=35 (full 5):
 PSYoungGen      total 233472K, used 137283K [0x00000000eaa80000, 0x0000000100000000, 0x0000000100000000)
  eden space 117248K, 100% used [0x00000000eaa80000,0x00000000f1d00000,0x00000000f1d00000)
  from space 116224K, 17% used [0x00000000f1d00000,0x00000000f3090da0,0x00000000f8e80000)
  to   space 116224K, 0% used [0x00000000f8e80000,0x00000000f8e80000,0x0000000100000000)
 ParOldGen       total 535040K, used 471842K [0x00000000c0000000, 0x00000000e0a80000, 0x00000000eaa80000)
  object space 535040K, 88% used [0x00000000c0000000,0x00000000dccc8888,0x00000000e0a80000)
 PSPermGen       total 21504K, used 6217K [0x00000000b5a00000, 0x00000000b6f00000, 0x00000000c0000000)
  object space 21504K, 28% used [0x00000000b5a00000,0x00000000b6012628,0x00000000b6f00000)
Event: 20.976 GC heap after
Heap after GC invocations=35 (full 5):
 PSYoungGen      total 233472K, used 20128K [0x00000000eaa80000, 0x0000000100000000, 0x0000000100000000)
  eden space 117248K, 0% used [0x00000000eaa80000,0x00000000eaa80000,0x00000000f1d00000)
  from space 116224K, 17% used [0x00000000f8e80000,0x00000000fa228000,0x0000000100000000)
  to   space 116224K, 0% used [0x00000000f1d00000,0x00000000f1d00000,0x00000000f8e80000)
 ParOldGen       total 535040K, used 490891K [0x00000000c0000000, 0x00000000e0a80000, 0x00000000eaa80000)
  object space 535040K, 91% used [0x00000000c0000000,0x00000000ddf62df0,0x00000000e0a80000)
 PSPermGen       total 21504K, used 6217K [0x00000000b5a00000, 0x00000000b6f00000, 0x00000000c0000000)
  object space 21504K, 28% used [0x00000000b5a00000,0x00000000b6012628,0x00000000b6f00000)
}
Event: 21.239 GC heap before
{Heap before GC invocations=36 (full 5):
 PSYoungGen      total 233472K, used 137376K [0x00000000eaa80000, 0x0000000100000000, 0x0000000100000000)
  eden space 117248K, 100% used [0x00000000eaa80000,0x00000000f1d00000,0x00000000f1d00000)
  from space 116224K, 17% used [0x00000000f8e80000,0x00000000fa228000,0x0000000100000000)
  to   space 116224K, 0% used [0x00000000f1d00000,0x00000000f1d00000,0x00000000f8e80000)
 ParOldGen       total 535040K, used 490891K [0x00000000c0000000, 0x00000000e0a80000, 0x00000000eaa80000)
  object space 535040K, 91% used [0x00000000c0000000,0x00000000ddf62df0,0x00000000e0a80000)
 PSPermGen       total 21504K, used 6218K [0x00000000b5a00000, 0x00000000b6f00000, 0x00000000c0000000)
  object space 21504K, 28% used [0x00000000b5a00000,0x00000000b6012bc0,0x00000000b6f00000)
Event: 21.282 GC heap after
Heap after GC invocations=36 (full 5):
 PSYoungGen      total 135680K, used 18344K [0x00000000eaa80000, 0x00000000ffc00000, 0x0000000100000000)
  eden space 117248K, 0% used [0x00000000eaa80000,0x00000000eaa80000,0x00000000f1d00000)
  from space 18432K, 99% used [0x00000000f1d00000,0x00000000f2eea250,0x00000000f2f00000)
  to   space 114176K, 0% used [0x00000000f8c80000,0x00000000f8c80000,0x00000000ffc00000)
 ParOldGen       total 535040K, used 510212K [0x00000000c0000000, 0x00000000e0a80000, 0x00000000eaa80000)
  object space 535040K, 95% used [0x00000000c0000000,0x00000000df2410c0,0x00000000e0a80000)
 PSPermGen       total 21504K, used 6218K [0x00000000b5a00000, 0x00000000b6f00000, 0x00000000c0000000)
  object space 21504K, 28% used [0x00000000b5a00000,0x00000000b6012bc0,0x00000000b6f00000)
}
Event: 21.282 GC heap before
{Heap before GC invocations=37 (full 6):
 PSYoungGen      total 135680K, used 18344K [0x00000000eaa80000, 0x00000000ffc00000, 0x0000000100000000)
  eden space 117248K, 0% used [0x00000000eaa80000,0x00000000eaa80000,0x00000000f1d00000)
  from space 18432K, 99% used [0x00000000f1d00000,0x00000000f2eea250,0x00000000f2f00000)
  to   space 114176K, 0% used [0x00000000f8c80000,0x00000000f8c80000,0x00000000ffc00000)
 ParOldGen       total 535040K, used 510212K [0x00000000c0000000, 0x00000000e0a80000, 0x00000000eaa80000)
  object space 535040K, 95% used [0x00000000c0000000,0x00000000df2410c0,0x00000000e0a80000)
 PSPermGen       total 21504K, used 6218K [0x00000000b5a00000, 0x00000000b6f00000, 0x00000000c0000000)
  object space 21504K, 28% used [0x00000000b5a00000,0x00000000b6012bc0,0x00000000b6f00000)

