# JRE version: OpenJDK Runtime Environment (7.0_95) (build 1.7.0_95-b00)
# Java VM: OpenJDK 64-Bit Server VM (24.95-b01 mixed mode linux-amd64 compressed oops)
Heap
 PSYoungGen      total 233472K, used 25010K [0x00000000eaa80000, 0x0000000100000000, 0x0000000100000000)
  eden space 117248K, 0% used [0x00000000eaa80000,0x00000000eaa80000,0x00000000f1d00000)
  from space 116224K, 21% used [0x00000000f8e80000,0x00000000fa6ec940,0x0000000100000000)
  to   space 116224K, 0% used [0x00000000f1d00000,0x00000000f1d00000,0x00000000f8e80000)
 ParOldGen       total 445440K, used 444931K [0x00000000c0000000, 0x00000000db300000, 0x00000000eaa80000)
  object space 445440K, 99% used [0x00000000c0000000,0x00000000db280d80,0x00000000db300000)
 PSPermGen       total 21504K, used 6207K [0x00000000b5a00000, 0x00000000b6f00000, 0x00000000c0000000)
  object space 21504K, 28% used [0x00000000b5a00000,0x00000000b600fc50,0x00000000b6f00000)
GC Heap History (10 events):
Event: 21.465 GC heap after
Heap after GC invocations=26 (full 5):
 PSYoungGen      total 240128K, used 77966K [0x00000000eaa80000, 0x0000000100000000, 0x0000000100000000)
  eden space 151040K, 0% used [0x00000000eaa80000,0x00000000eaa80000,0x00000000f3e00000)
  from space 89088K, 87% used [0x00000000fa900000,0x00000000ff523bb8,0x0000000100000000)
  to   space 99328K, 0% used [0x00000000f3e00000,0x00000000f3e00000,0x00000000f9f00000)
 ParOldGen       total 445440K, used 307489K [0x00000000c0000000, 0x00000000db300000, 0x00000000eaa80000)
  object space 445440K, 69% used [0x00000000c0000000,0x00000000d2c485f8,0x00000000db300000)
 PSPermGen       total 21504K, used 6168K [0x00000000b5a00000, 0x00000000b6f00000, 0x00000000c0000000)
  object space 21504K, 28% used [0x00000000b5a00000,0x00000000b6006178,0x00000000b6f00000)
}
Event: 21.970 GC heap before
{Heap before GC invocations=27 (full 5):
 PSYoungGen      total 240128K, used 229006K [0x00000000eaa80000, 0x0000000100000000, 0x0000000100000000)
  eden space 151040K, 100% used [0x00000000eaa80000,0x00000000f3e00000,0x00000000f3e00000)
  from space 89088K, 87% used [0x00000000fa900000,0x00000000ff523bb8,0x0000000100000000)
  to   space 99328K, 0% used [0x00000000f3e00000,0x00000000f3e00000,0x00000000f9f00000)
 ParOldGen       total 445440K, used 307489K [0x00000000c0000000, 0x00000000db300000, 0x00000000eaa80000)
  object space 445440K, 69% used [0x00000000c0000000,0x00000000d2c485f8,0x00000000db300000)
 PSPermGen       total 21504K, used 6173K [0x00000000b5a00000, 0x00000000b6f00000, 0x00000000c0000000)
  object space 21504K, 28% used [0x00000000b5a00000,0x00000000b60075a0,0x00000000b6f00000)
Event: 22.074 GC heap after
Heap after GC invocations=27 (full 5):
 PSYoungGen      total 250368K, used 99323K [0x00000000eaa80000, 0x0000000100000000, 0x0000000100000000)
  eden space 151040K, 0% used [0x00000000eaa80000,0x00000000eaa80000,0x00000000f3e00000)
  from space 99328K, 99% used [0x00000000f3e00000,0x00000000f9efed00,0x00000000f9f00000)
  to   space 99328K, 0% used [0x00000000f9f00000,0x00000000f9f00000,0x0000000100000000)
 ParOldGen       total 445440K, used 308676K [0x00000000c0000000, 0x00000000db300000, 0x00000000eaa80000)
  object space 445440K, 69% used [0x00000000c0000000,0x00000000d2d713c8,0x00000000db300000)
 PSPermGen       total 21504K, used 6173K [0x00000000b5a00000, 0x00000000b6f00000, 0x00000000c0000000)
  object space 21504K, 28% used [0x00000000b5a00000,0x00000000b60075a0,0x00000000b6f00000)
}
Event: 22.562 GC heap before
{Heap before GC invocations=28 (full 5):
 PSYoungGen      total 250368K, used 250363K [0x00000000eaa80000, 0x0000000100000000, 0x0000000100000000)
  eden space 151040K, 100% used [0x00000000eaa80000,0x00000000f3e00000,0x00000000f3e00000)
  from space 99328K, 99% used [0x00000000f3e00000,0x00000000f9efed00,0x00000000f9f00000)
  to   space 99328K, 0% used [0x00000000f9f00000,0x00000000f9f00000,0x0000000100000000)
 ParOldGen       total 445440K, used 308676K [0x00000000c0000000, 0x00000000db300000, 0x00000000eaa80000)
  object space 445440K, 69% used [0x00000000c0000000,0x00000000d2d713c8,0x00000000db300000)
 PSPermGen       total 21504K, used 6203K [0x00000000b5a00000, 0x00000000b6f00000, 0x00000000c0000000)
  object space 21504K, 28% used [0x00000000b5a00000,0x00000000b600ef60,0x00000000b6f00000)
Event: 22.710 GC heap after
Heap after GC invocations=28 (full 5):
 PSYoungGen      total 216576K, used 97660K [0x00000000eaa80000, 0x0000000100000000, 0x0000000100000000)
  eden space 117248K, 0% used [0x00000000eaa80000,0x00000000eaa80000,0x00000000f1d00000)
  from space 99328K, 98% used [0x00000000f9f00000,0x00000000ffe5f1c8,0x0000000100000000)
  to   space 116224K, 0% used [0x00000000f1d00000,0x00000000f1d00000,0x00000000f8e80000)
 ParOldGen       total 445440K, used 336358K [0x00000000c0000000, 0x00000000db300000, 0x00000000eaa80000)
  object space 445440K, 75% used [0x00000000c0000000,0x00000000d4879a70,0x00000000db300000)
 PSPermGen       total 21504K, used 6203K [0x00000000b5a00000, 0x00000000b6f00000, 0x00000000c0000000)
  object space 21504K, 28% used [0x00000000b5a00000,0x00000000b600ef60,0x00000000b6f00000)
}
Event: 23.087 GC heap before
{Heap before GC invocations=29 (full 5):
 PSYoungGen      total 216576K, used 214908K [0x00000000eaa80000, 0x0000000100000000, 0x0000000100000000)
  eden space 117248K, 100% used [0x00000000eaa80000,0x00000000f1d00000,0x00000000f1d00000)
  from space 99328K, 98% used [0x00000000f9f00000,0x00000000ffe5f1c8,0x0000000100000000)
  to   space 116224K, 0% used [0x00000000f1d00000,0x00000000f1d00000,0x00000000f8e80000)
 ParOldGen       total 445440K, used 336358K [0x00000000c0000000, 0x00000000db300000, 0x00000000eaa80000)
  object space 445440K, 75% used [0x00000000c0000000,0x00000000d4879a70,0x00000000db300000)
 PSPermGen       total 21504K, used 6205K [0x00000000b5a00000, 0x00000000b6f00000, 0x00000000c0000000)
  object space 21504K, 28% used [0x00000000b5a00000,0x00000000b600f770,0x00000000b6f00000)
Event: 23.240 GC heap after
Heap after GC invocations=29 (full 5):
 PSYoungGen      total 233472K, used 67935K [0x00000000eaa80000, 0x0000000100000000, 0x0000000100000000)
  eden space 117248K, 0% used [0x00000000eaa80000,0x00000000eaa80000,0x00000000f1d00000)
  from space 116224K, 58% used [0x00000000f1d00000,0x00000000f5f57f70,0x00000000f8e80000)
  to   space 116224K, 0% used [0x00000000f8e80000,0x00000000f8e80000,0x0000000100000000)
 ParOldGen       total 445440K, used 385752K [0x00000000c0000000, 0x00000000db300000, 0x00000000eaa80000)
  object space 445440K, 86% used [0x00000000c0000000,0x00000000d78b63f8,0x00000000db300000)
 PSPermGen       total 21504K, used 6205K [0x00000000b5a00000, 0x00000000b6f00000, 0x00000000c0000000)
  object space 21504K, 28% used [0x00000000b5a00000,0x00000000b600f770,0x00000000b6f00000)
}
Event: 23.614 GC heap before
{Heap before GC invocations=30 (full 5):
 PSYoungGen      total 233472K, used 185183K [0x00000000eaa80000, 0x0000000100000000, 0x0000000100000000)
  eden space 117248K, 100% used [0x00000000eaa80000,0x00000000f1d00000,0x00000000f1d00000)
  from space 116224K, 58% used [0x00000000f1d00000,0x00000000f5f57f70,0x00000000f8e80000)
  to   space 116224K, 0% used [0x00000000f8e80000,0x00000000f8e80000,0x0000000100000000)
 ParOldGen       total 445440K, used 385752K [0x00000000c0000000, 0x00000000db300000, 0x00000000eaa80000)
  object space 445440K, 86% used [0x00000000c0000000,0x00000000d78b63f8,0x00000000db300000)
 PSPermGen       total 21504K, used 6207K [0x00000000b5a00000, 0x00000000b6f00000, 0x00000000c0000000)
  object space 21504K, 28% used [0x00000000b5a00000,0x00000000b600fcf0,0x00000000b6f00000)
Event: 23.723 GC heap after
Heap after GC invocations=30 (full 5):
 PSYoungGen      total 233472K, used 40005K [0x00000000eaa80000, 0x0000000100000000, 0x0000000100000000)
  eden space 117248K, 0% used [0x00000000eaa80000,0x00000000eaa80000,0x00000000f1d00000)
  from space 116224K, 34% used [0x00000000f8e80000,0x00000000fb591500,0x0000000100000000)
  to   space 116224K, 0% used [0x00000000f1d00000,0x00000000f1d00000,0x00000000f8e80000)
 ParOldGen       total 445440K, used 433051K [0x00000000c0000000, 0x00000000db300000, 0x00000000eaa80000)
  object space 445440K, 97% used [0x00000000c0000000,0x00000000da6e6df8,0x00000000db300000)
 PSPermGen       total 21504K, used 6207K [0x00000000b5a00000, 0x00000000b6f00000, 0x00000000c0000000)
  object space 21504K, 28% used [0x00000000b5a00000,0x00000000b600fcf0,0x00000000b6f00000)
}
Event: 23.724 GC heap before
{Heap before GC invocations=31 (full 6):
 PSYoungGen      total 233472K, used 40005K [0x00000000eaa80000, 0x0000000100000000, 0x0000000100000000)
  eden space 117248K, 0% used [0x00000000eaa80000,0x00000000eaa80000,0x00000000f1d00000)
  from space 116224K, 34% used [0x00000000f8e80000,0x00000000fb591500,0x0000000100000000)
  to   space 116224K, 0% used [0x00000000f1d00000,0x00000000f1d00000,0x00000000f8e80000)
 ParOldGen       total 445440K, used 433051K [0x00000000c0000000, 0x00000000db300000, 0x00000000eaa80000)
  object space 445440K, 97% used [0x00000000c0000000,0x00000000da6e6df8,0x00000000db300000)
 PSPermGen       total 21504K, used 6207K [0x00000000b5a00000, 0x00000000b6f00000, 0x00000000c0000000)
  object space 21504K, 28% used [0x00000000b5a00000,0x00000000b600fcf0,0x00000000b6f00000)

