# JRE version: OpenJDK Runtime Environment (7.0_95) (build 1.7.0_95-b00)
# Java VM: OpenJDK 64-Bit Server VM (24.95-b01 mixed mode linux-amd64 compressed oops)
Heap
 PSYoungGen      total 233472K, used 12748K [0x00000000eaa80000, 0x0000000100000000, 0x0000000100000000)
  eden space 117248K, 0% used [0x00000000eaa80000,0x00000000eaa80000,0x00000000f1d00000)
  from space 116224K, 10% used [0x00000000f8e80000,0x00000000f9af33a0,0x0000000100000000)
  to   space 116224K, 0% used [0x00000000f1d00000,0x00000000f1d00000,0x00000000f8e80000)
 ParOldGen       total 540160K, used 540014K [0x00000000c0000000, 0x00000000e0f80000, 0x00000000eaa80000)
  object space 540160K, 99% used [0x00000000c0000000,0x00000000e0f5baa8,0x00000000e0f80000)
 PSPermGen       total 21504K, used 6219K [0x00000000b5a00000, 0x00000000b6f00000, 0x00000000c0000000)
  object space 21504K, 28% used [0x00000000b5a00000,0x00000000b6012e58,0x00000000b6f00000)
GC Heap History (10 events):
Event: 20.720 GC heap after
Heap after GC invocations=31 (full 5):
 PSYoungGen      total 228352K, used 62356K [0x00000000eaa80000, 0x00000000ff900000, 0x0000000100000000)
  eden space 120320K, 0% used [0x00000000eaa80000,0x00000000eaa80000,0x00000000f2000000)
  from space 108032K, 57% used [0x00000000f8f80000,0x00000000fcc65230,0x00000000ff900000)
  to   space 111104K, 0% used [0x00000000f2000000,0x00000000f2000000,0x00000000f8c80000)
 ParOldGen       total 540160K, used 417172K [0x00000000c0000000, 0x00000000e0f80000, 0x00000000eaa80000)
  object space 540160K, 77% used [0x00000000c0000000,0x00000000d97652f8,0x00000000e0f80000)
 PSPermGen       total 21504K, used 6206K [0x00000000b5a00000, 0x00000000b6f00000, 0x00000000c0000000)
  object space 21504K, 28% used [0x00000000b5a00000,0x00000000b600f978,0x00000000b6f00000)
}
Event: 20.989 GC heap before
{Heap before GC invocations=32 (full 5):
 PSYoungGen      total 228352K, used 182676K [0x00000000eaa80000, 0x00000000ff900000, 0x0000000100000000)
  eden space 120320K, 100% used [0x00000000eaa80000,0x00000000f2000000,0x00000000f2000000)
  from space 108032K, 57% used [0x00000000f8f80000,0x00000000fcc65230,0x00000000ff900000)
  to   space 111104K, 0% used [0x00000000f2000000,0x00000000f2000000,0x00000000f8c80000)
 ParOldGen       total 540160K, used 417172K [0x00000000c0000000, 0x00000000e0f80000, 0x00000000eaa80000)
  object space 540160K, 77% used [0x00000000c0000000,0x00000000d97652f8,0x00000000e0f80000)
 PSPermGen       total 21504K, used 6207K [0x00000000b5a00000, 0x00000000b6f00000, 0x00000000c0000000)
  object space 21504K, 28% used [0x00000000b5a00000,0x00000000b600fed0,0x00000000b6f00000)
Event: 21.161 GC heap after
Heap after GC invocations=32 (full 5):
 PSYoungGen      total 231424K, used 81556K [0x00000000eaa80000, 0x0000000100000000, 0x0000000100000000)
  eden space 120320K, 0% used [0x00000000eaa80000,0x00000000eaa80000,0x00000000f2000000)
  from space 111104K, 73% used [0x00000000f2000000,0x00000000f6fa5160,0x00000000f8c80000)
  to   space 116224K, 0% used [0x00000000f8e80000,0x00000000f8e80000,0x0000000100000000)
 ParOldGen       total 540160K, used 417172K [0x00000000c0000000, 0x00000000e0f80000, 0x00000000eaa80000)
  object space 540160K, 77% used [0x00000000c0000000,0x00000000d97652f8,0x00000000e0f80000)
 PSPermGen       total 21504K, used 6207K [0x00000000b5a00000, 0x00000000b6f00000, 0x00000000c0000000)
  object space 21504K, 28% used [0x00000000b5a00000,0x00000000b600fed0,0x00000000b6f00000)
}
Event: 21.421 GC heap before
{Heap before GC invocations=33 (full 5):
 PSYoungGen      total 231424K, used 201876K [0x00000000eaa80000, 0x0000000100000000, 0x0000000100000000)
  eden space 120320K, 100% used [0x00000000eaa80000,0x00000000f2000000,0x00000000f2000000)
  from space 111104K, 73% used [0x00000000f2000000,0x00000000f6fa5160,0x00000000f8c80000)
  to   space 116224K, 0% used [0x00000000f8e80000,0x00000000f8e80000,0x0000000100000000)
 ParOldGen       total 540160K, used 417172K [0x00000000c0000000, 0x00000000e0f80000, 0x00000000eaa80000)
  object space 540160K, 77% used [0x00000000c0000000,0x00000000d97652f8,0x00000000e0f80000)
 PSPermGen       total 21504K, used 6214K [0x00000000b5a00000, 0x00000000b6f00000, 0x00000000c0000000)
  object space 21504K, 28% used [0x00000000b5a00000,0x00000000b6011820,0x00000000b6f00000)
Event: 21.532 GC heap after
Heap after GC invocations=33 (full 5):
 PSYoungGen      total 233472K, used 100975K [0x00000000eaa80000, 0x0000000100000000, 0x0000000100000000)
  eden space 117248K, 0% used [0x00000000eaa80000,0x00000000eaa80000,0x00000000f1d00000)
  from space 116224K, 86% used [0x00000000f8e80000,0x00000000ff11bcf0,0x0000000100000000)
  to   space 116224K, 0% used [0x00000000f1d00000,0x00000000f1d00000,0x00000000f8e80000)
 ParOldGen       total 540160K, used 417172K [0x00000000c0000000, 0x00000000e0f80000, 0x00000000eaa80000)
  object space 540160K, 77% used [0x00000000c0000000,0x00000000d97652f8,0x00000000e0f80000)
 PSPermGen       total 21504K, used 6214K [0x00000000b5a00000, 0x00000000b6f00000, 0x00000000c0000000)
  object space 21504K, 28% used [0x00000000b5a00000,0x00000000b6011820,0x00000000b6f00000)
}
Event: 21.775 GC heap before
{Heap before GC invocations=34 (full 5):
 PSYoungGen      total 233472K, used 218223K [0x00000000eaa80000, 0x0000000100000000, 0x0000000100000000)
  eden space 117248K, 100% used [0x00000000eaa80000,0x00000000f1d00000,0x00000000f1d00000)
  from space 116224K, 86% used [0x00000000f8e80000,0x00000000ff11bcf0,0x0000000100000000)
  to   space 116224K, 0% used [0x00000000f1d00000,0x00000000f1d00000,0x00000000f8e80000)
 ParOldGen       total 540160K, used 417172K [0x00000000c0000000, 0x00000000e0f80000, 0x00000000eaa80000)
  object space 540160K, 77% used [0x00000000c0000000,0x00000000d97652f8,0x00000000e0f80000)
 PSPermGen       total 21504K, used 6219K [0x00000000b5a00000, 0x00000000b6f00000, 0x00000000c0000000)
  object space 21504K, 28% used [0x00000000b5a00000,0x00000000b6012ed8,0x00000000b6f00000)
Event: 21.923 GC heap after
Heap after GC invocations=34 (full 5):
 PSYoungGen      total 233472K, used 76008K [0x00000000eaa80000, 0x0000000100000000, 0x0000000100000000)
  eden space 117248K, 0% used [0x00000000eaa80000,0x00000000eaa80000,0x00000000f1d00000)
  from space 116224K, 65% used [0x00000000f1d00000,0x00000000f673a1e0,0x00000000f8e80000)
  to   space 116224K, 0% used [0x00000000f8e80000,0x00000000f8e80000,0x0000000100000000)
 ParOldGen       total 540160K, used 459572K [0x00000000c0000000, 0x00000000e0f80000, 0x00000000eaa80000)
  object space 540160K, 85% used [0x00000000c0000000,0x00000000dc0cd130,0x00000000e0f80000)
 PSPermGen       total 21504K, used 6219K [0x00000000b5a00000, 0x00000000b6f00000, 0x00000000c0000000)
  object space 21504K, 28% used [0x00000000b5a00000,0x00000000b6012ed8,0x00000000b6f00000)
}
Event: 22.351 GC heap before
{Heap before GC invocations=35 (full 5):
 PSYoungGen      total 233472K, used 193256K [0x00000000eaa80000, 0x0000000100000000, 0x0000000100000000)
  eden space 117248K, 100% used [0x00000000eaa80000,0x00000000f1d00000,0x00000000f1d00000)
  from space 116224K, 65% used [0x00000000f1d00000,0x00000000f673a1e0,0x00000000f8e80000)
  to   space 116224K, 0% used [0x00000000f8e80000,0x00000000f8e80000,0x0000000100000000)
 ParOldGen       total 540160K, used 459572K [0x00000000c0000000, 0x00000000e0f80000, 0x00000000eaa80000)
  object space 540160K, 85% used [0x00000000c0000000,0x00000000dc0cd130,0x00000000e0f80000)
 PSPermGen       total 21504K, used 6219K [0x00000000b5a00000, 0x00000000b6f00000, 0x00000000c0000000)
  object space 21504K, 28% used [0x00000000b5a00000,0x00000000b6012ed8,0x00000000b6f00000)
Event: 22.468 GC heap after
Heap after GC invocations=35 (full 5):
 PSYoungGen      total 233472K, used 55916K [0x00000000eaa80000, 0x0000000100000000, 0x0000000100000000)
  eden space 117248K, 0% used [0x00000000eaa80000,0x00000000eaa80000,0x00000000f1d00000)
  from space 116224K, 48% used [0x00000000f8e80000,0x00000000fc51b230,0x0000000100000000)
  to   space 116224K, 0% used [0x00000000f1d00000,0x00000000f1d00000,0x00000000f8e80000)
 ParOldGen       total 540160K, used 498372K [0x00000000c0000000, 0x00000000e0f80000, 0x00000000eaa80000)
  object space 540160K, 92% used [0x00000000c0000000,0x00000000de6b1110,0x00000000e0f80000)
 PSPermGen       total 21504K, used 6219K [0x00000000b5a00000, 0x00000000b6f00000, 0x00000000c0000000)
  object space 21504K, 28% used [0x00000000b5a00000,0x00000000b6012ed8,0x00000000b6f00000)
}
Event: 22.473 GC heap before
{Heap before GC invocations=36 (full 6):
 PSYoungGen      total 233472K, used 55916K [0x00000000eaa80000, 0x0000000100000000, 0x0000000100000000)
  eden space 117248K, 0% used [0x00000000eaa80000,0x00000000eaa80000,0x00000000f1d00000)
  from space 116224K, 48% used [0x00000000f8e80000,0x00000000fc51b230,0x0000000100000000)
  to   space 116224K, 0% used [0x00000000f1d00000,0x00000000f1d00000,0x00000000f8e80000)
 ParOldGen       total 540160K, used 498372K [0x00000000c0000000, 0x00000000e0f80000, 0x00000000eaa80000)
  object space 540160K, 92% used [0x00000000c0000000,0x00000000de6b1110,0x00000000e0f80000)
 PSPermGen       total 21504K, used 6219K [0x00000000b5a00000, 0x00000000b6f00000, 0x00000000c0000000)
  object space 21504K, 28% used [0x00000000b5a00000,0x00000000b6012ed8,0x00000000b6f00000)

