# JRE version: OpenJDK Runtime Environment (7.0_95) (build 1.7.0_95-b00)
# Java VM: OpenJDK 64-Bit Server VM (24.95-b01 mixed mode linux-amd64 compressed oops)
Heap
 PSYoungGen      total 210944K, used 26560K [0x00000000eaa80000, 0x0000000100000000, 0x0000000100000000)
  eden space 148992K, 0% used [0x00000000eaa80000,0x00000000eaa80000,0x00000000f3c00000)
  from space 61952K, 42% used [0x00000000fc380000,0x00000000fdd703f8,0x0000000100000000)
  to   space 100352K, 0% used [0x00000000f3c00000,0x00000000f3c00000,0x00000000f9e00000)
 ParOldGen       total 235520K, used 235397K [0x00000000c0000000, 0x00000000ce600000, 0x00000000eaa80000)
  object space 235520K, 99% used [0x00000000c0000000,0x00000000ce5e1410,0x00000000ce600000)
 PSPermGen       total 21504K, used 6147K [0x00000000b5a00000, 0x00000000b6f00000, 0x00000000c0000000)
  object space 21504K, 28% used [0x00000000b5a00000,0x00000000b6000f48,0x00000000b6f00000)
GC Heap History (10 events):
Event: 19.024 GC heap after
Heap after GC invocations=13 (full 2):
 PSYoungGen      total 260096K, used 33045K [0x00000000eaa80000, 0x0000000100000000, 0x0000000100000000)
  eden space 204800K, 0% used [0x00000000eaa80000,0x00000000eaa80000,0x00000000f7280000)
  from space 55296K, 59% used [0x00000000f7280000,0x00000000f92c54f8,0x00000000fa880000)
  to   space 56320K, 0% used [0x00000000fc900000,0x00000000fc900000,0x0000000100000000)
 ParOldGen       total 144384K, used 130314K [0x00000000c0000000, 0x00000000c8d00000, 0x00000000eaa80000)
  object space 144384K, 90% used [0x00000000c0000000,0x00000000c7f42a60,0x00000000c8d00000)
 PSPermGen       total 21504K, used 6117K [0x00000000b5a00000, 0x00000000b6f00000, 0x00000000c0000000)
  object space 21504K, 28% used [0x00000000b5a00000,0x00000000b5ff9738,0x00000000b6f00000)
}
Event: 19.024 GC heap before
{Heap before GC invocations=14 (full 3):
 PSYoungGen      total 260096K, used 33045K [0x00000000eaa80000, 0x0000000100000000, 0x0000000100000000)
  eden space 204800K, 0% used [0x00000000eaa80000,0x00000000eaa80000,0x00000000f7280000)
  from space 55296K, 59% used [0x00000000f7280000,0x00000000f92c54f8,0x00000000fa880000)
  to   space 56320K, 0% used [0x00000000fc900000,0x00000000fc900000,0x0000000100000000)
 ParOldGen       total 144384K, used 130314K [0x00000000c0000000, 0x00000000c8d00000, 0x00000000eaa80000)
  object space 144384K, 90% used [0x00000000c0000000,0x00000000c7f42a60,0x00000000c8d00000)
 PSPermGen       total 21504K, used 6117K [0x00000000b5a00000, 0x00000000b6f00000, 0x00000000c0000000)
  object space 21504K, 28% used [0x00000000b5a00000,0x00000000b5ff9738,0x00000000b6f00000)
Event: 19.928 GC heap after
Heap after GC invocations=14 (full 3):
 PSYoungGen      total 260096K, used 14950K [0x00000000eaa80000, 0x0000000100000000, 0x0000000100000000)
  eden space 204800K, 0% used [0x00000000eaa80000,0x00000000eaa80000,0x00000000f7280000)
  from space 55296K, 27% used [0x00000000f7280000,0x00000000f8119a50,0x00000000fa880000)
  to   space 56320K, 0% used [0x00000000fc900000,0x00000000fc900000,0x0000000100000000)
 ParOldGen       total 235520K, used 144099K [0x00000000c0000000, 0x00000000ce600000, 0x00000000eaa80000)
  object space 235520K, 61% used [0x00000000c0000000,0x00000000c8cb8c20,0x00000000ce600000)
 PSPermGen       total 21504K, used 6117K [0x00000000b5a00000, 0x00000000b6f00000, 0x00000000c0000000)
  object space 21504K, 28% used [0x00000000b5a00000,0x00000000b5ff95f8,0x00000000b6f00000)
}
Event: 21.133 GC heap before
{Heap before GC invocations=15 (full 3):
 PSYoungGen      total 260096K, used 219750K [0x00000000eaa80000, 0x0000000100000000, 0x0000000100000000)
  eden space 204800K, 100% used [0x00000000eaa80000,0x00000000f7280000,0x00000000f7280000)
  from space 55296K, 27% used [0x00000000f7280000,0x00000000f8119a50,0x00000000fa880000)
  to   space 56320K, 0% used [0x00000000fc900000,0x00000000fc900000,0x0000000100000000)
 ParOldGen       total 235520K, used 144099K [0x00000000c0000000, 0x00000000ce600000, 0x00000000eaa80000)
  object space 235520K, 61% used [0x00000000c0000000,0x00000000c8cb8c20,0x00000000ce600000)
 PSPermGen       total 21504K, used 6126K [0x00000000b5a00000, 0x00000000b6f00000, 0x00000000c0000000)
  object space 21504K, 28% used [0x00000000b5a00000,0x00000000b5ffba48,0x00000000b6f00000)
Event: 21.418 GC heap after
Heap after GC invocations=15 (full 3):
 PSYoungGen      total 282112K, used 47607K [0x00000000eaa80000, 0x0000000100000000, 0x0000000100000000)
  eden space 225792K, 0% used [0x00000000eaa80000,0x00000000eaa80000,0x00000000f8700000)
  from space 56320K, 84% used [0x00000000fc900000,0x00000000ff77dd48,0x0000000100000000)
  to   space 61952K, 0% used [0x00000000f8700000,0x00000000f8700000,0x00000000fc380000)
 ParOldGen       total 235520K, used 144099K [0x00000000c0000000, 0x00000000ce600000, 0x00000000eaa80000)
  object space 235520K, 61% used [0x00000000c0000000,0x00000000c8cb8c20,0x00000000ce600000)
 PSPermGen       total 21504K, used 6126K [0x00000000b5a00000, 0x00000000b6f00000, 0x00000000c0000000)
  object space 21504K, 28% used [0x00000000b5a00000,0x00000000b5ffba48,0x00000000b6f00000)
}
Event: 22.557 GC heap before
{Heap before GC invocations=16 (full 3):
 PSYoungGen      total 282112K, used 273399K [0x00000000eaa80000, 0x0000000100000000, 0x0000000100000000)
  eden space 225792K, 100% used [0x00000000eaa80000,0x00000000f8700000,0x00000000f8700000)
  from space 56320K, 84% used [0x00000000fc900000,0x00000000ff77dd48,0x0000000100000000)
  to   space 61952K, 0% used [0x00000000f8700000,0x00000000f8700000,0x00000000fc380000)
 ParOldGen       total 235520K, used 144099K [0x00000000c0000000, 0x00000000ce600000, 0x00000000eaa80000)
  object space 235520K, 61% used [0x00000000c0000000,0x00000000c8cb8c20,0x00000000ce600000)
 PSPermGen       total 21504K, used 6144K [0x00000000b5a00000, 0x00000000b6f00000, 0x00000000c0000000)
  object space 21504K, 28% used [0x00000000b5a00000,0x00000000b6000028,0x00000000b6f00000)
Event: 22.798 GC heap after
Heap after GC invocations=16 (full 3):
 PSYoungGen      total 287744K, used 61926K [0x00000000eaa80000, 0x0000000100000000, 0x0000000100000000)
  eden space 225792K, 0% used [0x00000000eaa80000,0x00000000eaa80000,0x00000000f8700000)
  from space 61952K, 99% used [0x00000000f8700000,0x00000000fc379958,0x00000000fc380000)
  to   space 61952K, 0% used [0x00000000fc380000,0x00000000fc380000,0x0000000100000000)
 ParOldGen       total 235520K, used 165641K [0x00000000c0000000, 0x00000000ce600000, 0x00000000eaa80000)
  object space 235520K, 70% used [0x00000000c0000000,0x00000000ca1c2500,0x00000000ce600000)
 PSPermGen       total 21504K, used 6144K [0x00000000b5a00000, 0x00000000b6f00000, 0x00000000c0000000)
  object space 21504K, 28% used [0x00000000b5a00000,0x00000000b6000028,0x00000000b6f00000)
}
Event: 23.935 GC heap before
{Heap before GC invocations=17 (full 3):
 PSYoungGen      total 287744K, used 287718K [0x00000000eaa80000, 0x0000000100000000, 0x0000000100000000)
  eden space 225792K, 100% used [0x00000000eaa80000,0x00000000f8700000,0x00000000f8700000)
  from space 61952K, 99% used [0x00000000f8700000,0x00000000fc379958,0x00000000fc380000)
  to   space 61952K, 0% used [0x00000000fc380000,0x00000000fc380000,0x0000000100000000)
 ParOldGen       total 235520K, used 165641K [0x00000000c0000000, 0x00000000ce600000, 0x00000000eaa80000)
  object space 235520K, 70% used [0x00000000c0000000,0x00000000ca1c2500,0x00000000ce600000)
 PSPermGen       total 21504K, used 6147K [0x00000000b5a00000, 0x00000000b6f00000, 0x00000000c0000000)
  object space 21504K, 28% used [0x00000000b5a00000,0x00000000b6000f88,0x00000000b6f00000)
Event: 24.150 GC heap after
Heap after GC invocations=17 (full 3):
 PSYoungGen      total 210944K, used 61942K [0x00000000eaa80000, 0x0000000100000000, 0x0000000100000000)
  eden space 148992K, 0% used [0x00000000eaa80000,0x00000000eaa80000,0x00000000f3c00000)
  from space 61952K, 99% used [0x00000000fc380000,0x00000000ffffdb68,0x0000000100000000)
  to   space 100352K, 0% used [0x00000000f3c00000,0x00000000f3c00000,0x00000000f9e00000)
 ParOldGen       total 235520K, used 202360K [0x00000000c0000000, 0x00000000ce600000, 0x00000000eaa80000)
  object space 235520K, 85% used [0x00000000c0000000,0x00000000cc59e298,0x00000000ce600000)
 PSPermGen       total 21504K, used 6147K [0x00000000b5a00000, 0x00000000b6f00000, 0x00000000c0000000)
  object space 21504K, 28% used [0x00000000b5a00000,0x00000000b6000f88,0x00000000b6f00000)
}
Event: 24.151 GC heap before
{Heap before GC invocations=18 (full 4):
 PSYoungGen      total 210944K, used 61942K [0x00000000eaa80000, 0x0000000100000000, 0x0000000100000000)
  eden space 148992K, 0% used [0x00000000eaa80000,0x00000000eaa80000,0x00000000f3c00000)
  from space 61952K, 99% used [0x00000000fc380000,0x00000000ffffdb68,0x0000000100000000)
  to   space 100352K, 0% used [0x00000000f3c00000,0x00000000f3c00000,0x00000000f9e00000)
 ParOldGen       total 235520K, used 202360K [0x00000000c0000000, 0x00000000ce600000, 0x00000000eaa80000)
  object space 235520K, 85% used [0x00000000c0000000,0x00000000cc59e298,0x00000000ce600000)
 PSPermGen       total 21504K, used 6147K [0x00000000b5a00000, 0x00000000b6f00000, 0x00000000c0000000)
  object space 21504K, 28% used [0x00000000b5a00000,0x00000000b6000f88,0x00000000b6f00000)

