# JRE version: OpenJDK Runtime Environment (7.0_95) (build 1.7.0_95-b00)
# Java VM: OpenJDK 64-Bit Server VM (24.95-b01 mixed mode linux-amd64 compressed oops)
Heap
 PSYoungGen      total 223232K, used 16034K [0x00000000eaa80000, 0x00000000ff580000, 0x0000000100000000)
  eden space 118784K, 0% used [0x00000000eaa80000,0x00000000eaa80000,0x00000000f1e80000)
  from space 104448K, 15% used [0x00000000f8f80000,0x00000000f9f28910,0x00000000ff580000)
  to   space 110080K, 0% used [0x00000000f1e80000,0x00000000f1e80000,0x00000000f8a00000)
 ParOldGen       total 532992K, used 532488K [0x00000000c0000000, 0x00000000e0880000, 0x00000000eaa80000)
  object space 532992K, 99% used [0x00000000c0000000,0x00000000e0802190,0x00000000e0880000)
 PSPermGen       total 21504K, used 6219K [0x00000000b5a00000, 0x00000000b6f00000, 0x00000000c0000000)
  object space 21504K, 28% used [0x00000000b5a00000,0x00000000b6012d88,0x00000000b6f00000)
GC Heap History (10 events):
Event: 24.693 GC heap after
Heap after GC invocations=33 (full 5):
 PSYoungGen      total 231424K, used 58931K [0x00000000eaa80000, 0x00000000ffe00000, 0x0000000100000000)
  eden space 123904K, 0% used [0x00000000eaa80000,0x00000000eaa80000,0x00000000f2380000)
  from space 107520K, 54% used [0x00000000f8c00000,0x00000000fc58ce68,0x00000000ff500000)
  to   space 107008K, 0% used [0x00000000f2380000,0x00000000f2380000,0x00000000f8c00000)
 ParOldGen       total 532992K, used 415151K [0x00000000c0000000, 0x00000000e0880000, 0x00000000eaa80000)
  object space 532992K, 77% used [0x00000000c0000000,0x00000000d956bf78,0x00000000e0880000)
 PSPermGen       total 21504K, used 6198K [0x00000000b5a00000, 0x00000000b6f00000, 0x00000000c0000000)
  object space 21504K, 28% used [0x00000000b5a00000,0x00000000b600dae0,0x00000000b6f00000)
}
Event: 25.216 GC heap before
{Heap before GC invocations=34 (full 5):
 PSYoungGen      total 231424K, used 182835K [0x00000000eaa80000, 0x00000000ffe00000, 0x0000000100000000)
  eden space 123904K, 100% used [0x00000000eaa80000,0x00000000f2380000,0x00000000f2380000)
  from space 107520K, 54% used [0x00000000f8c00000,0x00000000fc58ce68,0x00000000ff500000)
  to   space 107008K, 0% used [0x00000000f2380000,0x00000000f2380000,0x00000000f8c00000)
 ParOldGen       total 532992K, used 415151K [0x00000000c0000000, 0x00000000e0880000, 0x00000000eaa80000)
  object space 532992K, 77% used [0x00000000c0000000,0x00000000d956bf78,0x00000000e0880000)
 PSPermGen       total 21504K, used 6203K [0x00000000b5a00000, 0x00000000b6f00000, 0x00000000c0000000)
  object space 21504K, 28% used [0x00000000b5a00000,0x00000000b600ec28,0x00000000b6f00000)
Event: 25.514 GC heap after
Heap after GC invocations=34 (full 5):
 PSYoungGen      total 230912K, used 78777K [0x00000000eaa80000, 0x0000000100000000, 0x0000000100000000)
  eden space 123904K, 0% used [0x00000000eaa80000,0x00000000eaa80000,0x00000000f2380000)
  from space 107008K, 73% used [0x00000000f2380000,0x00000000f706e578,0x00000000f8c00000)
  to   space 113664K, 0% used [0x00000000f9100000,0x00000000f9100000,0x0000000100000000)
 ParOldGen       total 532992K, used 415151K [0x00000000c0000000, 0x00000000e0880000, 0x00000000eaa80000)
  object space 532992K, 77% used [0x00000000c0000000,0x00000000d956bf78,0x00000000e0880000)
 PSPermGen       total 21504K, used 6203K [0x00000000b5a00000, 0x00000000b6f00000, 0x00000000c0000000)
  object space 21504K, 28% used [0x00000000b5a00000,0x00000000b600ec28,0x00000000b6f00000)
}
Event: 26.244 GC heap before
{Heap before GC invocations=35 (full 5):
 PSYoungGen      total 230912K, used 202681K [0x00000000eaa80000, 0x0000000100000000, 0x0000000100000000)
  eden space 123904K, 100% used [0x00000000eaa80000,0x00000000f2380000,0x00000000f2380000)
  from space 107008K, 73% used [0x00000000f2380000,0x00000000f706e578,0x00000000f8c00000)
  to   space 113664K, 0% used [0x00000000f9100000,0x00000000f9100000,0x0000000100000000)
 ParOldGen       total 532992K, used 415151K [0x00000000c0000000, 0x00000000e0880000, 0x00000000eaa80000)
  object space 532992K, 77% used [0x00000000c0000000,0x00000000d956bf78,0x00000000e0880000)
 PSPermGen       total 21504K, used 6210K [0x00000000b5a00000, 0x00000000b6f00000, 0x00000000c0000000)
  object space 21504K, 28% used [0x00000000b5a00000,0x00000000b6010800,0x00000000b6f00000)
Event: 26.474 GC heap after
Heap after GC invocations=35 (full 5):
 PSYoungGen      total 230912K, used 79927K [0x00000000eaa80000, 0x0000000100000000, 0x0000000100000000)
  eden space 117248K, 0% used [0x00000000eaa80000,0x00000000eaa80000,0x00000000f1d00000)
  from space 113664K, 70% used [0x00000000f9100000,0x00000000fdf0de28,0x0000000100000000)
  to   space 116224K, 0% used [0x00000000f1d00000,0x00000000f1d00000,0x00000000f8e80000)
 ParOldGen       total 532992K, used 434512K [0x00000000c0000000, 0x00000000e0880000, 0x00000000eaa80000)
  object space 532992K, 81% used [0x00000000c0000000,0x00000000da854068,0x00000000e0880000)
 PSPermGen       total 21504K, used 6210K [0x00000000b5a00000, 0x00000000b6f00000, 0x00000000c0000000)
  object space 21504K, 28% used [0x00000000b5a00000,0x00000000b6010800,0x00000000b6f00000)
}
Event: 26.922 GC heap before
{Heap before GC invocations=36 (full 5):
 PSYoungGen      total 230912K, used 197175K [0x00000000eaa80000, 0x0000000100000000, 0x0000000100000000)
  eden space 117248K, 100% used [0x00000000eaa80000,0x00000000f1d00000,0x00000000f1d00000)
  from space 113664K, 70% used [0x00000000f9100000,0x00000000fdf0de28,0x0000000100000000)
  to   space 116224K, 0% used [0x00000000f1d00000,0x00000000f1d00000,0x00000000f8e80000)
 ParOldGen       total 532992K, used 434512K [0x00000000c0000000, 0x00000000e0880000, 0x00000000eaa80000)
  object space 532992K, 81% used [0x00000000c0000000,0x00000000da854068,0x00000000e0880000)
 PSPermGen       total 21504K, used 6219K [0x00000000b5a00000, 0x00000000b6f00000, 0x00000000c0000000)
  object space 21504K, 28% used [0x00000000b5a00000,0x00000000b6012d70,0x00000000b6f00000)
Event: 27.089 GC heap after
Heap after GC invocations=36 (full 5):
 PSYoungGen      total 233472K, used 58124K [0x00000000eaa80000, 0x00000000fff80000, 0x0000000100000000)
  eden space 117248K, 0% used [0x00000000eaa80000,0x00000000eaa80000,0x00000000f1d00000)
  from space 116224K, 50% used [0x00000000f1d00000,0x00000000f55c33a0,0x00000000f8e80000)
  to   space 114688K, 0% used [0x00000000f8f80000,0x00000000f8f80000,0x00000000fff80000)
 ParOldGen       total 532992K, used 473328K [0x00000000c0000000, 0x00000000e0880000, 0x00000000eaa80000)
  object space 532992K, 88% used [0x00000000c0000000,0x00000000dce3c148,0x00000000e0880000)
 PSPermGen       total 21504K, used 6219K [0x00000000b5a00000, 0x00000000b6f00000, 0x00000000c0000000)
  object space 21504K, 28% used [0x00000000b5a00000,0x00000000b6012d70,0x00000000b6f00000)
}
Event: 27.624 GC heap before
{Heap before GC invocations=37 (full 5):
 PSYoungGen      total 233472K, used 175372K [0x00000000eaa80000, 0x00000000fff80000, 0x0000000100000000)
  eden space 117248K, 100% used [0x00000000eaa80000,0x00000000f1d00000,0x00000000f1d00000)
  from space 116224K, 50% used [0x00000000f1d00000,0x00000000f55c33a0,0x00000000f8e80000)
  to   space 114688K, 0% used [0x00000000f8f80000,0x00000000f8f80000,0x00000000fff80000)
 ParOldGen       total 532992K, used 473328K [0x00000000c0000000, 0x00000000e0880000, 0x00000000eaa80000)
  object space 532992K, 88% used [0x00000000c0000000,0x00000000dce3c148,0x00000000e0880000)
 PSPermGen       total 21504K, used 6219K [0x00000000b5a00000, 0x00000000b6f00000, 0x00000000c0000000)
  object space 21504K, 28% used [0x00000000b5a00000,0x00000000b6012e68,0x00000000b6f00000)
Event: 27.748 GC heap after
Heap after GC invocations=37 (full 5):
 PSYoungGen      total 223232K, used 56716K [0x00000000eaa80000, 0x00000000ff580000, 0x0000000100000000)
  eden space 118784K, 0% used [0x00000000eaa80000,0x00000000eaa80000,0x00000000f1e80000)
  from space 104448K, 54% used [0x00000000f8f80000,0x00000000fc6e3228,0x00000000ff580000)
  to   space 110080K, 0% used [0x00000000f1e80000,0x00000000f1e80000,0x00000000f8a00000)
 ParOldGen       total 532992K, used 493519K [0x00000000c0000000, 0x00000000e0880000, 0x00000000eaa80000)
  object space 532992K, 92% used [0x00000000c0000000,0x00000000de1f3c98,0x00000000e0880000)
 PSPermGen       total 21504K, used 6219K [0x00000000b5a00000, 0x00000000b6f00000, 0x00000000c0000000)
  object space 21504K, 28% used [0x00000000b5a00000,0x00000000b6012e68,0x00000000b6f00000)
}
Event: 27.756 GC heap before
{Heap before GC invocations=38 (full 6):
 PSYoungGen      total 223232K, used 56716K [0x00000000eaa80000, 0x00000000ff580000, 0x0000000100000000)
  eden space 118784K, 0% used [0x00000000eaa80000,0x00000000eaa80000,0x00000000f1e80000)
  from space 104448K, 54% used [0x00000000f8f80000,0x00000000fc6e3228,0x00000000ff580000)
  to   space 110080K, 0% used [0x00000000f1e80000,0x00000000f1e80000,0x00000000f8a00000)
 ParOldGen       total 532992K, used 493519K [0x00000000c0000000, 0x00000000e0880000, 0x00000000eaa80000)
  object space 532992K, 92% used [0x00000000c0000000,0x00000000de1f3c98,0x00000000e0880000)
 PSPermGen       total 21504K, used 6219K [0x00000000b5a00000, 0x00000000b6f00000, 0x00000000c0000000)
  object space 21504K, 28% used [0x00000000b5a00000,0x00000000b6012e68,0x00000000b6f00000)

