# JRE version: OpenJDK Runtime Environment (7.0_95) (build 1.7.0_95-b00)
# Java VM: OpenJDK 64-Bit Server VM (24.95-b01 mixed mode linux-amd64 compressed oops)
Heap
 PSYoungGen      total 233472K, used 13009K [0x00000000eaa80000, 0x00000000ffe00000, 0x0000000100000000)
  eden space 117248K, 0% used [0x00000000eaa80000,0x00000000eaa80000,0x00000000f1d00000)
  from space 116224K, 11% used [0x00000000f1d00000,0x00000000f29b4750,0x00000000f8e80000)
  to   space 112640K, 0% used [0x00000000f9000000,0x00000000f9000000,0x00000000ffe00000)
 ParOldGen       total 366080K, used 365600K [0x00000000c0000000, 0x00000000d6580000, 0x00000000eaa80000)
  object space 366080K, 99% used [0x00000000c0000000,0x00000000d6508008,0x00000000d6580000)
 PSPermGen       total 21504K, used 6165K [0x00000000b5a00000, 0x00000000b6f00000, 0x00000000c0000000)
  object space 21504K, 28% used [0x00000000b5a00000,0x00000000b60054b8,0x00000000b6f00000)
GC Heap History (10 events):
Event: 21.966 GC heap after
Heap after GC invocations=23 (full 4):
 PSYoungGen      total 227840K, used 59323K [0x00000000eaa80000, 0x0000000100000000, 0x0000000100000000)
  eden space 168448K, 0% used [0x00000000eaa80000,0x00000000eaa80000,0x00000000f4f00000)
  from space 59392K, 99% used [0x00000000f4f00000,0x00000000f88eeef8,0x00000000f8900000)
  to   space 93696K, 0% used [0x00000000fa480000,0x00000000fa480000,0x0000000100000000)
 ParOldGen       total 366080K, used 241335K [0x00000000c0000000, 0x00000000d6580000, 0x00000000eaa80000)
  object space 366080K, 65% used [0x00000000c0000000,0x00000000cebadde0,0x00000000d6580000)
 PSPermGen       total 21504K, used 6160K [0x00000000b5a00000, 0x00000000b6f00000, 0x00000000c0000000)
  object space 21504K, 28% used [0x00000000b5a00000,0x00000000b60042f0,0x00000000b6f00000)
}
Event: 22.459 GC heap before
{Heap before GC invocations=24 (full 4):
 PSYoungGen      total 227840K, used 227771K [0x00000000eaa80000, 0x0000000100000000, 0x0000000100000000)
  eden space 168448K, 100% used [0x00000000eaa80000,0x00000000f4f00000,0x00000000f4f00000)
  from space 59392K, 99% used [0x00000000f4f00000,0x00000000f88eeef8,0x00000000f8900000)
  to   space 93696K, 0% used [0x00000000fa480000,0x00000000fa480000,0x0000000100000000)
 ParOldGen       total 366080K, used 241335K [0x00000000c0000000, 0x00000000d6580000, 0x00000000eaa80000)
  object space 366080K, 65% used [0x00000000c0000000,0x00000000cebadde0,0x00000000d6580000)
 PSPermGen       total 21504K, used 6162K [0x00000000b5a00000, 0x00000000b6f00000, 0x00000000c0000000)
  object space 21504K, 28% used [0x00000000b5a00000,0x00000000b6004ac8,0x00000000b6f00000)
Event: 22.819 GC heap after
Heap after GC invocations=24 (full 4):
 PSYoungGen      total 234496K, used 82530K [0x00000000eaa80000, 0x0000000100000000, 0x0000000100000000)
  eden space 140800K, 0% used [0x00000000eaa80000,0x00000000eaa80000,0x00000000f3400000)
  from space 93696K, 88% used [0x00000000fa480000,0x00000000ff5188b0,0x0000000100000000)
  to   space 104448K, 0% used [0x00000000f3400000,0x00000000f3400000,0x00000000f9a00000)
 ParOldGen       total 366080K, used 241335K [0x00000000c0000000, 0x00000000d6580000, 0x00000000eaa80000)
  object space 366080K, 65% used [0x00000000c0000000,0x00000000cebadde0,0x00000000d6580000)
 PSPermGen       total 21504K, used 6162K [0x00000000b5a00000, 0x00000000b6f00000, 0x00000000c0000000)
  object space 21504K, 28% used [0x00000000b5a00000,0x00000000b6004ac8,0x00000000b6f00000)
}
Event: 23.385 GC heap before
{Heap before GC invocations=25 (full 4):
 PSYoungGen      total 234496K, used 223330K [0x00000000eaa80000, 0x0000000100000000, 0x0000000100000000)
  eden space 140800K, 100% used [0x00000000eaa80000,0x00000000f3400000,0x00000000f3400000)
  from space 93696K, 88% used [0x00000000fa480000,0x00000000ff5188b0,0x0000000100000000)
  to   space 104448K, 0% used [0x00000000f3400000,0x00000000f3400000,0x00000000f9a00000)
 ParOldGen       total 366080K, used 241335K [0x00000000c0000000, 0x00000000d6580000, 0x00000000eaa80000)
  object space 366080K, 65% used [0x00000000c0000000,0x00000000cebadde0,0x00000000d6580000)
 PSPermGen       total 21504K, used 6163K [0x00000000b5a00000, 0x00000000b6f00000, 0x00000000c0000000)
  object space 21504K, 28% used [0x00000000b5a00000,0x00000000b6004f98,0x00000000b6f00000)
Event: 23.544 GC heap after
Heap after GC invocations=25 (full 4):
 PSYoungGen      total 217600K, used 76664K [0x00000000eaa80000, 0x0000000100000000, 0x0000000100000000)
  eden space 140800K, 0% used [0x00000000eaa80000,0x00000000eaa80000,0x00000000f3400000)
  from space 76800K, 99% used [0x00000000f3400000,0x00000000f7ede230,0x00000000f7f00000)
  to   space 111104K, 0% used [0x00000000f9380000,0x00000000f9380000,0x0000000100000000)
 ParOldGen       total 366080K, used 265565K [0x00000000c0000000, 0x00000000d6580000, 0x00000000eaa80000)
  object space 366080K, 72% used [0x00000000c0000000,0x00000000d0357518,0x00000000d6580000)
 PSPermGen       total 21504K, used 6163K [0x00000000b5a00000, 0x00000000b6f00000, 0x00000000c0000000)
  object space 21504K, 28% used [0x00000000b5a00000,0x00000000b6004f98,0x00000000b6f00000)
}
Event: 24.109 GC heap before
{Heap before GC invocations=26 (full 4):
 PSYoungGen      total 217600K, used 217464K [0x00000000eaa80000, 0x0000000100000000, 0x0000000100000000)
  eden space 140800K, 100% used [0x00000000eaa80000,0x00000000f3400000,0x00000000f3400000)
  from space 76800K, 99% used [0x00000000f3400000,0x00000000f7ede230,0x00000000f7f00000)
  to   space 111104K, 0% used [0x00000000f9380000,0x00000000f9380000,0x0000000100000000)
 ParOldGen       total 366080K, used 265565K [0x00000000c0000000, 0x00000000d6580000, 0x00000000eaa80000)
  object space 366080K, 72% used [0x00000000c0000000,0x00000000d0357518,0x00000000d6580000)
 PSPermGen       total 21504K, used 6163K [0x00000000b5a00000, 0x00000000b6f00000, 0x00000000c0000000)
  object space 21504K, 28% used [0x00000000b5a00000,0x00000000b6004fb8,0x00000000b6f00000)
Event: 24.210 GC heap after
Heap after GC invocations=26 (full 4):
 PSYoungGen      total 228352K, used 79458K [0x00000000eaa80000, 0x0000000100000000, 0x0000000100000000)
  eden space 117248K, 0% used [0x00000000eaa80000,0x00000000eaa80000,0x00000000f1d00000)
  from space 111104K, 71% used [0x00000000f9380000,0x00000000fe118a58,0x0000000100000000)
  to   space 116224K, 0% used [0x00000000f1d00000,0x00000000f1d00000,0x00000000f8e80000)
 ParOldGen       total 366080K, used 282652K [0x00000000c0000000, 0x00000000d6580000, 0x00000000eaa80000)
  object space 366080K, 77% used [0x00000000c0000000,0x00000000d1407130,0x00000000d6580000)
 PSPermGen       total 21504K, used 6163K [0x00000000b5a00000, 0x00000000b6f00000, 0x00000000c0000000)
  object space 21504K, 28% used [0x00000000b5a00000,0x00000000b6004fb8,0x00000000b6f00000)
}
Event: 24.477 GC heap before
{Heap before GC invocations=27 (full 4):
 PSYoungGen      total 228352K, used 196706K [0x00000000eaa80000, 0x0000000100000000, 0x0000000100000000)
  eden space 117248K, 100% used [0x00000000eaa80000,0x00000000f1d00000,0x00000000f1d00000)
  from space 111104K, 71% used [0x00000000f9380000,0x00000000fe118a58,0x0000000100000000)
  to   space 116224K, 0% used [0x00000000f1d00000,0x00000000f1d00000,0x00000000f8e80000)
 ParOldGen       total 366080K, used 282652K [0x00000000c0000000, 0x00000000d6580000, 0x00000000eaa80000)
  object space 366080K, 77% used [0x00000000c0000000,0x00000000d1407130,0x00000000d6580000)
 PSPermGen       total 21504K, used 6165K [0x00000000b5a00000, 0x00000000b6f00000, 0x00000000c0000000)
  object space 21504K, 28% used [0x00000000b5a00000,0x00000000b6005578,0x00000000b6f00000)
Event: 24.613 GC heap after
Heap after GC invocations=27 (full 4):
 PSYoungGen      total 233472K, used 56177K [0x00000000eaa80000, 0x00000000ffe00000, 0x0000000100000000)
  eden space 117248K, 0% used [0x00000000eaa80000,0x00000000eaa80000,0x00000000f1d00000)
  from space 116224K, 48% used [0x00000000f1d00000,0x00000000f53dc7f0,0x00000000f8e80000)
  to   space 112640K, 0% used [0x00000000f9000000,0x00000000f9000000,0x00000000ffe00000)
 ParOldGen       total 366080K, used 323771K [0x00000000c0000000, 0x00000000d6580000, 0x00000000eaa80000)
  object space 366080K, 88% used [0x00000000c0000000,0x00000000d3c2ec30,0x00000000d6580000)
 PSPermGen       total 21504K, used 6165K [0x00000000b5a00000, 0x00000000b6f00000, 0x00000000c0000000)
  object space 21504K, 28% used [0x00000000b5a00000,0x00000000b6005578,0x00000000b6f00000)
}
Event: 24.618 GC heap before
{Heap before GC invocations=28 (full 5):
 PSYoungGen      total 233472K, used 56177K [0x00000000eaa80000, 0x00000000ffe00000, 0x0000000100000000)
  eden space 117248K, 0% used [0x00000000eaa80000,0x00000000eaa80000,0x00000000f1d00000)
  from space 116224K, 48% used [0x00000000f1d00000,0x00000000f53dc7f0,0x00000000f8e80000)
  to   space 112640K, 0% used [0x00000000f9000000,0x00000000f9000000,0x00000000ffe00000)
 ParOldGen       total 366080K, used 323771K [0x00000000c0000000, 0x00000000d6580000, 0x00000000eaa80000)
  object space 366080K, 88% used [0x00000000c0000000,0x00000000d3c2ec30,0x00000000d6580000)
 PSPermGen       total 21504K, used 6165K [0x00000000b5a00000, 0x00000000b6f00000, 0x00000000c0000000)
  object space 21504K, 28% used [0x00000000b5a00000,0x00000000b6005578,0x00000000b6f00000)

