# JRE version: OpenJDK Runtime Environment (7.0_95) (build 1.7.0_95-b00)
# Java VM: OpenJDK 64-Bit Server VM (24.95-b01 mixed mode linux-amd64 compressed oops)
Heap
 PSYoungGen      total 233472K, used 8046K [0x00000000eaa80000, 0x0000000100000000, 0x0000000100000000)
  eden space 117248K, 0% used [0x00000000eaa80000,0x00000000eaa80000,0x00000000f1d00000)
  from space 116224K, 6% used [0x00000000f1d00000,0x00000000f24db8c8,0x00000000f8e80000)
  to   space 116224K, 0% used [0x00000000f8e80000,0x00000000f8e80000,0x0000000100000000)
 ParOldGen       total 372224K, used 371835K [0x00000000c0000000, 0x00000000d6b80000, 0x00000000eaa80000)
  object space 372224K, 99% used [0x00000000c0000000,0x00000000d6b1ec50,0x00000000d6b80000)
 PSPermGen       total 21504K, used 6166K [0x00000000b5a00000, 0x00000000b6f00000, 0x00000000c0000000)
  object space 21504K, 28% used [0x00000000b5a00000,0x00000000b6005930,0x00000000b6f00000)
GC Heap History (10 events):
Event: 17.318 GC heap after
Heap after GC invocations=23 (full 4):
 PSYoungGen      total 231936K, used 62148K [0x00000000eaa80000, 0x0000000100000000, 0x0000000100000000)
  eden space 169472K, 0% used [0x00000000eaa80000,0x00000000eaa80000,0x00000000f5000000)
  from space 62464K, 99% used [0x00000000f5000000,0x00000000f8cb11e0,0x00000000f8d00000)
  to   space 94208K, 0% used [0x00000000fa400000,0x00000000fa400000,0x0000000100000000)
 ParOldGen       total 372224K, used 243201K [0x00000000c0000000, 0x00000000d6b80000, 0x00000000eaa80000)
  object space 372224K, 65% used [0x00000000c0000000,0x00000000ced80568,0x00000000d6b80000)
 PSPermGen       total 21504K, used 6161K [0x00000000b5a00000, 0x00000000b6f00000, 0x00000000c0000000)
  object space 21504K, 28% used [0x00000000b5a00000,0x00000000b6004560,0x00000000b6f00000)
}
Event: 18.025 GC heap before
{Heap before GC invocations=24 (full 4):
 PSYoungGen      total 231936K, used 231620K [0x00000000eaa80000, 0x0000000100000000, 0x0000000100000000)
  eden space 169472K, 100% used [0x00000000eaa80000,0x00000000f5000000,0x00000000f5000000)
  from space 62464K, 99% used [0x00000000f5000000,0x00000000f8cb11e0,0x00000000f8d00000)
  to   space 94208K, 0% used [0x00000000fa400000,0x00000000fa400000,0x0000000100000000)
 ParOldGen       total 372224K, used 243201K [0x00000000c0000000, 0x00000000d6b80000, 0x00000000eaa80000)
  object space 372224K, 65% used [0x00000000c0000000,0x00000000ced80568,0x00000000d6b80000)
 PSPermGen       total 21504K, used 6163K [0x00000000b5a00000, 0x00000000b6f00000, 0x00000000c0000000)
  object space 21504K, 28% used [0x00000000b5a00000,0x00000000b6004ec8,0x00000000b6f00000)
Event: 18.151 GC heap after
Heap after GC invocations=24 (full 4):
 PSYoungGen      total 231936K, used 85466K [0x00000000eaa80000, 0x0000000100000000, 0x0000000100000000)
  eden space 137728K, 0% used [0x00000000eaa80000,0x00000000eaa80000,0x00000000f3100000)
  from space 94208K, 90% used [0x00000000fa400000,0x00000000ff7769c0,0x0000000100000000)
  to   space 105984K, 0% used [0x00000000f3100000,0x00000000f3100000,0x00000000f9880000)
 ParOldGen       total 372224K, used 243201K [0x00000000c0000000, 0x00000000d6b80000, 0x00000000eaa80000)
  object space 372224K, 65% used [0x00000000c0000000,0x00000000ced80568,0x00000000d6b80000)
 PSPermGen       total 21504K, used 6163K [0x00000000b5a00000, 0x00000000b6f00000, 0x00000000c0000000)
  object space 21504K, 28% used [0x00000000b5a00000,0x00000000b6004ec8,0x00000000b6f00000)
}
Event: 18.617 GC heap before
{Heap before GC invocations=25 (full 4):
 PSYoungGen      total 231936K, used 223194K [0x00000000eaa80000, 0x0000000100000000, 0x0000000100000000)
  eden space 137728K, 100% used [0x00000000eaa80000,0x00000000f3100000,0x00000000f3100000)
  from space 94208K, 90% used [0x00000000fa400000,0x00000000ff7769c0,0x0000000100000000)
  to   space 105984K, 0% used [0x00000000f3100000,0x00000000f3100000,0x00000000f9880000)
 ParOldGen       total 372224K, used 243201K [0x00000000c0000000, 0x00000000d6b80000, 0x00000000eaa80000)
  object space 372224K, 65% used [0x00000000c0000000,0x00000000ced80568,0x00000000d6b80000)
 PSPermGen       total 21504K, used 6164K [0x00000000b5a00000, 0x00000000b6f00000, 0x00000000c0000000)
  object space 21504K, 28% used [0x00000000b5a00000,0x00000000b60053d8,0x00000000b6f00000)
Event: 18.717 GC heap after
Heap after GC invocations=25 (full 4):
 PSYoungGen      total 241152K, used 103212K [0x00000000eaa80000, 0x0000000100000000, 0x0000000100000000)
  eden space 137728K, 0% used [0x00000000eaa80000,0x00000000eaa80000,0x00000000f3100000)
  from space 103424K, 99% used [0x00000000f3100000,0x00000000f95cb168,0x00000000f9600000)
  to   space 108544K, 0% used [0x00000000f9600000,0x00000000f9600000,0x0000000100000000)
 ParOldGen       total 372224K, used 243201K [0x00000000c0000000, 0x00000000d6b80000, 0x00000000eaa80000)
  object space 372224K, 65% used [0x00000000c0000000,0x00000000ced80568,0x00000000d6b80000)
 PSPermGen       total 21504K, used 6164K [0x00000000b5a00000, 0x00000000b6f00000, 0x00000000c0000000)
  object space 21504K, 28% used [0x00000000b5a00000,0x00000000b60053d8,0x00000000b6f00000)
}
Event: 19.021 GC heap before
{Heap before GC invocations=26 (full 4):
 PSYoungGen      total 241152K, used 240940K [0x00000000eaa80000, 0x0000000100000000, 0x0000000100000000)
  eden space 137728K, 100% used [0x00000000eaa80000,0x00000000f3100000,0x00000000f3100000)
  from space 103424K, 99% used [0x00000000f3100000,0x00000000f95cb168,0x00000000f9600000)
  to   space 108544K, 0% used [0x00000000f9600000,0x00000000f9600000,0x0000000100000000)
 ParOldGen       total 372224K, used 243201K [0x00000000c0000000, 0x00000000d6b80000, 0x00000000eaa80000)
  object space 372224K, 65% used [0x00000000c0000000,0x00000000ced80568,0x00000000d6b80000)
 PSPermGen       total 21504K, used 6164K [0x00000000b5a00000, 0x00000000b6f00000, 0x00000000c0000000)
  object space 21504K, 28% used [0x00000000b5a00000,0x00000000b60053d8,0x00000000b6f00000)
Event: 19.161 GC heap after
Heap after GC invocations=26 (full 4):
 PSYoungGen      total 225792K, used 80520K [0x00000000eaa80000, 0x0000000100000000, 0x0000000100000000)
  eden space 117248K, 0% used [0x00000000eaa80000,0x00000000eaa80000,0x00000000f1d00000)
  from space 108544K, 74% used [0x00000000f9600000,0x00000000fe4a21f8,0x0000000100000000)
  to   space 116224K, 0% used [0x00000000f1d00000,0x00000000f1d00000,0x00000000f8e80000)
 ParOldGen       total 372224K, used 285535K [0x00000000c0000000, 0x00000000d6b80000, 0x00000000eaa80000)
  object space 372224K, 76% used [0x00000000c0000000,0x00000000d16d7dc8,0x00000000d6b80000)
 PSPermGen       total 21504K, used 6164K [0x00000000b5a00000, 0x00000000b6f00000, 0x00000000c0000000)
  object space 21504K, 28% used [0x00000000b5a00000,0x00000000b60053d8,0x00000000b6f00000)
}
Event: 19.420 GC heap before
{Heap before GC invocations=27 (full 4):
 PSYoungGen      total 225792K, used 197768K [0x00000000eaa80000, 0x0000000100000000, 0x0000000100000000)
  eden space 117248K, 100% used [0x00000000eaa80000,0x00000000f1d00000,0x00000000f1d00000)
  from space 108544K, 74% used [0x00000000f9600000,0x00000000fe4a21f8,0x0000000100000000)
  to   space 116224K, 0% used [0x00000000f1d00000,0x00000000f1d00000,0x00000000f8e80000)
 ParOldGen       total 372224K, used 285535K [0x00000000c0000000, 0x00000000d6b80000, 0x00000000eaa80000)
  object space 372224K, 76% used [0x00000000c0000000,0x00000000d16d7dc8,0x00000000d6b80000)
 PSPermGen       total 21504K, used 6166K [0x00000000b5a00000, 0x00000000b6f00000, 0x00000000c0000000)
  object space 21504K, 28% used [0x00000000b5a00000,0x00000000b6005a10,0x00000000b6f00000)
Event: 19.518 GC heap after
Heap after GC invocations=27 (full 4):
 PSYoungGen      total 233472K, used 55288K [0x00000000eaa80000, 0x0000000100000000, 0x0000000100000000)
  eden space 117248K, 0% used [0x00000000eaa80000,0x00000000eaa80000,0x00000000f1d00000)
  from space 116224K, 47% used [0x00000000f1d00000,0x00000000f52fe118,0x00000000f8e80000)
  to   space 116224K, 0% used [0x00000000f8e80000,0x00000000f8e80000,0x0000000100000000)
 ParOldGen       total 372224K, used 328605K [0x00000000c0000000, 0x00000000d6b80000, 0x00000000eaa80000)
  object space 372224K, 88% used [0x00000000c0000000,0x00000000d40e7610,0x00000000d6b80000)
 PSPermGen       total 21504K, used 6166K [0x00000000b5a00000, 0x00000000b6f00000, 0x00000000c0000000)
  object space 21504K, 28% used [0x00000000b5a00000,0x00000000b6005a10,0x00000000b6f00000)
}
Event: 19.519 GC heap before
{Heap before GC invocations=28 (full 5):
 PSYoungGen      total 233472K, used 55288K [0x00000000eaa80000, 0x0000000100000000, 0x0000000100000000)
  eden space 117248K, 0% used [0x00000000eaa80000,0x00000000eaa80000,0x00000000f1d00000)
  from space 116224K, 47% used [0x00000000f1d00000,0x00000000f52fe118,0x00000000f8e80000)
  to   space 116224K, 0% used [0x00000000f8e80000,0x00000000f8e80000,0x0000000100000000)
 ParOldGen       total 372224K, used 328605K [0x00000000c0000000, 0x00000000d6b80000, 0x00000000eaa80000)
  object space 372224K, 88% used [0x00000000c0000000,0x00000000d40e7610,0x00000000d6b80000)
 PSPermGen       total 21504K, used 6166K [0x00000000b5a00000, 0x00000000b6f00000, 0x00000000c0000000)
  object space 21504K, 28% used [0x00000000b5a00000,0x00000000b6005a10,0x00000000b6f00000)

